iter,eval_func_value,time
0,0.4820529637254889,0.0015464160000000504
1,0.4808490638946758,0.002794522000000299
2,0.4804720175901213,0.004026418000000476
3,0.48011123950348294,0.005264696000000235
4,0.4797486822907364,0.006595608000000475
5,0.4793867736262088,0.007848483000000073
6,0.47902560733200766,0.009070529999999799
7,0.47866517308760476,0.01028695699999993
8,0.478305468598426,0.011501500000000497
9,0.47794649211931356,0.012708188000000398
10,0.4775882418810008,0.013926147000000277
11,0.47723071611563905,0.015166258999999904
12,0.4768739130597652,0.016384879000000296
13,0.47651783095420946,0.017598611000000375
14,0.47616246804407303,0.018826920000000413
15,0.4758078225787176,0.020051071000000142
16,0.4754538928117574,0.02126803899999974
17,0.47510067700104924,0.022487531000000338
18,0.4747481734086838,0.023713145000000324
19,0.4743963803009759,0.02496497799999986
20,0.4740452959484576,0.026192404999999752
21,0.4736949186258658,0.027443888000000527
22,0.47334524661213606,0.028669973000000404
23,0.4729962781903922,0.029926955999999727
24,0.4726480116479377,0.031153119999999923
25,0.47230044527624604,0.032368555000000576
26,0.4719535773709525,0.03358317799999977
27,0.4716074062318453,0.034807709999999936
28,0.4712619301628565,0.03602516900000019
29,0.47091714747205166,0.03724371900000012
30,0.4705730564716236,0.0384698840000004
31,0.4702296554778807,0.039688766000000264
32,0.46988694281124066,0.04093379600000002
33,0.4695449167962188,0.04217569099999974
34,0.4692035757614223,0.04342398699999972
35,0.4688629180395379,0.04464209700000055
36,0.4685229419673271,0.04586456500000047
37,0.4681836458856128,0.04709649100000046
38,0.4678450281392749,0.04831333799999982
39,0.46750708707723837,0.049530716000000474
40,0.46716982105246496,0.050755107999999716
41,0.4668332284219476,0.051986842999999894
42,0.46649730754669605,0.05320018400000048
43,0.4661620567917327,0.0544396840000001
44,0.4658274745260824,0.05567632899999975
45,0.4654935591227639,0.056893597000000184
46,0.46516030895877963,0.058108391000000204
47,0.46482772241511033,0.05934405300000023
48,0.46449579787670336,0.06056213300000035
49,0.46416453373246536,0.0617843210000002
50,0.463833928375253,0.06300354200000058
51,0.46350398020186556,0.06422509899999973
52,0.463174687613035,0.0654450820000001
53,0.46284604901341847,0.06668195700000012
54,0.46251806281158847,0.06789826300000001
55,0.46219072742002537,0.06911791599999972
56,0.46186404125510827,0.07036525100000013
57,0.461538002737107,0.07158881099999981
58,0.4612126102901737,0.07280853399999998
59,0.4608878623423331,0.0740245900000005
60,0.46056375732547516,0.07525431100000013
61,0.46024029367534686,0.0764863370000004
62,0.4599174698315421,0.0777120309999999
63,0.45959528423749546,0.07896712099999981
64,0.4592737353404718,0.08018659300000053
65,0.45895282159155926,0.08140967200000038
66,0.45863254144566,0.08264222900000018
67,0.45831289336148195,0.08387767099999976
68,0.4579938758015317,0.08509108199999993
69,0.4576754872321035,0.08630923200000051
70,0.4573577261232729,0.08752463700000046
71,0.45704059094888866,0.08872873000000059
72,0.4567240801865631,0.08995624800000002
73,0.45640819231766416,0.09120001600000016
74,0.45609292582730854,0.0924219630000005
75,0.4557782792043512,0.09365433900000042
76,0.4554642509413788,0.09489225600000051
77,0.45515083953469976,0.0962144519999999
78,0.4548380434843387,0.09745499400000046
79,0.45452586129402495,0.09868302200000034
80,0.45421429147118775,0.09989180500000039
81,0.4539033325269444,0.10111602600000058
82,0.45359298297609585,0.10233335399999977
83,0.4532832413371153,0.10354410000000058
84,0.4529741061321418,0.104768011
85,0.4526655758869716,0.10598938700000016
86,0.4523576491310504,0.10721959900000044
87,0.4520503243974657,0.10846002099999996
88,0.4517436002229362,0.10968997300000005
89,0.4514374751478074,0.11091834199999973
90,0.45113194771604037,0.11224394400000026
91,0.45082701647520557,0.11347849499999985
92,0.4505226799764737,0.11471202300000005
93,0.45021893677460867,0.11592389100000045
94,0.4499157854279593,0.11713559900000003
95,0.44961322449845076,0.11835230600000024
96,0.4493112525515765,0.11956827200000042
97,0.44900986815639105,0.12079263399999984
98,0.44870906988550263,0.12201570299999975
99,0.4484088563150625,0.12325359999999996
100,0.44810922602476055,0.12447735000000026
101,0.4478101775978141,0.12569784400000028
102,0.44751170962096376,0.12695792299999997
103,0.44721382068446014,0.1281897790000004
104,0.44691650938206223,0.12948352100000005
105,0.44661977431102473,0.13075153399999984
106,0.4463236140720921,0.13198769800000054
107,0.44602802726949115,0.1332036539999999
108,0.4457330125109224,0.1344242480000002
109,0.44543856840755164,0.13564500300000049
110,0.4451446935740045,0.13686061800000004
111,0.44485138662835544,0.13808656299999988
112,0.44455864619212343,0.1393042720000004
113,0.4442664708902606,0.14052264200000053
114,0.443974859351148,0.1417428860000003
115,0.44368381020658476,0.14297537200000043
116,0.4433933220917835,0.14418888400000007
117,0.4431033936453586,0.14547099400000008
118,0.44281402350932353,0.14675346400000056
119,0.442525210329078,0.14801590800000053
120,0.4422369527534048,0.14925972600000037
121,0.44194924943445785,0.1504947570000006
122,0.44166209902775944,0.15172827600000005
123,0.44137550019218874,0.15296265600000059
124,0.4410894515899745,0.15418911200000007
125,0.44080395188668947,0.15541785200000025
126,0.44051899975124326,0.1566381460000006
127,0.4402345938558691,0.15786269700000055
128,0.439950732876125,0.1591027890000003
129,0.4396674154908777,0.16032530699999992
130,0.43938464038230185,0.1616089089999999
131,0.4391024062358689,0.16290709999999997
132,0.43882071174034015,0.16416727899999994
133,0.4385395555877591,0.1654185410000002
134,0.43825893647344544,0.1666523600000005
135,0.43797885309598555,0.1678784750000002
136,0.43769930415722624,0.16910649300000014
137,0.4374202883622676,0.170342357
138,0.43714180441945394,0.17156658800000013
139,0.43686385104036873,0.17278629100000042
140,0.4365864269398251,0.17401104300000014
141,0.43630953083585977,0.17529925400000046
142,0.43603316144972487,0.17654784199999973
143,0.43575731750588104,0.17778698100000057
144,0.4354819977319902,0.17912248100000028
145,0.4352072008589066,0.18038313100000014
146,0.4349329256206725,0.18162709899999996
147,0.43465917075450894,0.1828794140000003
148,0.4343859350008075,0.18412245000000027
149,0.4341132171031265,0.18534215300000056
150,0.43384101580817813,0.1865659630000005
151,0.4335693298658271,0.1877905550000003
152,0.4332981580290815,0.18901836299999974
153,0.4330274990540809,0.19025528900000044
154,0.43275735170009727,0.19150813400000022
155,0.4324877147295212,0.19276181000000037
156,0.43221858690785775,0.19398111200000034
157,0.43194996700371874,0.19521355899999993
158,0.43168185378881524,0.196468007
159,0.43141424603795064,0.19770000300000046
160,0.43114714252901365,0.1989522070000005
161,0.4308805420429705,0.2001828699999999
162,0.43061444336385896,0.20201416799999983
163,0.43034884527878026,0.2032735050000003
164,0.4300837465778916,0.20452650100000014
165,0.4298191460544019,0.20575220500000047
166,0.4295550425045593,0.20699213600000022
167,0.4292914347276512,0.20820814100000007
168,0.42902832152599063,0.20945565600000027
169,0.42876570170491224,0.21072164600000054
170,0.42850357407276696,0.2120200170000004
171,0.4282419374409113,0.21330263800000004
172,0.42798079062370276,0.21456511099999975
173,0.4277201324384917,0.21580774700000038
174,0.4274599617056167,0.21703837000000004
175,0.4272002772483936,0.2182663490000003
176,0.4269410778931118,0.21950325400000015
177,0.42668236246902547,0.2207329549999999
178,0.4264241298083501,0.22195806800000017
179,0.4261663787462486,0.2232026980000006
180,0.4259091081208336,0.22456639099999975
181,0.4256523167731517,0.22581598000000014
182,0.4253960035471827,0.2271361220000001
183,0.42514016728982984,0.22841088799999998
184,0.42488480685091495,0.22967737899999996
185,0.4246299210831694,0.23091013600000032
186,0.42437550884222813,0.2321371430000001
187,0.42412156898662445,0.23336621300000004
188,0.42386810037778044,0.23461428900000048
189,0.4236151018800016,0.2358725650000002
190,0.4233625723604717,0.23710307800000052
191,0.4231105106892428,0.23832130799999973
192,0.42285891573923035,0.23960452000000032
193,0.4226077863862065,0.24083940100000056
194,0.4223571215087931,0.24207692700000027
195,0.4221069199884543,0.2433252140000004
196,0.42185718070949246,0.24455859199999974
197,0.4216079025590371,0.24580437400000044
198,0.4213590844270421,0.24705123800000006
199,0.42111072520627746,0.24828450600000007
