iter,eval_func_value,time
0,0.511399100972476,0.0024921049999999667
1,0.5110874496211598,0.004727764999999717
2,0.5107074147014581,0.0069654619999997
3,0.5102590705837161,0.009244906999999802
4,0.5097427287806827,0.011523200000000067
5,0.5091587779658956,0.013787817999999952
6,0.5085076609802363,0.01603375000000007
7,0.5077898687970493,0.01827086499999986
8,0.5070059382162376,0.020513960999999803
9,0.5061564506523903,0.022788407999999816
10,0.5052420313004425,0.025044579999999872
11,0.5042633484406115,0.027281574999999947
12,0.5032211127912246,0.02952346799999983
13,0.5021160768703814,0.031755453999999794
14,0.5009490343483143,0.03402282500000009
15,0.49972081938143503,0.03627639899999968
16,0.4984323059233546,0.03852963499999973
17,0.497084407010294,0.04078458299999976
18,0.49567807401943936,0.04303174600000004
19,0.49421429589939825,0.045287945999999746
20,0.492694098372274,0.04753534799999981
21,0.491118543107073,0.04982184700000003
22,0.4894887268642876,0.05206406199999991
23,0.48780578061156893,0.054299923999999944
24,0.4860708686104534,0.056532650999999934
25,0.48428518747413973,0.058765858000000115
26,0.48244996519632716,0.06103160699999988
27,0.4805664601511443,0.06330639199999988
28,0.4786359600642023,0.0655513430000001
29,0.47665978095482703,0.06778746700000005
30,0.4746392660495105,0.07001547399999986
31,0.47257578466665073,0.0722496239999999
32,0.47047073107264603,0.07448041799999983
33,0.4683255233094215,0.07673723899999985
34,0.4661416019934778,0.07899538599999989
35,0.4639204290865695,0.08124047499999998
36,0.4616634866381312,0.08347835999999997
37,0.4593722754995978,0.08572188700000005
38,0.45704831401078194,0.08797852899999992
39,0.4546931366585104,0.09024620199999989
40,0.4523082927077393,0.09249945699999973
41,0.4498953448054268,0.09473717299999995
42,0.4474558675574631,0.0969790869999998
43,0.4449914460790302,0.09923295300000001
44,0.44250367451879996,0.10146505899999969
45,0.439994154557462,0.10371378500000006
46,0.43746449388112313,0.10596568699999986
47,0.43491630463022074,0.10821676799999969
48,0.43235120182466186,0.11045807100000005
49,0.4297708017660027,0.11269709900000002
50,0.4271767204175929,0.11494225899999977
51,0.4245705717637097,0.11717664899999969
52,0.4219539661488459,0.1194215970000001
53,0.41932850859843485,0.12166923099999982
54,0.41669579712244725,0.1239215739999997
55,0.4140574210034465,0.1261669529999998
56,0.41141495907084463,0.12841866599999996
57,0.40876997796327685,0.13065479899999977
58,0.4061240303811994,0.13290390599999968
59,0.40347865333198724,0.13515277299999973
60,0.40083536637002315,0.137418641
61,0.3981956698344588,0.13966849999999997
62,0.39556104308754614,0.141912488
63,0.39293294275664664,0.14416033299999986
64,0.3903128009832417,0.1463957739999997
65,0.3877020236824933,0.1486800989999999
66,0.38510198881711005,0.15092673099999976
67,0.3825140446894999,0.15318108899999983
68,0.3799395082563949,0.15541949599999993
69,0.3773796634703434,0.15764523899999983
70,0.37483575965265037,0.15989247200000012
71,0.3723090099025381,0.1621417599999999
72,0.36980058954746126,0.16437681199999998
73,0.3673116346396571,0.16660809499999996
74,0.36484324050414213,0.16887188099999983
75,0.3623964603434688,0.1711119499999998
76,0.3599723039046266,0.17334900499999994
77,0.35757173621352273,0.17559254099999988
78,0.35519567638248245,0.177845547
79,0.35284499649618845,0.18009009499999973
80,0.3505205205814141,0.18231908500000005
81,0.348223023665794,0.18454505799999987
82,0.34595323093074126,0.1867834359999998
83,0.34371181696340997,0.18902192299999987
84,0.3414994051123835,0.1913037219999998
85,0.3393165669514665,0.19353747099999996
86,0.3371638218556468,0.19576875500000002
87,0.33504163669290093,0.19799886599999983
88,0.33295042563510974,0.20023933699999974
89,0.3308905500908884,0.20248058000000002
90,0.32886231876262123,0.2047134159999997
91,0.32686598782946885,0.2069507719999999
92,0.32490176125753534,0.20924895199999982
93,0.3229697912377787,0.2115029589999997
94,0.32107017875163657,0.21373562499999998
95,0.3192029742636795,0.2159740929999998
96,0.3173681785399668,0.21823554400000011
97,0.3155657435900973,0.22049332799999988
98,0.31379557373030453,0.22275577999999996
99,0.31205752676427484,0.22499546099999979
100,0.31035141527773097,0.22724140099999968
101,0.30867700804219483,0.22947663099999982
102,0.30703403152274933,0.23172150999999985
103,0.30542217148404804,0.2340096909999998
104,0.3038410746882932,0.23624969099999982
105,0.3022903506784181,0.23848065399999996
106,0.30076957363926937,0.24072379899999996
107,0.2992782843291993,0.2429724659999999
108,0.2978159920741422,0.2452122969999997
109,0.29638217681598433,0.24744420099999997
110,0.29497629120681196,0.24968327999999973
111,0.29359776274048005,0.2519234299999997
112,0.2922459959128476,0.25414363400000006
113,0.29092037440199614,0.2564066869999997
114,0.2896202632597869,0.258661214
115,0.28834501110618854,0.26090164599999977
116,0.2870939523179702,0.263163488
117,0.28586640920353523,0.26540962999999973
118,0.28466169415594195,0.26765330799999987
119,0.28347911177642704,0.26988845800000005
120,0.2823179609611096,0.272112468
121,0.2811775369439055,0.27433728099999977
122,0.2800571332891003,0.2766266639999997
123,0.2789560438274567,0.27888105099999994
124,0.2778735645301838,0.281107977
125,0.27680899531557535,0.28333277899999976
126,0.27576164178360074,0.2855643240000001
127,0.2747308168742263,0.2877931330000001
128,0.2737158424457461,0.2900353069999997
129,0.2727160507698841,0.2922974909999998
130,0.2717307859409333,0.2945310489999997
131,0.27075940519667036,0.2967678229999997
132,0.2698012801492534,0.299002373
133,0.268855797924781,0.3012398479999998
134,0.26792236221060944,0.3034691789999999
135,0.26700039420996774,0.3057430819999998
136,0.2660893335037942,0.3079865989999999
137,0.2651886388201121,0.31022143999999985
138,0.2642977887116072,0.3124453599999999
139,0.26341628214241153,0.31467209400000007
140,0.26254363898540706,0.3168947919999998
141,0.2616794004316442,0.31917675999999995
142,0.26082312931374163,0.3214162799999998
143,0.259974410345366,0.32365808399999985
144,0.2591328502791085,0.32589298599999994
145,0.25829807798527854,0.3281315829999998
146,0.257469744454294,0.33037803599999993
147,0.2566475227255107,0.3326182369999997
148,0.25583110774546997,0.3348790049999999
149,0.255020216158648,0.33711965600000005
150,0.2542145860339008,0.3393551069999998
151,0.2534139765298733,0.34161112699999974
152,0.2526181675027117,0.34384268099999993
153,0.25182695905947233,0.34608230100000004
154,0.2510401710606576,0.3483454949999998
155,0.2502576425753431,0.3505818279999997
156,0.24947923129237218,0.35281117800000006
157,0.24870481289110677,0.35510446799999995
158,0.24793428037521723,0.35734191299999996
159,0.2471675433729888,0.359588075
160,0.24640452740759863,0.3618661379999999
161,0.24564517314079792,0.3641146529999997
162,0.24488943559339582,0.36635630799999985
163,0.24413728334590742,0.3685948749999999
164,0.24338869772268704,0.370836218
165,0.2426436719628064,0.3730746250000001
166,0.24190221038089976,0.3753141339999999
167,0.24116432752112196,0.3775760859999999
168,0.24043004730731238,0.37981006500000003
169,0.2396994021923798,0.382033544
170,0.23897243230985502,0.3842499899999998
171,0.23824918463047626,0.3864706929999997
172,0.2375297121265879,0.3887016769999998
173,0.2368140729470473,0.3909477080000001
174,0.23610232960523858,0.3931881289999999
175,0.23539454818270195,0.3954312660000001
176,0.23469079755077155,0.39764586899999976
177,0.23399114861252387,0.39985928999999976
178,0.2332956735672154,0.40210814699999986
179,0.23260444519928145,0.404427396
180,0.2319175361938356,0.4066773239999999
181,0.23123501848050187,0.40891123400000007
182,0.23055696260726696,0.4111441010000001
183,0.22988343714591608,0.4133972149999998
184,0.22921450813047528,0.415621394
185,0.22855023852994683,0.4178546700000001
186,0.2278906877564782,0.42010620199999993
187,0.22723591120995784,0.422331926
188,0.2265859598598874,0.4245808929999999
189,0.22594087986522138,0.42683004999999996
190,0.22530071223273118,0.4290596099999999
191,0.2246654925142628,0.431274052
192,0.22403525054315154,0.433513311
193,0.22341001020986023,0.4357624099999997
194,0.22278978927678397,0.4380163859999997
195,0.22217459923199756,0.4402969830000001
196,0.22156444518158622,0.44256425499999974
197,0.22095932578004057,0.44480382400000007
198,0.2203592331980654,0.44705272099999993
199,0.2197641531270089,0.44929077900000003
