iter,eval_func_value,time
0,0.5068158838294206,0.001989954000000127
1,0.5044807924211093,0.003750810999999965
2,0.50474785376308,0.005764564999999999
3,0.5025560462589848,0.008044952999999966
4,0.4979859802352631,0.010145400000000082
5,0.4957503062246694,0.013161184000000103
6,0.49575999518208397,0.01572135100000005
7,0.49372793424806444,0.018827351000000103
8,0.4897424864226674,0.021823586000000006
9,0.4875591493729746,0.023883073000000143
10,0.48711828312613037,0.025765323000000118
11,0.48521392677687025,0.027640649000000073
12,0.48186166969056443,0.02943182000000011
13,0.4796789443046591,0.031234992000000128
14,0.4787308622318883,0.033693637000000054
15,0.47695211069229626,0.03573945800000011
16,0.4741903325529027,0.0378310340000001
17,0.47198180190253775,0.03970262800000013
18,0.47059788725481394,0.04167661200000006
19,0.46895583520920125,0.043592824000000086
20,0.4666760345841739,0.04541154500000011
21,0.4644503627396861,0.04716994600000013
22,0.46278112998052406,0.04931813900000015
23,0.46127401054674505,0.05179148099999997
24,0.45933280491975714,0.05406157200000017
25,0.4571271712546243,0.0559877820000001
26,0.4553399433109459,0.058147614000000125
27,0.4539375112684725,0.06003747599999998
28,0.4521919242067664,0.06191198900000017
29,0.4500585187240814,0.06379731499999997
30,0.4482875519533808,0.06556484700000009
31,0.4469359719281085,0.06737757200000005
32,0.4452763079642921,0.06917633000000012
33,0.4432676357080501,0.07105000500000003
34,0.44158948035381324,0.07284962700000008
35,0.4402318554846525,0.07459977900000014
36,0.4386012395427107,0.07639516099999999
37,0.43675583382782734,0.07813326799999998
38,0.4351892007768959,0.07994925000000008
39,0.4337885860490087,0.08180655100000012
40,0.43218226943698945,0.08408780699999996
41,0.43051253903434383,0.08633750600000001
42,0.4290347168001292,0.08832389399999996
43,0.4275880864614235,0.09019821500000003
44,0.4260350316639251,0.09206516600000003
45,0.42452111825672617,0.09394700300000003
46,0.42309154091181406,0.09593008000000003
47,0.4216300167797834,0.09788650600000004
48,0.42016687082709936,0.09980115300000003
49,0.41876025239798625,0.10155750600000002
50,0.41734290436061466,0.10329373399999997
51,0.4159199727669422,0.10505199799999998
52,0.41456903258816813,0.10678968099999997
53,0.4132061012879758,0.10853777000000009
54,0.4117844898609671,0.11032875200000025
55,0.41045765017187297,0.112070742
56,0.4092165065468202,0.11383389300000002
57,0.4078378980064153,0.11560880299999998
58,0.40641939367649577,0.11767101000000024
59,0.4052318080174539,0.12011898000000021
60,0.4040761666732298,0.12205611199999988
61,0.4026450175877048,0.12392219000000027
62,0.4012550706400783,0.12568400499999988
63,0.4002227898982909,0.1274262970000002
64,0.3991184334943057,0.12916056600000014
65,0.39763107545857174,0.1309177640000001
66,0.3963009436453774,0.13273978200000003
67,0.3954087402873092,0.13450820900000005
68,0.39432565129245606,0.13659297400000026
69,0.3928111287153731,0.1385967760000002
70,0.3915643878967225,0.14047124400000022
71,0.39077028737050284,0.14235802500000028
72,0.38969246934161456,0.14422627700000024
73,0.388201607795048,0.14597425099999994
74,0.3870447263938819,0.1477766789999999
75,0.3862911763123523,0.14954156600000013
76,0.385219037145458,0.15184328400000013
77,0.38380786269206274,0.15407404000000002
78,0.38272851450219036,0.1559585240000001
79,0.38195698125014355,0.15783773800000023
80,0.3809031155369477,0.15974648400000002
81,0.37961720395837684,0.16148532700000007
82,0.37859081451056903,0.16326328200000018
83,0.37775593461216705,0.16505608100000013
84,0.37673749082621205,0.16684872000000017
85,0.3756023207928268,0.16874089400000014
86,0.37460352032368943,0.17050616100000027
87,0.37368273653027806,0.17229051200000023
88,0.3727136426920648,0.17405568000000016
89,0.37173243359198427,0.17584362600000003
90,0.37074569457392986,0.17757650000000003
91,0.36974138328331574,0.17952433599999984
92,0.3688266891903458,0.18147810200000003
93,0.3679840728639,0.18389879600000003
94,0.3670085678159802,0.18681147399999998
95,0.3659424254375678,0.18884074500000003
96,0.3650761967329144,0.19076478299999988
97,0.3643450212257874,0.19269384300000003
98,0.3633922257783972,0.19462724900000006
99,0.36229496412447265,0.196611541
100,0.36146252509584087,0.19855416199999998
101,0.3608115923744254,0.20048332099999988
102,0.359897933511524,0.20248838999999985
103,0.3587990219604619,0.20434777699999995
104,0.3579830771619291,0.20615574800000025
105,0.35738417603420747,0.20791363800000018
106,0.35652273092476167,0.2096705790000002
107,0.3554438992932187,0.2114549699999999
108,0.35463218294093124,0.21322027600000015
109,0.35406485177103303,0.2150663610000001
110,0.3532593656163263,0.2173291049999999
111,0.3522128554625401,0.21947391800000005
112,0.3514037946559363,0.22149009200000003
113,0.3508565956226145,0.22343129200000011
114,0.350099316585153,0.2253294159999999
115,0.34908956609743425,0.22722349900000016
116,0.34829326766356533,0.2290997910000001
117,0.34776164011603405,0.23093365100000018
118,0.3470350773986522,0.23274451000000007
119,0.3460618725999424,0.2344942590000001
120,0.34529621994164716,0.23623883000000023
121,0.3447786117439963,0.23797301700000006
122,0.34406049786720794,0.239707876
123,0.3431221479396646,0.24143910099999988
124,0.34240617982904853,0.2431825350000001
125,0.34190081317385596,0.24494768200000006
126,0.3411707687410464,0.24670146700000006
127,0.3402664467924811,0.2485325410000001
128,0.3396139838322405,0.25063431400000025
129,0.3391177335706185,0.25277222200000016
130,0.3383633695552938,0.25477579400000017
131,0.33749400888733716,0.2567329340000002
132,0.33690966491973257,0.25852532500000014
133,0.33641892312710536,0.26032465000000005
134,0.3356390757724277,0.26216364000000003
135,0.33480656079330606,0.26417604900000025
136,0.33428489105663844,0.26638909599999994
137,0.3337972475171815,0.268295682
138,0.33300120443111675,0.27016697199999995
139,0.33220635021524453,0.2720557749999999
140,0.33173384472766926,0.27396336100000007
141,0.3312494355244713,0.27588518400000006
142,0.33045285084619724,0.27769623499999985
143,0.3296934002059061,0.2794553870000003
144,0.3292524222079765,0.28126668500000007
145,0.32877439254066965,0.2832353700000001
146,0.32799395027373296,0.28525619400000024
147,0.3272638497832384,0.2873534230000001
148,0.3268371865207738,0.28918324299999987
149,0.3263711951545248,0.29092067899999985
150,0.3256202283797839,0.29266734100000025
151,0.32491066949698266,0.29442565600000026
152,0.3244851569727558,0.2961839100000001
153,0.3240380553725184,0.29794508399999997
154,0.3233244695291721,0.29977674099999985
155,0.3226262001876865,0.30151061800000023
156,0.32219422257677005,0.3033171699999999
157,0.32177220633638093,0.30506138800000016
158,0.321098905932339,0.30696200699999987
159,0.3204047944629844,0.308960616
160,0.31996337794071794,0.31088301600000023
161,0.3195701263934923,0.31274289600000027
162,0.3189372396182142,0.31468363
163,0.3182441501290204,0.3168316000000002
164,0.31779240361085526,0.3188828939999999
165,0.31742779712846114,0.321061998
166,0.3168354794887671,0.32295172299999986
167,0.3161449126744911,0.3248555069999999
168,0.3156811508241986,0.3267396469999999
169,0.3153409341283394,0.32854172500000023
170,0.31479144195662206,0.3302669899999999
171,0.31410885026193736,0.33206052900000027
172,0.3136286896155392,0.333815395
173,0.31330509274849755,0.335519205
174,0.31280321929667493,0.3372665090000002
175,0.312136354655998,0.3390172739999999
176,0.3116326088069791,0.34076547000000024
177,0.3113157145104258,0.3425197150000001
178,0.310867484305036,0.3443448750000002
179,0.31022449321618945,0.34609133800000014
180,0.30968904139259545,0.34783382400000007
181,0.3093686292504949,0.35006780800000015
182,0.3089789409993498,0.35232150500000015
183,0.30836695354177124,0.35442470599999987
184,0.3077940101440557,0.3563696550000002
185,0.3074615189853076,0.3582181840000003
186,0.30713174268416543,0.360095042
187,0.30655627967768695,0.3619775140000001
188,0.30594579713484754,0.36379825200000027
189,0.3055958612744795,0.36552170500000014
190,0.305322145251367,0.367305529
191,0.30478705549797286,0.3690614460000001
192,0.30414671464204973,0.37079437300000007
193,0.3037776893503596,0.3725663370000001
194,0.3035502955514391,0.37449989500000025
195,0.3030576509713422,0.37637562999999985
196,0.30240237461008057,0.3781793830000002
197,0.3020156382669302,0.379953856
198,0.30181940909624766,0.3817414130000001
199,0.30136908783696553,0.3835899919999999
