iter,eval_func_value,time
0,0.5088908450753983,0.0019214899999999702
1,0.5077639062819209,0.003733336999999892
2,0.5071722642293958,0.0055109749999999735
3,0.5065832112651607,0.00737216599999968
4,0.5059932572188051,0.00925314300000002
5,0.5054048776293828,0.011116930999999663
6,0.5048181331800068,0.013222154999999791
7,0.5042330077132823,0.015157084999999793
8,0.5036494956923143,0.01700016499999979
9,0.5030675922212227,0.01884742599999978
10,0.5024872923767623,0.02063027499999981
11,0.5019085912455707,0.022933466999999652
12,0.5013314839285195,0.02501343399999989
13,0.5007559655405831,0.027003681999999696
14,0.5001820312107788,0.028909950999999712
15,0.499609676082135,0.030791384000000033
16,0.49903889531165674,0.03266141399999967
17,0.4984696840702937,0.034428834999999935
18,0.4979020375429061,0.036156222999999876
19,0.4973359509282323,0.037992610999999954
20,0.4967714194388572,0.040025144999999984
21,0.4962084383011756,0.041923037999999746
22,0.49564700275536344,0.043687917999999826
23,0.4950871080553438,0.04547797799999964
24,0.4945287494687528,0.04720014699999986
25,0.49397192227690934,0.04891795299999968
26,0.49341662177478046,0.05071185499999986
27,0.49286284327094965,0.0523917909999998
28,0.49231058208758605,0.054171503999999704
29,0.491759833560409,0.055903314999999676
30,0.4912105930386586,0.057705641999999724
31,0.4906628558850607,0.05948410900000001
32,0.4901166174757989,0.06134558300000004
33,0.489571873200477,0.06312486299999964
34,0.48902861846209134,0.06486599100000001
35,0.48848684867699693,0.06660533800000001
36,0.4879465592748754,0.0683351649999997
37,0.487407745698705,0.07010944600000002
38,0.48687040340472537,0.07187241499999963
39,0.48633452786240955,0.07362485200000002
40,0.4858001145544294,0.07537923099999988
41,0.4852671589766249,0.07712733599999977
42,0.48473565663797336,0.07889490799999965
43,0.48420560306055777,0.08062292999999965
44,0.4836769937795332,0.08239637499999963
45,0.4831498243430986,0.08410943499999979
46,0.4826240903124627,0.08588630099999994
47,0.48209978726181446,0.08760338499999998
48,0.4815769107782909,0.08932150699999974
49,0.48105545646194686,0.09107513499999964
50,0.48053541992572274,0.09284500199999979
51,0.4800167967954135,0.09460317099999971
52,0.4794995827096391,0.09633876299999988
53,0.47898377331981246,0.09811108800000001
54,0.4784693642901065,0.09983747399999965
55,0.4779563512974282,0.1015915009999997
56,0.4774447300313846,0.10337864699999999
57,0.4769344961942501,0.1051003159999997
58,0.4764256455009406,0.10686704099999966
59,0.4759181736789797,0.10855162699999976
60,0.4754120764684679,0.11032164600000005
61,0.4749073496220538,0.11214694099999978
62,0.47440398890490276,0.1139296879999998
63,0.47390199009466655,0.1156783029999997
64,0.47340134898145253,0.11737287399999996
65,0.4729020613677941,0.11910909199999997
66,0.4724041230686199,0.12083504099999987
67,0.4719075299112235,0.12259522499999997
68,0.47141227773523475,0.12431987499999986
69,0.470918362392587,0.1261703329999997
70,0.47042577974748817,0.1280463789999997
71,0.4699345256763943,0.12983109499999967
72,0.46944459606797206,0.13150865499999975
73,0.46895598682307604,0.13321993499999962
74,0.46846869385471485,0.13495880799999993
75,0.46798271308802286,0.13666378199999984
76,0.4674980404602298,0.138434905
77,0.46701467192063206,0.1402001639999999
78,0.4665326034305616,0.14195882499999968
79,0.46605183096335745,0.1437441399999999
80,0.4655723505043359,0.14547419999999978
81,0.4650941580507604,0.14728208899999995
82,0.46461724961181444,0.1490166249999998
83,0.4641416212085674,0.1507720619999997
84,0.4636672688739508,0.15250801999999997
85,0.46319418865272527,0.1542576539999998
86,0.4627223766014525,0.15595481899999974
87,0.46225182878846677,0.1576671329999999
88,0.4617825412938434,0.15941759999999983
89,0.4613145102093728,0.16117500500000004
90,0.4608477316385295,0.16286003999999998
91,0.46038220169644334,0.16458734900000005
92,0.4599179165098715,0.16632956299999968
93,0.4594548722171675,0.16802827099999984
94,0.4589930649682544,0.16982867199999996
95,0.4585324909245966,0.17158284299999993
96,0.45807314625916723,0.17326988999999982
97,0.45761502715642516,0.17498876900000004
98,0.45715812981227993,0.1767170509999998
99,0.45670245043406904,0.1785328279999998
100,0.4562479852405256,0.18026740600000002
101,0.45579473046175123,0.18200270100000004
102,0.4553426823391871,0.18367874799999973
103,0.45489183712558673,0.1854576419999998
104,0.4544421910849852,0.1871615069999999
105,0.4539937404926742,0.18894341999999975
106,0.45354648163517014,0.19069853999999964
107,0.4531004108101888,0.192424618
108,0.45265552432661593,0.1941718619999997
109,0.4522118185044788,0.1958968109999999
110,0.4517692896749182,0.19764592899999966
111,0.45132793418016215,0.19938548099999975
112,0.45088774837349477,0.20111836400000005
113,0.450448728619232,0.20284570699999982
114,0.4500108712926902,0.2045995989999998
115,0.44957417278016054,0.20632894699999982
116,0.4491386294788807,0.20803903999999962
117,0.4487042377970068,0.209819521
118,0.44827099415358557,0.21180251199999978
119,0.4478388949785272,0.21354013900000002
120,0.44740793671257806,0.21530150199999998
121,0.44697811580729185,0.21704176200000003
122,0.44654942872500314,0.218794677
123,0.44612187193879954,0.22060128799999967
124,0.4456954419324939,0.22240814399999964
125,0.4452701352005987,0.22411797199999972
126,0.4448459482482952,0.2258495629999997
127,0.44442287759140997,0.227531618
128,0.44400091975638534,0.22927235999999995
129,0.4435800712802526,0.23115802899999993
130,0.44316032871060557,0.23303273699999982
131,0.44274168860557284,0.2348705019999997
132,0.44232414753379057,0.23666680299999987
133,0.4419077020743756,0.23842517099999982
134,0.44149234881689936,0.24012148899999985
135,0.44107808436135965,0.2419336539999999
136,0.4406649053181542,0.24374331699999985
137,0.4402528083080546,0.2455059089999998
138,0.4398417899621773,0.24725693299999962
139,0.43943184692196074,0.24899842100000003
140,0.43902297583913397,0.2507427069999997
141,0.43861517337569395,0.25250000699999964
142,0.4382084362038768,0.2543058349999998
143,0.4378027610061311,0.2560601579999999
144,0.4373981444750934,0.2578810319999998
145,0.43699458331355756,0.25960341699999967
146,0.43659207423445673,0.2613426099999998
147,0.43619061396082426,0.26309577299999987
148,0.4357901992257793,0.2648165969999998
149,0.4353908267724931,0.266539077
150,0.43499249335416773,0.2683705889999999
151,0.43459519573400474,0.27013754499999987
152,0.43419893068518334,0.2718614319999997
153,0.43380369499083216,0.273708665
154,0.4334094854440032,0.2754587909999997
155,0.43301629884764703,0.2773149949999998
156,0.4326241320145851,0.2790554999999997
157,0.4322329817674855,0.28076802199999973
158,0.4318428449388351,0.28250861999999977
159,0.4314537183709165,0.28425257599999965
160,0.43106559891577695,0.285983114
161,0.43067848343521165,0.28767795499999993
162,0.4302923688007281,0.28947591699999986
163,0.4299072518935262,0.2911941749999998
164,0.42952312960447137,0.292923037
165,0.4291399988340689,0.29469884099999977
166,0.4287578564924381,0.2964251229999997
167,0.428376699499287,0.2981494379999998
168,0.42799652478388683,0.2998743939999997
169,0.4276173292850471,0.3016328319999997
170,0.4272391099510894,0.3033370769999997
171,0.42686186373982227,0.3050848669999997
172,0.4264855876185171,0.3068029799999996
173,0.4261102785638803,0.308524727
174,0.4257359335620313,0.31026953899999965
175,0.42536254960847386,0.3119978849999998
176,0.4249901237080759,0.31403139499999977
177,0.42461865287503825,0.3158115539999997
178,0.4242481341328739,0.3176683659999999
179,0.4238785645143831,0.3193709629999999
180,0.4235099410616256,0.3211370659999999
181,0.423142260825897,0.32287681700000004
182,0.4227755208677067,0.3246786799999999
183,0.4224097182567485,0.3264358329999997
184,0.42204485007187814,0.32814007899999975
185,0.42168091340108993,0.32987704799999973
186,0.42131790534148855,0.33159689599999975
187,0.4209558229992678,0.33336037299999965
188,0.4205946634896843,0.3351228489999998
189,0.4202344239370331,0.3368773159999998
190,0.4198751014746233,0.33859563199999965
191,0.41951669324475366,0.3403309029999999
192,0.4191591963986889,0.3420742099999998
193,0.41880260809663333,0.34378234399999963
194,0.41844692550770884,0.34570524599999963
195,0.41809214580992893,0.3475295089999997
196,0.417738266190175,0.34927997
197,0.4173852838441727,0.3511074879999998
198,0.4170331959764669,0.3528406259999999
199,0.41668199980039794,0.35463542599999975
