iter,eval_func_value,time
0,0.4820529637254888,0.0026407349999999497
1,0.4808490638946754,0.005108884999999397
2,0.48047201759012137,0.007606460999999953
3,0.48011123950348333,0.010119706000000228
4,0.47974868229073603,0.012591272999999958
5,0.4793867736262089,0.015052261000000122
6,0.47902560733200755,0.017502798999999847
7,0.4786651730876047,0.0199517139999994
8,0.4783054685984257,0.022404084999999796
9,0.47794649211931367,0.02485722800000012
10,0.4775882418810004,0.027331268000000186
11,0.4772307161156392,0.029810098999999646
12,0.47687391305976556,0.03227318899999965
13,0.4765178309542097,0.03473714300000008
14,0.47616246804407303,0.03719044599999943
15,0.4758078225787176,0.03964621300000015
16,0.4754538928117576,0.04209881500000012
17,0.4751006770010491,0.04466862599999999
18,0.4747481734086835,0.04713761899999991
19,0.47439638030097586,0.049633551999999526
20,0.47404529594845785,0.05211291499999948
21,0.4736949186258658,0.05458436099999986
22,0.473345246612136,0.05704368500000001
23,0.47299627819039214,0.05963817299999974
24,0.4726480116479375,0.06211942699999984
25,0.47230044527624593,0.06457574399999988
26,0.4719535773709521,0.06703365599999955
27,0.4716074062318453,0.06947573899999959
28,0.47126193016285645,0.07191968400000004
29,0.47091714747205166,0.07438096100000013
30,0.47057305647162356,0.07683186999999947
31,0.4702296554778807,0.07928042400000024
32,0.46988694281124055,0.08176102799999985
33,0.46954491679621885,0.08422834699999981
34,0.46920357576142196,0.08668980499999979
35,0.4688629180395379,0.08914775600000002
36,0.46852294196732674,0.09157271599999994
37,0.46818364588561284,0.09403100900000005
38,0.46784502813927464,0.09649782799999951
39,0.4675070870772381,0.09896738999999943
40,0.4671698210524648,0.1014454899999997
41,0.46683322842194763,0.1039015489999997
42,0.46649730754669594,0.10637521099999958
43,0.4661620567917326,0.10888576199999989
44,0.4658274745260825,0.11134356200000006
45,0.46549355912276336,0.1137994710000001
46,0.4651603089587795,0.11626457499999976
47,0.46482772241511006,0.11873091299999938
48,0.4644957978767034,0.12118940499999997
49,0.464164533732465,0.12369938400000002
50,0.4638339283752529,0.12620870099999948
51,0.4635039802018657,0.1286756200000001
52,0.46317468761303476,0.13113141799999983
53,0.4628460490134185,0.13360393700000017
54,0.46251806281158825,0.13607709699999937
55,0.4621907274200253,0.13855702099999956
56,0.4618640412551079,0.1410105349999995
57,0.4615380027371069,0.1434809709999998
58,0.4612126102901732,0.14596329899999994
59,0.46088786234233303,0.14843201999999955
60,0.4605637573254752,0.1509178139999996
61,0.46024029367534686,0.1533637729999997
62,0.45991746983154225,0.15580842999999955
63,0.45959528423749524,0.15829300199999974
64,0.4592737353404716,0.16072816999999961
65,0.45895282159155903,0.16316918799999947
66,0.45863254144566,0.16566178500000017
67,0.4583128933614823,0.16812403399999987
68,0.457993875801532,0.1705813049999998
69,0.4576754872321034,0.17303960699999976
70,0.4573577261232728,0.17549693700000013
71,0.4570405909488886,0.17796385599999986
72,0.4567240801865626,0.18041106799999973
73,0.4564081923176641,0.18286307899999965
74,0.45609292582730826,0.18530915799999992
75,0.4557782792043508,0.18779768699999977
76,0.4554642509413785,0.1902620989999999
77,0.4551508395346994,0.19270715700000007
78,0.4548380434843383,0.19515355700000026
79,0.45452586129402506,0.19760168999999994
80,0.4542142914711875,0.20005763799999965
81,0.4539033325269448,0.20253410299999963
82,0.45359298297609557,0.20499365800000025
83,0.45328324133711495,0.20752085899999972
84,0.45297410613214134,0.20996516599999993
85,0.4526655758869712,0.21241903999999945
86,0.4523576491310498,0.2148632450000001
87,0.4520503243974654,0.2173461139999997
88,0.4517436002229361,0.21980367499999964
89,0.4514374751478074,0.22226196799999975
90,0.45113194771604004,0.2247115829999995
91,0.45082701647520523,0.22718017499999998
92,0.45052267997647366,0.22972192199999952
93,0.4502189367746087,0.2322088080000002
94,0.44991578542795924,0.23467952499999978
95,0.44961322449845054,0.23720816899999964
96,0.44931125255157617,0.23965540900000004
97,0.4490098681563909,0.242112659
98,0.44870906988550247,0.24459693000000016
99,0.4484088563150622,0.2470571159999997
100,0.44810922602476,0.2495263689999998
101,0.4478101775978141,0.2520031349999998
102,0.44751170962096276,0.25452836399999956
103,0.44721382068446003,0.2569966749999999
104,0.4469165093820619,0.25944210499999976
105,0.4466197743110245,0.26188879499999995
106,0.4463236140720918,0.26435178599999976
107,0.4460280272694909,0.266797135
108,0.4457330125109219,0.2692417599999999
109,0.44543856840755125,0.27176109699999973
110,0.4451446935740039,0.2742045810000002
111,0.44485138662835527,0.2766601780000002
112,0.44455864619212304,0.2791155649999997
113,0.4442664708902602,0.28156358699999995
114,0.44397485935114755,0.28402168900000024
115,0.44368381020658476,0.28649348699999955
116,0.44339332209178306,0.2889413599999999
117,0.4431033936453581,0.29138963399999973
118,0.4428140235093232,0.293861701
119,0.44252521032907777,0.2963061680000001
120,0.4422369527534039,0.29877424799999996
121,0.44194924943445774,0.3012102489999995
122,0.4416620990277593,0.30370982899999976
123,0.4413755001921883,0.3061595549999998
124,0.44108945158997426,0.3086194089999994
125,0.4408039518866897,0.3110750480000002
126,0.4405189997512428,0.3135705299999998
127,0.4402345938558691,0.31601701900000023
128,0.4399507328761245,0.318462877
129,0.4396674154908773,0.3208992679999998
130,0.43938464038230174,0.32334588699999944
131,0.43910240623586877,0.32580105400000026
132,0.4388207117403402,0.3282561709999996
133,0.43853955558775937,0.3307133119999994
134,0.43825893647344544,0.3332204249999995
135,0.43797885309598544,0.3357072609999996
136,0.43769930415722613,0.3381645820000001
137,0.4374202883622672,0.34063546700000025
138,0.43714180441945366,0.34307681599999995
139,0.43686385104036857,0.3455192189999998
140,0.436586426939825,0.3479625749999995
141,0.4363095308358596,0.3504255949999999
142,0.4360331614497247,0.35294384
143,0.4357573175058802,0.35542977500000017
144,0.43548199773199,0.3579231030000001
145,0.4352072008589059,0.36038619500000024
146,0.43493292562067265,0.36284225300000017
147,0.43465917075450866,0.3653222359999999
148,0.4343859350008078,0.36778113999999995
149,0.43411321710312595,0.3702384219999999
150,0.43384101580817813,0.37270407699999986
151,0.43356932986582747,0.3751607649999995
152,0.43329815802908117,0.37766366999999956
153,0.4330274990540808,0.38012707099999954
154,0.43275735170009694,0.3826066639999999
155,0.43248771472952063,0.38506172900000024
156,0.4322185869078573,0.38750344999999964
157,0.43194996700371846,0.38996439800000005
158,0.43168185378881496,0.3924405439999994
159,0.43141424603795037,0.39490760199999997
160,0.43114714252901337,0.39737206599999997
161,0.43088054204297055,0.3998484229999999
162,0.43061444336385885,0.40237339000000016
163,0.43034884527878003,0.40482412899999964
164,0.4300837465778915,0.40728405499999987
165,0.42981914605440164,0.4097370370000002
166,0.42955504250455967,0.41217764599999995
167,0.4292914347276509,0.41463692999999946
168,0.4290283215259902,0.4170810969999996
169,0.4287657017049121,0.41957547699999953
170,0.42850357407276657,0.4220543569999995
171,0.4282419374409111,0.4246433239999998
172,0.4279807906237025,0.42714598899999956
173,0.4277201324384916,0.4295989630000001
174,0.4274599617056168,0.43207187199999986
175,0.42720027724839343,0.43455657300000006
176,0.4269410778931114,0.4370179219999999
177,0.4266823624690257,0.43946241799999974
178,0.4264241298083497,0.4419670379999996
179,0.4261663787462487,0.44441078399999956
180,0.42590910812083355,0.4468742470000002
181,0.42565231677315124,0.44932912300000005
182,0.42539600354718227,0.45183279899999995
183,0.4251401672898298,0.45427683499999993
184,0.42488480685091473,0.45672708199999956
185,0.4246299210831691,0.4591716789999998
186,0.42437550884222786,0.4616187209999998
187,0.42412156898662445,0.4640895949999999
188,0.42386810037778017,0.46654644499999964
189,0.42361510188000184,0.468990872
190,0.4233625723604717,0.4714436219999998
191,0.42311051068924255,0.4739048600000002
192,0.42285891573923,0.47635913500000004
193,0.42260778638620616,0.478891226
194,0.4223571215087929,0.48135281500000016
195,0.4221069199884544,0.48384823600000004
196,0.4218571807094922,0.4862958490000002
197,0.4216079025590371,0.4887591009999994
198,0.42135908442704223,0.49120513
199,0.421110725206277,0.4936621289999996
