iter,eval_func_value,time
0,0.48205296372548895,0.0015525480000002645
1,0.47983407180490983,0.0028069359999998156
2,0.47983407180490983,0.0040874430000004125
3,0.48082294396671704,0.005354955999999689
4,0.48082294396671704,0.006614533999999672
5,0.4799428292365719,0.00788410000000006
6,0.4799428292365719,0.009153076000000482
7,0.48000933358523895,0.010387777000000042
8,0.48000933358523895,0.011633779000000288
9,0.47963950946666695,0.012870753999999707
10,0.47963950946666695,0.014118530000000185
11,0.47945976580669547,0.015380842999999977
12,0.47945976580669547,0.016616355000000027
13,0.47920169973812143,0.017859372000000207
14,0.47920169973812143,0.01910387100000044
15,0.4789752409944001,0.020343701999999908
16,0.4789752409944001,0.02164646100000045
17,0.4787370891747211,0.02290545700000024
18,0.4787370891747211,0.024269812
19,0.4785036867350851,0.02559525299999965
20,0.4785036867350851,0.02683292000000037
21,0.47826901208100026,0.028087628999999836
22,0.47826901208100026,0.029332177999999764
23,0.4780351861801924,0.030602236000000005
24,0.4780351861801924,0.031854478999999714
25,0.47780149297384195,0.03308858900000011
26,0.47780149297384195,0.03432915099999967
27,0.47756816081047965,0.03558291800000024
28,0.47756816081047965,0.036830503000000014
29,0.47733512109598947,0.038071727000000166
30,0.47733512109598947,0.039349028000000175
31,0.47710239147082006,0.04059542099999991
32,0.47710239147082006,0.04190706600000027
33,0.4768699675876075,0.043380165000000304
34,0.4768699675876075,0.044621739000000105
35,0.4766378493039465,0.045866409000000274
36,0.4766378493039465,0.04711442500000018
37,0.47640603640287427,0.04835710099999968
38,0.47640603640287427,0.04959844399999991
39,0.4761745281668672,0.050832835000000465
40,0.4761745281668672,0.05208886600000007
41,0.47594332424326985,0.05332448900000042
42,0.47594332424326985,0.05457304599999979
43,0.47571242408935505,0.055813396999999654
44,0.47571242408935505,0.05704480200000006
45,0.47548182724966437,0.05829194599999976
46,0.47548182724966437,0.05954696500000001
47,0.4752515332337551,0.06078334000000041
48,0.4752515332337551,0.062016748000000455
49,0.47502154156567183,0.06325353300000014
50,0.47502154156567183,0.06449424499999967
51,0.4747918517652925,0.06572797399999963
52,0.4747918517652925,0.06696385800000026
53,0.4745624633548928,0.06829932800000016
54,0.4745624633548928,0.06954683300000042
55,0.4743333758570073,0.07078153399999998
56,0.4743333758570073,0.07206200099999993
57,0.47410458879505507,0.0732953390000004
58,0.47410458879505507,0.07463928600000003
59,0.47387610169318584,0.07591269
60,0.47387610169318584,0.07716220799999984
61,0.4736479140763013,0.07845061999999992
62,0.4736479140763013,0.07976632400000039
63,0.4734200254700587,0.08101924899999968
64,0.4734200254700587,0.08228106099999977
65,0.473192435400863,0.08352292500000047
66,0.473192435400863,0.0847663729999999
67,0.4729651433958713,0.08599885900000004
68,0.4729651433958713,0.08724039300000008
69,0.4727381489829884,0.0885368600000005
70,0.4727381489829884,0.08977150100000042
71,0.47251145169086695,0.0910053710000005
72,0.47251145169086695,0.09227403499999998
73,0.47228505104890595,0.09350648200000045
74,0.47228505104890595,0.0947346910000002
75,0.47205894658725117,0.09598775600000042
76,0.47205894658725117,0.09721955200000032
77,0.4718331378367917,0.09844302199999966
78,0.4718331378367917,0.09969436400000031
79,0.4716076243291607,0.10091557999999967
80,0.4716076243291607,0.10214010099999982
81,0.47138240559673295,0.10338197599999965
82,0.47138240559673295,0.10466694099999962
83,0.4711574811726269,0.10594277000000041
84,0.4711574811726269,0.10719026499999984
85,0.47093285059069845,0.1084253860000004
86,0.47093285059069845,0.10966599899999974
87,0.4707085133855452,0.11090020900000042
88,0.4707085133855452,0.1121347290000001
89,0.4704844690925022,0.11336157499999988
90,0.4704844690925022,0.11459994299999998
91,0.4702607172476415,0.11584459300000027
92,0.4702607172476415,0.11708077699999997
93,0.470037257387771,0.11832238100000048
94,0.470037257387771,0.11958276000000012
95,0.469814089050436,0.12088157099999997
96,0.469814089050436,0.12213094999999985
97,0.46959121177391405,0.12337078100000021
98,0.46959121177391405,0.12460466000000014
99,0.46936862509721583,0.12583913100000022
100,0.46936862509721583,0.12707885100000027
101,0.4691463285600842,0.12831252999999965
102,0.4691463285600842,0.12954285300000024
103,0.4689243217029951,0.1307862799999997
104,0.4689243217029951,0.1320453869999998
105,0.46870260406715103,0.1332867000000002
106,0.46870260406715103,0.13451976799999965
107,0.46848117519448756,0.13576548999999982
108,0.46848117519448756,0.1370058820000004
109,0.4682600346276644,0.1383404300000004
110,0.4682600346276644,0.13959321499999966
111,0.4680391819100708,0.14083284600000034
112,0.4680391819100708,0.1420768739999998
113,0.4678186165858209,0.14331790700000013
114,0.4678186165858209,0.14456034200000012
115,0.46759833819975427,0.14590844700000005
116,0.46759833819975427,0.14717632999999974
117,0.4673783462974341,0.1484177940000002
118,0.4673783462974341,0.14965322599999986
119,0.46715864042514654,0.15087931099999974
120,0.46715864042514654,0.15211804900000025
121,0.46693922012989914,0.15334263100000012
122,0.46693922012989914,0.15456716300000028
123,0.46672008495942185,0.1559037459999999
124,0.46672008495942185,0.15716440499999962
125,0.4665012344621623,0.15840550800000042
126,0.4665012344621623,0.15965339400000023
127,0.4662826681872886,0.16089188200000049
128,0.4662826681872886,0.16212676399999992
129,0.4660643856846864,0.16337088199999972
130,0.4660643856846864,0.1645975980000003
131,0.4658463865049567,0.16582726000000036
132,0.4658463865049567,0.16706440499999964
133,0.4656286701994183,0.16830430600000046
134,0.4656286701994183,0.16954467800000028
135,0.4654112363201041,0.17078103199999983
136,0.4654112363201041,0.17209579300000044
137,0.4651940844197598,0.17333937099999996
138,0.4651940844197598,0.1746643419999998
139,0.4649772140518446,0.17592359899999988
140,0.4649772140518446,0.17715709700000026
141,0.46476062477053004,0.1783905060000004
142,0.46476062477053004,0.17980646799999978
143,0.4645443161306973,0.18117737499999986
144,0.4645443161306973,0.18267811599999995
145,0.46432828768793766,0.18399535200000017
146,0.46432828768793766,0.18525040100000023
147,0.4641125389985513,0.1864967240000004
148,0.4641125389985513,0.18776123099999964
149,0.463897069619546,0.1889970940000003
150,0.463897069619546,0.19032151399999986
151,0.4636818791086362,0.19164388899999985
152,0.4636818791086362,0.19291395700000002
153,0.46346696702424206,0.19421558400000016
154,0.46346696702424206,0.19547166500000035
155,0.4632523329254882,0.19673799500000033
156,0.4632523329254882,0.197968468
157,0.4630379763722038,0.19922961900000047
158,0.4630379763722038,0.20067820099999967
159,0.4628238969249193,0.2022731689999997
160,0.4628238969249193,0.2035475739999999
161,0.46261009414486864,0.2048286319999999
162,0.46261009414486864,0.20608031500000035
163,0.4623965675939847,0.20737186299999966
164,0.4623965675939847,0.2088598700000004
165,0.4621833168349013,0.21035278599999963
166,0.4621833168349013,0.21163764200000035
167,0.46197034143095006,0.2128843749999998
168,0.46197034143095006,0.21412480700000014
169,0.46175764094616173,0.21536811400000033
170,0.46175764094616173,0.21661395599999977
171,0.4615452149452622,0.21785401699999962
172,0.4615452149452622,0.21908790700000047
173,0.4613330629936734,0.22033081300000035
174,0.4613330629936734,0.22158208499999965
175,0.46112118465751334,0.22326027999999987
176,0.46112118465751334,0.2245539919999997
177,0.46090957950359235,0.22597323000000014
178,0.46090957950359235,0.22750287499999988
179,0.46069824709941354,0.22876598900000022
180,0.46069824709941354,0.23001502700000032
181,0.4604871870131731,0.23125693199999997
182,0.4604871870131731,0.23252761999999993
183,0.46027639881375654,0.23376560799999968
184,0.46027639881375654,0.23500323399999967
185,0.46006588207074023,0.23626898300000043
186,0.46006588207074023,0.23751569700000008
187,0.459855636354389,0.23877164800000017
188,0.459855636354389,0.24005598200000033
189,0.4596456612356548,0.24131560000000007
190,0.4596456612356548,0.24271372800000002
191,0.459435956286178,0.24410638600000034
192,0.459435956286178,0.2454387709999999
193,0.45922652107828316,0.24667627699999972
194,0.45922652107828316,0.24793110600000023
195,0.459017355184981,0.24916005600000002
196,0.459017355184981,0.2504521850000003
197,0.45880845817996596,0.2517247170000001
198,0.45880845817996596,0.2529720520000005
199,0.45859982963761475,0.2542082250000002
