iter,eval_func_value,time
0,0.5091950247142216,0.017745484999977634
1,0.5084221751187304,0.03554437999991933
2,0.5080167125687612,0.053357234000031895
3,0.5076104031620418,0.07094423999978972
4,0.5072036416103293,0.088558674000069
5,0.5067976391191683,0.10626570700014781
6,0.5063924088729822,0.12410747000012634
7,0.5059879452592189,0.14192956899978526
8,0.5055842465602189,0.1601352150000821
9,0.5051813111862147,0.17955001900008938
10,0.5047791375385134,0.19733450800003993
11,0.504377724020913,0.2162355249997745
12,0.5039770690403723,0.23441374799995174
13,0.5035771710069773,0.2583624129997588
14,0.5031780283339305,0.2767164110000522
15,0.5027796394375486,0.2948612269997284
16,0.5023820027372542,0.31364299899996695
17,0.5019851166555742,0.3322386979998555
18,0.5015889796181322,0.35140894899996056
19,0.5011935900536454,0.36981947000003856
20,0.500798946393918,0.3886784739997893
21,0.500405047073837,0.40736268099999506
22,0.5000118905313679,0.4264049729999897
23,0.4996194752075477,0.4453997629998412
24,0.499227799546482,0.46421891999989384
25,0.49883686199533955,0.4833956649999891
26,0.49844666100434587,0.5018251769997732
27,0.49805719502678075,0.5204315689998111
28,0.4976684625189704,0.5381848639999589
29,0.49728046194028575,0.5558158369999546
30,0.49689319175313457,0.5737519849999444
31,0.4965066504229583,0.5914407699997355
32,0.49612083641822635,0.6096201780001138
33,0.4957357482104318,0.6280966929998613
34,0.4953513842740865,0.6456858520000424
35,0.49496774308671493,0.6631384429997524
36,0.4945848231288508,0.6811448809999092
37,0.4942026228840316,0.6996691519998421
38,0.4938211408387933,0.717525384000055
39,0.4934403754826664,0.7353477719998409
40,0.4930603253081703,0.7529144139998607
41,0.49268098881080863,0.7711391859998002
42,0.4923023644890641,0.7890157789997829
43,0.4919244508443952,0.8071204099996976
44,0.4915472463812285,0.8253230519999306
45,0.49117074960695656,0.8437110790000588
46,0.49079495903193165,0.863533451999956
47,0.4904198731694617,0.88239968400012
48,0.49004549053580443,0.9005395770000177
49,0.48967180965016316,0.9187222289997408
50,0.48929882903468275,0.9370936049999727
51,0.4889265472144434,0.9551338890000807
52,0.48855496271745685,0.9732446670000172
53,0.48818407407466097,0.9916762269999708
54,0.4878138798199155,1.0097398899997643
55,0.48744437848999683,1.0279400389999864
56,0.4870755686245938,1.0461829329997272
57,0.48670744876630195,1.0643282380001438
58,0.4863400174606204,1.0825570729998617
59,0.4859732732559452,1.1008726169998226
60,0.48560721470356544,1.1200102980001247
61,0.48524184035765944,1.1381703859997288
62,0.48487714877528826,1.1565543809997507
63,0.48451313851639194,1.174329614999806
64,0.48414980814378494,1.1928400389997478
65,0.4837871562231513,1.2106275289997939
66,0.48342518132303935,1.2284862460001023
67,0.4830638820148576,1.2462100039997495
68,0.4827032568728699,1.2640464579999389
69,0.48234330447419077,1.2815809589997116
70,0.48198402339878055,1.300824294999984
71,0.48162541222944133,1.3205551769997328
72,0.4812674695518108,1.3409028279997983
73,0.4809101939543596,1.3613214130000415
74,0.48055358402838455,1.3808324990000074
75,0.48019763836800633,1.399314878000041
76,0.4798423555701627,1.4175435090000974
77,0.4794877342346045,1.4356545770001503
78,0.47913377296389226,1.4544184719998157
79,0.4787804703633893,1.4731534849997843
80,0.4784278250412593,1.4910162739997759
81,0.47807583560846023,1.5086152999997466
82,0.47772450067874,1.5262334779999946
83,0.4773738188686327,1.544515066999793
84,0.47702378879745255,1.5628199709999535
85,0.4766744090872911,1.5811204490000819
86,0.4763256783630105,1.6000801430000138
87,0.4759775952522407,1.6178110440000637
88,0.4756301583853741,1.6356319219999023
89,0.47528336639556085,1.6533435659998759
90,0.4749372179187048,1.6711129189998246
91,0.47459171159345837,1.6891304860000673
92,0.47424684606121875,1.7074683719997665
93,0.47390261996612165,1.7256710169999678
94,0.4735590319550391,1.7438562090001142
95,0.4732160806775737,1.76180171399983
96,0.4728737647860533,1.7801799989997562
97,0.47253208293552745,1.7984874019998642
98,0.47219103378376337,1.8167372220000289
99,0.4718506159912403,1.8355800270001055
100,0.47151082822114554,1.8544885450000947
101,0.4711716691393693,1.8729974640000364
102,0.47083313741450133,1.891429363000043
103,0.470495231717826,1.9101022579998244
104,0.47015795072331673,1.928074820999882
105,0.4698212931076331,1.9466084919999957
106,0.46948525755011516,1.964463861999775
107,0.46914984273278004,1.9830440659998203
108,0.4688150473403162,2.0015993629999684
109,0.4684808700600798,2.020119985999827
110,0.4681473095820903,2.0386327719998008
111,0.46781436459902515,2.0570653879999554
112,0.46748203380621656,2.07596460700006
113,0.46715031590164635,2.094392539999717
114,0.46681920958594103,2.112669737000033
115,0.4664887135623686,2.130722510999931
116,0.4661588265368326,2.148999559999993
117,0.46582954721786934,2.167442956999821
118,0.46550087431664194,2.185742992000087
119,0.4651728065469371,2.204397426000014
120,0.46484534262515986,2.223361998999735
121,0.46451848127032985,2.241669584999727
122,0.46419222120407566,2.259935671999756
123,0.46386656115063274,2.2789958969997315
124,0.46354149983683623,2.2974668709998696
125,0.463217035992119,2.3164759199999025
126,0.46289316834850536,2.335216737999872
127,0.462569895640608,2.3529211390000455
128,0.4622472166056232,2.3710430209998776
129,0.46192512998332624,2.388926966999861
130,0.4616036345160668,2.4069455720000406
131,0.4612827289487658,2.42490412799998
132,0.4609624120289094,2.4429418320000877
133,0.46064268250654644,2.461236378999729
134,0.46032353913428253,2.4791086000000178
135,0.4600049806672758,2.4969597009999234
136,0.45968700586323435,2.514670656999897
137,0.4593696134824099,2.532746768999914
138,0.4590528022875943,2.5507261379998454
139,0.45873657104411564,2.570371050999711
140,0.45842091851983263,2.588713493999876
141,0.4581058434851312,2.606608844999755
142,0.45779134471292143,2.624418962999698
143,0.45747742097863,2.642273188999752
144,0.4571640710601992,2.660266411000066
145,0.45685129373808053,2.677935155999876
146,0.4565390877952318,2.69551413399995
147,0.4562274520171115,2.7132833360001314
148,0.45591638519167565,2.7313771869999073
149,0.45560588610937336,2.7492771289998927
150,0.4552959535631414,2.767444297000111
151,0.45498658634840133,2.7854677639998044
152,0.4546777832630557,2.8039558679997754
153,0.45436954310748123,2.8223953060000895
154,0.4540618646845277,2.840448778999871
155,0.45375474679951067,2.85838486800003
156,0.4534481882602103,2.876295974999721
157,0.4531421878768647,2.8938503009999295
158,0.4528367444621669,2.911607639000067
159,0.4525318568312605,2.929279250000036
160,0.45222752380173503,2.947162330000083
161,0.45192374419362175,2.9647778079997806
162,0.4516205168293908,2.982897392999803
163,0.45131784053394425,3.000476015000004
164,0.4510157141346157,3.0179775090000476
165,0.450714136461161,3.035846278000008
166,0.45041310634576043,3.0544137910001155
167,0.4501126226230081,3.074724880999838
168,0.44981268412991315,3.092330779999884
169,0.44951328970589116,3.1098573449999094
170,0.4492144381927634,3.1275526720000926
171,0.448916128434751,3.1454399360000025
172,0.44861835927847105,3.1633261389997642
173,0.4483211295729315,3.181092215999797
174,0.4480244381695296,3.1990350279997983
175,0.44772828392204533,3.217118342000049
176,0.44743266568663853,3.235450591999779
177,0.4471375823218428,3.2536753209997187
178,0.4468430326885649,3.2718660880000243
179,0.4465490156500773,3.291321241999867
180,0.44625553007201596,3.3095792449998953
181,0.44596257482237545,3.3277081159999398
182,0.4456701487715048,3.3456799340001453
183,0.445378250792104,3.3635317069997654
184,0.44508687975921957,3.381655357999989
185,0.44479603455023947,3.3995273979999183
186,0.44450571404489087,3.4176665810000486
187,0.444215917125235,3.4353241149997302
188,0.4439266426756627,3.453112893999787
189,0.44363788958289174,3.4707984779997787
190,0.4433496567359606,3.4886295619999146
191,0.4430619430262268,3.5061850009997215
192,0.44277474734736116,3.5249698929997066
193,0.4424880685953438,3.5441460950000874
194,0.44220190566846174,3.5620799479997913
195,0.4419162574673022,3.5800833539997257
196,0.4416311228947517,3.5980302399998436
197,0.4413465008559886,3.616353087999869
198,0.44106239025848165,3.6342009509999116
199,0.44077879001198556,3.6519166660000337
