iter,eval_func_value,time
0,7.587836089141394e-05,0.0019353789999998483
1,7.115324479358291e-05,0.003525934999999869
2,6.866166670271277e-05,0.004990792000000077
3,6.683344376806353e-05,0.006592107000000347
4,6.540711822863755e-05,0.008343651999999757
5,6.428464438787728e-05,0.01065805200000014
6,6.337098783952953e-05,0.012532730000000214
7,6.26247147887538e-05,0.014831155000000429
8,6.202634424768077e-05,0.016898526000000302
9,6.154761170703205e-05,0.018840942999999832
10,6.116432206123953e-05,0.020604885000000017
11,6.085705620524498e-05,0.022260149000000062
12,6.061038151996801e-05,0.023849117000000142
13,6.0412051674295794e-05,0.025879486000000007
14,6.025235347022629e-05,0.027771047999999965
15,6.0123560640331984e-05,0.029608070000000097
16,6.001953394340691e-05,0.03121905199999997
17,5.9935376949735e-05,0.03280959000000028
18,5.986719502965105e-05,0.034326559000000145
19,5.981186477739333e-05,0.0357784109999999
20,5.976689897384339e-05,0.037242645000000074
21,5.9730300215022356e-05,0.0387125079999997
22,5.970047077947461e-05,0.04013618799999996
23,5.967611976804724e-05,0.04289647000000052
24,5.9656210971129116e-05,0.04481528700000048
25,5.9639914461026084e-05,0.04645058599999974
26,5.962655688423676e-05,0.047867626000000385
27,5.96155951580597e-05,0.04949124999999999
28,5.960658679391822e-05,0.051124033999999874
29,5.959917103968389e-05,0.052720927000000195
30,5.9593064619615475e-05,0.05429091500000016
31,5.9588027986332394e-05,0.055789095999999816
32,5.9583870368568764e-05,0.05759186900000035
33,5.9580434236635414e-05,0.05956643300000053
34,5.957759055909736e-05,0.06114882399999999
35,5.957523475252774e-05,0.06272260200000002
36,5.9573285074227123e-05,0.06414771699999999
37,5.9571664458141594e-05,0.06563320099999981
38,5.957032267277812e-05,0.06716629800000007
39,5.956920531327713e-05,0.06859828099999987
40,5.956827634543573e-05,0.07009450800000039
41,5.9567504730923934e-05,0.07155097700000024
42,5.9566862793539405e-05,0.0729641299999999
43,5.956632346107389e-05,0.07443474799999983
44,5.9565879913758714e-05,0.07616238499999994
45,5.95655063411335e-05,0.07783411299999976
46,5.9565194522709406e-05,0.07928344100000029
47,5.9564933608828065e-05,0.08075437499999971
48,5.956471874108465e-05,0.08230260599999983
49,5.956453874034012e-05,0.08383410500000021
50,5.9564386924927476e-05,0.0856772699999997
51,5.956425865111303e-05,0.08715595399999998
52,5.9564154527515235e-05,0.08859671400000035
53,5.956406399749084e-05,0.09006332199999978
54,5.956399057015933e-05,0.09150123499999996
55,5.956393019208396e-05,0.09294531599999978
56,5.956387530835969e-05,0.0944346850000004
57,5.956383292317341e-05,0.09584937800000048
58,5.9563797510931404e-05,0.09730112000000002
59,5.956376709275219e-05,0.09876981499999982
60,5.956374285538107e-05,0.10027285299999988
61,5.956371801412347e-05,0.10211842500000046
62,5.956370146399092e-05,0.10378025300000004
63,5.95636839377071e-05,0.10539611300000029
64,5.956367035562568e-05,0.10695540700000006
65,5.956366365167197e-05,0.10860084900000011
66,5.956365274146786e-05,0.11029787500000054
67,5.9563646327155836e-05,0.11192227300000024
68,5.956363820196159e-05,0.11351607900000005
69,5.956363513235713e-05,0.11509543000000022
70,5.956362961935827e-05,0.11666725099999997
71,5.956362671671305e-05,0.11844414000000025
72,5.956362545072754e-05,0.11997483599999992
73,5.956362124006947e-05,0.12145754700000033
74,5.956361911177075e-05,0.12288786000000052
75,5.956361538858068e-05,0.1243590250000004
76,5.956361621729542e-05,0.1261038189999999
77,5.956361437104032e-05,0.1276627890000004
78,5.956361280865076e-05,0.129095854
79,5.956361226529323e-05,0.1306061500000002
80,5.9563613397992066e-05,0.13208628499999975
81,5.956361068779573e-05,0.13357959200000025
82,5.9563611677483694e-05,0.13503697400000014
83,5.956360963797946e-05,0.13652673600000043
84,5.956360975329061e-05,0.13798298800000008
85,5.9563609678931464e-05,0.13943694100000048
86,5.956360811251524e-05,0.14087704700000003
87,5.956360847483329e-05,0.14231471500000037
88,5.956360852509783e-05,0.14434075600000007
89,5.9563609129158726e-05,0.14621193300000002
90,5.9563611245741656e-05,0.14781692800000013
91,5.956360898639934e-05,0.14940173300000037
92,5.9563607266309773e-05,0.15114649299999972
93,5.9563607119466326e-05,0.1528987930000003
94,5.9563607379131784e-05,0.15450051799999986
95,5.956360772653689e-05,0.15608747899999997
96,5.956360979884654e-05,0.15763366500000053
97,5.9563607423772555e-05,0.15905489000000017
98,5.956360580927846e-05,0.1604775810000003
99,5.956360707434175e-05,0.16191860500000033
100,5.956360818491081e-05,0.16334573399999996
101,5.9563607618273505e-05,0.16478146200000054
102,5.9563608634174105e-05,0.16633984500000043
103,5.956360827440221e-05,0.16775056699999968
104,5.956360857351948e-05,0.169201127
105,5.956360790786412e-05,0.1706628229999998
106,5.956360796852719e-05,0.1721156749999997
107,5.9563605673935626e-05,0.1735928590000002
108,5.9563607276796075e-05,0.17514454800000046
109,5.9563607299446265e-05,0.17690966700000033
110,5.956360936272685e-05,0.17843651699999974
111,5.9563607394438604e-05,0.17999527400000037
112,5.9563607827330364e-05,0.18147348699999988
113,5.9563607348979776e-05,0.18294621600000038
114,5.9563606239670036e-05,0.1844876470000001
115,5.956360636346307e-05,0.1866412369999999
116,5.956360673728178e-05,0.18819625400000017
117,5.956360690126546e-05,0.18971397700000026
118,5.956360619374177e-05,0.1911669309999997
119,5.956360811844385e-05,0.1926131660000001
120,5.9563607435548434e-05,0.19420709999999985
121,5.9563606208818405e-05,0.19569522000000017
122,5.9563608898331135e-05,0.1973195969999999
123,5.9563606623965895e-05,0.19876604400000009
124,5.9563607396315094e-05,0.2002306100000002
125,5.956360890320336e-05,0.20171551700000023
126,5.956360711967657e-05,0.20317762100000003
127,5.956361023410321e-05,0.20461375500000045
128,5.956360774794294e-05,0.20606420499999967
129,5.95636080854181e-05,0.20751002899999982
130,5.956360841426148e-05,0.2091795190000001
131,5.956360738528418e-05,0.2106931799999998
132,5.956360889519441e-05,0.21213555000000017
133,5.9563608148959406e-05,0.21356410499999967
134,5.956361152097217e-05,0.2149915120000001
135,5.956360715242793e-05,0.2165472639999999
136,5.956360830212745e-05,0.21826762300000002
137,5.9563609832524524e-05,0.21982695400000019
138,5.95636085005235e-05,0.22134199300000024
139,5.956361084736649e-05,0.2227911020000004
140,5.9563608826135074e-05,0.22425397599999997
141,5.956360686069455e-05,0.2257412290000005
142,5.9563607544624485e-05,0.22717289399999974
143,5.9563606952800376e-05,0.22871555499999996
144,5.956360720795991e-05,0.23028263800000026
145,5.95636064136717e-05,0.23185331100000006
146,5.956360739294169e-05,0.23343654700000016
147,5.9563605864896886e-05,0.234870119
148,5.956360922429747e-05,0.23638812600000048
149,5.95636070099236e-05,0.2378927879999999
150,5.95636053031107e-05,0.23934474400000028
151,5.956360519808547e-05,0.24081800799999975
152,5.956360692135773e-05,0.24243437900000053
153,5.9563608282067435e-05,0.24396483499999988
154,5.956360618760291e-05,0.24551282300000032
155,5.9563607902978056e-05,0.24694535500000026
156,5.95636069428683e-05,0.24837698099999983
157,5.956360652619698e-05,0.249887191
158,5.9563608936369494e-05,0.25142722599999967
159,5.956360853244951e-05,0.2531808099999999
160,5.956360908434665e-05,0.2546395280000002
161,5.95636073710188e-05,0.25614844700000017
162,5.9563607386386174e-05,0.2576361819999997
163,5.9563606619007487e-05,0.25905790799999995
164,5.956360731860984e-05,0.2604626149999998
165,5.956360930023072e-05,0.2619234420000005
166,5.9563608279817614e-05,0.2633503380000004
167,5.9563607875896855e-05,0.2648089140000005
168,5.956360782294358e-05,0.2663414160000004
169,5.9563607847464364e-05,0.2677775340000004
170,5.9563609138891954e-05,0.26924888000000013
171,5.956360764050935e-05,0.2707704089999998
172,5.956360620118181e-05,0.2723659070000002
173,5.956360683233267e-05,0.2738894260000002
174,5.956360634277664e-05,0.27552765200000007
175,5.956360776082006e-05,0.2771698410000001
176,5.95636094825496e-05,0.27859696199999995
177,5.956360957168895e-05,0.280035496
178,5.956360761853947e-05,0.28150843400000003
179,5.9563607555995e-05,0.28302585700000016
180,5.956360849629798e-05,0.284583681
181,5.956360934923452e-05,0.286553874
182,5.956360683398584e-05,0.2883452809999998
183,5.9563609686761776e-05,0.2900161849999998
184,5.9563609170254827e-05,0.29160464899999994
185,5.956360842631496e-05,0.2931812650000003
186,5.956360892604248e-05,0.2947688820000005
187,5.956360824349904e-05,0.2963245539999999
188,5.9563607267638877e-05,0.29794398599999994
189,5.956360701087366e-05,0.2995243170000004
190,5.9563608329480125e-05,0.3011170640000005
191,5.956360989872894e-05,0.3026905849999997
192,5.956360916362716e-05,0.30426045500000054
193,5.956360825203086e-05,0.3058336190000004
194,5.9563608202837186e-05,0.3073721230000004
195,5.9563606742163665e-05,0.30913303500000033
196,5.956360658142756e-05,0.31058934500000035
197,5.956360624792717e-05,0.3120178469999999
198,5.9563607965970115e-05,0.3135241550000005
199,5.9563606912144055e-05,0.3151039229999997
