iter,eval_func_value,time
0,4.7638389089401594e-05,0.0019318699999999467
1,3.378775949363144e-05,0.0035343029999999054
2,2.937423654369688e-05,0.0050786059999998745
3,2.7919867054564216e-05,0.006652864999999952
4,2.7421293429684e-05,0.008192839999999979
5,2.7239645366955566e-05,0.009738875999999896
6,2.716823808416871e-05,0.011265716000000037
7,2.713784903889163e-05,0.012789680999999886
8,2.7123976939779624e-05,0.014341136999999948
9,2.7117287071041836e-05,0.015878266999999946
10,2.7113938535023745e-05,0.017417510000000025
11,2.711221948870181e-05,0.01899417399999992
12,2.7111323793191622e-05,0.020516114999999946
13,2.711085530963497e-05,0.022050238999999916
14,2.711060550158306e-05,0.02357506499999995
15,2.7110473088015963e-05,0.025100091999999963
16,2.7110402573280497e-05,0.026652270000000033
17,2.7110363645267195e-05,0.028178848999999895
18,2.7110345029909648e-05,0.029718063000000017
19,2.711033494803972e-05,0.03123666699999994
20,2.7110330591797857e-05,0.032756403999999906
21,2.7110327775747716e-05,0.03431172800000004
22,2.7110325313629045e-05,0.03586050899999993
23,2.7110324342982423e-05,0.03739627599999995
24,2.7110322736210426e-05,0.03894273300000006
25,2.7110324027542018e-05,0.040476205999999904
26,2.711032480311651e-05,0.04204109700000003
27,2.7110323843407653e-05,0.04355584499999998
28,2.71103235940216e-05,0.045124473
29,2.7110323362324272e-05,0.04667259300000004
30,2.7110324588956278e-05,0.04818938499999992
31,2.7110323885703762e-05,0.04977627799999995
32,2.7110325391024122e-05,0.05131709400000006
33,2.71103217268023e-05,0.05285705899999993
34,2.7110322936373826e-05,0.05440068099999995
35,2.7110321235172302e-05,0.05594265900000006
36,2.7110322293156996e-05,0.057483065
37,2.71103242331229e-05,0.05902853999999991
38,2.711032365211828e-05,0.06056143200000008
39,2.7110323901468424e-05,0.062145879999999876
40,2.7110322295980793e-05,0.06368687700000009
41,2.711032224865691e-05,0.06520340700000005
42,2.7110322434243885e-05,0.06673388400000002
43,2.711032291400081e-05,0.06826204699999994
44,2.7110321596351976e-05,0.06977415900000006
45,2.7110322040405678e-05,0.07128529000000006
46,2.711032263801292e-05,0.07283006399999992
47,2.7110323375305615e-05,0.0743824019999999
48,2.7110322798947216e-05,0.07590261999999992
49,2.7110323569922615e-05,0.07742267699999994
50,2.7110321148426306e-05,0.07894114100000005
51,2.711032432559686e-05,0.0804773889999999
52,2.7110323627174934e-05,0.08202086099999994
53,2.7110320521664734e-05,0.08353954500000005
54,2.7110322347754405e-05,0.08507758700000001
55,2.7110321220686592e-05,0.0866431299999999
56,2.711032357217915e-05,0.08819169100000002
57,2.711032376084911e-05,0.08976521799999992
58,2.711032384506789e-05,0.09129996299999998
59,2.7110322907550243e-05,0.0928364020000001
60,2.7110323591408554e-05,0.09439325799999998
61,2.7110322112545925e-05,0.09593113899999994
62,2.7110321290714038e-05,0.09745858000000007
63,2.7110323788624923e-05,0.09899584999999989
64,2.7110323629210364e-05,0.10053565500000006
65,2.7110323758852375e-05,0.10207572999999992
66,2.711032285066889e-05,0.1035900059999999
67,2.7110322763506897e-05,0.10510807999999994
68,2.7110325308816712e-05,0.1066506089999999
69,2.711032392527468e-05,0.10818991299999992
70,2.7110321451288767e-05,0.10973550799999998
71,2.711032124379092e-05,0.11126887100000005
72,2.7110323596101337e-05,0.11278624299999995
73,2.7110322892396204e-05,0.11431438599999999
74,2.7110321583706102e-05,0.11583642700000008
75,2.71103239453491e-05,0.11737510899999992
76,2.7110322301683687e-05,0.11893909899999988
77,2.7110324352962884e-05,0.12045719300000002
78,2.711032399023828e-05,0.122000734
79,2.711032272937821e-05,0.12352487900000009
80,2.7110323520885516e-05,0.12506907200000006
81,2.7110321841580424e-05,0.126606703
82,2.7110324042243857e-05,0.1281252770000001
83,2.711032166761955e-05,0.129678717
84,2.7110321730340655e-05,0.13122472299999988
85,2.711032314709998e-05,0.13278317299999998
86,2.7110323669594046e-05,0.13434785400000004
87,2.711032392793103e-05,0.13590934
88,2.71103212956202e-05,0.13745833099999993
89,2.7110322372231323e-05,0.13900259399999992
90,2.711032303661656e-05,0.14054454300000008
91,2.7110323139775263e-05,0.14210124899999999
92,2.7110322222556518e-05,0.14364198499999992
93,2.711032312738856e-05,0.14517657000000006
94,2.7110322400173174e-05,0.146715653
95,2.7110322404106507e-05,0.1482406300000001
96,2.71103228520155e-05,0.1498000909999999
97,2.7110323840915848e-05,0.15134639800000005
98,2.7110322246391073e-05,0.1529089050000001
99,2.7110321766088505e-05,0.154435745
100,2.711032106411883e-05,0.15596566099999998
101,2.7110320391669263e-05,0.15750282100000002
102,2.711032281800465e-05,0.15902926000000006
103,2.7110324206800007e-05,0.16055258399999994
104,2.7110321835680925e-05,0.16210981099999988
105,2.711032292565161e-05,0.16366246000000007
106,2.7110324591093393e-05,0.1651935579999999
107,2.7110322879196767e-05,0.16673971399999998
108,2.7110323752514357e-05,0.16830133000000003
109,2.7110323297540265e-05,0.1698457630000001
110,2.711032600855147e-05,0.17136685200000001
111,2.7110324388011325e-05,0.17289353200000002
112,2.7110323174624685e-05,0.17443192400000007
113,2.7110323780529026e-05,0.17600202500000006
114,2.7110323326576148e-05,0.17753891399999988
115,2.7110322709847105e-05,0.17905817999999996
116,2.7110319987968373e-05,0.18058107299999993
117,2.7110324293872378e-05,0.182126829
118,2.7110323497942175e-05,0.18367454799999994
119,2.7110321035246255e-05,0.18521405200000007
120,2.7110322562849972e-05,0.18678636799999992
121,2.7110321548620263e-05,0.18832523999999995
122,2.7110321832417015e-05,0.18986369200000008
123,2.7110322269377108e-05,0.19138754699999994
124,2.7110320060739667e-05,0.19291984699999998
125,2.711032351874842e-05,0.19446449099999996
126,2.7110321999197555e-05,0.19598158300000001
127,2.7110320463519802e-05,0.197521477
128,2.711032034046895e-05,0.19907893499999996
129,2.7110321936523243e-05,0.20086965199999995
130,2.7110323245201134e-05,0.20299439799999996
131,2.711032368987854e-05,0.204583505
132,2.7110323305093373e-05,0.206136404
133,2.7110322203333532e-05,0.20769609600000005
134,2.7110323691972863e-05,0.20923429700000007
135,2.711032239238934e-05,0.21079116399999998
136,2.711032269803678e-05,0.21231113099999988
137,2.711032322821637e-05,0.21384752899999993
138,2.711032382560106e-05,0.21538574099999996
139,2.711032231926111e-05,0.21693166699999988
140,2.711032385942528e-05,0.21848478599999988
141,2.711032261969281e-05,0.220030752
142,2.7110321124354453e-05,0.22159740699999997
143,2.7110323611092902e-05,0.22314490599999992
144,2.711032272997433e-05,0.22469351699999995
145,2.7110320603195125e-05,0.22625267800000004
146,2.7110322467602757e-05,0.22781206999999992
147,2.71103217666374e-05,0.22938584799999995
148,2.7110324017791916e-05,0.23094212400000003
149,2.7110322874860514e-05,0.23248832000000008
150,2.7110325357020937e-05,0.2340462889999999
151,2.711032170746061e-05,0.23559747500000006
152,2.7110323698369053e-05,0.237134344
153,2.7110320455115236e-05,0.23868159200000005
154,2.7110321863547224e-05,0.24020317199999996
155,2.7110322133728888e-05,0.241713171
156,2.7110322652913806e-05,0.24325424799999995
157,2.7110323806652244e-05,0.24479525400000002
158,2.7110322652763166e-05,0.24633368600000005
159,2.7110322332830203e-05,0.24786370200000007
160,2.711032373713795e-05,0.2494289249999999
161,2.711032159822677e-05,0.251012341
162,2.7110323600318365e-05,0.25257082099999995
163,2.7110322201428488e-05,0.2541721509999999
164,2.7110322607019325e-05,0.25573716300000005
165,2.7110322334904315e-05,0.25733472600000007
166,2.7110326157348186e-05,0.25891623899999994
167,2.7110325599927004e-05,0.26045804699999997
168,2.7110325255170453e-05,0.2620419649999999
169,2.7110322585833554e-05,0.263582561
170,2.7110323399819138e-05,0.265131813
171,2.711032181546221e-05,0.2666979169999999
172,2.7110322652338156e-05,0.2682446540000001
173,2.71103226445745e-05,0.26979517899999994
174,2.7110322695346396e-05,0.271357155
175,2.711032516151866e-05,0.2729050449999999
176,2.711032362811655e-05,0.27447299199999997
177,2.7110321650247442e-05,0.27601224600000007
178,2.7110323352749517e-05,0.27755151899999997
179,2.7110322039324278e-05,0.2791014729999999
180,2.7110323245096396e-05,0.2806376909999999
181,2.711032231653133e-05,0.28226606199999993
182,2.7110325635334364e-05,0.28382681500000007
183,2.7110325039015546e-05,0.28537196
184,2.7110322370371814e-05,0.2869337860000001
185,2.7110324414649004e-05,0.28847918100000003
186,2.7110324073063367e-05,0.29003183
187,2.711032402289907e-05,0.2915708829999999
188,2.7110325453204974e-05,0.2931116789999999
189,2.7110325277463696e-05,0.2946623639999999
190,2.7110325355444154e-05,0.29620048499999996
191,2.7110324616399793e-05,0.29773542100000006
192,2.7110323309390165e-05,0.2992840619999999
193,2.711032449873689e-05,0.3008275629999999
194,2.7110322201344384e-05,0.3023803220000001
195,2.711032330914129e-05,0.30392621799999997
196,2.71103239128817e-05,0.3054517459999999
197,2.711032194932259e-05,0.30701256999999993
198,2.7110320876076967e-05,0.30854276599999997
199,2.7110324614253568e-05,0.3100920279999999
