iter,eval_func_value,time
0,2.6030417137291404e-05,0.0011106329999999165
1,2.994911095648495e-05,0.0020736809999999384
2,2.7394032344289294e-05,0.0030303459999998505
3,2.7445409752925667e-05,0.003986820999999807
4,2.7147523301432304e-05,0.004936331999999988
5,2.716401995185402e-05,0.005905570999999998
6,2.71158714588757e-05,0.006858077999999823
7,2.7120156013302406e-05,0.007880204999999973
8,2.7110810151162864e-05,0.008911200000000008
9,2.7112540195228698e-05,0.010272003999999946
10,2.7110111550187595e-05,0.011587672999999965
11,2.711099229397597e-05,0.012587928999999942
12,2.7110114113115458e-05,0.013546947999999892
13,2.7110583953305954e-05,0.014511787999999859
14,2.7110193560341772e-05,0.015459104999999917
15,2.711044313917676e-05,0.01640221399999997
16,2.7110251231369106e-05,0.017349189999999792
17,2.7110384495437784e-05,0.018291528999999862
18,2.711028829353556e-05,0.019229107999999995
19,2.7110350070700902e-05,0.02018013299999999
20,2.7110303479530768e-05,0.021138270999999875
21,2.711033812084506e-05,0.022209830999999847
22,2.7110313188463854e-05,0.02318508999999991
23,2.7110330631408526e-05,0.02416049099999995
24,2.711031959911655e-05,0.025310147999999977
25,2.7110328299905605e-05,0.026285687999999974
26,2.7110318949369763e-05,0.027250728999999918
27,2.7110326454307075e-05,0.02820674199999984
28,2.7110323791480915e-05,0.029154138999999857
29,2.711032632850465e-05,0.030101115999999983
30,2.7110323447000506e-05,0.031062920999999966
31,2.7110324317638452e-05,0.03202661899999981
32,2.711032135363414e-05,0.032983813999999834
33,2.7110323801934538e-05,0.03394881599999988
34,2.7110323376963322e-05,0.034891864999999855
35,2.7110323999616175e-05,0.0358378199999998
36,2.7110323115338962e-05,0.0367817909999999
37,2.711032341380002e-05,0.03774570999999982
38,2.711032257072136e-05,0.03869466999999993
39,2.711032528077557e-05,0.039637218999999835
40,2.711032031517064e-05,0.040583904999999865
41,2.7110325780425524e-05,0.04158830999999985
42,2.7110323126140377e-05,0.042551105999999894
43,2.7110323275646584e-05,0.04352404099999996
44,2.711032684946585e-05,0.044469223999999974
45,2.7110325249223546e-05,0.04541961699999986
46,2.7110322724222644e-05,0.04637466999999984
47,2.7110323487552784e-05,0.04732152599999995
48,2.7110323850831493e-05,0.04826367499999984
49,2.7110326469825857e-05,0.04923285299999991
50,2.7110323388231578e-05,0.05019712300000001
51,2.711032461835586e-05,0.051149669999999814
52,2.711032176349768e-05,0.05210543299999992
53,2.7110324702765007e-05,0.05307533399999986
54,2.7110323489286058e-05,0.054042227999999914
55,2.7110324173194415e-05,0.0549982619999998
56,2.7110324013062216e-05,0.055969924999999865
57,2.7110323302973053e-05,0.05693314199999988
58,2.7110324392520203e-05,0.05790474599999995
59,2.7110323001832193e-05,0.05885689199999988
60,2.7110322807578383e-05,0.05981088099999998
61,2.7110324546918284e-05,0.060760433
62,2.7110322982590278e-05,0.061717137999999894
63,2.7110323190642207e-05,0.062691316
64,2.7110323944678976e-05,0.06365478399999991
65,2.7110323227160846e-05,0.06463401099999988
66,2.711032518233857e-05,0.06559412199999981
67,2.711032203522537e-05,0.06656259999999992
68,2.7110324355234816e-05,0.06752677799999995
69,2.7110322313582267e-05,0.06848876199999987
70,2.7110324125207952e-05,0.06944664
71,2.7110325235958492e-05,0.0704135239999999
72,2.7110324078891706e-05,0.07138341299999995
73,2.711032353995591e-05,0.07233852499999993
74,2.7110325215425688e-05,0.07330299499999993
75,2.7110323447575143e-05,0.07426547099999992
76,2.7110323471213485e-05,0.0752252819999999
77,2.7110325077020162e-05,0.07618124599999998
78,2.711032327109228e-05,0.07714780899999996
79,2.7110323014525856e-05,0.07810803099999997
80,2.7110325796087445e-05,0.07907582599999996
81,2.7110322884053214e-05,0.0800251879999998
82,2.7110326862623695e-05,0.08097592099999984
83,2.711032394319807e-05,0.08193041199999995
84,2.711032338553177e-05,0.08287424199999993
85,2.7110323293506108e-05,0.08384430199999993
86,2.711032426336059e-05,0.08479704899999985
87,2.7110324221103215e-05,0.08577020499999999
88,2.711032086015495e-05,0.08671876499999986
89,2.7110322876897154e-05,0.08768356399999999
90,2.71103224395667e-05,0.08863417799999995
91,2.7110322726717308e-05,0.08959398799999985
92,2.711032378834179e-05,0.09054876999999983
93,2.7110324498979973e-05,0.09151209899999979
94,2.711032223730621e-05,0.09246156999999999
95,2.7110324462340133e-05,0.09341008899999981
96,2.7110322446053446e-05,0.09437715299999994
97,2.711032320490244e-05,0.09534478799999979
98,2.7110321420523555e-05,0.09632517799999984
99,2.7110324692009552e-05,0.09728052999999992
100,2.711032203492765e-05,0.09824853599999983
101,2.711032481916354e-05,0.09920305699999998
102,2.7110324998373933e-05,0.10015009299999988
103,2.7110323375230398e-05,0.10109849299999984
104,2.7110323474128664e-05,0.10206105999999981
105,2.7110322563162327e-05,0.10301480799999996
106,2.7110323876751098e-05,0.10396416899999994
107,2.711032420230997e-05,0.10492671399999987
108,2.711032292073285e-05,0.10589451999999988
109,2.7110324340530588e-05,0.10687876699999999
110,2.7110323467401898e-05,0.10783523099999992
111,2.7110324633165655e-05,0.10879465099999996
112,2.7110324413857217e-05,0.10975928199999996
113,2.71103223134671e-05,0.11073253799999994
114,2.7110324909728936e-05,0.11169242899999987
115,2.711032338964696e-05,0.11264864199999991
116,2.7110320697812307e-05,0.11359880499999986
117,2.711032530343791e-05,0.11454040199999982
118,2.7110324113261525e-05,0.11549712699999981
119,2.711032092547141e-05,0.11644662799999983
120,2.711032219248181e-05,0.11739556699999998
121,2.7110323465788174e-05,0.11834254399999988
122,2.7110322939711508e-05,0.11929655399999994
123,2.711032422244964e-05,0.12024770799999995
124,2.7110323464218196e-05,0.12120023599999996
125,2.711032485468897e-05,0.12215969599999998
126,2.7110322318587913e-05,0.1231073439999999
127,2.7110323290237235e-05,0.12406018099999994
128,2.7110322644544473e-05,0.12502918899999993
129,2.711032261805317e-05,0.12600813599999983
130,2.71103207384783e-05,0.12697046199999984
131,2.7110324052245256e-05,0.12792718599999997
132,2.7110324379903502e-05,0.12887404199999986
133,2.7110322254403622e-05,0.129829615
134,2.7110322804907353e-05,0.130778536
135,2.711032444366698e-05,0.13172757599999985
136,2.711032378349619e-05,0.1326712769999998
137,2.7110322309190306e-05,0.1336478179999998
138,2.7110322701582978e-05,0.134601988
139,2.7110321626312473e-05,0.135553794
140,2.7110322963778323e-05,0.13652597899999996
141,2.7110326004518705e-05,0.1375480659999999
142,2.7110322816373384e-05,0.13853138099999995
143,2.7110322611317878e-05,0.13948864699999985
144,2.711032257286144e-05,0.1404474969999998
145,2.7110323916894693e-05,0.1413981809999998
146,2.7110325129351528e-05,0.14234910499999986
147,2.711032390156554e-05,0.14330067999999985
148,2.711032394779933e-05,0.1442567939999999
149,2.7110322483867792e-05,0.14520453199999994
150,2.7110322942231126e-05,0.1461538229999999
151,2.711032305404792e-05,0.147122019
152,2.7110320164498137e-05,0.14809502399999985
153,2.71103237692371e-05,0.14907264899999983
154,2.7110322997153214e-05,0.15003797899999993
155,2.7110324851578024e-05,0.151009913
156,2.711032300586267e-05,0.15196499399999985
157,2.7110322990077483e-05,0.15291614899999995
158,2.7110323833212236e-05,0.15389028699999985
159,2.711032209695973e-05,0.15484112999999988
160,2.7110324534304286e-05,0.1557954909999999
161,2.7110324683479355e-05,0.15674244799999992
162,2.711032406133976e-05,0.15769470499999994
163,2.711032300226075e-05,0.15866322099999985
164,2.711032434031613e-05,0.15961609899999996
165,2.7110323614209116e-05,0.16055510099999992
166,2.7110322682639594e-05,0.16150172699999987
167,2.711032466661242e-05,0.1624447969999998
168,2.7110322660401452e-05,0.16338562199999984
169,2.711032347875655e-05,0.16434591399999987
170,2.7110320675198475e-05,0.16528987399999995
171,2.7110325492170248e-05,0.16624153899999983
172,2.711032446197034e-05,0.16719012899999997
173,2.7110321056471833e-05,0.16815077099999987
174,2.7110325871855355e-05,0.16910861799999988
175,2.7110323677710166e-05,0.1700545539999998
176,2.7110322778844444e-05,0.17101274199999983
177,2.711032294957758e-05,0.17196211299999997
178,2.7110324222251087e-05,0.1729149299999999
179,2.7110323548982365e-05,0.17392926399999986
180,2.7110323887656776e-05,0.17494595199999985
181,2.7110322344754533e-05,0.17591710399999982
182,2.711032424133984e-05,0.1768799099999998
183,2.711032347867295e-05,0.17785945799999991
184,2.7110323464444984e-05,0.17881679399999983
185,2.7110323955338358e-05,0.1797627089999998
186,2.7110324446015118e-05,0.18071093799999982
187,2.7110322834940444e-05,0.18164753499999997
188,2.711032182110397e-05,0.1825990599999998
189,2.7110322775021845e-05,0.18354476399999986
190,2.7110324332310364e-05,0.18449985599999996
191,2.711032343399705e-05,0.18544322599999985
192,2.71103217725946e-05,0.18639990099999992
193,2.7110324059983017e-05,0.1873666639999998
194,2.711032462797711e-05,0.18831830999999988
195,2.711032100062177e-05,0.1892755359999998
196,2.7110325843684614e-05,0.19023018699999983
197,2.7110326798985323e-05,0.1912110869999999
198,2.7110320073154768e-05,0.19217029699999988
199,2.7110324038956508e-05,0.19311318599999994
