iter,eval_func_value,time
0,7.61246549087524e-05,0.0013267530000000693
1,6.379219964717468e-05,0.0025884250000001163
2,5.816947774630519e-05,0.0038792210000000438
3,5.5826254821974926e-05,0.005008584000000038
4,5.4880703783012726e-05,0.006100506999999977
5,5.447841034166399e-05,0.007159136999999927
6,5.427658465137962e-05,0.008215371999999999
7,5.4153206893798685e-05,0.009298038000000064
8,5.406866273798609e-05,0.010379090000000035
9,5.400933706566518e-05,0.011436667999999983
10,5.396847485954856e-05,0.012502310999999988
11,5.394111517704945e-05,0.01358285200000009
12,5.392325470892191e-05,0.014647333000000096
13,5.3911805078470855e-05,0.015748724000000047
14,5.390454291062108e-05,0.01683579699999993
15,5.389996431653553e-05,0.0179147850000001
16,5.389708630128155e-05,0.018971982999999915
17,5.389526797159187e-05,0.02003986000000002
18,5.3894118354684305e-05,0.021115302000000113
19,5.3893390359140615e-05,0.022298927000000024
20,5.38929318346552e-05,0.023377573999999957
21,5.389264337062844e-05,0.024439781000000105
22,5.3892460533254535e-05,0.025515823999999965
23,5.38923410632169e-05,0.02657136799999993
24,5.389226385870006e-05,0.027631170000000038
25,5.389221358112208e-05,0.028671405999999955
26,5.389218839033422e-05,0.02973760999999997
27,5.389216780229686e-05,0.030796910999999927
28,5.3892155159062856e-05,0.031850622000000106
29,5.389214150510227e-05,0.032903550999999975
30,5.389213680585371e-05,0.033983550999999945
31,5.3892132180232077e-05,0.03504201100000004
32,5.3892130356746636e-05,0.036098717
33,5.3892131027144394e-05,0.037144824000000076
34,5.389213356439157e-05,0.03819105999999994
35,5.389213267319702e-05,0.03922672699999996
36,5.38921323637459e-05,0.04026684200000008
37,5.389213231402315e-05,0.04131146600000002
38,5.38921321918008e-05,0.04235652100000009
39,5.389212521096242e-05,0.04342179300000004
40,5.389213150361233e-05,0.044467237999999965
41,5.3892133497055605e-05,0.045512272999999936
42,5.389213328388061e-05,0.04656542200000002
43,5.389213308832837e-05,0.047611639000000094
44,5.389213400070895e-05,0.04866483899999996
45,5.3892133814105336e-05,0.04970981299999999
46,5.389213423273293e-05,0.050766439
47,5.38921318782692e-05,0.05181709400000001
48,5.389212890840786e-05,0.05285717000000001
49,5.3892130022692935e-05,0.05390958800000001
50,5.389213045504409e-05,0.05497042200000002
51,5.389213569846261e-05,0.056037117000000025
52,5.389213811106072e-05,0.05709536599999998
53,5.389213650757874e-05,0.058170677999999976
54,5.389213660575934e-05,0.059231692
55,5.3892136099014645e-05,0.0602887190000001
56,5.3892135247126824e-05,0.061361636
57,5.389214009584292e-05,0.06242476500000005
58,5.3892141351530156e-05,0.06348091
59,5.389213508024614e-05,0.06453175499999997
60,5.389213531995151e-05,0.06558315200000009
61,5.3892135997575253e-05,0.06673275299999992
62,5.389213501726781e-05,0.06780489800000011
63,5.389213619389567e-05,0.06888794400000009
64,5.389213580981912e-05,0.06995232500000004
65,5.3892132198876525e-05,0.07100321999999992
66,5.3892134544083535e-05,0.07204518900000001
67,5.3892137576325405e-05,0.07309398000000011
68,5.389213823251315e-05,0.07415221999999999
69,5.389213889708508e-05,0.07519569100000001
70,5.389213335016476e-05,0.07623916300000011
71,5.3892135866026415e-05,0.07729490699999997
72,5.389213835630499e-05,0.07835623199999997
73,5.389214091490801e-05,0.07940779899999995
74,5.389213682965542e-05,0.08046310300000004
75,5.389213818177513e-05,0.08151702400000005
76,5.389213499236968e-05,0.08257712699999997
77,5.3892136679278374e-05,0.08362407499999991
78,5.3892137835370584e-05,0.08467032200000002
79,5.389213867816727e-05,0.08571741
80,5.389213518390215e-05,0.08676222400000011
81,5.389214072663799e-05,0.0878150230000001
82,5.389213799997546e-05,0.08886564800000007
83,5.3892135273470036e-05,0.0899321930000001
84,5.3892133619089566e-05,0.09098723599999992
85,5.389213327341583e-05,0.092049292
86,5.3892131753662144e-05,0.0930941970000001
87,5.38921310997262e-05,0.09414241700000003
88,5.389213278084975e-05,0.09519423400000004
89,5.389213134071933e-05,0.0962488669999999
90,5.389213699114717e-05,0.09729071499999997
91,5.389213523857198e-05,0.09834382499999994
92,5.3892137855267225e-05,0.09938635500000004
93,5.3892136383002024e-05,0.100439634
94,5.389213473510244e-05,0.10149867499999998
95,5.389212986011163e-05,0.10256855600000003
96,5.389212843888791e-05,0.10361889099999999
97,5.3892130117790144e-05,0.10465799400000009
98,5.3892128992684215e-05,0.10570371999999995
99,5.389212928086972e-05,0.10674662000000001
100,5.389213522349032e-05,0.10779150399999993
101,5.389212950181359e-05,0.1088430010000001
102,5.389212746980872e-05,0.1098960200000001
103,5.389213054478478e-05,0.11094427099999993
104,5.389213286125462e-05,0.11198722099999991
105,5.3892136765421015e-05,0.11304774500000003
106,5.389213560617548e-05,0.11410670600000006
107,5.38921307218865e-05,0.1151645739999998
108,5.389212562297214e-05,0.11620185400000005
109,5.3892125815986595e-05,0.11724497499999997
110,5.3892125957885484e-05,0.11829320499999985
111,5.3892128805529026e-05,0.11933435299999995
112,5.389212953927121e-05,0.12037524900000007
113,5.38921245860144e-05,0.12143099400000001
114,5.389213103090329e-05,0.12247597799999999
115,5.3892133877246344e-05,0.12351968000000002
116,5.389213334454149e-05,0.12456969400000006
117,5.389213674246091e-05,0.125634005
118,5.3892136740845784e-05,0.12669840500000018
119,5.389213543370251e-05,0.12778856500000013
120,5.3892130140813814e-05,0.12883151500000012
121,5.3892134704230136e-05,0.1298863480000001
122,5.38921305817529e-05,0.13092945900000008
123,5.389213249454774e-05,0.13198100599999996
124,5.389212924863532e-05,0.1330205299999998
125,5.389213224382896e-05,0.13406956199999986
126,5.3892129738990376e-05,0.13510743300000017
127,5.3892131939126344e-05,0.136145674
128,5.3892128963938966e-05,0.13719962499999983
129,5.389213234394113e-05,0.13826648099999983
130,5.389213154611061e-05,0.13930747799999987
131,5.38921293365162e-05,0.14034949600000002
132,5.389213137010967e-05,0.1414008229999999
133,5.38921309938866e-05,0.14244727000000013
134,5.3892126045282195e-05,0.14350423699999992
135,5.389212541586306e-05,0.1445370680000002
136,5.3892126497619554e-05,0.14558401600000015
137,5.389212800302271e-05,0.146632718
138,5.389212609761375e-05,0.14767819300000018
139,5.3892121972242e-05,0.14872161400000006
140,5.389212050833593e-05,0.14977751799999983
141,5.389212853886634e-05,0.1508207290000001
142,5.38921303930282e-05,0.15186966099999988
143,5.3892128445651676e-05,0.1529083229999999
144,5.3892128134934505e-05,0.1539617040000001
145,5.389213092290463e-05,0.15500548600000008
146,5.389213090789116e-05,0.15605668200000022
147,5.389213373897479e-05,0.15709541399999982
148,5.3892135127909464e-05,0.1581677399999999
149,5.3892134932805575e-05,0.15936044199999988
150,5.389213715369895e-05,0.16043232699999987
151,5.38921415750134e-05,0.16150472299999996
152,5.3892139754466116e-05,0.16259184599999998
153,5.3892135461547244e-05,0.1636478520000002
154,5.3892138143733274e-05,0.16469330700000007
155,5.389214350340782e-05,0.1657439719999998
156,5.389213866038952e-05,0.1667867820000002
157,5.3892138589748556e-05,0.16784602299999984
158,5.389213885344303e-05,0.16888370399999997
159,5.389213572058014e-05,0.16994441799999982
160,5.389213858743075e-05,0.17100200599999993
161,5.38921341175428e-05,0.17204991599999997
162,5.3892129926827745e-05,0.17308820699999994
163,5.389213385513687e-05,0.1741404849999999
164,5.389213484468998e-05,0.17518875600000006
165,5.3892138357061246e-05,0.17623454200000022
166,5.389213421457381e-05,0.17727111000000018
167,5.389213113155024e-05,0.17831402100000004
168,5.389212644650874e-05,0.17935977699999994
169,5.389212975954826e-05,0.180411133
170,5.389213086148267e-05,0.181482036
171,5.3892127973859616e-05,0.18252775200000015
172,5.389213197095663e-05,0.18362489400000004
173,5.3892128723163034e-05,0.18468403499999986
174,5.389213129505825e-05,0.18574280500000007
175,5.389213421297466e-05,0.18679102600000008
176,5.389213751822157e-05,0.18783158200000005
177,5.389213658812562e-05,0.18887180700000017
178,5.389213588726872e-05,0.189926209
179,5.389213478761337e-05,0.19097596299999986
180,5.3892137683573295e-05,0.19201864300000016
181,5.389213062155002e-05,0.1930769120000002
182,5.389212437710487e-05,0.19422398799999985
183,5.38921278411516e-05,0.1952729900000001
184,5.3892133023009036e-05,0.19632039899999998
185,5.389213450189513e-05,0.19737580300000013
186,5.3892131632559086e-05,0.19843469300000005
187,5.389213207159567e-05,0.1994696090000001
188,5.3892139988563356e-05,0.20079139300000004
189,5.389213570810531e-05,0.20230995699999998
190,5.3892131981202556e-05,0.20342336000000016
191,5.389213479756072e-05,0.20450157700000005
192,5.3892129133843814e-05,0.20557056600000023
193,5.389212846102078e-05,0.20664589799999988
194,5.3892129283728835e-05,0.20773051700000011
195,5.3892133911098774e-05,0.20879758300000018
196,5.389213299896793e-05,0.20985612199999992
197,5.3892132776194504e-05,0.2109214049999999
198,5.389214170581984e-05,0.21197765999999985
199,5.389213987969344e-05,0.21302668199999997
