iter,eval_func_value,time
0,0.00021063397757325705,0.004750707999999548
1,0.00020521733338385126,0.00944283099999943
2,0.00020521733338385126,0.01324604300000054
3,0.00020029637856769917,0.017522601999999665
4,0.00020029637856769917,0.02201983700000021
5,0.0001963934340641198,0.02605169199999935
6,0.0001963934340641198,0.030025828999999504
7,0.00019284516669463986,0.03399239300000012
8,0.00019284516669463986,0.03796300800000019
9,0.0001901462858498829,0.041824920999999904
10,0.0001901462858498829,0.046138714999999664
11,0.00018777604707971855,0.05009640900000001
12,0.00018777604707971855,0.053995047000000795
13,0.00018612460148515362,0.05829077299999952
14,0.00018612460148515362,0.062201042999999956
15,0.0001844866776936127,0.06604863199999933
16,0.0001844866776936127,0.07029607299999974
17,0.00018436660100653037,0.07449532999999953
18,0.00018436660100653037,0.07824920400000046
19,0.00018215460069726137,0.08236276699999934
20,0.00018215460069726137,0.08644209000000025
21,0.00018151918376914353,0.09039970899999972
22,0.00018151918376914353,0.09446087199999909
23,0.0001805837454618891,0.09827130500000081
24,0.0001805837454618891,0.10217467400000046
25,0.00017995057194769364,0.10622102399999989
26,0.00017995057194769364,0.10995208699999992
27,0.00017950125097594032,0.11390902599999997
28,0.00017950125097594032,0.11748339400000063
29,0.00017894012838612307,0.12159356799999976
30,0.00017894012838612307,0.12560127899999962
31,0.0001785990457597742,0.12976329399999997
32,0.0001785990457597742,0.13332865199999944
33,0.00017834129918424053,0.1371715309999999
34,0.00017834129918424053,0.14082581599999955
35,0.000178113822332947,0.14496392000000036
36,0.000178113822332947,0.14847807800000012
37,0.00017777925695399468,0.15257734899999953
38,0.00017777925695399468,0.1568582670000005
39,0.0001776618160073916,0.16111322699999953
40,0.0001776618160073916,0.1652870429999993
41,0.00017760600284776932,0.1694828200000007
42,0.00017760600284776932,0.17347769400000068
43,0.00017802586776546908,0.1770150570000002
44,0.00017802586776546908,0.18092323599999993
45,0.00017822035027384916,0.1849648540000004
46,0.00017822035027384916,0.18885323399999976
47,0.00017724653053363256,0.1928646159999996
48,0.00017724653053363256,0.19670877000000075
49,0.00017714221922868724,0.20033199100000054
50,0.00017714221922868724,0.2044586000000006
51,0.00017709203011507916,0.20830089400000062
52,0.00017709203011507916,0.21228442299999983
53,0.0001769357111518307,0.21613429099999948
54,0.0001769357111518307,0.22033473099999945
55,0.00017698483913986747,0.22438199700000006
56,0.00017698483913986747,0.22829640500000004
57,0.00017723848888762003,0.23226567300000056
58,0.00017723848888762003,0.23637370299999994
59,0.00017632268620459732,0.24011917300000007
60,0.00017666082000944482,0.24390588300000005
61,0.00017666082000944482,0.24810471300000003
62,0.0001765254412592273,0.2524153489999996
63,0.0001765254412592273,0.25632084000000077
64,0.0001765787819529402,0.26017413499999975
65,0.0001765787819529402,0.26415654800000077
66,0.00017661486607552704,0.26811138000000057
67,0.00017661486607552704,0.2723342370000008
68,0.00017664672669896717,0.2764043340000004
69,0.00017664672669896717,0.28025586899999944
70,0.00017659433743912896,0.28417976000000067
71,0.00017659433743912896,0.2881650889999996
72,0.00017652322774998187,0.29215729000000046
73,0.00017652322774998187,0.29582042100000017
74,0.00017979034226747658,0.30004266499999943
75,0.00017979034226747658,0.3037422369999998
76,0.00017654168118360554,0.30775831599999925
77,0.00017654168118360554,0.31179264100000026
78,0.00017663214954521307,0.3155460370000007
79,0.00017663214954521307,0.3194105539999992
80,0.00017671141809195884,0.32339086600000044
81,0.00017671141809195884,0.3271929769999993
82,0.00017650898930454348,0.33113828599999984
83,0.00017650898930454348,0.33476583200000043
84,0.00017659976461993626,0.33832931100000074
85,0.00017659976461993626,0.3421698200000005
86,0.00017642300907933124,0.34618710600000036
87,0.00017662171735449817,0.350379534
88,0.00017662171735449817,0.35403520500000063
89,0.00017647451835270698,0.35819743899999956
90,0.00017647451835270698,0.3623778840000007
91,0.0001765676720949841,0.36628152099999944
92,0.0001765676720949841,0.3703011870000008
93,0.00017647134878434799,0.3743847030000005
94,0.00017647134878434799,0.37851615299999963
95,0.00017644766364310476,0.38264408300000063
96,0.00017644766364310476,0.3866858369999999
97,0.000176595153695885,0.39065236499999934
98,0.0001764433178673576,0.39471514000000063
99,0.0001764433178673576,0.3987111280000004
100,0.00017650208763921748,0.4026681560000007
101,0.0001765261245228533,0.40668611100000085
102,0.0001765261245228533,0.41078127900000005
103,0.0001765014920433383,0.4147454049999997
104,0.0001765014920433383,0.418823798
105,0.00017657232862285956,0.42280845700000036
106,0.00017657232862285956,0.4269246899999999
107,0.00017654860432335167,0.4308835759999994
108,0.00017654860432335167,0.4345838250000007
109,0.00017648126272241355,0.43845108800000077
110,0.00017648126272241355,0.44246884200000025
111,0.00017655942421232018,0.44670299799999924
112,0.00017655942421232018,0.4504953520000008
113,0.00017653219376911308,0.45423629199999915
114,0.00017653219376911308,0.45823840499999946
115,0.00017649150781562592,0.4623114079999997
116,0.00017649150781562592,0.46639265299999977
117,0.00017644876151800526,0.47033462099999923
118,0.00017644876151800526,0.4744347179999995
119,0.00017658864869970844,0.4780485349999992
120,0.00017658864869970844,0.4821220050000008
121,0.00017680692692238545,0.4860152039999992
122,0.00017643359764734658,0.4899619150000003
123,0.00017643359764734658,0.4941361020000006
124,0.00017651290256327602,0.4981591210000005
125,0.00017642258444308404,0.5023106219999995
126,0.00017642258444308404,0.5062663539999992
127,0.00017653411636057404,0.5100644299999999
128,0.00017653411636057404,0.5143469219999997
129,0.00017633950074469424,0.5180941469999993
130,0.0001766430630130666,0.5219831060000004
131,0.0001766430630130666,0.5258572990000001
132,0.00017664095119475088,0.5298514819999998
133,0.00017805671548462422,0.5337255239999994
134,0.00017805671548462422,0.5376467740000006
135,0.0001764797117779604,0.5412620550000007
136,0.0001764797117779604,0.5452328479999995
137,0.00017661205421904807,0.5491342540000002
138,0.00017661205421904807,0.5530049469999998
139,0.00017642782998197667,0.5566065449999993
140,0.00017735641033317693,0.5612067859999996
141,0.00017928954448265133,0.5658453219999995
142,0.00017928954448265133,0.5703313449999996
143,0.00017654416814449095,0.5750647030000007
144,0.00017654416814449095,0.5795690540000002
145,0.00017587612187918816,0.5841973110000005
146,0.00017648836116065356,0.5886666250000001
147,0.00017648836116065356,0.5931461999999996
148,0.00017643866754380228,0.5977191580000003
149,0.00017643866754380228,0.6022933360000007
150,0.00017920595457270359,0.6066870659999992
151,0.00017920595457270359,0.6110727059999999
152,0.0001764244228704782,0.6158327830000001
153,0.0001764244228704782,0.6203860730000006
154,0.00017651505814229857,0.6247415039999993
155,0.00017651505814229857,0.6290945610000005
156,0.00017645335519363213,0.6336661289999999
157,0.00017645335519363213,0.6382429619999996
158,0.0001764406068596901,0.6427921819999991
159,0.0001764406068596901,0.6472203759999999
160,0.00018701976317834595,0.6521290180000001
161,0.00018701976317834595,0.6565402850000002
162,0.00017678672890025936,0.661148056
163,0.00017678672890025936,0.6654895459999999
164,0.00017649206913087346,0.6700810839999995
165,0.00017650855915540644,0.6745788600000004
166,0.00017650855915540644,0.6789848289999991
167,0.00017660882996286607,0.6833554419999999
168,0.00017650327369672755,0.6878172649999996
169,0.00017650327369672755,0.6920869090000004
170,0.00017647082446238643,0.6968295250000001
171,0.00017647082446238643,0.7015351170000006
172,0.0001885621505958184,0.7059653659999992
173,0.00017898709719688525,0.7103544999999993
174,0.00017898709719688525,0.7150234310000005
175,0.0001784740990623539,0.7195374860000001
176,0.0001784740990623539,0.7238176329999995
177,0.00018157565073152746,0.7283417149999991
178,0.00018157565073152746,0.7327674510000008
179,0.00017786904008166502,0.7366604510000005
180,0.00017786904008166502,0.7406719129999999
181,0.00017772560127959065,0.7451373350000008
182,0.00017772560127959065,0.7490356709999997
183,0.00017778199109837778,0.7528739509999998
184,0.00017778199109837778,0.7571370959999992
185,0.00017754476311428345,0.7611007870000002
186,0.00017754476311428345,0.765320805
187,0.00017711601990664068,0.7692390400000004
188,0.00017711601990664068,0.7732514869999996
189,0.0001770961593145944,0.7774543689999991
190,0.0001770961593145944,0.7816649560000002
191,0.00017691399626784825,0.7857927060000005
192,0.00017691399626784825,0.7897407110000003
193,0.00017690033503419295,0.7935958830000001
194,0.00017690033503419295,0.7976730369999991
195,0.0001767404947219069,0.8018964699999991
196,0.0001767404947219069,0.8055613190000006
197,0.00017678178546050072,0.8095227539999996
198,0.00017678178546050072,0.8137630649999998
199,0.0001769213427310118,0.8177285269999999
