iter,eval_func_value,time
0,66.90099834174819,0.4711311390001356
1,64.05844769734715,0.8899536090000311
2,60.38600355625549,1.2691644870001255
3,57.02317338710588,1.681583713000009
4,53.83698446886721,2.2047210820001055
5,50.82983945956995,2.693013684000107
6,47.99045949862349,3.054523693999954
7,45.30962667991439,3.5055809400000726
8,42.77848381831761,3.9495450419999543
9,40.38868249026568,4.456040464000125
10,38.13233714103045,5.005383651000102
11,36.002001363572305,5.656562856999926
12,33.99064338596228,6.228357031000087
13,32.09162311741957,6.640748299000052
14,30.298670426779374,7.038712537000038
15,28.605864614136163,7.506355167000038
16,27.00761500952576,8.316283919999933
17,25.49864263875126,8.716576650999968
18,24.073962899080353,9.207488884999975
19,22.728869190432082,9.673294181000074
20,21.45891745041226,10.082311765999975
21,20.259911544192178,10.456729964000033
22,19.12788946274984,11.058777189000011
23,18.05911028540751,11.640000935999979
24,17.05004186490523,12.331227241000079
25,16.097349195450775,13.038305839000031
26,15.197883426282068,13.70632630199998
27,14.348671485274084,14.17306568999993
28,13.546906279020652,14.553181299000016
29,12.789937437625323,15.19908277200011
30,12.075262574148885,15.545037986000125
31,11.40051903028797,15.887843155999917
32,10.763476081401928,16.344802602000073
33,10.162027575468224,17.059447007000017
34,9.59418498193384,17.634073956000066
35,9.058070827743935,18.04718084000001
36,8.551912499073737,18.409954202000108
37,8.074036388468217,18.803286693000018
38,7.622862368209492,19.203288639999982
39,7.196898571788022,19.551640885000097
40,6.794736466352301,19.91674483199995
41,6.415046199956935,20.272878027999923
42,6.056572208322851,21.075429521999922
43,5.718129066668393,21.43734073099995
44,5.398597572969565,21.821586131999993
45,5.09692104976314,22.429518964999943
46,4.812101852320344,23.437296348000018
47,4.543198071694553,23.867169556000135
48,4.289320421783676,24.59092157500004
49,4.049629300151489,25.042335557000115
50,3.82333201292171,25.391278277000083
51,3.6096801545968136,26.32774087400003
52,3.407967134162531,26.744893865999984
53,3.2175258393192196,27.410214820999954
54,3.037726431135545,28.138237345000107
55,2.867974261848397,28.622296154999958
56,2.7077079089385063,29.146363603000054
57,2.5563973189935316,29.62990551400003
58,2.4135420552318156,30.123878671000057
59,2.278669642901674,30.848114627000086
60,2.151334007093155,31.319810377000067
61,2.031113997803844,31.8574547610001
62,1.917611997388004,32.2579098650001
63,1.8104526057896495,32.664089717000024
64,1.7092813992168707,33.09590309600003
65,1.6137637581569528,33.50874566200014
66,1.5235837608602447,33.96905711299996
67,1.4384431386373098,34.49143567700003
68,1.358060289517281,35.0404128780001
69,1.282169347008302,35.50954531100001
70,1.210519300882786,36.609938807999924
71,1.1428731670818002,37.185053844000095
72,1.0790072039953709,37.79343607100009
73,1.0187101725281684,38.22751844300001
74,0.9617826375052458,38.690748216999964
75,0.9080363081084181,39.181076562000044
76,0.8572934151632837,39.60428855800001
77,0.8093861232182797,40.07154363199993
78,0.7641559754722433,40.47277737500008
79,0.7214533697157287,40.87052626400009
80,0.6811370635530621,41.91934549000007
81,0.6430737072698257,42.407713737999984
82,0.6071374028010581,42.80959810400009
83,0.5732092873421726,43.185927928999945
84,0.5411771402256529,43.53876298599994
85,0.5109350117639628,43.9363268300001
86,0.48238287283118525,44.34790674100009
87,0.45542628402490565,45.59341144600012
88,0.4299760833142021,45.995533971999976
89,0.40594809114105584,46.38753738300011
90,0.38326283199990524,46.771333269000024
91,0.36184527157471663,47.15587477400004
92,0.3416245685643184,47.476967951000006
93,0.32253384037525373,47.819411488000014
94,0.3045099419074294,48.160025743000006
95,0.2874932567008824,48.54448268400006
96,0.2714274997530853,49.013886561999925
97,0.25625953135453106,50.2286526580001
98,0.24193918132720477,50.67196241500005
99,0.22841908308437223,51.059318691000044
100,0.21565451696318427,51.4377869970001
101,0.20360326231163411,51.791460411000116
102,0.19222545784106398,52.15636474100006
103,0.18148346978206314,52.932659663000095
104,0.1713417674078872,53.293376282000054
105,0.16176680551362174,53.64828373399996
106,0.15272691346253356,53.99359062799999
107,0.14419219043247275,54.348171202
108,0.1361344065160452,54.73208353500013
109,0.12852690934733202,55.152337248000094
110,0.12134453594640367,55.55856483899993
111,0.1145635294900403,55.96344529199996
112,0.10816146073337016,56.434370468
113,0.10211715382256178,56.911683348999986
114,0.09641061625314876,57.3713294050001
115,0.09102297274247068,57.84014544499996
116,0.08593640279724152,58.83622209200007
117,0.08113408177006518,59.295522065000114
118,0.07660012520970817,59.687651362999986
119,0.07231953632121636,60.09275035099995
120,0.06827815636197311,60.46769032700013
121,0.06446261780975499,60.90372780300004
122,0.06086030014781366,61.360341543000004
123,0.05745928812072304,61.82062662800013
124,0.054248332323016034,62.27972864599997
125,0.051216811990158394,62.735103867000134
126,0.048354699868793524,63.14080996100006
127,0.04565252905021748,63.546994166000104
128,0.043101361657086536,63.899935986999935
129,0.040692759280138505,64.38030786000013
130,0.038418755066818314,64.86351864500011
131,0.036271827369743784,65.26129508400004
132,0.03424487486773435,65.6151965890001
133,0.03233119307702442,66.08228396300001
134,0.030524452175238824,66.47534595000002
135,0.02881867606443344,66.91674557100009
136,0.027208222604295316,67.29346889499993
137,0.025687764949834224,67.85237605600014
138,0.024252273931974953,68.43524772599994
139,0.022897001422880037,69.02036799000007
140,0.021617464630633406,69.60759150400008
141,0.020409431271778473,70.29190049199997
142,0.019268905572361127,70.86534987899995
143,0.0181921150511833,71.18367280500001
144,0.017175498041801143,71.595840662
145,0.016215691911699606,72.03748414000006
146,0.01530952193980729,72.52258335300007
147,0.014453990815640402,73.48842878999994
148,0.01364626872518981,73.90372555199997
149,0.01288368399081329,74.31926490799992
150,0.01216371423429541,74.74754654100002
151,0.011483978033565233,75.14154928800008
152,0.010842227045850054,75.63149608200001
153,0.010236338570855185,76.10666992200004
154,0.009664308529566555,76.53716875200007
155,0.00912424483548356,76.97846186700008
156,0.008614361136177064,77.42928414500011
157,0.008132970904630634,77.86101073700002
158,0.007678481860839455,78.28737336400013
159,0.007249390704961453,78.70769684900006
160,0.006844278145019157,79.12081368300005
161,0.006461804202286522,79.57050747700009
162,0.006100703779088596,79.99192480500005
163,0.005759782474293706,80.42551588100014
164,0.005437912632640721,80.8222052430001
165,0.005134029614804128,81.198950921
166,0.0048471282759191,81.61565337699994
167,0.0045762596409437105,82.0540080180001
168,0.004320527765679945,82.42334961400002
169,0.0040790867733974025,82.85273811100001
170,0.003851138056807139,83.30681866999998
171,0.0036359276367039085,83.75766515500004
172,0.0034327436679074384,84.25042044700012
173,0.003240914084782691,84.7096722660001
174,0.00305980437826455,85.19080930399991
175,0.0028888154971203304,85.66331407400003
176,0.002727381866444957,86.11542801299993
177,0.0025749695169492463,86.55704680200006
178,0.002431074318809424,87.00739530300007
179,0.002295220314062649,87.43361014200013
180,0.00216695814243839,87.901155818
181,0.0020458635548921025,88.427367215
182,0.001931536010414166,88.93489215099999
183,0.0018235973511292114,90.00469446700004
184,0.0017216905515001393,90.50559033200011
185,0.0016254785373962398,91.171407434
186,0.0015346430711346481,91.55511148599999
187,0.0014488836989258133,92.03950588399994
188,0.0013679167569961648,92.43498450099992
189,0.001291474433348157,92.8052845950001
190,0.0012193038819509042,93.32041776599999
191,0.001151166386382521,93.72521840100012
192,0.0010868365702399467,94.130317375
193,0.0010261016516771785,94.50596701500012
194,0.0009687607395742403,94.951642343
195,0.0009146241690674634,95.52474109500008
196,0.0008635128741985915,95.89696071200001
197,0.0008152577956527943,96.85261444000002
198,0.0007696993215002108,97.26621660599994
199,0.0007266867592983964,97.72906029900014
200,0.0006860778376782012,98.10524025299992
201,0.000647738235662772,98.89745994600003
202,0.0006115411385038673,99.28134203600007
203,0.0005773668180842372,99.62717613400014
204,0.000545102237036486,100.04114141200012
205,0.0005146406747318923,100.44006383100009
206,0.000485881374337318,101.49456622000002
207,0.0004587292095731636,102.11832185399999
208,0.00043309437002215823,102.65852530200004
209,0.00040889206405451717,103.10898966400009
210,0.00038604223842601094,103.45213461899993
211,0.0003644693134156578,103.85938833900013
212,0.00034410193290721315,104.28261091800005
213,0.0003248727282997888,104.78333446900001
214,0.00030671809572964284,105.16447294699992
215,0.0002895779856314293,105.60750518200007
216,0.00027339570417615674,105.99635318800006
217,0.0002581177256942094,106.34032298600005
218,0.00024369351566345208,106.73597622800003
219,0.00023007536355575657,107.15324745800012
220,0.00021721822499939006,107.55123037199996
221,0.00020507957281048515,107.91488535600001
222,0.00019361925632579207,108.29844809600013
223,0.0001827993686044372,108.69248563099995
224,0.00017258412099276665,109.18972974000008
225,0.00016293972483744182,109.71093130400004
226,0.00015383427963359034,110.4223584670001
227,0.00014523766758464885,110.80138461899992
228,0.00013712145391877464,111.20190934400011
229,0.00012945879286566193,111.59205135599996
230,0.00012222433888542093,111.9614265780001
231,0.00011539416276435081,113.27885388699997
232,0.00010894567253717144,113.71250518700003
233,0.00010285753873370026,114.11493850400007
234,9.710962378535594e-05,114.50554852899995
235,9.16829154994422e-05,114.86615301200004
236,8.655946411257398e-05,115.19844560899992
237,8.172232293261458e-05,115.59832954800004
238,7.715549228083386e-05,116.30820388100005
239,7.284386659891908e-05,116.99595431400007
240,6.877318442532126e-05,117.76430339400008
241,6.492998131775296e-05,118.46872891599992
242,6.130154520127717e-05,118.88830167900005
243,5.78758744019115e-05,119.29510170100002
244,5.4641637951405225e-05,119.68969928899992
245,5.1588138030905554e-05,120.11246753599994
246,4.870527468071062e-05,120.61924826400013
247,4.5983512350985954e-05,121.08381951000001
248,4.341384833396259e-05,121.45644553500006
249,4.0987783032468664e-05,121.8448704970001
250,3.8697291810681886e-05,122.42176713000003
251,3.653479849924212e-05,122.95913782599996
252,3.449315026099595e-05,123.33602001300005
253,3.2565593999245154e-05,123.7827212950001
254,3.074575400096667e-05,124.21518598700004
255,2.9027610836974208e-05,124.59951806100003
256,2.7405481451244404e-05,125.10376850700004
257,2.5874000366034267e-05,125.50535474000003
258,2.442810195628898e-05,126.04627333000008
259,2.3063003653601225e-05,126.44979515699993
260,2.1774190182320852e-05,126.93654905800008
261,2.0557398559680857e-05,127.46952068900009
262,1.940860403229027e-05,127.85997189099999
263,1.8324006783399193e-05,128.36743046300012
264,1.7300019311701974e-05,128.79091871900005
265,1.6333254614291454e-05,129.15785996
266,1.5420514928236367e-05,129.57695357500006
267,1.4558781229652599e-05,129.97797418300001
268,1.374520319833614e-05,130.33911186900013
269,1.2977089757616893e-05,131.15488807499992
270,1.22519002547794e-05,131.74340234200008
271,1.1567236006378656e-05,132.32641713299995
272,1.0920832361034578e-05,132.86378711600014
273,1.0310551239638528e-05,133.41601236499992
274,9.734374018679626e-06,133.96216469799992
275,9.190394901660771e-06,134.5256980040001
276,8.676814590689954e-06,135.07270519100007
277,8.191934315823414e-06,135.608309297
278,7.734150261942374e-06,136.2086322990001
279,7.301948231963605e-06,136.79414746499992
280,6.893898640564635e-06,137.22691410099992
281,6.50865180488678e-06,137.64149903499992
282,6.144933425792159e-06,138.05135631899998
283,5.801540490119253e-06,138.47553479800013
284,5.477337107144938e-06,138.9094258780001
285,5.1712509780307945e-06,139.34412295800007
286,4.88226961996383e-06,139.73909767500004
287,4.609437212169601e-06,140.13755195299996
288,4.351851308012023e-06,140.5904643670001
289,4.108659895722707e-06,141.08150183199996
290,3.8790585652666275e-06,141.716692922
291,3.662287893304653e-06,142.30533760999992
292,3.457630860200637e-06,142.70568991100004
293,3.264410527925553e-06,143.17468889499992
294,3.0819877969823504e-06,143.6058431030001
295,2.9097592573220254e-06,144.19966240300005
296,2.747155248315972e-06,144.82054700799995
297,2.593637921820859e-06,145.24757603400008
298,2.4486994968694385e-06,146.06710949400008
299,2.3118605549190126e-06,146.51317032299994
300,2.182668494312535e-06,147.12427670300008
301,2.0606959844673444e-06,147.6754225530001
302,1.945539574473233e-06,148.13530465300005
303,1.8368183687346324e-06,148.59131346499998
304,1.7341727525039718e-06,149.03804191400013
305,1.6372632072908976e-06,149.6206823770001
306,1.5457691936403745e-06,150.28835719500012
307,1.4593880718271562e-06,150.91230815900008
308,1.3778341216585609e-06,151.56987319199993
309,1.3008375973853896e-06,152.15807416300004
310,1.2281438137039328e-06,152.68733689200008
311,1.1595123300616667e-06,153.207816696
312,1.0947161282773676e-06,153.6743344450001
313,1.0335408769282661e-06,154.16693195300013
314,9.757842476519907e-07,154.65149129199995
315,9.212551929282823e-07,155.105972265
316,8.697733446688343e-07,155.57730935600011
317,8.211684173081312e-07,156.04114417000005
318,7.752796513881256e-07,156.49950986
319,7.31955247285612e-07,156.93808987700004
320,6.910519068228411e-07,157.38110230100006
321,6.524343458329772e-07,157.8536829310001
322,6.159748206006241e-07,158.23435582899992
323,5.815527349245965e-07,158.69560811399992
324,5.490542441599892e-07,159.19498932500005
325,5.183718361479897e-07,159.658382352
326,4.894040289929031e-07,160.121646909
327,4.620550086197222e-07,160.62241332400004
328,4.362343181152956e-07,161.09291765600005
329,4.118565448204468e-07,161.52539546799994
330,3.888410637280539e-07,161.97839465099992
331,3.6711172759733206e-07,162.4172163390001
332,3.46596690524355e-07,162.9626478140001
333,3.272280736080571e-07,163.86725560700006
334,3.0894181837547e-07,164.58292097899994
335,2.9167744640123387e-07,165.26627703000008
336,2.75377843571771e-07,165.980084691
337,2.5998909113262066e-07,166.67420324299997
338,2.454603113662122e-07,167.413153254
339,2.3174342391942992e-07,168.12172951399998
340,2.1879307322012477e-07,168.74669513499998
341,2.0656641701295868e-07,169.42050739599995
342,1.9502301184124758e-07,169.90959589399995
343,1.841246808297916e-07,170.37040053300007
344,1.7383536574389983e-07,170.83482301799995
345,1.6412105435615128e-07,171.3264367920001
346,1.5494959540055006e-07,171.77937101800012
347,1.4629065472052234e-07,172.45915458700006
348,1.3811559960836468e-07,173.4481357310001
349,1.3039737940010562e-07,174.21915636300014
350,1.2311047576591278e-07,174.772710103
351,1.1623078107220334e-07,175.33220931899996
352,1.097355420996803e-07,175.898856712
353,1.0360326793141632e-07,176.37540939399992
354,9.781368046881498e-08,176.80083708100005
355,9.234762330153586e-08,177.2180688630001
356,8.718702772946026e-08,177.65346401500005
357,8.231482957643835e-08,178.06392763600002
358,7.771488019746225e-08,178.54145150599993
359,7.337199195470474e-08,178.98360482900011
360,6.92717986972642e-08,179.422678895
361,6.540073481926618e-08,179.8719591260001
362,6.174599262655105e-08,180.345619489
363,5.829547980252484e-08,180.86708865200012
364,5.503780004777735e-08,181.6315801190001
365,5.1962158492856566e-08,182.165842118
366,4.905839503331621e-08,182.65448518099993
367,4.6316893578430706e-08,183.07233483000005
368,4.372860590966397e-08,183.504588431
369,4.128494731785302e-08,183.95889562799994
370,3.897785710214929e-08,184.81744939700002
371,3.679968391100749e-08,185.41414389800002
372,3.474322907863106e-08,186.14113094100003
373,3.2801704085614546e-08,186.818863146
374,3.09686694904389e-08,187.38343310100004
375,2.9238076310207087e-08,187.94304893999993
376,2.7604165522878653e-08,188.62273452399995
377,2.6061596846318616e-08,189.168565553
378,2.4605212264581497e-08,189.67490748399996
379,2.323020961241323e-08,190.22476076099997
380,2.1932059383959092e-08,190.74649362600007
381,2.070644166371016e-08,191.28689141600012
382,1.954931514979906e-08,191.79715425400013
383,1.845686286244944e-08,192.31424094299996
384,1.7425445228033365e-08,192.81344637100005
385,1.645167539744537e-08,193.33022854799992
386,1.5532317281922987e-08,193.81054161399993
387,1.4664335214055459e-08,194.28207761599992
388,1.3844858180056356e-08,194.73182765899992
389,1.307117987100379e-08,195.18429681199996
390,1.2340733819673601e-08,195.64840572100002
391,1.1651096822688308e-08,196.1337941490001
392,1.100001218643274e-08,196.61448672899996
393,1.038530396232973e-08,197.11237676299993
394,9.804950015464242e-09,197.60193986800004
395,9.25702658353411e-09,198.16166591699994
396,8.739724871254047e-09,198.78488485599996
397,8.251323836848669e-09,199.47576986800004
398,7.790225062334062e-09,199.9454253629999
399,7.354883065378461e-09,200.41146627000012
400,6.9438823611584255e-09,200.83278234699992
401,6.55584055069099e-09,201.40156463800008
402,6.1894840007581975e-09,201.91621702499992
403,5.843600430871054e-09,202.366544342
404,5.517053304000919e-09,202.85230666000007
405,5.208754065754649e-09,203.511470918
406,4.9176656357333975e-09,204.05259587399996
407,4.642855503156858e-09,204.44951035500003
408,4.383407776131588e-09,204.98295425800006
409,4.13844827407901e-09,205.45785143000012
410,3.907175968746936e-09,205.90715469199995
411,3.688843112921614e-09,206.3987673040001
412,3.4826983165574053e-09,206.83955658900004
413,3.2880813979865155e-09,207.29400682899995
414,3.1043346529878157e-09,207.75240838500008
415,2.9308600204395857e-09,208.2166776480001
416,2.767075448737651e-09,208.66513813799997
417,2.612442301337275e-09,209.11261220200004
418,2.4664521657334924e-09,209.555238402
419,2.328622244211121e-09,210.02092303500012
420,2.1984982296792417e-09,210.66046934500014
421,2.075634898332903e-09,211.312475209
422,1.959651589686526e-09,211.92973080499996
423,1.850138442570836e-09,212.54882314299994
424,1.7467411207400817e-09,213.11687523299997
425,1.6491426506599069e-09,213.65630985400003
426,1.55697962852487e-09,214.17456533099994
427,1.4699683850570347e-09,214.67716987199992
428,1.3878284103577923e-09,215.17952074899995
429,1.3102717534295336e-09,215.6157643250001
430,1.2370434019997496e-09,216.1748404110001
431,1.1679299192827922e-09,216.77867810199996
432,1.1026563965932162e-09,217.42149380900014
433,1.0410335838173547e-09,218.067489432
434,9.828601339560397e-10,218.74964477799995
