iter,eval_func_value,time
0,66.97812890251976,0.336844829
1,56.26662022806649,0.5954205330000001
2,47.26735388373336,0.853582854
3,39.70690491182137,1.112437367
4,33.35541191006947,1.3689684249999998
5,28.01967250196133,1.626459788
6,23.537319566773586,1.890923512
7,19.77191424886831,2.1567837649999997
8,16.60881460728653,2.416709393
9,13.95169926086705,2.676985626
10,11.71964339807026,2.933451735
11,9.844660141873828,3.191510358
12,8.269633682851756,3.450899021
13,6.9465820544763375,3.7091530919999998
14,5.835197167167808,3.96939663
15,4.901617973253935,4.229103445000001
16,4.117399614908974,4.4898921540000005
17,3.4586472988129593,4.756620668
18,2.9052886084482896,5.024148034
19,2.440462149029178,5.290112590000001
20,2.0500039422143153,5.558499756000001
21,1.7220159512627142,5.827020934
22,1.446503609856078,6.099526545000001
23,1.2150713236897002,6.367321897
24,1.0206666758853142,6.634532592
25,0.8573655482676552,6.901390178000001
26,0.7201916152166226,7.169587706000001
27,0.6049647127635263,7.438336575000001
28,0.5081734645009128,7.71059258
29,0.4268682843557434,7.9805284190000005
30,0.3585714967391044,8.252973311
31,0.3012018358734984,8.524629415
32,0.2530110240466772,8.804924767000001
33,0.2125304964666013,9.074595149
34,0.1785266494808905,9.344372955
35,0.14996324858365612,9.610152823
36,0.12596985076242898,9.87986119
37,0.1058152789787362,10.147806383
38,0.08888534050688982,10.41668871
39,0.07466411016304403,10.687255637
40,0.06271820807984876,10.95929327
41,0.05268359292814287,11.229622248
42,0.04425446813630891,11.498833573
43,0.037173963044831636,11.775016145
44,0.03122630502012527,12.052619323
45,0.026230243984497307,12.328696945
46,0.022033528984367317,12.60702622
47,0.018508268477222426,12.882098117
48,0.015547032947791776,13.159630022
49,0.013059581085163998,13.437394848
50,0.010970109754575805,13.709137715
51,0.0092149439598124,13.982256159
52,0.007740596399907123,14.25271872
53,0.006502137487133164,14.521138441
54,0.0054618261540859804,14.790241984
55,0.0045879597249001295,15.059107269
56,0.0038539078014755354,15.328122831
57,0.0032373007232737658,15.597374119000001
58,0.002719347869532246,15.868683652000001
59,0.002284265029958099,16.139429279
60,0.0019187933932834293,16.409730235
61,0.0016117954954220572,16.680251475
62,0.001353915813941077,16.951000791000002
63,0.001137295665819611,17.222678175
64,0.0009553337202971553,17.493056793
65,0.0008024848283467728,17.762963703
66,0.0006740910386278734,18.030404363
67,0.0005662396500561376,18.301074331
68,0.000475643975301631,18.571271901
69,0.0003995431814781367,18.841733569
70,0.0003356181559599412,19.112497374
71,0.00028192083320397246,19.38408732
72,0.00023681482896800146,19.655376446000002
73,0.00019892557278809744,19.932264957
74,0.0001670984190045222,20.205808947
75,0.00014036345978631664,20.489891475
76,0.00011790596801106153,20.7646694
77,9.904156906394625e-05,21.039674923
78,8.319538502307816e-05,21.319375328
79,6.988451569587402e-05,21.594946062
80,5.8703322714361104e-05,21.873327959
81,4.9311067896698175e-05,22.149676692
82,4.142152956616027e-05,22.424368086
83,3.479428016245662e-05,22.699464833
84,2.9227359421357738e-05,22.977161815
85,2.4551119755298e-05,23.251676399
86,2.0623056390404372e-05,23.537530644
87,1.7323464627886692e-05,23.848147482
88,1.4551791981208894e-05,24.126340503
89,1.222357391362918e-05,24.409203084
90,1.0267859743749614e-05,24.68591074
91,8.625050603622514e-06,24.962173583000002
92,7.24508318875538e-06,25.237276864000002
93,6.085904055599977e-06,25.525141615
94,5.1121881082460025e-06,25.804443316
95,4.294262134056678e-06,26.083637552
96,3.6072004497831677e-06,26.358314417
97,3.030065395038595e-06,26.635375846
98,2.545269230299805e-06,26.909617358000002
99,2.1380381646111237e-06,27.187280061
100,1.7959621442288555e-06,27.468192237
101,1.5086166859775954e-06,27.746666995000002
102,1.2672451218998916e-06,28.022359904
103,1.064491895838102e-06,28.314200295
104,8.941782005516771e-07,28.596523424
105,7.511139105093638e-07,28.874359453
106,6.309392317821959e-07,29.14902464
107,5.299919210998616e-07,29.426277826
108,4.4519571799672084e-07,29.703849069
109,3.7396650148850086e-07,29.978174355
110,3.141336275116925e-07,30.254812854
111,2.6387373513477235e-07,30.529817028
112,2.2165517582207876e-07,30.806141371
113,1.8619139669069818e-07,31.082158055
114,1.5640165393256195e-07,31.361143587
115,1.3137811408341812e-07,31.635654020999997
116,1.1035824707087401e-07,31.916966831
117,9.270144686260613e-08,32.191060345
118,7.786966485017178e-08,32.469066219999995
119,6.541087472545075e-08,32.745515180999995
120,5.494544010118335e-08,33.021838386999995
121,4.6154428976298554e-08,33.296295476999994
122,3.876993448471363e-08,33.571074487
123,3.2566926768171426e-08,33.846635281999994
124,2.7356373198362093e-08,34.122900726
125,2.2979481271417316e-08,34.398920813
126,1.930287763262659e-08,34.669088976999994
127,1.6214505886361072e-08,34.939899374999996
128,1.3620262510814822e-08,35.21121367
129,1.1441083025652603e-08,35.481243094
130,9.610558543053175e-09,35.751798998
131,8.07292155555881e-09,36.021306751
132,6.78129756818805e-09,36.293541244
133,5.696312901427777e-09,36.563664626999994
134,4.784937003113572e-09,36.834528602999995
135,4.019364390630146e-09,37.103567637999994
136,3.376282030319327e-09,37.377918195
137,2.8361035411375866e-09,37.647923483999996
138,2.382345501314649e-09,37.918426124999996
139,2.0011756140253438e-09,38.18762916
140,1.6809966442153178e-09,38.457444634999995
141,1.4120529787517978e-09,38.728047225999994
142,1.1861443908359083e-09,38.998420268
143,9.96369065368031e-10,39.268977475999996
