iter,eval_func_value,time
0,75.94298103396268,0.4387297650000619
1,72.39563408788135,1.0637059010000485
2,69.06682279878531,1.6646441930001856
3,65.94079370955956,2.240541158000042
4,63.00338498564968,2.8597197900000992
5,60.241632290096895,3.3220048489999954
6,57.64358900903403,3.8171325990001606
7,55.19821083821892,4.408679815000141
8,52.89526964629837,4.982730907000132
9,50.72528281786769,5.578504783000199
10,48.67945229503029,6.13473293800007
11,46.74961050498471,6.708771474000059
12,44.928171641594965,7.160446401000172
13,43.20808736991101,7.618053941000198
14,41.582806329728,8.101961572000164
15,40.04623698375338,8.56460198700006
16,38.59271345670153,8.950290428000017
17,37.21696407599859,9.381355696000128
18,35.91408236880881,9.784222169000031
19,34.679500302145264,10.19349761300009
20,33.50896357745523,10.593617117000122
21,32.398508810850785,11.000594750000118
22,31.34444244660797,11.399587968000105
23,30.343321265612772,11.817863049000152
24,29.391934362677272,12.264493337000204
25,28.48728647747644,12.716587701000208
26,27.626582573528474,13.158227212000156
27,26.807213568352203,13.60646478800004
28,26.02674312582212,14.070235129000139
29,25.28289542891324,14.566989852999995
30,24.573543857569256,15.039177695000035
31,23.896700502407025,15.55581528200014
32,23.250506450446693,16.087025854000103
33,22.633222784077653,16.617172939000056
34,22.043222239080063,17.14804736500014
35,21.47898147175503,17.6871989440001
36,20.939073889109416,18.208465079000007
37,20.42216299961964,18.68304558900013
38,19.926996245393095,19.15995751100013
39,19.4523992795765,19.681122849000076
40,18.997270655651125,20.160539609000125
41,18.56057689782527,20.66433492200008
42,18.14134792410127,21.145400569000003
43,17.73867279577534,21.64172795400009
44,17.351695769138427,22.123086030000195
45,16.97961262699838,22.613053919000095
46,16.621667269351043,23.090390779000018
47,16.277148544102033,23.604982045000042
48,15.945387300192312,24.11407426200003
49,15.625753646819192,24.533525631000202
50,15.317654403678713,24.976529688000028
51,15.020530728294494,25.402938387000177
52,14.733855907548332,25.804607250000117
53,14.457133301497718,26.18910767400007
54,14.189894428459743,26.617182845000116
55,13.931697181166651,27.18303173800018
56,13.682124164560893,27.70147587800011
57,13.440781146500498,28.123504233000176
58,13.207295613296282,28.545444590000216
59,12.981315422601837,28.96374908400003
60,12.762507546731566,29.366177260000086
61,12.550556899994591,29.784423772000082
62,12.345165244104395,30.200508316000196
63,12.146050166162443,30.62315793100015
64,11.952944124116597,31.223788743000114
65,11.765593554969882,31.640159158000188
66,11.583758041359248,32.095071094000104
67,11.407209532443964,32.509940083000174
68,11.235731615337894,32.91438556700018
69,11.069118833593219,33.31592231500008
70,10.907176049495623,33.711853392000194
71,10.749717847164494,34.112592978000066
72,10.596567973668144,34.51256336700021
73,10.447558815564086,34.913270696000154
74,10.302530908459365,35.33459027500021
75,10.161332477358084,35.73913583300009
76,10.023819005721409,36.144870717
77,9.889852831312957,36.56354146300009
78,9.759302767038358,36.98881798000002
79,9.632043745114382,37.39116360000003
80,9.507956483019749,37.7980413050002
81,9.386927169788338,38.20412195600011
82,9.26884717130594,38.645621265000045
83,9.153612753365026,39.09114923600009
84,9.041124821318443,39.527531438000096
85,8.93128867525289,39.96731845700015
86,8.824013779677934,40.37897153500012
87,8.719213546794766,40.80349981600011
88,8.616805132473479,41.17427605800003
89,8.516709244126796,41.59738997500017
90,8.418849959723612,42.23894690200018
91,8.32315455723679,42.76072845900012
92,8.229553353867754,43.243932360000144
93,8.137979554433974,43.769252048
94,8.048369108347353,44.26625165900009
95,7.9606605746492045,44.7951206900002
96,7.874794994603374,45.25857559400015
97,7.790715771381953,45.648375060000035
98,7.708368556408893,46.07893430800004
99,7.62770114195543,46.48071539700004
100,7.548663359607834,46.971845606000215
101,7.471206984252733,47.463464380000005
102,7.395285643248353,47.92406942100001
103,7.320854730471731,48.39508951900007
104,7.247871324951538,48.835410606000096
105,7.176294113815163,49.453701593999995
106,7.1060833192959185,49.86880899400012
107,7.037200629562446,50.29001669400009
108,6.9696091331476016,50.74208929200017
109,6.903273256767925,51.16048499700014
110,6.8381587063382545,51.637392067000064
111,6.774232410998111,52.062165238000034
112,6.711462469977917,52.56154637700001
113,6.649818102143863,52.92489197300006
114,6.589269598070187,54.160266973000034
115,6.529788274496902,54.6684697080002
116,6.471346431039689,55.377773482000066
117,6.413917309027049,55.67046069600019
118,6.357475052346851,55.94392891800021
119,6.301994670192249,56.21455883800013
120,6.247452001602963,56.4677825010001
121,6.193823681704444,56.74546627400014
122,6.141087109553149,57.02130325100006
123,6.089220417501779,57.2895892800002
124,6.038202442003116,57.53229499700001
125,5.988012695776119,57.78996015800021
126,5.9386313412623135,58.13005005500008
127,5.890039165304696,58.5283447610002
128,5.842217554985367,58.97702300700007
129,5.795148474561614,59.517553043000134
130,5.748814443443906,60.287726165000095
131,5.703198515162159,60.68785520100005
132,5.658284257269888,61.728279834000205
133,5.614055732138766,62.166941955000084
134,5.570497478598487,62.68816929900004
135,5.527594494379676,63.55340860200022
136,5.48533221931974,63.89713269700019
137,5.443696519293905,64.25260686800016
138,5.402673670835555,64.74380774300016
139,5.362250346412298,65.37723145500013
140,5.322413600325582,65.85804454000004
141,5.283150855203857,66.281855533
142,5.244449889060704,66.73447083400015
143,5.206298822890523,67.15859006100004
144,5.168686108776868,67.57384454700014
145,5.131600518488443,68.1417909490001
146,5.09503113254036,68.57079982800019
147,5.058967329698576,69.02999686200019
148,5.023398776907117,69.43969779400004
149,4.988315419618356,69.93765201000019
150,4.953707472507976,70.58634463300018
151,4.91956541055693,70.92102683300004
152,4.885879960483769,71.29818229300008
153,4.852642092511537,71.71560484600013
154,4.8198430124541645,72.11634147100017
155,4.7874741541080965,72.50522417800016
156,4.7555271719356025,72.83016537400022
157,4.723993934026965,73.1952156540001
158,4.692866515329174,73.63171531900002
159,4.662137191129647,74.24085437900021
160,4.631798430783732,74.6151110190001
161,4.601842891675698,75.08724498400011
162,4.57226341340297,75.49062188000016
163,4.543053012174219,75.84493113500002
164,4.514204875412283,76.2804128780001
165,4.485712356553059,76.6789798320001
166,4.457568970032404,77.8199634670002
167,4.42976838645307,78.3101529070002
168,4.402304427924183,78.77330090600003
169,4.375171063566204,79.29229941300014
170,4.348362405174641,79.89286725900001
171,4.32187270303585,80.2791102550002
172,4.2956963418889815,80.66281645800018
173,4.269827837028008,81.09475718900012
174,4.244261830538243,81.62550791100011
175,4.21899308766216,82.86100269900021
176,4.194016493288991,83.304754624
177,4.169327048563747,83.69537903000014
178,4.144919867610402,84.189667568
179,4.120790174365322,84.62739091800017
180,4.096933299516189,85.0676413220001
181,4.073344677542704,85.53308453900013
182,4.050019843854934,86.00083172600011
183,4.026954432025677,86.41227517800007
184,4.004144171113239,86.81921408000017
185,3.9815848830711644,87.22103610100021
186,3.9592724802417627,87.65082768000002
187,3.9372029629301513,88.03430566800012
188,3.9153724170559197,88.44785704900005
189,3.893777011879476,88.91050224800006
190,3.8724129978004034,89.72546401300019
191,3.8512767042250795,90.09797067
192,3.8303645375011217,90.48639212600006
193,3.80967297891616,90.86481384900003
194,3.7891985827587393,91.27809842500005
195,3.7689379744388907,91.71077212400019
196,3.7488878486665467,92.07750154400014
197,3.729044967685431,92.62182186700011
198,3.7094061595607255,93.12941431200011
199,3.689968316518374,93.50491818
200,3.670728393334466,93.89356181200014
201,3.6516834057727583,94.32826724000006
202,3.632830429068712,94.67460501200003
203,3.6141665964585554,94.99722667900005
204,3.5956890977516105,95.74229069300009
205,3.577395177944597,96.11662433900005
206,3.55928213587643,96.50023363300011
207,3.541347322922015,96.9036590820001
208,3.523588141723978,97.25091445700014
209,3.5060020449607876,97.57907403100012
210,3.488586534150235,98.049181933
211,3.471339158487022,98.50195882700018
212,3.4542575137133884,98.92657737100012
213,3.4373392410215695,99.34151310300012
214,3.420582025987181,99.77777796800001
215,3.4039835975324326,100.37239494800019
216,3.387541726918268,101.37062935100016
217,3.371254226764406,102.37905728300007
218,3.355118950096452,103.0480868300001
219,3.3391337894192454,103.416372637
220,3.323296675815476,103.72990483100011
221,3.3076055780689018,104.14904628300019
222,3.292058501811382,104.5224309900002
223,3.2766534886928085,105.93345053100006
224,3.2613886155734653,107.10156919000019
225,3.24626199373795,107.50974977999999
226,3.2312717681299685,107.88417939100009
227,3.2164161166075704,108.2562583890001
228,3.201693249217886,108.70710122900005
229,3.187101407491046,109.13981328700015
230,3.1726388637525105,109.63919270100018
231,3.1583039204533776,109.98397331000001
232,3.144094909517982,110.53249648400015
233,3.1300101917084686,111.47677624000016
234,3.1160481560056144,112.05022752600007
235,3.1022072190055563,112.54386099800013
236,3.0884858243319253,112.93207106500017
237,3.074882442062825,113.32622004100017
238,3.0613955681724616,113.84294343200008
239,3.0480237239866796,114.19131168700005
240,3.034765455652244,114.55860812000014
241,3.021619333619385,114.95034207399999
242,3.0085839521371667,115.40364235800007
243,2.9956579287613954,115.808491086
244,2.982839903874689,116.1842296530001
245,2.9701285402182496,116.52529344500022
246,2.9575225224352475,116.95663092600012
247,2.945020556625196,117.35518365300004
248,2.9326213699091928,117.71201159100019
249,2.9203237100057224,118.17459527000005
250,2.9081263448166172,118.669672107
251,2.8960280620229515,119.22403344000008
252,2.8840276686906674,119.77878977400019
253,2.8721239908854463,120.18831537900019
254,2.8603158732968836,120.6646674120002
255,2.848602178871376,121.19848774300021
256,2.836981788453787,121.61843501800013
257,2.825453600437362,122.08451092100017
258,2.8140165304219757,122.531973246
259,2.802669510880186,122.98828000800017
260,2.791411490831117,123.439535235
261,2.7802414355217864,123.89709607000009
262,2.7691583261158557,124.40661114400018
263,2.758161159389402,124.83577766400003
264,2.7472489474337394,125.27920830900007
265,2.7364207173648936,125.71189548000007
266,2.7256755110396766,126.20734766400005
267,2.7150123847782797,126.64166113100009
268,2.7044304090929,127.15396871300004
269,2.6939286684226196,127.6133380350002
270,2.683506260874108,128.09233262400016
271,2.6731622979681267,128.5619312770002
272,2.6628959043915947,129.09186544400018
273,2.6527062177551946,129.57028176100016
274,2.6425923883562175,130.02777193800011
275,2.632553578946791,130.49176056400006
276,2.62258896450685,130.93333165100012
277,2.612697732022357,131.395499986
278,2.602879080268144,131.84717372400019
279,2.593132219595494,132.30453941600013
280,2.583456371724341,132.7537396680002
281,2.573850769539785,133.19027297800017
282,2.5643146568931465,133.69922005700005
283,2.5548472884071085,134.2953182440001
284,2.5454479292850056,134.75767587400014
285,2.5361158551242378,135.17243020600017
286,2.526850351733517,135.59459698800015
287,2.5176507149540086,136.0408711240002
288,2.5085162504841456,136.4713243430001
289,2.4994462737081893,137.02353406400016
290,2.4904401095282913,137.47202248300005
291,2.4814970922000295,137.93048941000006
292,2.4726165651713394,138.36657968400004
293,2.4637978809248278,138.8310693840001
294,2.45504040082316,139.28158670000016
295,2.4463434949578136,139.72188231400014
296,2.4377065420007242,140.15988586900016
297,2.4291289290590248,140.59170167900015
298,2.4206100515327744,141.0309908060001
299,2.4121493129753797,141.46184946300014
300,2.403746124957051,141.8960864510002
301,2.3953999069308214,142.3325203930001
302,2.387110086101251,142.774112651
303,2.3788760972958882,143.19962794100002
304,2.370697382839041,143.63168319400006
305,2.3625733924282777,144.06670005
306,2.354503583013221,144.5006646190002
307,2.3464874186767153,144.9392061120002
308,2.338524370518425,145.3695516130001
309,2.3306139165405844,145.82075749800015
310,2.322755541536053,146.25052961400002
311,2.3149487369784914,146.67863432600006
312,2.307193000914673,147.11940386800006
313,2.299487837858854,147.5448143540002
314,2.2918327586892264,147.97971930800009
315,2.2842272805462875,148.4127502890001
316,2.276670926733159,148.86623896600008
317,2.269163226617822,149.33271632900005
318,2.2617037155372253,149.768183357
319,2.254291934703104,150.20449138000004
320,2.246927431109734,150.63772114900007
321,2.2396097574432474,151.06778544200006
322,2.2323384719927986,151.51939574100015
323,2.2251131385632252,151.95830602700016
324,2.2179333263895176,152.3897423520002
325,2.210798610052715,152.82356637500015
326,2.203708569397431,153.26067493900018
327,2.1966627894509085,153.69355843200015
328,2.189660860343551,154.1290199020002
329,2.1827023772308514,154.5520289110002
330,2.175786940216839,154.99534869900003
331,2.1689141542788732,155.42050873300013
332,2.1620836291937997,155.95943801400017
333,2.1552949794654177,156.36828550600012
334,2.1485478242533613,156.86740857400014
335,2.1418417873031337,157.3293057950002
336,2.135176496877445,157.775290412
337,2.1285515856888138,158.2389101230001
338,2.1219666908333497,158.7068392220001
339,2.1154214537256473,159.1533209610002
340,2.1089155200349436,159.61433393900006
341,2.1024485396223116,160.0586093630002
342,2.096020166479044,160.56815399900006
343,2.089630058666045,160.970956311
344,2.0832778782543135,161.4106821800001
345,2.076963291266497,161.85062137400018
346,2.0706859676193914,162.31701594100014
347,2.0644455810674924,162.89133647900007
348,2.058241809147559,163.45328192500006
349,2.052074333124043,163.878215318
350,2.045942837935519,164.29149699800018
351,2.0398470121420105,164.71392290400013
352,2.0337865478732478,165.18566142100008
353,2.027761140777785,165.64718512000013
354,2.0217704899729836,166.12326823000012
355,2.0158142979958305,166.5732868900002
356,2.0098922707546696,167.12327407400016
357,2.0040041174815975,167.7497188310001
358,1.998149550685839,168.3327926930001
359,1.9923282861077556,168.80299851300015
360,1.986540042673724,169.30037506500003
361,1.9807845424517,169.80202141600012
362,1.9750615106075677,170.25918127
363,1.9693706753621982,170.6985801830001
364,1.963711767949221,171.12063558700015
365,1.9580845225734818,171.55347450600016
366,1.9524886763702007,171.99801615700017
367,1.9469239693648097,172.61380122700007
368,1.941390144433385,172.93426065900007
369,1.9358869472638363,173.32912098300017
370,1.9304141263176102,173.72381058200017
371,1.9249714327921308,174.15035407300002
372,1.9195586205837185,174.5426828420002
373,1.9141754462512512,175.020486226
374,1.9088216689802662,175.45796928200002
375,1.9034970505478077,175.87903437100022
376,1.8982013552876336,176.30737001600005
377,1.8929343500561777,176.75132240000016
378,1.8876958041989176,177.16722610400006
379,1.882485489517338,177.6113155160001
380,1.8773031802364155,178.06524826200007
381,1.8721486529725822,178.58384201500007
382,1.8670216867022487,179.02945760500006
383,1.8619220627307698,179.465568738
384,1.8568495646619605,179.90584412800013
385,1.8518039783680016,180.32027749600002
386,1.846785091959891,180.7223174840001
387,1.8417926957583464,181.150855416
388,1.8368265822651002,181.53241319400013
389,1.8318865461347256,181.95351953900013
390,1.8269723841468333,182.27910466800017
391,1.8220838951787135,182.6968323210001
392,1.8172208801784087,183.1776231150002
393,1.812383142138218,183.940271595
394,1.807570486068539,184.88516211700016
395,1.8027827189722125,185.73947890500017
396,1.7980196498191332,186.30033833100015
397,1.7932810895213427,186.85050883200006
398,1.7885668509085135,187.3639267980002
399,1.7838767487036824,187.7977321110002
400,1.7792105994994496,188.40433033
401,1.7745682217345573,188.8870634010002
402,1.7699494356707057,189.29048161900005
403,1.7653540633698603,189.68794140900013
404,1.760781928671753,190.0843175670002
405,1.7562328571718437,190.58464399800005
406,1.7517066761994988,191.11063042500018
407,1.7472032147965966,191.76502996900012
408,1.7427223036963881,192.599005326
409,1.738263775302652,193.13985746100002
410,1.733827463669227,193.85746378800013
411,1.729413204479768,194.20222352500014
412,1.7250208350278688,194.60093260400004
413,1.7206501941974182,194.89811268200015
414,1.7163011224432565,195.19632869700013
415,1.7119734617721425,195.56330392000018
416,1.707667055723957,195.9498053320001
417,1.7033817493532075,196.33287295000014
418,1.6991173892107765,196.8035626310002
419,1.6948738233259666,197.36948038600008
420,1.6906509011887645,197.7363474130002
421,1.6864484737323466,198.95695631500007
422,1.6822663933159314,199.34719819800011
423,1.6781045137077557,199.78432289400007
424,1.673962690068355,200.23176057700016
425,1.6698407789340857,200.73205644500013
426,1.6657386382008552,201.1768799470001
427,1.6616561271081105,201.6374185950001
428,1.6575931062229898,202.11111581600017
429,1.6535494374248108,202.66015643800006
430,1.6495249838896608,203.19785575100013
431,1.6455196100752358,203.68613729900017
432,1.6415331817059753,204.27986314600003
433,1.6375655657582633,204.81247386600012
434,1.6336166304459345,205.27075193100018
435,1.6296862452059466,205.659040129
436,1.6257742806842694,206.11719129000016
437,1.6218806087219735,206.53809998200018
438,1.6180051023414086,206.98673164800016
439,1.6141476357327649,207.47531981600014
440,1.6103080842406527,207.9613017270001
441,1.6064863243509098,208.43752150600017
442,1.6026822336776632,208.84495908600002
443,1.59889569095042,209.2481152150001
444,1.595126576001533,209.6667113110002
445,1.591374769753585,210.06480217000012
446,1.5876401542071976,210.55191315900015
447,1.5839226124288421,210.994301039
448,1.5802220285388602,211.36784707700008
449,1.5765382876996454,211.78590237000003
450,1.5728712761040005,212.20841893800002
451,1.5692208809636015,212.59155838000015
452,1.5655869904976902,213.09083919600016
453,1.561969493921866,213.54764633100012
454,1.558368281436974,213.9569960230001
455,1.5547832442183112,215.13847279100014
456,1.5512142744047943,215.47953632000008
457,1.5476612650883246,215.8947555300001
458,1.5441241103033854,216.40179232200012
459,1.540602705016635,217.3431777610001
460,1.5370969451167296,217.97180699
461,1.533606727404272,218.40118085400013
462,1.530131949581833,218.79094354000017
463,1.5266725102441834,219.16588752200005
464,1.5232283088685576,219.66236636100007
465,1.5197992458051623,220.1095798660001
466,1.5163852222676883,220.80810578
467,1.512986140324041,221.30013981700017
468,1.509601902887137,221.63669299700018
469,1.506232413705788,222.0332557610002
470,1.502877577355836,222.61107052800003
471,1.4995372992312352,223.02497773100004
472,1.496211485535343,223.74792396600014
473,1.4929000432723052,224.14375769900016
474,1.489602880238586,224.5476025710002
475,1.486319905014495,224.94352579500014
476,1.4830510269559523,225.4739145980002
477,1.479796156186279,226.69488246800006
478,1.4765552035881224,227.13344169100014
479,1.4733280807954654,227.55600504300014
480,1.47011470018574,227.9836091530001
481,1.4669149748720558,228.398904442
482,1.463728818695497,228.81591471900015
483,1.460556146217565,229.27237142500007
484,1.4573968727126496,229.6810083370001
485,1.4542509141606277,230.10436074500012
486,1.451118187239583,230.53136157900008
487,1.447998609318542,230.95105768400003
488,1.4448920984504083,231.36759063900013
489,1.4417985733648486,231.80201649000014
490,1.4387179534613652,232.2277488300001
491,1.4356501588024453,232.654804088
492,1.4325951101067593,233.10725459600008
493,1.4295527287424543,233.55562631600014
494,1.4265229367205206,234.00620218000017
495,1.4235056566883026,234.43895499300015
496,1.4205008119229556,234.8931089900002
497,1.4175083263251387,235.3300099940002
498,1.4145281244126922,235.7677846910001
499,1.411560131314355,236.1881523730001
