iter,eval_func_value,time
0,66.17160811804108,0.1267107230000022
1,63.22975023679515,0.25728375299999584
2,59.61560457063029,0.377115721999985
3,56.29446450488375,0.46486351100000434
4,53.14908882581007,0.5438492499999938
5,50.18032974599677,0.6637298869999881
6,47.37721202619009,0.8295668330000012
7,44.73061785631804,1.0767560839999817
8,42.23180441606997,1.3155322769999884
9,39.87252924903874,1.47904111699998
10,37.64500714029789,1.5740090459999863
11,35.54188645440286,1.6989003619999892
12,33.55622495098498,1.801653133000002
13,31.68146711326003,1.8995103240000049
14,29.911422697326522,2.0062131960000045
15,28.24024646012841,2.1294375619999926
16,26.6624190009718,2.2495429189999925
17,25.17272865729705,2.3391882500000065
18,23.76625439805756,2.4527932869999916
19,22.43834966092178,2.589246256999985
20,21.184627082236624,2.71703794299998
21,20.000944071304232,2.856318125999991
22,18.8833891830269,2.973514749000003
23,17.828269245367384,3.050281749999982
24,16.83209720035566,3.123616679999998
25,15.891580619552158,3.2003644479999878
26,15.003610856951873,3.2739799279999886
27,14.16525280428868,3.3460130819999847
28,13.373735215576993,3.4149681629999975
29,12.626441569512084,3.4850282079999886
30,11.920901440044881,3.562160462999998
31,11.254782347055041,3.6314947959999984
32,10.625882060571472,3.708323973000006
33,10.032121333435331,3.797337169000002
34,9.471537038671894,3.874420179999987
35,8.94227568913531,3.9438969320000012
36,8.44258731822071,4.010618277999981
37,7.970819701601983,4.079375296999984
38,7.525412901056199,4.146465622999983
39,7.104894112477902,4.2137749590000055
40,6.707872801173995,4.280641248999984
41,6.333036108462824,4.347373036999983
42,5.979144514483923,4.413777412000002
43,5.645027742960142,4.481260211999995
44,5.3295808944423655,4.5536166439999874
45,5.031760795314011,4.621077592999995
46,4.750582550537307,4.695894860999999
47,4.4851162887901035,4.773498415999995
48,4.234484089272391,4.857543821000007
49,3.997857080056295,4.935299058999988
50,3.774452698416787,5.023100094
51,3.563532104111404,5.108007181000005
52,3.36439773707953,5.198025543
53,3.1763910115064067,5.28889891999998
54,2.9988901386453453,5.405842637000006
55,2.8313080712146674,5.50594728599998
56,2.673090562586285,5.591568491000004
57,2.5237143343604083,5.669725760999995
58,2.3826853462777238,5.747680416999998
59,2.2495371627574476,5.827380575999996
60,2.123829410667941,5.895606791999995
61,2.005146323237312,5.962379921000007
62,1.893095365295284,6.03900363599999
63,1.7873059353055716,6.106199568999983
64,1.6874281399017164,6.182664176000003
65,1.593131636877925,6.254928562999993
66,1.5041045428124684,6.322277253999999
67,1.4200524017149203,6.399104356999999
68,1.340697211288787,6.466802583000003
69,1.2657765035926445,6.5454229620000035
70,1.1950424770612253,6.6134649789999855
71,1.1282611770182445,6.695287197999988
72,1.065211721972497,6.768006628999984
73,1.0056855731400836,6.839588609000003
74,0.9494858447782996,6.921792108000005
75,0.8964266530516797,6.99206719899999
76,0.846332501277526,7.070332958999984
77,0.799037699519204,7.143203247999992
78,0.7543858166080942,7.221296477999999
79,0.712229162782729,7.29217990799998
80,0.6724283012349515,7.364406001999981
81,0.6348515869479041,7.4305370699999855
82,0.5993747313012777,7.501019633999988
83,0.5658803910042712,7.567788191000005
84,0.5342577799972156,7.640292993000003
85,0.5044023030384676,7.711742412000007
86,0.47621520976501586,7.788882658000006
87,0.44960326808325907,7.861790682999981
88,0.4244784558094393,7.93186154899999
89,0.4007576695405189,8.000387416999985
90,0.3783624497925594,8.070174468000005
91,0.35721872149786393,8.142577736999982
92,0.3372565490025249,8.212603328
93,0.31840990475436204,8.287795709999983
94,0.3006164509162325,8.38291354499998
95,0.2838173331825397,8.483787981999996
96,0.2679569861169663,8.627593281999992
97,0.25298294936795146,8.750123718999987
98,0.238845694153679,8.841389728999985
99,0.22549845944329683,8.944911434000005
100,0.21289709729193307,9.068368284000002
101,0.20099992681868853,9.238556254000002
102,0.18976759634414267,9.353805107
103,0.17916295323163794,9.468280746000005
104,0.16915092100191242,9.583624719
105,0.15969838331462755,9.688180130999996
106,0.15077407443298127,9.812682757000005
107,0.14234847580931528,9.912768104999998
108,0.13439371844945563,10.02002977799998
109,0.12688349073316854,10.123165288999985
110,0.11979295138553886,10.215809864999983
111,0.11309864731169707,10.31660408899998
112,0.10677843602296597,10.411724663000001
113,0.10081141239792152,10.512953116999995
114,0.09517783953616156,10.605519407000003
115,0.08985908347598527,10.675893072000008
116,0.08483755156025045,10.748394853000008
117,0.08009663424627582,10.821242248999994
118,0.07562065016758597,10.888102664999991
119,0.07139479426571445,10.95516612999998
120,0.06740508882035447,11.022104472999985
121,0.06363833721613289,11.088695619999982
122,0.060082080292929295,11.154192354999992
123,0.05672455513542902,11.220427180000001
124,0.053554656165506566,11.292743553999998
125,0.05056189840897032,11.396280740999998
126,0.04773638281489,11.496034409999993
127,0.04506876351303168,11.58487293799999
128,0.0425502169009818,11.670000869999996
129,0.040172412458667664,11.747094122999982
130,0.03792748519400322,11.827841274000008
131,0.03580800962805446,11.896879624999997
132,0.03380697523424688,11.962586494999982
133,0.031917763249849435,12.030432649000005
134,0.030134124783442316,12.096917641000005
135,0.0284501601455845,12.169322496999996
136,0.02686029933482506,12.247117541999984
137,0.025359283613918693,12.320880509000006
138,0.023942148115692036,12.389370288999999
139,0.02260420542097583,12.473608683999998
140,0.021341030054210657,12.554453965999983
141,0.02014844384540045,12.630902399999997
142,0.01902250211021679,12.704410011999983
143,0.01795948060225035,12.774500012999994
144,0.01695586319443399,12.841116954
145,0.01600833024890205,12.908387876999996
146,0.015113747636724677,12.97814913099998
147,0.014269156371271876,13.045431391999983
148,0.013471762820812909,13.143923199
149,0.01271892946819713,13.230996965999992
150,0.012008166186709633,13.303724905999985
151,0.011337122003695096,13.386328518999989
152,0.010703577324191787,13.48183067299999
153,0.01010543658931518,13.590527232999989
154,0.009540721344825176,13.688641410999992
155,0.00900756369706593,13.765666111999991
156,0.00850420013454023,13.841157472999981
157,0.00802896569486092,13.922154436
158,0.007580288457576678,14.013240989999986
159,0.007156684344740925,14.160486426000006
160,0.006756752212138563,14.301839965
161,0.00637916921469948,14.452474868999985
162,0.006022686430993185,14.614053122000001
163,0.005686124732234275,14.771569279999994
164,0.005368370882014111,14.894642224999984
165,0.00506837385418284,15.008362458999983
166,0.004785141356379109,15.135280658999989
167,0.004517736547788706,15.277835570000008
168,0.004265274940485463,15.432823735999989
169,0.00402692147369788,15.551602529000007
170,0.003801887751833204,15.665989322999991
171,0.0035894294366651475,15.792578246999994
172,0.0033888437853082,15.931246670999997
173,0.0031994673257560533,16.077804612999984
174,0.0030206736623836516,16.197021009999986
175,0.0028518714039816504,16.313048769999995
176,0.002692502207661207,16.438085005999994
177,0.002542038932037184,16.549480278000004
178,0.0023999838935722623,16.671987521000005
179,0.0022658672204874434,16.798765744000008
180,0.0021392452984833428,16.922706672000004
181,0.0020196993034837943,17.03683546299999
182,0.0019068338162729467,17.125848883000003
183,0.0018002755145469114,17.21023819299998
184,0.0016996719381755132,17.290693318999985
185,0.0016046903232528958,17.372801286999987
186,0.00151501650153049,17.456951635999985
187,0.001430353861197931,17.546750766000002
188,0.0013504223658113385,17.615063873999986
189,0.0012749576280030954,17.687013895000007
190,0.0012037100349981584,17.756145121999992
191,0.0011364439229437434,17.87820585
192,0.0010729367974404787,17.97908359499999
193,0.0010129785975969367,18.05142101499999
194,0.0009563710011929035,18.121110192000003
195,0.0009029267687473203,18.189681242000006
196,0.0008524691241153468,18.25778864199998
197,0.0008048311698535544,18.325491548000002
198,0.000759855335095498,18.393259785999987
199,0.0007173928544453432,18.46554442499999
