iter,eval_func_value,time
0,66.90099834174819,0.7871047239998461
1,56.0829592338899,1.5689136099999814
2,47.0131244461725,2.372774916999788
3,39.40936685246126,3.133553548000009
4,33.03495119827965,3.8891266099999484
5,27.69128182891088,4.609821037999836
6,23.211789909588802,5.368396028999996
7,19.456788521886143,6.222565069999973
8,16.309146910805072,7.016493100999924
9,13.670656233460116,7.75278818799984
10,11.458977977140012,8.517563416999792
11,9.605082689114765,9.245952169999782
12,8.05110089953383,9.99207115199988
13,6.748520318238909,10.776408327999889
14,5.6566737752545615,11.585051651999947
15,4.741471184215779,12.317870590999974
16,3.9743362555606474,13.100878378999823
17,3.3313149688073356,13.989513823999914
18,2.7923281045370625,14.768098686999792
19,2.340544588048001,15.54853690899995
20,1.9618561381687973,16.245934789999865
21,1.6444368576174018,17.01557175999983
22,1.3783740400798428,18.42912037499991
23,1.1553586839212793,19.300007821999998
24,0.9684260607623668,20.515899167999805
25,0.8117382460844023,21.23803996399988
26,0.6804018265870329,22.57712530899994
27,0.5703150956033559,23.179005101999792
28,0.47803996742916743,24.10056996200001
29,0.40069461246193727,25.07511214599981
30,0.3358634615166398,25.903054242999815
31,0.28152176968571163,26.638205282999934
32,0.23597238450362268,27.712039227999867
33,0.19779274411066233,28.58142325699987
34,0.16579045045151128,29.282660749999877
35,0.13896603024700752,29.984254590999853
36,0.1330601272405634,30.950858516999915
37,0.1254274437009355,31.884285732999842
38,0.11843913883144683,32.42314721699995
39,0.11181828264999093,33.35337668599982
40,0.1055698584328373,33.95922178899991
41,0.09967035123802746,34.50579013299989
42,0.0941005490778483,35.14875707399983
43,0.08884199700137323,35.792707832999895
44,0.08387730488749552,36.82597812699987
45,0.07919005085976025,37.444980980999844
46,0.07476473110640758,38.15375822199985
47,0.07058670816128325,39.05141816499986
48,0.06664216253478315,40.564417910999964
49,0.06291804699918421,41.19555057799994
50,0.059402043433570674,41.92426450899984
51,0.056082522079888744,42.48542372399993
52,0.05294850307587331,43.00263159799988
53,0.04998962013756696,43.57963653499996
54,0.04719608627135769,44.20079054199982
55,0.04455866140201197,44.902751542999795
56,0.042068621809782485,45.51026842299984
57,0.03971773127541885,46.200744717999896
58,0.037498213837590125,46.928110328
59,0.03540272807274541,47.66322327199987
60,0.03342434281221237,48.43130933499992
61,0.03155651421629122,49.381445016999805
62,0.02979306412953646,50.27208583999982
63,0.02812815964545524,50.983642617999976
64,0.026556293813325832,51.68025406399988
65,0.025072267423087283,52.4036670229998
66,0.02367117180808697,53.083828353999934
67,0.022348372608924826,53.8949271099998
68,0.02109949444456505,54.663817810999944
69,0.019920406440036408,55.4341598269998
70,0.018807208562924546,56.2389256099998
71,0.01775621872337618,57.004077098999915
72,0.01676396059498366,57.74607285899992
73,0.015827152116283282,58.42816401499999
74,0.014942694634791647,59.05309586299995
75,0.01410766265771233,59.721909506999964
76,0.013319294175390446,60.375536180999916
77,0.012574981525509373,61.099528233
78,0.01187226276779767,62.24727373699989
79,0.011208813540795176,62.93386032799981
80,0.010582439373612128,63.630042057999844
81,0.009991068427387019,64.54423993599994
82,0.009432744642277197,65.20914204999985
83,0.008905621267526564,66.21695800999987
84,0.008407954752990552,67.07070012199983
85,0.00793809898206676,67.85911843399981
86,0.007494499826903799,68.61326476599993
87,0.0070756900078393385,69.48698469499982
88,0.006680284240142365,70.26146657899994
89,0.00630697465192613,70.885352517
90,0.005954526458191371,71.44412464799984
91,0.005621773876511934,71.9729132739999
92,0.005307616271070194,72.56684146199996
93,0.005011014512045287,73.31483637799988
94,0.004730987538611499,74.275134621
95,0.004466609113822121,74.87636567199979
96,0.004217004760975515,75.53385110199997
97,0.003981348871117452,76.38843438899994
98,0.003758861972224444,77.17047672599983
99,0.0035488081509496678,77.95191275999991
100,0.003350492618430464,79.02877192899996
101,0.0031632594122480424,79.74323028499998
102,0.002986489226611791,80.3764426209998
103,0.002819597363997269,81.01404434999995
104,0.002662031801059646,81.65236691099994
105,0.0025132713628527015,82.29211316099986
106,0.0023728239988199534,82.94154502299989
107,0.002240225155332458,83.64057463299991
108,0.0021150362391044453,84.36208853199992
109,0.0019968431664050858,85.17456603400001
110,0.0018852549934821991,86.17997833499999
111,0.0017799026234014497,86.79259758599983
112,0.001680437585218344,87.40292288399996
113,0.0015865308813326439,88.01797446199998
114,0.001497871899289558,88.71652988799997
115,0.0014141673843780732,89.46924156399996
116,0.0013351404696016881,90.22181044499985
117,0.001260529759950664,90.92281284599994
118,0.001190088467770906,91.6079153679998
119,0.0011235835964606177,92.30244120999987
120,0.001060795169786603,93.23086682599978
121,0.001001515504322163,94.09661789500001
122,0.0009455485224356334,95.09368262299995
123,0.0008927091037871181,96.03431643099998
124,0.0008428224729645814,96.64418629099987
125,0.0007957236214123685,97.487786615
126,0.0007512567616514306,98.45612786299989
127,0.0007092748119402858,99.06578768199984
128,0.0006696389098098362,99.7519261949999
129,0.0006322179527411502,101.02466166099998
130,0.0005968881645272888,101.82666583199989
131,0.0005635326858623341,102.61611389799987
132,0.0005320411878080472,103.40436566599988
133,0.0005023095068319598,104.17414781699995
134,0.00047423930035243525,104.94223681699987
135,0.00044773772135452047,105.5642790779998
136,0.0004227171113257797,106.71199456999989
137,0.00039909471034231455,107.42056108899988
138,0.0003767923832647624,108.16533423399983
139,0.0003557363613542312,108.84368218299983
140,0.00033585699820498746,109.56655497199995
141,0.00031708853943282706,110.64728361699986
142,0.0002993689051579855,111.22344502499982
143,0.0002826394846680384,111.89296290199991
144,0.00026684494253151434,113.03356450199999
145,0.00025193303560695865,113.8966177499999
146,0.0002378544402275937,114.47908506699991
147,0.00022456258903230618,115.07296673299993
148,0.0002120135169365363,115.942363204
149,0.00020016571575550953,117.04753663799988
150,0.00018897999685894043,118.40412073999983
151,0.00017841936157101757,119.42052999099997
152,0.00016844887878322457,120.163024511
153,0.0001590355694358089,120.89194300999998
154,0.00015014829737807544,121.71008810099988
155,0.00014175766645619815,122.62578639899994
156,0.00013383592321955688,123.58135007599981
157,0.00012635686515123366,124.40844882299984
158,0.00011929575398749531,125.83125994899979
159,0.00011262923389760312,126.50644036999984
160,0.00010633525423348698,127.14569653599983
161,0.00010039299656765113,127.8015330149999
162,9.47828058868647e-05,128.54365101099984
163,8.948612552030402e-05,129.09721666299993
164,8.448543577865317e-05,129.70617546699987
165,7.976419605579718e-05,130.71716401599997
166,7.530679001921898e-05,131.44234798399998
167,7.109847405150382e-05,132.0405702869998
168,6.712532841163599e-05,132.59129088999998
169,6.337421126710293e-05,133.15930099799994
170,5.983271513912605e-05,134.67187185299986
171,5.648912593114362e-05,135.25141503999998
172,5.333238415330728e-05,135.88874274399996
173,5.035204833790563e-05,136.5306528409999
174,4.7538260513849816e-05,137.20913567999992
175,4.488171361292896e-05,137.82006503499997
176,4.237362063251313e-05,138.6018733389999
177,4.000568562627432e-05,139.34956343699992
178,3.777007626764885e-05,140.20349006499987
179,3.5659397872803035e-05,141.06991739399996
180,3.366666902593211e-05,142.001581709
181,3.1785298435188754e-05,142.80702205099988
182,3.000906313757561e-05,144.36885647199983
183,2.8332087945301306e-05,145.0797371199999
184,2.6748825967562926e-05,145.8120585749998
185,2.525404029432673e-05,146.63902450199998
186,2.3842786672739723e-05,147.63270280899997
187,2.251039713856616e-05,148.2359784219998
188,2.1252464576556738e-05,148.85422118999986
189,2.006482817354169e-05,149.65075847599996
190,1.894355960899282e-05,150.282991456
191,1.7884950105771212e-05,150.936619845
192,1.6885498129743558e-05,151.56992339299995
193,1.594189780959729e-05,152.22918706699988
194,1.5051028053161082e-05,152.92636632099993
195,1.4209942122432938e-05,153.5958120769999
196,1.3415858017031093e-05,154.3334339869998
197,1.2666149137782607e-05,154.9749436279999
198,1.1958335713059363e-05,155.64528118999988
199,1.1290076515972036e-05,156.50660651999988
200,1.0659161179989696e-05,157.0845853579999
201,1.0063502840867467e-05,157.77621581899984
202,9.501131259453391e-06,158.5367788059998
203,8.970186277190176e-06,159.24917156599986
204,8.468911728838837e-06,159.8906981109999
205,7.995649543686785e-06,160.6091000729998
206,7.548834337384238e-06,161.68097849499986
207,7.126988176485193e-06,163.15491580799994
208,6.728715755305161e-06,164.01878364799995
209,6.352699714264459e-06,164.84506277299988
210,5.997696301160252e-06,165.58811054699981
211,5.662531295085845e-06,166.3638911149999
212,5.346096088534384e-06,166.87467040699994
213,5.0473439852317835e-06,167.72261848199992
214,4.765286847685224e-06,168.45012344199995
215,4.4989917081403276e-06,169.10775039099985
216,4.247577744845168e-06,169.76554895699996
217,4.0102133752994635e-06,170.91245274999983
218,3.7861134643383623e-06,171.59625489699988
219,3.5745367786171106e-06,172.2516526989998
220,3.3747834723872944e-06,172.9920594539999
221,3.186192841025516e-06,173.860954387
222,3.0081410910784506e-06,175.02196386899982
223,2.8400392807926815e-06,176.5619792089999
224,2.6813313847467214e-06,177.36837217099992
225,2.5314924447785325e-06,177.99318231999996
226,2.390026857298003e-06,178.880202306
227,2.256466675857421e-06,179.7416297729999
228,2.1303701509241323e-06,180.58691856999985
229,2.011320192761471e-06,181.34411655299982
230,1.8989230129163581e-06,182.08567880099986
231,1.7928068498785326e-06,182.81618976699997
232,1.6926207012140977e-06,183.60510254299993
233,1.5980331736221033e-06,184.2411118399998
234,1.508731417844027e-06,184.87170473399988
235,1.4244200639526754e-06,185.60089834099995
236,1.3448202016795404e-06,186.28215234799995
237,1.2696685747272204e-06,186.9131837179998
238,1.1987165843636038e-06,187.63723444699986
239,1.1317295571152317e-06,188.23598253799992
240,1.0684859193772137e-06,188.82416935499987
241,1.008776483436901e-06,189.99554142299985
242,9.524037392103969e-07,190.63862673799986
243,8.991812399294967e-07,191.5577449289999
244,8.48932931390406e-07,192.3340357689999
245,8.014926192855997e-07,193.0145050619999
246,7.567033761185926e-07,193.70418280499985
247,7.144170557299408e-07,194.53387853599997
248,6.744937974377806e-07,195.4657082639999
249,6.368015377599342e-07,196.5690810189999
250,6.012156115309036e-07,197.2734308979998
251,5.676183049573616e-07,198.2599652629999
252,5.358984971164933e-07,198.986659056
253,5.059512668830922e-07,199.57115574
254,4.776775479797409e-07,200.21826863299998
255,4.509838319869678e-07,200.95270425499984
256,4.2578182406383006e-07,201.64016041399987
257,4.0198816415477926e-07,202.33617115999982
258,3.795241439369405e-07,203.02278712099996
259,3.583154687834522e-07,203.70840717099986
260,3.3829197654794923e-07,204.39441836899982
261,3.193874493349483e-07,205.05547851099982
262,3.015393523859319e-07,205.74239730499994
263,2.846886430130063e-07,206.42253581699993
264,2.687795825122045e-07,207.12968023299982
265,2.537595630156683e-07,207.8216237749998
266,2.395789035500297e-07,208.51505243299994
267,2.2619068461971565e-07,209.18468968499997
268,2.1355063037956365e-07,209.86189552799988
269,2.016169251583897e-07,210.55788739299987
270,1.9035010610098549e-07,211.92621083699987
271,1.79712917305309e-07,212.5248740059999
272,1.696701384705053e-07,213.2105908479998
273,1.601885910857007e-07,213.91439476899995
274,1.5123688749833855e-07,214.56829600899982
275,1.4278542243694355e-07,215.474878365
276,1.3480624696660469e-07,216.27209754199998
277,1.272729615571317e-07,217.00005244299996
278,1.2016065790166846e-07,217.71383251499992
279,1.1344580536308774e-07,218.3152815709998
280,1.0710620021666807e-07,218.97534985899983
281,1.0112085941677433e-07,219.654329728
282,9.546999296633924e-08,220.33396088299992
283,9.013491212520127e-08,221.25518437699998
284,8.509796555985957e-08,222.04657966599984
285,8.034249364796579e-08,223.06139679599983
286,7.585276831011544e-08,223.91671090299997
287,7.161394753103814e-08,224.46294987499982
288,6.761199243386583e-08,225.33789622999984
289,6.383369091743575e-08,226.0442057339999
290,6.026651002707245e-08,226.73396294299982
291,5.689868221360803e-08,227.36549451999986
292,5.3719049381297114e-08,229.0958015189999
293,5.0717103939212624e-08,229.8407904239998
294,4.788292344706188e-08,230.695326648
295,4.5207114247350474e-08,231.530298163
296,4.26808375908245e-08,232.2750089419999
297,4.029574191015138e-08,232.9225980629999
298,3.8043919704292084e-08,233.5540602719998
299,3.591794065733714e-08,234.19924878099982
300,3.391075230842335e-08,234.83472917099994
301,3.201574963027145e-08,235.4775674299999
302,3.022663169659119e-08,236.10614979899992
303,2.8537495010344537e-08,236.8081360849999
304,2.6942761690229445e-08,237.36482106099993
305,2.5437134983714936e-08,238.09318224799995
306,2.4015648918573057e-08,238.74408764199984
307,2.267359974972284e-08,239.44634721499983
308,2.140655514119568e-08,240.08580310599996
309,2.0210308084112905e-08,240.68308734599987
310,1.908090319704507e-08,241.47040235199984
311,1.801462405443544e-08,242.44507398399992
312,1.700792598018145e-08,243.3794999989998
313,1.605748351360946e-08,243.95461555099996
314,1.5160152366538556e-08,244.56988347899983
315,1.4312971390362183e-08,245.27886978599986
316,1.3513121361481837e-08,246.04007041199998
317,1.2757982631651601e-08,246.88185019499997
318,1.2045034868178806e-08,247.602896268
319,1.1371936968217763e-08,248.19271953299994
320,1.0736450116422325e-08,249.5654237619999
321,1.0136467829006546e-08,250.5782688979998
322,9.570026272963037e-09,251.13148977899982
323,9.035224500233247e-09,251.68034721799995
324,8.530313188904386e-09,252.3445362399998
325,8.053621219155398e-09,252.9031279379999
326,7.603567201212669e-09,253.65295859999992
327,7.178657413845973e-09,254.43618868599992
328,6.777509552713455e-09,255.2046376589999
329,6.398752115156987e-09,256.0130830579999
330,6.041185982720863e-09,256.88373000499996
331,5.703587920791079e-09,257.70865712
332,5.3848554362624004e-09,258.4049681199999
333,5.083936735505365e-09,259.1221560299998
334,4.7998322948866915e-09,259.90766926699985
335,4.531614000517616e-09,261.2010116539998
336,4.278378563767717e-09,261.8932723849998
337,4.039297264221688e-09,262.62905845
338,3.8135632961108946e-09,263.2415345239999
339,3.600456317137976e-09,263.9543276559998
340,3.3992520232318576e-09,264.58152522399996
341,3.209291223869889e-09,265.94929565999996
342,3.029943156421091e-09,266.873413241
343,2.8606221247318593e-09,268.00901027299983
344,2.7007740427454255e-09,268.9349506169999
345,2.549846097584565e-09,269.6760636879999
346,2.4073557826416307e-09,270.33130691099996
347,2.2728243477158985e-09,270.9040771309999
348,2.1458140263185463e-09,271.66074738
349,2.02590745643852e-09,272.6502856509999
350,1.9126916939624758e-09,274.141562905
351,1.8058082052249027e-09,274.8610057829999
352,1.7048921227541721e-09,275.53500053799985
353,1.609620846369759e-09,276.199598101
354,1.5196762765959547e-09,276.861485808
355,1.434745775324495e-09,277.4692095139999
356,1.3545704813389348e-09,278.27572813899997
357,1.27887866258975e-09,279.2441285409998
358,1.2074145399465617e-09,280.00851388499996
359,1.1399355518421326e-09,281.07668101499985
360,1.076238385615571e-09,281.68007037099983
361,1.0160962564572916e-09,282.2912685179999
362,9.593132289939165e-10,283.1476805699999
