iter,eval_func_value,time
0,72.51434603868012,1.035298275999999
1,65.98886059880324,1.3087485320000027
2,60.04633973735509,1.581555225999999
3,54.63904879958796,1.8556971309999994
4,49.71838285428937,2.1310092500000053
5,45.24065468913291,2.403895009000003
6,41.16603042845265,2.6774924549999994
7,37.45825564728805,2.9486908089999986
8,34.08432875320755,3.2236531010000036
9,31.014211441013046,3.4998757560000016
10,28.22056372831646,3.7723544170000025
11,25.678502511250233,4.047964071999999
12,23.365381509084575,4.325097935999999
13,21.26059076067598,4.602514126000003
14,19.345373969978933,4.874312635999999
15,17.60266213930435,5.149988682
16,16.016922059123484,5.420734162999999
17,14.574018344155657,5.690918936000003
18,13.26108781732116,5.963084004999999
19,12.066425146303995,6.235043469000004
20,10.979378732416231,6.5054361210000025
21,9.99025593867812,6.774052844000003
22,9.0902368240327,7.043116787000002
23,8.271295623907529,7.314097723000003
24,7.526129284409427,7.585685629000004
25,6.848092418768181,7.858520424000005
26,6.231138110680626,8.128261324
27,5.669764040374628,8.400797552
28,5.158963455911907,8.675364291000001
29,4.694180554850635,8.949700962000001
30,4.2712698802393625,9.221583166999999
31,3.8864593703320165,9.497491119000003
32,3.5363167336946364,9.775097753000004
33,3.217718850789004,10.047662582000001
34,2.9278239299162707,10.320251581
35,2.6640461698141347,10.593943874000004
36,2.4240327034321307,10.866073126000003
37,2.2056426176563018,11.13973902
38,2.0069278621884608,11.414606246000005
39,1.8261158775703694,11.686544407
40,1.661593787624426,11.958356653000003
41,1.5118940154930605,12.231920226
42,1.3756811951226176,12.501727721000002
43,1.251740261564516,12.773570204999999
44,1.1389656139582045,13.042259770000001
45,1.036351254609946,13.312638856
46,0.942981816273303,13.583442474000002
47,0.8580243976471381,13.855601734000004
48,0.7807211343067484,14.127229898000003
49,0.7103824388349342,14.435819113
50,0.6463808498831981,14.707472037999999
51,0.5881454353188974,14.984197610000002
52,0.5351566995523662,15.268107429000004
53,0.4869419496321299,15.543045373000005
54,0.44307107878511054,15.817699449000003
55,0.40315272980020334,16.097453366000003
56,0.36683080404004326,16.378354896000005
57,0.33378128494705295,16.651324922
58,0.30370934771392516,16.924446238
59,0.27634672934035487,17.196172401000005
60,0.2514493356195438,17.466316681000002
61,0.2287950637110468,17.739068008000004
62,0.2081818208785869,18.022576436
63,0.18942572172122932,18.295690513000004
64,0.1723594478180996,18.575358454000003
65,0.15683075515496334,18.877931464
66,0.14270111601946733,19.148017462
67,0.1298444832508268,19.419010055
68,0.11814616582110843,19.688846976
69,0.10750180571820583,19.958139846
70,0.09781644700431566,20.230374544
71,0.08900368874569453,20.501990812000003
72,0.08098491425759906,20.77406397
73,0.07368858978907994,21.045554566
74,0.06704962639170418,21.318586045000004
75,0.06100879927975681,21.589740499
76,0.05551221950249751,21.860235099
77,0.05051085321540201,22.136232673000002
78,0.0459600842621685,22.412055370000004
79,0.0418193161654719,22.682704844
80,0.03805160997591405,22.960037256
81,0.034623354748762214,23.228677797000003
82,0.031503967708761,23.499792618
83,0.02866562142844618,23.769134242
84,0.02608299558605875,24.039160822
85,0.023733051088728353,24.308785795000006
86,0.02159482454589136,24.576739434000004
87,0.019649241259535193,24.848143207000007
88,0.01787894506299099,25.117743388000008
89,0.01626814349027563,25.387091788000006
90,0.014802466894900314,25.6567876
91,0.013468840261279832,25.927978968000005
92,0.012255366565244499,26.197303617000003
93,0.01115122064320059,26.467426130999996
94,0.010146552623000094,26.735838161000004
95,0.009232400055305207,27.005162153
96,0.00840060796138472,27.274561339
97,0.00764375608417826,27.541678441000002
98,0.006955092693674114,27.810379902999998
99,0.006328474356106818,28.083020161000007
100,0.005758311129576128,28.356723575000004
101,0.005239516697285976,28.630192980000004
102,0.004767462993516793,28.901385229
103,0.00433793891754988,29.202966934000003
104,0.003947112767294068,29.478863152000002
105,0.0035914980574090643,29.75566054400001
106,0.003267922417024833,30.029755628000004
107,0.002973499289667703,30.303979210999998
108,0.002705602182853239,30.580116478999997
109,0.002461841237592112,30.856351325999995
110,0.0022400419090270636,31.130212978000003
111,0.0020382255676452887,31.407801331
112,0.0018545918483436254,31.684527982000006
113,0.0016875025897137136,31.960380584999996
114,0.0015354672203330365,32.237042509000005
115,0.0013971294616428028,32.51173704200001
116,0.0012712552288320028,32.78860329300001
117,0.00115672162190173,33.063349392999996
118,0.0010525069083034946,33.33720979100001
119,0.0009576814084434146,33.612179638
120,0.0008713992020842438,33.890851233999996
121,0.0007928905820969013,34.17162923800001
122,0.0007214551880498017,34.447694707
123,0.0006564557583692735,34.720202060000005
124,0.000597312445528943,34.996762853999996
125,0.0005434976432818488,35.271320083000006
126,0.0004945312800201424,35.545460657999996
127,0.00044997653616147697,35.821426323
128,0.0004094359472900403,36.097142108
129,0.00037254785854073117,36.373671794
130,0.00033898319829248156,36.649824612
131,0.0003084425426202105,36.92340407900001
132,0.0002806534441150734,37.198505968999996
133,0.0002553680015370508,37.475172989
134,0.00023236064826486063,37.75085641300001
135,0.00021142614010824975,38.026904497000004
136,0.0001923777242407137,38.301573565
137,0.00017504547342341714,38.57823399200001
138,0.00015927476991252747,38.851908406999996
139,0.00014492492629002434,39.126695229000006
140,0.00013186793032300944,39.40084718
141,0.00011998730304997642,39.67655441000001
142,0.00010917705964060927,39.954455546000005
143,9.934076397471049e-05,40.230936068000005
144,9.039066832514987e-05,40.505675473
145,8.224693061312372e-05,40.781591738
146,7.483690210634974e-05,41.058315541
147,6.809447931577024e-05,41.339401226999996
148,6.195951440506155e-05,41.62085363
149,5.6377278509342466e-05,41.89626983400001
150,5.1297973577886556e-05,42.171621351
151,4.667628808460156e-05,42.448684580999995
152,4.247099284899308e-05,42.724892894999996
153,3.864457325348148e-05,43.001507057
154,3.516289453359286e-05,43.279407799
155,3.199489729713832e-05,43.558425938
156,2.9112320428260167e-05,43.83685776600001
157,2.6489449005312362e-05,44.109943200000004
158,2.410288491422913e-05,44.384928435000006
159,2.1931338063277056e-05,44.660806681
160,1.9955436491467246e-05,44.935686673000006
161,1.8157553560536096e-05,45.209728313
162,1.6521650711530184e-05,45.486463816
163,1.50331343649753e-05,45.763246221
164,1.3678725717981188e-05,46.041737039
165,1.2446342384183606e-05,46.316713582000006
166,1.132499048548459e-05,46.59194075800001
167,1.0304666680184541e-05,46.865551295
168,9.376268840053295e-06,47.143255112000006
169,8.531514907166531e-06,47.41780243000001
170,7.762868990091109e-06,47.694605296000006
171,7.0634741446564755e-06,47.971442463
172,6.427091201741014e-06,48.248966481
173,5.848043102644158e-06,48.523852918
174,5.321164291836675e-06,48.79773321900001
175,4.841754564506525e-06,49.075275593
176,4.405537207377763e-06,49.352944279
177,4.008620811802909e-06,49.62835283700001
178,3.6474645494399572e-06,49.90468479100001
179,3.3188466325070797e-06,50.182709671
180,3.019835498399503e-06,50.461101174999996
181,2.747763734043035e-06,50.73750599900001
182,2.5002042663027595e-06,51.012171343999995
183,2.274948635586086e-06,51.28822718400001
184,2.0699873730774323e-06,51.56563766800001
185,1.8834920880546433e-06,51.84114770000001
186,1.7137990700466643e-06,52.116913894999996
187,1.5593945272078056e-06,52.396078122999995
188,1.418901040190966e-06,52.670967098000006
189,1.2910653082346435e-06,52.94835342500001
190,1.1747469176127034e-06,53.22304849
191,1.0689082164836901e-06,53.499512077999995
192,9.7260504442174e-07,53.773702842999995
193,8.849783004278252e-07,54.049385273
194,8.052462756667764e-07,54.327743211
195,7.326976978146088e-07,54.602529014
196,6.666853828531818e-07,54.876868818000005
197,6.066204386165333e-07,55.151293296999995
198,5.519670404597355e-07,55.427889361
199,5.022376112047261e-07,55.705223578
