iter,eval_func_value,time
0,72.80444797274502,0.2784266130000219
1,67.34801970749545,0.4701333149999982
2,62.224127105480704,0.6609853790000102
3,57.496630337554535,0.8477131200000088
4,53.127476653273845,1.0274125699999956
5,49.09020926025953,1.2141775950000238
6,45.359589377602745,1.399762160000023
7,41.9123569611713,1.5829440970000235
8,38.72700582429856,1.7655097749999982
9,35.78365862130947,1.948984920000015
10,33.06394361005015,2.1328922910000188
11,30.550881227211544,2.316905699000017
12,28.228779045698253,2.500538043000006
13,26.08313457634773,2.681408865999998
14,24.100545339476337,2.8664478360000203
15,22.26862567642543,3.050344701
16,20.57592980669295,3.2415765220000026
17,19.011880670423146,3.431586406000008
18,17.56670412823325,3.6253084250000143
19,16.23136812066067,3.8177472860000137
20,14.997526417948107,4.006689078000022
21,13.857466617503606,4.1960227720000205
22,12.80406207124977,4.387876663000014
23,11.83072744828393,4.5847795450000035
24,10.931377659898311,4.782954116000013
25,10.100389894135025,4.9801886910000235
26,9.332568525765529,5.174530962000006
27,8.62311268497005,5.363292287999997
28,7.967586284133432,5.551764274000021
29,7.36189031714929,5.741695772000014
30,6.802237259512018,5.939088023000011
31,6.285127410348082,6.1637155620000215
32,5.807327029464651,6.372390054000022
33,5.365848133540633,6.579733818000022
34,4.957929825813898,6.77435537300002
35,4.581021043087609,7.006315121
36,4.232764612642265,7.200107969000015
37,3.9109825197498562,7.3927209379999965
38,3.6136622939889054,7.581321419000005
39,3.3389444294999575,7.774409341000023
40,3.085110760740147,7.969093347000012
41,2.850573721232423,8.163942433000017
42,2.6338664182950087,8.36251002200001
43,2.4336334618127564,8.557588656000007
44,2.2486224898055416,8.757582339999999
45,2.0776763378881746,8.959622338000003
46,1.9197258037274756,9.15665786300002
47,1.7737829613101648,9.357179201000008
48,1.6389349832635,9.547632791000012
49,1.5143384326381264,9.73654624300002
50,1.3992139884919894,9.927432991000018
51,1.2928415723198392,10.122812437000022
52,1.1945558448753604,10.313320699000002
53,1.1037420452445164,10.51011080500001
54,1.0198321461654336,10.703336825999997
55,0.9423013015651807,10.899272615000001
56,0.8706645641083498,11.105869409999997
57,0.8044738522391526,11.297348606000014
58,0.7433151477572728,11.487699896999999
59,0.6868059064075995,11.684691216000004
60,0.6345926652954111,11.878768778000023
61,0.5863488321682101,12.081316866000009
62,0.5417726427418622,12.275888999000017
63,0.5005852732990511,12.463257564000003
64,0.4625290967587706,12.660904107000022
65,0.4273660713115501,12.85048302300001
66,0.39487625154498346,13.03505303
67,0.36485641274860603,13.220158931000014
68,0.3371187797955635,13.403814613000009
69,0.31148985265210594,13.588103273000002
70,0.2878093211696108,13.770251469000016
71,0.2659290623730258,13.953710209000008
72,0.2457122139743449,14.138942130000004
73,0.22703231831704734,14.331834467000022
74,0.20977253139786217,14.51831015900001
75,0.19382489201854206,14.70403726500001
76,0.17908964649709755,14.888781108000018
77,0.16547462471476398,15.079053439000006
78,0.15289466359651963,15.267875219000018
79,0.1412710744190339,15.457012405
80,0.13053115061464565,15.644530774000003
81,0.12060771299275913,15.829931958000003
82,0.11143868953409793,16.018484473
83,0.10296672712990029,16.207099976000023
84,0.09513883283730912,16.393892460000018
85,0.0879060424072361,16.579455095000014
86,0.0812231140115269,16.76441650700002
87,0.07504824525358084,16.947614700000003
88,0.0693428116925353,17.13287649900002
89,0.0640711252454439,17.315491590000022
90,0.05920021095634891,17.501045075999997
91,0.054699600735912804,17.685515643000002
92,0.05054114278164594,17.869483631999998
93,0.046698825486238674,18.05405276800002
94,0.04314861473322956,18.237318846000022
95,0.03986830356170457,18.420183183000006
96,0.03683737325995785,18.60831027400002
97,0.0340368650192555,18.80401898400001
98,0.03144926134482243,18.994665765000008
99,0.02905837648244083,19.188034867
100,0.026849255174973025,19.379022041000013
101,0.02480807911592537,19.583644898000017
102,0.022922080514567896,19.79992826200001
103,0.02117946223215006,19.99316986400001
104,0.019569323989681624,20.18994264600002
105,0.01808159418551871,20.388745509000017
106,0.01670696689652509,20.586132007000003
107,0.015436843668517686,20.783649566999998
108,0.0142632797320608,20.979824909
109,0.013178934307023575,21.176419970000012
110,0.012177024685348401,21.366953123000002
111,0.011251283804304074,21.56112318800001
112,0.01039592104545369,21.752058508000005
113,0.00960558601365226,21.94264868900001
114,0.008875335069726539,22.13789932200001
115,0.008200600407452364,22.331956788000014
116,0.0075771614814441526,22.524609873000003
117,0.007001118607114097,22.71647129500002
118,0.006468868567795422,22.906140009000012
119,0.005977082076083721,23.095980959000002
120,0.005522682948907387,23.288438727
121,0.005102828865482428,23.480534591999998
122,0.004714893588421409,23.69051779
123,0.004356450536213393,23.882144178000004
124,0.004025257604710835,24.07384596700001
125,0.0037192431425594023,24.268093757000003
126,0.003436492992626206,24.453429993000015
127,0.003175238518921843,24.63921956500002
128,0.0029338455433848237,24.825334958000013
129,0.0027108041240429563,25.00964320600002
130,0.0025047191100690254,25.194787512000005
131,0.002314301415014639,25.378602591000003
132,0.0021383599533309197,25.560999914000007
133,0.0019757941900706826,25.746302043000014
134,0.001825587256878375,25.933925187
135,0.001686799591340981,26.11853481700001
136,0.0015585630599744653,26.303275809000013
137,0.0014400755278627456,26.488792617
138,0.0013305958412388676,26.682436955000014
139,0.0012294391915359509,26.87533614900002
140,0.0011359728317495495,27.069790713000003
141,0.001049612118562681,27.26644589600002
142,0.0009698168553460826,27.458407111000014
143,0.0008960879131471948,27.64955626400001
144,0.0008279641085538475,27.840519819000008
145,0.0007650193189821507,28.03781416000001
146,0.000706859817204885,28.23177497100002
147,0.0006531218085530444,28.421373547
148,0.0006034691553179857,28.612033498000017
149,0.0005575912741893631,28.79925193400001
150,0.0005152011935090705,28.993506584000016
151,0.0004760337582050804,29.18029309000002
152,0.0004398439712705332,29.365800327000017
153,0.0004064054612413901,29.55138516300002
154,0.00037550906621413845,29.737916533000003
155,0.0003469615255228572,29.93359774000001
156,0.0003205842708772542,30.122434663000007
157,0.00029621230935681286,30.307114796999997
158,0.0002736931914334999,30.49887474900001
159,0.00025288605731439267,30.685677206999998
160,0.00023366075586322087,30.86979153300001
161,0.0002158970305255433,31.058302585999996
162,0.00019948376703793743,31.252890327000017
163,0.00018431829849340062,31.44434786100001
164,0.00017030576303922332,31.63409732400001
165,0.00015735851058978952,31.834414189
166,0.00014539555451705476,32.018735170000014
167,0.00013434206511814048,32.20789257300001
168,0.00012412890147009908,32.39322274100002
169,0.0001146921789961148,32.57723903600001
170,0.00010597286989121845,32.770794394000006
171,9.791643380422571e-05,32.964332848
172,9.047247675957256e-05,33.152440608000006
173,8.359443593772346e-05,33.34172729000002
174,7.723928834035025e-05,33.52670988
175,7.136728177272527e-05,33.722583008000015
176,6.594168610854319e-05,33.912305058000015
177,6.092856361805992e-05,34.10502865000001
178,5.62965566096513e-05,34.28972291300002
179,5.20166913099852e-05,34.479001799
180,4.806219667505251e-05,34.66502502
181,4.440833683037854e-05,34.85070659300001
182,4.1032256470482814e-05,35.034568329000024
183,3.791283778790294e-05,35.22123371000001
184,3.503056846238944e-05,35.40612054500002
185,3.236741953164113e-05,35.59063175700001
186,2.9906732714564198e-05,35.77435872200002
187,2.7633116090419875e-05,35.958476117000004
188,2.553234791576024e-05,36.143909089000005
189,2.359128765394257e-05,36.328264582
190,2.1797793722261302e-05,36.513663936
191,2.014064760046115e-05,36.69837614100001
192,1.8609483650913543e-05,36.883389584000014
193,1.719472425125683e-05,37.068587334
194,1.588751990495463e-05,37.25284768700001
195,1.4679693914591867e-05,37.43664485100001
196,1.3563691171444726e-05,37.62314593000002
197,1.2532530926924552e-05,37.80871994500001
198,1.1579763176194868e-05,37.992673467
199,1.0699428226799293e-05,38.177049361
