iter,eval_func_value,time
0,5.215331744586275e-09,0.012832923999997803
1,5.131810562947091e-09,0.031695897999998834
2,5.0949452303939296e-09,0.046223392999998225
3,5.015814115402046e-09,0.05900733200000019
4,4.981036461049536e-09,0.06896651399999953
5,4.995698756574273e-09,0.0794438839999998
6,5.049528169892637e-09,0.09054555899999883
7,5.092773888131677e-09,0.10135039100000043
8,5.1046435359398385e-09,0.11190423699999741
9,5.109662723919844e-09,0.12315029499999852
10,5.110161313918122e-09,0.1337331469999974
11,5.109487162269318e-09,0.14464391499999962
12,5.108948933547005e-09,0.1563394539999976
13,5.108530361158437e-09,0.16646070399999857
14,5.108291642303619e-09,0.17628374699999938
15,5.1081416489394434e-09,0.1922226529999982
16,5.1080589180737896e-09,0.20255856899999714
17,5.108027435595131e-09,0.21289439299999913
18,5.107974677959482e-09,0.22516582099999738
19,5.107934760197246e-09,0.23895556199999746
20,5.107909238694444e-09,0.25037854500000023
21,5.1078888122456565e-09,0.26167675499999987
22,5.107865884860613e-09,0.27249108899999896
23,5.1079030072355505e-09,0.2842223309999987
24,5.10786986114202e-09,0.3011893939999979
25,5.107881939679302e-09,0.31276988999999844
26,5.107891727799137e-09,0.3241524949999999
27,5.107825129356366e-09,0.33467754999999855
28,5.1078997839537785e-09,0.3450201899999996
29,5.107876094757646e-09,0.35650990999999976
30,5.107909821446991e-09,0.36727299599999697
31,5.1078903220265615e-09,0.37710795699999977
32,5.1078163003759175e-09,0.3880298799999977
33,5.107842097747873e-09,0.3998240399999986
34,5.107866701690108e-09,0.40992541199999977
35,5.107867340881229e-09,0.42002648799999776
36,5.107817615376374e-09,0.4309467559999973
37,5.107875716619222e-09,0.4417703739999972
38,5.107845140174116e-09,0.4523343390000001
39,5.107858810408509e-09,0.4632822319999974
40,5.107844328756579e-09,0.473274736999997
41,5.1079145202389525e-09,0.4835599359999989
42,5.107870771430025e-09,0.49495550099999974
43,5.1078800517809736e-09,0.5054194599999988
44,5.107968352054539e-09,0.5158089480000001
45,5.1078519096978275e-09,0.527063493
46,5.107830883987787e-09,0.5377325439999971
47,5.107833287490354e-09,0.5481370840000004
48,5.107856179264366e-09,0.559370604999998
49,5.107854936822383e-09,0.5719949849999999
50,5.107861355244849e-09,0.584258626999997
51,5.107851755300118e-09,0.5964360889999973
52,5.1078490465617245e-09,0.606965773999999
53,5.107855115939124e-09,0.6179944649999989
54,5.107873932640071e-09,0.6336030569999984
55,5.1078384915395255e-09,0.6454560009999994
56,5.107860945494866e-09,0.6586450910000003
57,5.107942747105865e-09,0.6712038909999976
58,5.1078606754739025e-09,0.6808144029999994
59,5.1078658689125785e-09,0.6914644969999983
60,5.165521581566215e-09,0.7032454229999985
61,5.165535652355325e-09,0.7133325179999979
62,5.1655287554761905e-09,0.7244198080000004
63,5.165541375580184e-09,0.7369950809999999
64,5.165528840849778e-09,0.748109570999997
65,5.1655194015107465e-09,0.7589394359999986
66,5.165516822179941e-09,0.7700638939999997
67,5.1655294112353555e-09,0.7800624669999969
68,5.1655115096216395e-09,0.7905287199999975
69,5.1655379975279514e-09,0.8016087809999988
70,5.165523829638587e-09,0.8117749999999972
71,5.165536788121276e-09,0.8221887929999987
72,5.1655290843684364e-09,0.833880513999997
73,5.165527419101622e-09,0.8443458599999971
74,5.165533554845828e-09,0.8545563839999986
75,5.165523417245289e-09,0.8659032549999992
76,5.165498386034822e-09,0.876744617
77,5.165533640009675e-09,0.8872219499999972
78,5.165545363203709e-09,0.9013304049999995
79,5.165538435587772e-09,0.9120807719999995
80,5.1655267135608124e-09,0.9234865929999998
81,5.165526549224178e-09,0.9393069129999994
82,5.165547022050624e-09,0.9499822879999975
83,5.165535507663995e-09,0.9612262399999985
84,5.1655299279469765e-09,0.9722733489999982
85,5.165547022006039e-09,0.982770232
86,5.165524336760222e-09,0.993154895
87,5.1655168029409575e-09,1.0041787059999976
88,5.165532226646175e-09,1.0144936019999982
89,5.1655213474157945e-09,1.0247206409999983
90,5.165524460424655e-09,1.0361338069999988
91,5.165531947229269e-09,1.047316533
92,5.16553434288858e-09,1.057870592999997
93,5.165528347410762e-09,1.0720719849999973
94,5.165521570291925e-09,1.0822112419999996
95,5.165529663504656e-09,1.0923631030000003
96,5.1655331254773504e-09,1.1061119129999994
97,5.165499617285219e-09,1.1187752599999996
98,5.165529067089289e-09,1.128998971999998
99,5.165520764692988e-09,1.142557821999997
100,5.165517577884465e-09,1.1531934629999974
101,5.165527622290833e-09,1.1634297119999992
102,5.165521562997507e-09,1.174459129999999
103,5.165534539248353e-09,1.1851394559999981
104,5.165528026158457e-09,1.1950747739999983
105,5.165536601531508e-09,1.205948542999998
106,5.165511422775253e-09,1.216399028999998
107,5.165514810802008e-09,1.2267996639999978
108,5.1655220149969495e-09,1.238418425999999
109,5.165521749390974e-09,1.2492622749999995
110,5.165542552208291e-09,1.260663608999998
111,5.165533065382215e-09,1.2718736299999982
112,5.165525676506349e-09,1.282138045
113,5.165545110146461e-09,1.2917681359999982
114,5.1655362394092526e-09,1.3031901009999984
115,5.165530240193954e-09,1.313510707999999
116,5.165541131457774e-09,1.323147022999997
117,5.165531088988961e-09,1.3338043370000001
118,5.165519900808348e-09,1.3444140309999995
119,5.1655185815501866e-09,1.3551816139999993
120,5.165531566115621e-09,1.3658394879999989
121,5.165536476687595e-09,1.3769234209999972
122,5.165522589783096e-09,1.3866739749999972
123,5.165518726946887e-09,1.3971712679999975
124,5.1655186097890855e-09,1.4095037009999984
125,5.165522236198482e-09,1.4195681869999994
126,5.1655463523822776e-09,1.4304761900000003
127,5.165523282600568e-09,1.4421298239999985
128,5.165520299369999e-09,1.4515486600000003
129,5.165544748651311e-09,1.4622502409999996
130,5.165524878102576e-09,1.4736996589999976
131,5.165525452063769e-09,1.484477179999999
132,5.165520151400406e-09,1.494907590999997
133,5.165532591240804e-09,1.5061450749999992
134,5.165537309926163e-09,1.5167845289999988
135,5.1655225992030815e-09,1.5269850040000001
136,5.165520035622537e-09,1.5380432139999982
137,5.165524945733245e-09,1.548798989999998
138,5.165540367039858e-09,1.5589979310000004
139,5.165539994482046e-09,1.5698211499999992
140,5.165529188436841e-09,1.5807072269999978
141,5.165523415015289e-09,1.591797739999997
142,5.165537430483643e-09,1.6042319859999985
143,5.165525532411981e-09,1.616727719
144,5.165533773527336e-09,1.6265785499999978
145,5.1655199710191595e-09,1.6375639289999988
146,5.165535848702259e-09,1.6483836209999971
147,5.165521421319955e-09,1.658983756999998
148,5.165531586275869e-09,1.6716013639999971
149,5.165527379157774e-09,1.682681014
150,5.165539515139291e-09,1.6929896209999988
151,5.16552486714282e-09,1.7036731429999996
152,5.165525929926084e-09,1.714789348
153,5.165511250640144e-09,1.725082570999998
154,5.165527332226567e-09,1.735939768999998
155,5.165528989469338e-09,1.7471059209999993
156,5.165539995160548e-09,1.7567792149999981
157,5.165527530000847e-09,1.7664358209999982
158,5.165543419483365e-09,1.778360015999997
159,5.165538306874232e-09,1.7889150869999995
160,5.1655348362420685e-09,1.7992198279999982
161,5.165551167548935e-09,1.810711885
162,5.165529057294118e-09,1.8209507099999982
163,5.165553984827777e-09,1.8317852289999976
164,5.165535133662108e-09,1.8426210849999975
165,5.165523883402102e-09,1.8530479450000001
166,5.165517826931247e-09,1.8635356799999983
167,5.165519473683491e-09,1.8746312839999995
168,5.165512322322174e-09,1.885277606999999
169,5.165537625283668e-09,1.8953912829999986
170,5.165532240535622e-09,1.9059130199999998
171,5.165515916951841e-09,1.918385857999997
172,5.165531833747656e-09,1.9285393810000002
173,5.165520368403481e-09,1.9383283399999982
174,5.1655272861926495e-09,1.949212167999999
175,5.165526683446793e-09,1.9614096999999973
176,5.165535713480621e-09,1.9720190859999995
177,5.165517796722462e-09,1.9829527529999993
178,5.165537898743325e-09,1.993681150999997
179,5.165533454004927e-09,2.0058695789999987
180,5.16553511465625e-09,2.0186403539999986
181,5.165516826492335e-09,2.0305798250000002
182,5.1655169360799594e-09,2.045411196
183,5.165516517216814e-09,2.0573544539999986
184,5.165523949115785e-09,2.0689741039999987
185,5.1655210302334655e-09,2.0846062090000004
186,5.165535292893064e-09,2.096002833
187,5.165527803160847e-09,2.1072470659999993
188,5.165530816096116e-09,2.1185237979999982
189,5.165532163013364e-09,2.129790020999998
190,5.1655273091786645e-09,2.1405106499999995
191,5.165518424166083e-09,2.1518928679999973
192,5.165539507543081e-09,2.1621433069999973
193,5.165547265536814e-09,2.1730128419999986
194,5.165513547751395e-09,2.1849604909999982
195,5.165525151682312e-09,2.1950948070000003
196,5.16552225790902e-09,2.2055283679999995
197,5.165534852491415e-09,2.216890695
198,5.16552723440019e-09,2.2265429549999993
199,5.165540525759845e-09,2.2362732199999975
