iter,eval_func_value,time
0,110.28689593895673,0.010936287999999905
1,126.88580848727692,0.02584180699999994
2,131.44124027805557,0.03933942899999998
3,131.4412402233123,0.05221827200000018
4,131.44124022331283,0.06211603700000001
5,131.4412402233124,0.07336650500000008
6,131.44124022331292,0.08281932800000025
7,131.44124022331275,0.09222797899999957
8,131.44124022331272,0.10157298100000034
9,131.44124022331275,0.11101624399999999
10,131.44124022331246,0.12055984900000016
11,131.44124022331258,0.13267068900000023
12,131.44124022331283,0.14238946499999994
13,131.4412402233126,0.15259480000000014
14,131.44124022331252,0.162573085
15,131.44124022331272,0.1725149540000004
16,131.44124022331275,0.1821459040000004
17,131.44124022331266,0.19138943000000008
18,131.4412402233129,0.20723120600000033
19,131.4412402233126,0.22232495699999966
20,131.4412402233128,0.23434665100000007
21,131.44124022331255,0.24818265199999967
22,131.44124022331306,0.2611245240000004
23,131.44124022331275,0.2797696639999998
24,131.4412402233129,0.30382814100000033
25,131.4412402233127,0.32128001400000006
26,131.4412402233127,0.33595142899999964
27,131.441240223313,0.3498394989999998
28,131.44124022331258,0.3602965490000001
29,131.44124022331258,0.3709918959999996
30,131.4412402233126,0.38064798300000025
31,131.44124022331272,0.39014163800000023
32,131.4412402233128,0.39970057800000003
33,131.4412402233126,0.4096811039999997
34,131.44124022331255,0.4231358829999996
35,131.44124022331283,0.4336351780000003
36,131.44124022331278,0.4433540230000004
37,131.44124022331255,0.452989262
38,131.4412402233128,0.46221064599999995
39,131.44124022331255,0.4717120499999998
40,131.4412402233129,0.48126887699999976
41,131.44124022331266,0.4948140390000004
42,131.44124022331246,0.5090612810000001
43,131.44124022331243,0.5189210600000003
44,131.4412402233125,0.528538255
45,131.4412402233126,0.5382891450000002
46,131.44124022331278,0.5520007170000003
47,131.44124022331283,0.562180379
48,131.44124022331295,0.5723649399999999
49,131.44124022331266,0.5821635690000004
50,131.44124022331278,0.591802232
51,131.44124022331272,0.601147117
52,131.44124022331292,0.6105825449999998
53,131.44124022331263,0.6203031550000002
54,131.44124022331278,0.6301079740000004
55,131.44124022331255,0.6396245460000003
56,131.44124022331266,0.6489619089999996
57,131.44124022331246,0.6582930319999996
58,131.441240223313,0.667617957
59,131.44124022331292,0.6773803279999999
60,131.44124022331255,0.692952505
61,131.44124022331286,0.7042499810000002
62,131.4412402233128,0.7138318520000002
63,131.44124022331272,0.7238704760000001
64,131.44124022331278,0.7338927890000004
65,131.4412402233127,0.7471317229999999
66,131.4412402233126,0.7642504800000003
67,131.4412402233128,0.7882008530000002
68,131.44124022331283,0.8045908080000004
69,131.44124022331252,0.8172489330000001
70,131.44124022331266,0.826751614
71,131.44124022331263,0.8377943490000002
72,131.44124022331278,0.852601258
73,131.44124022331283,0.8621030139999997
74,131.441240223313,0.8713512420000002
75,131.44124022331275,0.8811492269999999
76,131.44124022331266,0.8917521229999998
77,131.4412402233125,0.9011623249999996
78,131.44124022331283,0.9126510430000003
79,131.44124022331286,0.9228368949999997
80,131.44124022331278,0.937168014
81,131.44124022331275,0.954479675
82,131.44124022331295,0.9655181769999999
83,131.44124022331258,0.9760595509999996
84,131.44124022331266,0.985832738
85,131.44124022331258,0.9949721949999999
86,131.44124022331272,1.0043915239999999
87,131.4412402233125,1.0164147090000002
88,131.44124022331266,1.026128409
89,131.44124022331258,1.0355294949999996
90,131.44124022331263,1.0451276319999998
91,131.44124022331332,1.056692549
92,131.44124022331278,1.0677981560000003
93,131.44124022331283,1.0818418010000004
94,131.4412402233125,1.0919562770000004
95,131.44124022331252,1.1030429030000004
96,131.4412402233128,1.1188817110000002
97,131.4412402233125,1.1324646290000002
98,131.4412402233128,1.143609583
99,131.44124022331275,1.1546739549999998
100,131.44124022331255,1.164822483
101,131.4412402233127,1.1751208750000002
102,131.44124022331272,1.185350519
103,131.44124022331283,1.1955430070000004
104,131.4412402233128,1.2054775209999997
105,131.44124022331292,1.2157237729999997
106,131.44124022331278,1.2258376230000003
107,131.44124022331286,1.235573746
108,131.4412402233126,1.245767786
109,131.44124022331272,1.255277157
110,131.44124022331255,1.264476783
111,131.44124022331272,1.2740770929999998
112,131.44124022331235,1.2841741569999998
113,131.44124022331278,1.2935634299999998
114,131.441240223313,1.3071892690000002
115,131.44124022331263,1.317503973
116,131.4412402233125,1.3320681580000002
117,131.44124022331283,1.3428775450000003
118,131.44124022331255,1.352948113
119,131.44124022331278,1.363523495
120,131.44124022331255,1.3743566830000002
121,131.4412402233128,1.384413092
122,131.44124022331292,1.39438116
123,131.44124022331266,1.405881957
124,131.44124022331263,1.4160389149999997
125,131.4412402233128,1.426343278
126,131.4412402233124,1.436185911
127,131.44124022331275,1.4504717290000002
128,131.44124022331275,1.4612725089999996
129,131.44124022331238,1.470685059
130,131.44124022331283,1.4807854740000002
131,131.44124022331266,1.4911430609999998
132,131.44124022331252,1.5009854599999999
133,131.44124022331263,1.5111870219999997
134,131.44124022331306,1.5212895910000004
135,131.44124022331246,1.5312678149999996
136,131.44124022331292,1.5406870110000002
137,131.44124022331263,1.5544882610000004
138,131.44124022331275,1.5643607350000002
139,131.44124022331286,1.5741937049999999
140,131.4412402233128,1.5863941280000002
141,131.4412402233128,1.5967393769999996
142,131.44124022331295,1.6066832309999999
143,131.44124022331272,1.6181128080000002
144,131.44124022331266,1.6284385820000002
145,131.44124022331283,1.6383589150000004
146,131.4412402233127,1.6487946630000003
147,131.44124022331243,1.6588392030000003
148,131.4412402233131,1.6682204299999999
149,131.44124022331292,1.6784030129999996
150,131.44124022331283,1.6882568109999996
151,131.44124022331266,1.697851847
152,131.44124022331258,1.7080639519999998
153,131.44124022331303,1.7184124809999997
154,131.4412402233125,1.7284441690000003
155,131.44124022331278,1.738583159
156,131.4412402233128,1.7536579850000003
157,131.44124022331283,1.7640229009999997
158,131.44124022331272,1.774449251
159,131.44124022331278,1.785178611
160,131.44124022331278,1.7958238690000004
161,131.4412402233124,1.8059858210000002
162,131.44124022331283,1.816099017
163,131.4412402233127,1.8283920740000008
164,131.44124022331275,1.8387197169999991
165,131.44124022331263,1.849016947
166,131.4412402233128,1.858895112
167,131.44124022331252,1.8685840669999996
168,131.44124022331255,1.8781858510000005
169,131.44124022331286,1.8878793929999995
170,131.44124022331275,1.8975615279999998
171,131.44124022331292,1.9081414860000008
172,131.4412402233125,1.9233575150000002
173,131.4412402233128,1.9396316279999999
174,131.44124022331286,1.9508513370000005
175,131.44124022331263,1.9613235349999991
176,131.44124022331297,1.9712143200000005
177,131.44124022331292,1.9812439389999996
178,131.44124022331258,1.992063354
179,131.44124022331272,2.0025850430000007
180,131.44124022331232,2.0121782989999994
181,131.44124022331283,2.022071716
182,131.44124022331297,2.0318238069999994
183,131.4412402233126,2.0416878229999993
184,131.4412402233128,2.051977140999999
185,131.44124022331263,2.061674064999999
186,131.44124022331255,2.0714882450000003
187,131.4412402233128,2.0819501239999996
188,131.44124022331283,2.091967673
189,131.44124022331278,2.102099131
190,131.44124022331272,2.118564460999999
191,131.44124022331295,2.1389016130000007
192,131.44124022331278,2.1493731590000005
193,131.44124022331275,2.159631254
194,131.44124022331278,2.1699651320000006
195,131.44124022331278,2.1801285800000008
196,131.44124022331292,2.190058411
197,131.44124022331246,2.199681504
198,131.44124022331283,2.209687862
199,131.441240223313,2.2216097869999993
