iter,eval_func_value,time
0,32.70605674731453,0.003778132999999073
1,51.88377492908408,0.007397755999999589
2,60.28047885904625,0.01091605000000051
3,75.44553618331366,0.014393607000000586
4,81.84444367245689,0.017871944999999556
5,91.68307032289066,0.021352777999998906
6,95.67597637825743,0.02492666599999893
7,100.69294205650851,0.028553413999999222
8,101.93257093003886,0.03207695699999924
9,101.45554711394323,0.03560286499999954
10,99.8895603690557,0.03906626599999896
11,97.39222746164334,0.04272151600000029
12,92.33839796554612,0.046199113000000125
13,86.88041824854109,0.049702869999999066
14,81.81379923714692,0.05326336299999923
15,77.37639109925071,0.05684799099999971
16,73.46026113575199,0.0604184029999999
17,69.98065160293142,0.06393998399999923
18,66.87010619452359,0.06744171599999937
19,64.07427846501203,0.07089773299999891
20,61.548867026185675,0.07452260700000046
21,59.25744392745312,0.0780771989999991
22,57.16978392132236,0.08154199200000001
23,55.26060871029698,0.085029939
24,53.508609981439584,0.08856624599999918
25,51.89571416992841,0.09214934199999902
26,50.406477060465136,0.0957705579999999
27,49.02764784131342,0.09935591700000046
28,47.7477630723154,0.10287667599999928
29,46.55689896824015,0.10644634500000016
30,45.44636835263127,0.10998682099999968
31,44.40860256811654,0.11385267700000057
32,43.43689719933909,0.11728603099999901
33,42.525387270498626,0.12074701699999935
34,41.668815846727526,0.12435911699999913
35,40.86257244441269,0.12802649099999996
36,40.10247887769166,0.13165464099999902
37,39.38486231103573,0.13522425100000035
38,38.70636411363806,0.13885397399999988
39,38.06402198906169,0.14242652999999983
40,37.45511063716587,0.14604014300000046
41,36.87721409802923,0.14954791699999959
42,36.32810299387712,0.15302930100000012
43,35.80578676826225,0.15659185800000053
44,35.30842516972654,0.16015901399999954
45,34.834358386007914,0.16374185799999985
46,34.382048096196,0.1672305559999998
47,33.95009390394726,0.1707284419999997
48,33.53719976481459,0.1743957139999992
49,33.142181019901635,0.17812909299999902
50,32.763943468319134,0.18162425299999896
51,32.4014826185224,0.18509048900000025
52,32.053870067605736,0.18864465099999883
53,31.72024973707746,0.1922171370000001
54,31.399828920588686,0.1958506369999995
55,31.0918738419823,0.1997843219999993
56,30.79570343135972,0.20329128400000052
57,30.510685123069546,0.20692460399999923
58,30.23623026644944,0.21062843600000036
59,29.971790528483652,0.21425031399999916
60,29.716854423705975,0.21776260599999908
61,29.470944397911346,0.22121529600000045
62,29.233614126995693,0.22485071999999917
63,29.004446101164927,0.22843167099999917
64,28.783049331667712,0.23192789299999994
65,28.569057153475264,0.23546292800000046
66,28.362125060196707,0.23905895799999932
67,28.161928601118287,0.24254749600000025
68,27.968161429009285,0.24617516400000028
69,27.780533649245974,0.2496728889999993
70,27.59877058498303,0.25316948200000056
71,27.422611950865267,0.2567837569999991
72,27.251811292944147,0.260444506999999
73,27.08613551229604,0.2639753949999992
74,26.92536434742723,0.2674545349999988
75,26.769289773433865,0.2710102800000005
76,26.617715329827753,0.2745997970000005
77,26.470455409437665,0.27820496500000047
78,26.327334541779397,0.28168094900000007
79,26.18818669749034,0.2851664310000004
80,26.052854631838162,0.288737252999999
81,25.92118927736002,0.29242788
82,25.793049189196523,0.29637089299999886
83,25.66830004192498,0.3003450230000002
84,25.546814173700138,0.3039666709999995
85,25.428470172091444,0.3075711469999991
86,25.31315249579034,0.3112023930000003
87,25.200751126890808,0.3147286410000003
88,25.091161249298466,0.3182012390000004
89,24.984282949709126,0.3217664710000001
90,24.880020938364154,0.32543308300000007
91,24.77828428735741,0.32895988299999956
92,24.678986184927496,0.3324593010000001
93,24.58204370412635,0.335961545
94,24.487377584879525,0.3395886130000001
95,24.394912028705185,0.34323703099999925
96,24.304574505391088,0.34677655499999993
97,24.21629557127046,0.3502675970000002
98,24.130008698879106,0.35384548299999885
99,24.04565011788548,0.3573917590000004
100,23.96315866720856,0.360944108
101,23.882475658167632,0.36442974999999933
102,23.80354474833827,0.3679239990000003
103,23.72631182555852,0.3715330829999992
104,23.65072490128433,0.3751362969999992
105,23.576734012284373,0.3786491499999993
106,23.504291129540796,0.382121197
107,23.43335007320542,0.38559844299999924
108,23.363866432543155,0.38920600500000013
109,23.295797489956225,0.3928062529999998
110,23.229102148384303,0.3962844610000005
111,23.163740861581022,0.3997553259999993
112,23.099675566953923,0.40332138900000025
113,23.036869620802307,0.40686133300000016
114,22.97528773589066,0.41045269399999995
115,22.914895921363108,0.41395538799999976
116,22.85566142503398,0.41742918799999984
117,22.797552678098373,0.4210091570000003
118,22.74053924229473,0.4246788549999998
119,22.684591759535145,0.42819501399999993
120,22.629681903992598,0.43170954100000003
121,22.57578233661,0.43519391099999893
122,22.52286666197257,0.4388108889999991
123,22.47090938746362,0.44243092299999986
124,22.419885884608572,0.4459264239999996
125,22.369772352496533,0.44940283899999933
126,22.320545783163634,0.4530040789999994
127,22.272183928814837,0.45660909499999924
128,22.224665270763072,0.46015561199999944
129,22.17796898996473,0.46367015799999933
130,22.132074939037285,0.4671855960000002
131,22.08696361565182,0.47076994399999883
132,22.042616137201012,0.4744475870000002
133,21.999014216654007,0.4779637069999989
134,21.95614013951761,0.48145881700000004
135,21.91397674183392,0.4849046440000002
136,21.87250738915152,0.4885575410000005
137,21.831715956416684,0.4921294249999999
138,21.79158680873505,0.49566520199999964
139,21.7521047829613,0.49916090299999993
140,21.71325517007711,0.5027682040000006
141,21.675023698319713,0.506395101999999
142,21.637396517026758,0.5100272889999999
143,21.600360181162472,0.5135663019999992
144,21.56390163649199,0.517134368999999
145,21.528008205369904,0.5207167429999995
146,21.492667573110605,0.5243582969999991
147,21.457867774907893,0.5278960569999995
148,21.423597183273504,0.5313824109999992
149,21.38984449596363,0.5349268639999991
150,21.35659872436774,0.538493699
151,21.323849182333646,0.5420948479999996
152,21.291585475408827,0.5456205250000004
153,21.2597974904786,0.549116948
154,21.228475385787895,0.5527043220000003
155,21.19760958133534,0.5562818269999994
156,21.167190749631896,0.5597586129999996
157,21.137209806820277,0.563259863999999
158,21.10765790415177,0.5667666659999995
159,21.07852641981972,0.5703380799999991
160,21.049806951149588,0.5738501520000003
161,21.021491327216516,0.5776221340000003
162,20.993571521464997,0.5814966770000005
163,20.96603976536018,0.5853024910000002
164,20.938888461721636,0.5891305449999997
165,20.91211019871326,0.5928764070000003
166,20.885697744092237,0.5967086399999992
167,20.859644039766902,0.6005674540000001
168,20.833942196647364,0.6042849520000004
169,20.80858548976658,0.60800272
170,20.7835673536544,0.6117815540000002
171,20.758881377942085,0.6155079990000001
172,20.73452130317514,0.6193225289999997
173,20.710481016813752,0.6231800209999996
174,20.68675454940128,0.6269226369999998
175,20.66333607088215,0.6306540710000004
176,20.64021988704879,0.6344348379999989
177,20.61740043610788,0.638232025999999
178,20.594872285348163,0.6419648030000005
179,20.572630127901366,0.6456984509999995
180,20.550668779585315,0.649378209
181,20.52898317582307,0.6532927589999993
182,20.507568368633088,0.6571325770000005
183,20.486419523682788,0.660841929
184,20.4655319174067,0.6645446499999998
185,20.44490093418335,0.668352968999999
186,20.424522063573768,0.6720993409999991
187,20.404390897613656,0.6758199449999989
188,20.384503128167715,0.6795956019999991
189,20.36485454433971,0.6835755739999989
190,20.345441029939753,0.6874759059999995
191,20.3262585610104,0.6913382969999997
192,20.307303203410253,0.6950423089999997
193,20.28857111045608,0.6987540370000005
194,20.270058520621415,0.7025750290000001
195,20.25176175529571,0.7064856400000004
196,20.233677216598103,0.7102879869999992
197,20.215801385250384,0.7141638029999999
198,20.19813081850586,0.7181240679999998
199,20.18066214813454,0.7220559390000005
