iter,eval_func_value,time
0,4.735187065638742e-09,0.006287042999996828
1,4.571896511696096e-09,0.012339090999997637
2,1.6634556525171095e-08,0.01837191499999946
3,1.6634587024890222e-08,0.0244277799999999
4,1.66345632420025e-08,0.03054967999999647
5,1.6634557109136143e-08,0.03657819599999712
6,1.6634555444771588e-08,0.04259346899999983
7,1.663455510589913e-08,0.04860225699999887
8,1.6634546280337267e-08,0.054651228999997414
9,1.663456825498655e-08,0.060744866999996816
10,1.663455638271503e-08,0.06676634699999795
11,1.663454925907492e-08,0.07275985699999765
12,1.6634560299534145e-08,0.07880113299999891
13,1.663451926299954e-08,0.08480466099999973
14,1.6634558158321973e-08,0.09090779599999976
15,1.663456278278252e-08,0.09690170599999703
16,1.6634563433801607e-08,0.10292748599999868
17,1.6634574669068585e-08,0.10894482999999866
18,1.663459065556502e-08,0.11497013799999678
19,1.663455969892142e-08,0.12098500699999803
20,1.663456255925724e-08,0.12699262099999942
21,1.663457237536183e-08,0.1330420849999996
22,1.6634558892033493e-08,0.13904918799999777
23,1.663454628921056e-08,0.1450633769999996
24,1.6634563439954226e-08,0.15109061899999787
25,1.66345502315613e-08,0.15716111099999708
26,1.6634548008773337e-08,0.16318233099999802
27,1.66345606092655e-08,0.16922734699999964
28,1.663456623059216e-08,0.17528841999999756
29,1.663457274697215e-08,0.1813048509999966
30,1.663456546050876e-08,0.18732236599999652
31,1.663457576409389e-08,0.1933063319999988
32,1.6634580650429766e-08,0.19931259599999862
33,1.6634544263164137e-08,0.20566136899999776
34,1.6634557192243998e-08,0.21163787499999742
35,1.6634561541081208e-08,0.2177081959999967
36,1.663456155748756e-08,0.22377311899999697
37,1.6634580247022496e-08,0.22977142399999906
38,1.6634579443808813e-08,0.23577227999999906
39,1.663455779536692e-08,0.2417443679999991
40,1.663458051872842e-08,0.24773316899999998
41,1.6634549336756723e-08,0.2538175659999986
42,1.663455094358308e-08,0.26009620999999683
43,1.6634580681455848e-08,0.2661098559999999
44,1.6634556464677537e-08,0.2722042619999989
45,1.6634562721419006e-08,0.2782324779999996
46,1.6634580120056744e-08,0.284206680999997
47,1.6634559274333843e-08,0.29026686499999954
48,1.6634556267680256e-08,0.2962929769999967
49,1.6634552188126397e-08,0.30233181999999914
50,1.6634530660862426e-08,0.3084059419999967
51,1.6634535106973502e-08,0.31440365099999923
52,1.663456891205436e-08,0.3204957649999969
53,1.6634579305285346e-08,0.32652016999999844
54,1.6634543757018246e-08,0.33252117299999995
55,1.6634577494314307e-08,0.3386297749999976
56,1.6634577991308566e-08,0.34468231399999993
57,1.663456523843828e-08,0.35069479799999925
58,1.6634572823445282e-08,0.356922136999998
59,1.6634549813766828e-08,0.3629226889999977
60,1.6634573561438907e-08,0.36903337899999755
61,1.6634569563979303e-08,0.37514473899999956
62,1.663456810099563e-08,0.3811476749999976
63,1.6634578189367947e-08,0.38723999099999773
64,1.6634572187717724e-08,0.39332417699999667
65,1.6634571196279694e-08,0.3993643129999995
66,1.6634537459539247e-08,0.40547024099999973
67,1.6634557288589066e-08,0.4115056879999983
68,1.663453385490027e-08,0.4175137729999996
69,1.6634562901368955e-08,0.4236448899999985
70,1.6634562623603155e-08,0.4296552749999982
71,1.6634563208236326e-08,0.43579096999999933
72,1.6634558027627274e-08,0.44185421999999974
73,1.663455785107385e-08,0.4479235399999979
74,1.6634562525106362e-08,0.4540399399999977
75,1.663457741948598e-08,0.4601334389999998
76,1.6634566659820452e-08,0.4661559839999967
77,1.663456606817957e-08,0.4722359759999968
78,1.663454497813878e-08,0.4783785569999992
79,1.6634583804374842e-08,0.48439972799999964
80,1.6634565418298628e-08,0.4905284079999994
81,1.663456348520674e-08,0.49655037799999846
82,1.6634539900881355e-08,0.5025730929999987
83,1.6634551498325357e-08,0.5086421649999977
84,1.6634549209121478e-08,0.5146123779999989
85,1.6634556307515858e-08,0.5206907969999968
86,1.6634580447781636e-08,0.526768140999998
87,1.6634558246713474e-08,0.532862239
88,1.6634547182188016e-08,0.5390478209999969
89,1.663453655615058e-08,0.5451162499999995
90,1.663455352636838e-08,0.5511257189999981
91,1.6634559084260867e-08,0.5572893069999978
92,1.663456928282845e-08,0.5633135019999997
93,1.6634591332458217e-08,0.5693951169999991
94,1.6634571313383366e-08,0.5754526739999974
95,1.6634550182913872e-08,0.5814381259999983
96,1.6634572953770996e-08,0.5876124559999987
97,1.6634567402909192e-08,0.5936019579999972
98,1.6634580983997955e-08,0.5996122209999974
99,1.6634544851001816e-08,0.6057189339999987
100,1.6634548353516395e-08,0.6117612969999975
101,1.6634560139669332e-08,0.6178189569999972
102,1.6634549049549e-08,0.6238960329999976
103,1.6634545218849958e-08,0.6299568249999972
104,1.6634554870137127e-08,0.6360582379999968
105,1.6634560538013406e-08,0.6421157569999991
106,1.6634568965799355e-08,0.6481015289999981
107,1.6634563363194386e-08,0.6542242879999982
108,1.663457205151885e-08,0.6602802339999982
109,1.663458226822696e-08,0.6662866079999965
110,1.6634593958323242e-08,0.6724815419999999
111,1.663456575593426e-08,0.6785017419999981
112,1.663457139309501e-08,0.6845395339999989
113,1.6634545964433885e-08,0.6905916529999985
114,1.6634600005342625e-08,0.6965832679999977
115,1.663455778923107e-08,0.7027287419999979
116,1.663457486159404e-08,0.7087584309999997
117,1.6634567912626342e-08,0.7147338629999993
118,1.6634557430519025e-08,0.7208637959999997
119,1.6634567367195335e-08,0.7268863019999969
120,1.6634594517994935e-08,0.7330156639999998
121,1.663456884445011e-08,0.7391635789999995
122,1.6634560840719202e-08,0.745200471999997
123,1.6634528536609747e-08,0.7512650639999983
124,1.6634568387913446e-08,0.757319257999999
125,1.6634570648315423e-08,0.7633433359999984
126,1.6634573388084535e-08,0.7694842339999965
127,1.6634592193234386e-08,0.7755389989999983
128,1.6634543995848883e-08,0.7814737859999994
129,1.6634576995844735e-08,0.7875863879999976
130,1.6634553796815765e-08,0.7936187689999983
131,1.6634538545182273e-08,0.7996050449999998
132,1.6634561567064787e-08,0.8057253519999996
133,1.6634540266008618e-08,0.8117297119999982
134,1.6634574358839926e-08,0.817808479
135,1.663456924933979e-08,0.8238337299999969
136,1.663457986232487e-08,0.8298889849999966
137,1.6634587905442487e-08,0.8360579429999966
138,1.6634543084946737e-08,0.8420870289999982
139,1.6634578861157156e-08,0.848075669
140,1.6634553223702906e-08,0.8542297429999977
141,1.663454528850553e-08,0.8602792349999966
142,1.6634568927727296e-08,0.8663237909999992
143,1.663455462001146e-08,0.8729406699999984
144,1.663457149773496e-08,0.8789443279999993
145,1.663457100843252e-08,0.885030098999998
146,1.6634566943112553e-08,0.8910668069999979
147,1.6634583869934477e-08,0.8971094449999981
148,1.6634567485053292e-08,0.9031433689999986
149,1.663456236161561e-08,0.9091132329999994
150,1.663455393975069e-08,0.9151185549999994
151,1.6634571666953195e-08,0.9211817319999973
152,1.6634570835933406e-08,0.9272192629999978
153,1.6634562670150067e-08,0.9333233709999966
154,1.6634581823510523e-08,0.939347055999999
155,1.6634575953358826e-08,0.945347586999997
156,1.6634567387481413e-08,0.9514218639999967
157,1.6634581537250594e-08,0.9574704549999993
158,1.6634543610569035e-08,0.9634770689999996
159,1.6634572597435312e-08,0.9700085059999992
160,1.663456912129132e-08,0.9760239359999971
161,1.663456002937355e-08,0.9820317829999965
162,1.6634559594446046e-08,0.9880666699999985
163,1.6634549671217973e-08,0.9940319289999984
164,1.6634548414556554e-08,1.000022003999998
165,1.6634596752246202e-08,1.0060751939999975
166,1.663457742169653e-08,1.0120532029999971
167,1.6634545236176245e-08,1.0186116599999977
168,1.663455965897228e-08,1.0246572469999968
169,1.6634552100781842e-08,1.0306376019999988
170,1.663456684097419e-08,1.0366644339999986
171,1.6634569824739594e-08,1.0426535649999984
172,1.6634560955908245e-08,1.0486628829999987
173,1.6634546786473848e-08,1.054766137999998
174,1.6634564864393926e-08,1.0607538259999991
175,1.6634569547477265e-08,1.0671345609999996
176,1.6634557826757908e-08,1.073289472999999
177,1.6634571743254932e-08,1.079344827
178,1.663456354428816e-08,1.085373452999999
179,1.6634563176791862e-08,1.0913623139999977
180,1.6634571597444924e-08,1.0973796389999997
181,1.6634578594026738e-08,1.1034498109999973
182,1.6634533556891833e-08,1.109436475999999
183,1.663453659314264e-08,1.1154489039999973
184,1.663456726512633e-08,1.1214813239999977
185,1.6634556294189872e-08,1.1275250889999988
186,1.663455758129202e-08,1.1335499479999989
187,1.663455625688509e-08,1.1395816689999982
188,1.663455442379036e-08,1.1455771509999977
189,1.6634581217361964e-08,1.151634069
190,1.663456868798921e-08,1.157657295
191,1.663456501883504e-08,1.1636652689999991
192,1.6634563464689898e-08,1.1697566899999998
193,1.6634557453937358e-08,1.1757981609999995
194,1.6634561116361183e-08,1.1818066809999976
195,1.6634588660579953e-08,1.187826035999997
196,1.663457866804686e-08,1.1938619939999988
197,1.6634563588042435e-08,1.1998692659999968
198,1.663457363067146e-08,1.2058992829999973
199,1.663456807628003e-08,1.2120235479999977
