iter,eval_func_value,time
0,9.124045056089682e-09,0.24387362000015855
1,1.0035164253843328e-08,0.49507191500015324
2,1.0035731864356616e-08,0.7056001949999882
3,1.0035027811769972e-08,0.8767073630001505
4,1.0035053780294112e-08,1.1286200260001351
5,1.0034998604105858e-08,1.3337620340003014
6,1.003504421714529e-08,1.619025707000219
7,1.0035681245334397e-08,1.8325728210002126
8,1.0035135308069486e-08,2.03206851799996
9,1.0035082006915584e-08,2.232970402000319
10,1.0035119789279175e-08,2.5754589080002006
11,1.0035054081594566e-08,2.7873493010001766
12,1.005940492866984e-08,2.998593373999938
13,1.0035072662051892e-08,3.2918842880003467
14,1.0035088493612108e-08,3.4903390560002663
15,1.0035069059667493e-08,3.7252011509999647
16,1.0035044011540975e-08,4.018832786000075
17,1.0035301153159292e-08,4.242002324000168
18,1.0035070319783819e-08,4.646842284000286
19,1.003509467002807e-08,5.097693566000089
20,1.0035039192185182e-08,5.53546600000027
21,1.0035056954646936e-08,5.7602620850002495
22,1.0035271041173301e-08,5.968833921000169
23,1.0035097429864502e-08,6.268445933000294
24,1.0035087556496148e-08,6.49015966900015
25,1.0035061146267454e-08,6.677931524000087
26,1.0035159602690903e-08,6.934801077999964
27,1.0035120438550338e-08,7.153245470000002
28,1.0035042639656028e-08,7.361233998999978
29,1.0035239367412754e-08,7.570276437000302
30,1.0035058791999909e-08,7.826562254000237
31,1.0035110867530452e-08,8.034284887000013
32,1.0035027951877558e-08,8.235945687999902
33,1.003507153419749e-08,8.48393415999999
34,1.0035090087622214e-08,8.709617329000139
35,1.0035059077048541e-08,8.93250590200023
36,1.0035063293599863e-08,9.182603510000263
37,1.0035062638490129e-08,9.382736297000065
38,1.0035733299833115e-08,9.618837476999943
39,1.0035090062191886e-08,9.960488770000211
40,1.0035147226145613e-08,10.28487287200005
41,1.0035057921754055e-08,10.508772588000284
42,1.0035034873463609e-08,10.72925879100012
43,1.0035060977309546e-08,11.077013288000217
44,1.0035049144119707e-08,11.4247455550003
45,1.0035047434618108e-08,11.635949413000162
46,1.0035059151531265e-08,11.82221678299993
47,1.0035067004918576e-08,12.045864403999985
48,1.0035193683060008e-08,12.366947464000077
49,1.0035055356824518e-08,12.663067439000315
50,1.0035063352962928e-08,12.918521184999918
51,1.0035241793916432e-08,13.154665554000076
52,1.0035085319558622e-08,13.361415972000032
53,1.0035056837345157e-08,13.579730385999937
54,1.0034990379728022e-08,13.823298433000218
55,1.003507755665596e-08,14.065899953000098
56,1.0035089818035693e-08,14.30011770100009
57,1.0034987454706742e-08,14.582412314000067
58,1.0035041708658674e-08,14.804329317000338
59,1.0034994528732815e-08,15.01292598100008
60,1.003504412713503e-08,15.28386353499991
61,1.0035184948479292e-08,15.502895829999943
62,1.0035059892410106e-08,15.721843387000263
63,1.0035072434894895e-08,15.987794058999953
64,1.0035050395891723e-08,16.214803630000006
65,1.0035055274151588e-08,16.43664741900011
66,1.0035445558112841e-08,16.694654057000207
67,1.0035086609842218e-08,16.893813906000105
68,1.0035051676033034e-08,17.084758824000346
69,1.0034888317901086e-08,17.296969210000043
70,1.0035048437704537e-08,17.530092290000084
71,1.0035008615757099e-08,17.772759126999972
72,1.0035185622561932e-08,18.039755555000283
73,1.003509809929728e-08,18.284572502000174
74,1.0035040319099102e-08,18.485943212000166
75,1.008970009752598e-08,18.687469364000208
76,1.0035259398542799e-08,18.958238744000028
77,1.0035030793309059e-08,19.196334449999995
78,1.0035070657038128e-08,19.412923883000076
79,1.0035038494792919e-08,19.71957942500012
80,1.0035069493153341e-08,19.92740736299993
81,1.003513359740437e-08,20.13529193500017
82,1.0035049726327446e-08,20.349070975999894
83,1.0035180604539795e-08,20.63471786800028
84,1.0035257429290923e-08,20.85134423699992
85,1.0035160400785484e-08,21.089756253999894
86,1.0035166923393403e-08,21.336451777000093
87,1.0035060696755807e-08,21.555479400999957
88,1.0035039669879893e-08,21.803493293999963
89,1.0035058719901321e-08,22.06769727200026
90,1.0035230958282409e-08,22.31083943900012
91,1.0035095517764871e-08,22.550528256000234
92,1.0035092284684747e-08,22.77827386600029
93,1.003501729636505e-08,23.03854460499997
94,1.0039414683056831e-08,23.273033983999994
95,1.0035054457251946e-08,23.552957719999995
96,1.0035075764279662e-08,23.790043465000053
97,1.0035030109336055e-08,24.02437376900025
98,1.003517893791241e-08,24.386862172000292
99,1.0035045446648663e-08,24.611038744000325
100,1.003506683615327e-08,24.858111345999987
101,1.0035050744471327e-08,25.141731187000005
102,1.0035028594832796e-08,25.376499054000305
103,1.0035097331488795e-08,25.619032835000326
104,1.0035243484652547e-08,25.893693732999964
105,1.003507760727541e-08,26.12793598799999
106,1.0035051768558806e-08,26.379261262
107,1.0035050997723275e-08,26.656836188999932
108,1.003587001267032e-08,26.874413957000343
109,1.0035082367119895e-08,27.076065801999903
110,1.0033839255998515e-08,27.354195899999922
111,1.0035103524038406e-08,27.581674994999958
112,1.003512164902626e-08,27.859666431000278
113,1.0035208535507402e-08,28.198599881000064
114,1.0035041392531595e-08,28.39233808300014
115,1.0035054320045815e-08,28.522787365000113
116,1.0035052111110406e-08,28.67411141399998
117,1.0035041744338792e-08,28.899411907000285
118,1.0035140985461127e-08,29.124746785000298
119,1.0035060623344966e-08,29.36078373700002
120,1.0035046827571462e-08,29.657438173000173
121,1.003503864402833e-08,30.72020398299992
122,1.003506612699979e-08,31.383541443000013
123,1.0035100285515615e-08,31.70820252700014
124,1.0035051131276404e-08,31.914991106000343
125,1.0035082196883547e-08,32.6895109850002
126,1.0034978947642778e-08,32.859269165000114
127,1.0035103223614723e-08,33.091690110999934
128,1.0035076899936358e-08,33.30836395999995
129,1.0035049129891013e-08,33.53150413200001
130,1.003587698982495e-08,33.79232479000029
131,1.0035047238494845e-08,33.98999125199998
132,1.0035213317132507e-08,34.20450444300013
133,1.0035048191318548e-08,34.4840538870003
134,1.0035031068018169e-08,34.69146524000007
135,1.0035070260863866e-08,34.874768225000025
136,1.0035058108575418e-08,35.09772106700029
137,1.0035089416148786e-08,35.32066670700033
138,1.0035056420887735e-08,35.52426236000019
139,1.0035280012299139e-08,35.74189972300019
140,1.0035274888612028e-08,35.98558483200031
141,1.003507947340321e-08,36.19655287700016
142,1.0035875818102005e-08,36.41337931299995
143,1.0035116494274824e-08,36.65725537800017
144,1.0035053109820689e-08,36.861056782000105
145,1.0035122158235966e-08,37.07540985800006
146,1.0035061971382706e-08,37.261191772000075
147,1.0035080788255765e-08,37.46381912600009
148,1.0039048403991615e-08,37.677235290000226
149,1.0035048208936063e-08,37.865108581000186
150,1.0035042719183576e-08,38.17973656899994
151,1.0035043032873389e-08,38.45457768799997
152,1.0035045443512984e-08,38.659039339000174
153,1.0035059899267035e-08,38.84814424900014
154,1.0056940017512154e-08,39.053979229000106
155,1.0035039967274872e-08,39.24530639300019
156,1.0035045765473615e-08,39.44746931999998
157,1.0035166732737175e-08,39.634184670000195
158,1.0035042590836204e-08,39.830079837000085
159,1.0035038399178242e-08,40.0424222229999
160,1.0052589755545807e-08,40.25617329600027
161,1.0035060662088544e-08,40.449919345000126
162,1.00351208770412e-08,40.643369479000285
163,1.0035102070276181e-08,40.9154514060001
164,1.0040843785382268e-08,41.10978944599992
165,1.0035052102652866e-08,41.302997975999915
166,1.0035069606883575e-08,41.49545971799989
167,1.0035051748296135e-08,41.71253700200032
168,1.0035051587943482e-08,41.90617161399996
169,1.0035053408156106e-08,42.10945847600033
170,1.003504715672932e-08,42.323491838000336
171,1.0035065047943801e-08,42.648602465000295
172,1.0035047919858337e-08,42.88903574899996
173,1.0035052091867112e-08,43.108189119000144
174,1.0035077030453048e-08,43.824822467000104
175,1.0035101922374688e-08,44.02518219800004
176,1.0035056576117684e-08,44.2401857750001
177,1.0035122677053503e-08,44.509905508999964
178,1.003503904477217e-08,44.688442166000186
179,1.0035064552091205e-08,44.87851920999992
180,1.003512250966213e-08,45.12911212100016
181,1.0035051357245921e-08,45.32407442600015
182,1.0035061501288732e-08,45.536085945000195
183,1.0035029519220342e-08,45.71426697600009
184,1.0035036065803971e-08,45.96294062700008
185,1.0034984710214013e-08,46.198210157000176
186,1.0035116001804194e-08,46.37005086099998
187,1.003504317843192e-08,46.61581427600004
188,1.003506680392345e-08,46.81547234100026
189,1.0035200582198992e-08,46.98913588999994
190,1.0035099718958181e-08,47.221504087000085
191,1.0035030992129059e-08,47.401822989000266
192,1.0035042201402806e-08,47.58058340400021
193,1.0035047737772111e-08,47.947829987000205
194,1.0035090374646369e-08,48.180955925000035
195,1.0035053668315747e-08,48.41423669999995
196,1.003505434328473e-08,48.59432096899991
197,1.003509913264953e-08,48.83806421600002
198,1.0035072003869807e-08,49.20229177300007
199,1.0035045688374858e-08,49.44493112000009
