iter,eval_func_value,time
0,4.832120264952638e-09,0.009497466000000898
1,4.1197476485617484e-09,0.02343814000000144
2,1.6569380247300113e-08,0.03309257200000104
3,1.656937784732819e-08,0.04484871600000062
4,1.656933870391335e-08,0.054206905000000916
5,1.656938357248588e-08,0.06374629799999987
6,1.6569364725772476e-08,0.07265763500000055
7,1.6569376003999688e-08,0.08119778300000036
8,1.6569362160524735e-08,0.08991732900000038
9,1.6569356365381716e-08,0.09890679400000124
10,1.656935114911925e-08,0.10818326500000097
11,1.6569396916314447e-08,0.11683827400000091
12,1.6569393697688215e-08,0.12549405100000044
13,1.6569364934166182e-08,0.13901274200000024
14,1.6569382077491342e-08,0.14891237199999985
15,1.656936425898694e-08,0.15771191600000023
16,1.6569341357719127e-08,0.16685891400000052
17,1.656939687468399e-08,0.17552210400000057
18,1.6569375725885367e-08,0.19027308700000134
19,1.656937057836325e-08,0.2020652460000001
20,1.6569369490110782e-08,0.210908753
21,1.6569381302243617e-08,0.21965273700000054
22,1.656937311342891e-08,0.2292084729999999
23,1.6569389165232986e-08,0.23854921700000098
24,1.656936573877024e-08,0.24739674899999997
25,1.6569369119404768e-08,0.256526053
26,1.65693646435726e-08,0.26544464500000053
27,1.6569378131228683e-08,0.27514780500000136
28,1.6569366499104005e-08,0.2845033930000014
29,1.656934058989235e-08,0.29345815900000005
30,1.656938655215036e-08,0.30237167200000137
31,1.6569363883944232e-08,0.3119281090000001
32,1.6569381634194168e-08,0.32111775800000153
33,1.6569355780390825e-08,0.3298983680000003
34,1.6569338704846148e-08,0.3390949670000012
35,1.656937874712848e-08,0.3480395290000011
36,1.6569369127225063e-08,0.3571505890000015
37,1.6569394729724113e-08,0.3658517960000012
38,1.656934861766961e-08,0.37499871500000026
39,1.656933976393539e-08,0.3862472980000007
40,1.6569351083191586e-08,0.4029908020000015
41,1.656937753726115e-08,0.41674529900000046
42,1.6569356337722358e-08,0.43002295700000026
43,1.65693940650032e-08,0.4422236890000004
44,1.656935256343021e-08,0.4512447670000004
45,1.656937250932305e-08,0.4603200970000003
46,1.6569359798939257e-08,0.4693906690000009
47,1.6569352920707834e-08,0.47852015900000033
48,1.6569323317150753e-08,0.4875516910000002
49,1.6569344207296413e-08,0.49674188700000066
50,1.6569356048741236e-08,0.5057218209999998
51,1.6569380367171842e-08,0.5144789200000002
52,1.6569368391542097e-08,0.5240850660000014
53,1.6569387790648993e-08,0.5329839249999999
54,1.65693883802414e-08,0.541896285
55,1.6569362943542486e-08,0.5509546930000013
56,1.6569376088444654e-08,0.5599682600000015
57,1.6569356034334522e-08,0.5695103240000012
58,1.656938100297579e-08,0.5786078060000008
59,1.656936885666992e-08,0.5875260760000014
60,1.656935814201639e-08,0.5961409530000008
61,1.6569374657209298e-08,0.6050365680000009
62,1.6569365347486758e-08,0.6141122180000007
63,1.656937448648482e-08,0.6230396860000003
64,1.656936129949474e-08,0.6317582160000015
65,1.6569369549345292e-08,0.640278030000001
66,1.6569367805462174e-08,0.6495472119999999
67,1.6569390115747558e-08,0.6582770060000005
68,1.6569383434821628e-08,0.6679327210000015
69,1.656937238258e-08,0.6767228980000013
70,1.65693760820807e-08,0.6859755200000013
71,1.6569371822250795e-08,0.6967437690000011
72,1.656937092054371e-08,0.7081031119999999
73,1.6569353753226872e-08,0.7193111260000009
74,1.6569375979689776e-08,0.7285166040000011
75,1.6569388994623312e-08,0.7374942410000003
76,1.6569342211589112e-08,0.7461913430000013
77,1.6569376065350867e-08,0.7609454710000012
78,1.6569387599797075e-08,0.7714198060000008
79,1.656936321305634e-08,0.7805841460000007
80,1.6569385999595262e-08,0.7892694280000008
81,1.6569396322060917e-08,0.7978356680000012
82,1.656936540676061e-08,0.8064052430000004
83,1.6569368915031352e-08,0.8152719790000003
84,1.6569360180914657e-08,0.8238832250000012
85,1.6569371261663896e-08,0.8324618990000001
86,1.6569363531986773e-08,0.8419444820000006
87,1.6569370289634936e-08,0.8515103650000011
88,1.6569378386278314e-08,0.8620817390000006
89,1.6569370540787176e-08,0.8736694920000012
90,1.656939817964328e-08,0.8827115750000001
91,1.6569353568704195e-08,0.891750128
92,1.6569383301561365e-08,0.9009347340000016
93,1.6569379833886618e-08,0.9104176390000003
94,1.6569383672539922e-08,0.9195437210000001
95,1.6569372131241638e-08,0.9285742050000003
96,1.656935062062508e-08,0.9373023800000002
97,1.6569377206585974e-08,0.9499333540000006
98,1.656935400164577e-08,0.9639350580000006
99,1.6569378658411984e-08,0.9732090710000012
100,1.656936376365174e-08,0.9836654459999998
101,1.656940234791973e-08,0.9929107780000006
102,1.6569388858597643e-08,1.0018222800000007
103,1.6569368092073943e-08,1.0104537660000013
104,1.656934007877781e-08,1.0193581219999999
105,1.6569373537765665e-08,1.029409717
106,1.6569340621399414e-08,1.03909406
107,1.65693611077588e-08,1.0485114720000013
108,1.6569377223361128e-08,1.0574939080000014
109,1.6569388966857814e-08,1.0669511539999998
110,1.656934444316701e-08,1.076496486
111,1.656939007972383e-08,1.085246583
112,1.656935875184168e-08,1.094036668000001
113,1.6569361297039764e-08,1.1028736020000007
114,1.656938667492487e-08,1.1118082470000008
115,1.6569366935504015e-08,1.121138202000001
116,1.6569362066842947e-08,1.1300560730000004
117,1.6569385235340453e-08,1.138677693
118,1.6569323431088433e-08,1.1472433670000015
119,1.6569359275911446e-08,1.1564312690000005
120,1.6569361268009814e-08,1.1651825440000003
121,1.6569337667595654e-08,1.1750440400000013
122,1.6569336984101118e-08,1.1888956960000012
123,1.656938564071649e-08,1.201544247000001
124,1.656934737677691e-08,1.2109270710000004
125,1.6569387854976103e-08,1.2194494450000004
126,1.6569365127032008e-08,1.231884656
127,1.656938554415613e-08,1.2434421489999998
128,1.6569336694119673e-08,1.252670341
129,1.6569388440207154e-08,1.2615569090000012
130,1.6569385990230373e-08,1.2707170090000002
131,1.656933983430064e-08,1.279763742
132,1.656937629736733e-08,1.2894356350000002
133,1.6569365318239e-08,1.2987225430000002
134,1.6569360038443987e-08,1.307877714
135,1.6569376025134053e-08,1.316953389
136,1.6569358991292408e-08,1.3264468480000016
137,1.6569368930067424e-08,1.3358519920000003
138,1.65693547422121e-08,1.3449870820000012
139,1.6569357264847197e-08,1.3536469790000005
140,1.656935372642654e-08,1.3623897230000015
141,1.6569333154335833e-08,1.372075197000001
142,1.656938359519446e-08,1.3813469320000014
143,1.6569368037470996e-08,1.3902106990000007
144,1.6569343002141287e-08,1.3989650660000006
145,1.656938163525555e-08,1.4080079320000003
146,1.6569366396444333e-08,1.4198034550000003
147,1.6569377627489424e-08,1.4310457250000006
148,1.6569386207797764e-08,1.4432471820000004
149,1.6569352968527916e-08,1.4525885800000005
150,1.656936211135225e-08,1.463639177000001
151,1.6569351208855733e-08,1.4723682480000004
152,1.656937350446572e-08,1.481135482000001
153,1.656936461549502e-08,1.4897791600000012
154,1.6569347864400364e-08,1.4989597260000007
155,1.656938738276111e-08,1.5077930970000004
156,1.656936056916301e-08,1.516339104
157,1.6569365994579282e-08,1.5270505930000002
158,1.6569341472146502e-08,1.5364003090000011
159,1.656937243600112e-08,1.5483514360000008
160,1.65693662938167e-08,1.5586364980000003
161,1.6569382246758893e-08,1.5678067599999999
162,1.6569369865920283e-08,1.576358712000001
163,1.656936703838171e-08,1.585672948000001
164,1.65693880182307e-08,1.5945249019999999
165,1.656937484073323e-08,1.6030646630000014
166,1.6569341335867063e-08,1.6115587910000002
167,1.6569382221784622e-08,1.6204389730000006
168,1.6569381221926225e-08,1.6293768069999999
169,1.6569357374947924e-08,1.6378599080000011
170,1.6569369193131714e-08,1.6469833110000014
171,1.6569359903010797e-08,1.6565403220000015
172,1.6569374650202787e-08,1.6670460240000011
173,1.6569403175813574e-08,1.676563895000001
174,1.656937199772798e-08,1.6852209260000013
175,1.6569377318296723e-08,1.6936854449999998
176,1.656935698224021e-08,1.7021667910000016
177,1.6569369682633652e-08,1.711082846
178,1.656935835049235e-08,1.7215340660000003
179,1.656935938058433e-08,1.7324117360000013
180,1.656935767965391e-08,1.7436697910000003
181,1.6569383141850848e-08,1.7538246760000007
182,1.6569344643574864e-08,1.7632033960000015
183,1.6569393433410686e-08,1.7736073170000015
184,1.6569361995218655e-08,1.7824155000000008
185,1.6569386980750027e-08,1.7912872350000004
186,1.656936891340717e-08,1.8006878000000004
187,1.6569373291139456e-08,1.809478619
188,1.6569361997691842e-08,1.8182731090000015
189,1.6569365632153743e-08,1.8267346629999999
190,1.6569351104474755e-08,1.8434138230000006
191,1.6569340330410606e-08,1.852618103000001
192,1.656937828020743e-08,1.8615010820000002
193,1.656938316925394e-08,1.8701412060000013
194,1.656938321361011e-08,1.8816854240000005
195,1.6569365928116763e-08,1.8903111250000002
196,1.6569369839312953e-08,1.8988563990000014
197,1.6569363083193224e-08,1.9074020650000012
198,1.6569377032695365e-08,1.915952829
199,1.6569404723154002e-08,1.9250892850000003
