iter,eval_func_value,time
0,3.3967536454717355,0.00280604399999973
1,3.438761813506936,0.004609563999999899
2,3.362099240592178,0.006374832999999747
3,3.322264173093794,0.008172591999999312
4,3.310126750424738,0.00995343799999926
5,3.2940731185380563,0.011740737999999418
6,3.2761212544393428,0.01352998099999958
7,3.256525565631807,0.01530681099999942
8,3.2386864389426857,0.017079030999999745
9,3.221332023507829,0.01885285599999964
10,3.2030287102847743,0.02064259999999951
11,3.1852489768048624,0.02241549199999948
12,3.1667111730212842,0.024176991000000037
13,3.14846536756506,0.02593705899999943
14,3.1309842334431894,0.027702406999999596
15,3.1091546519939195,0.029490597999999757
16,3.096691855155249,0.03126617499999984
17,3.0777741170409874,0.0330532029999997
18,3.0621482794928534,0.034844278999999645
19,3.044879158514754,0.03670345299999944
20,3.027735305927682,0.03848211700000004
21,3.0104677481151056,0.040252034999999964
22,2.9926576691292737,0.04204566700000001
23,2.974065807254086,0.04383290599999956
24,2.96005813322869,0.045610076
25,2.9439134923092567,0.047394618999999416
26,2.9241285707692715,0.04917545699999959
27,2.9095305845358563,0.05096080199999964
28,2.8944287554975787,0.052736578999999395
29,2.878114099907335,0.05450991199999944
30,2.8624481449220123,0.0562744189999993
31,2.844912957270246,0.058045567999999825
32,2.8297899451004676,0.059816706999999525
33,2.8148014973619704,0.06158048100000002
34,2.7989479065319864,0.06335593799999995
35,2.78386822012165,0.06512890099999957
36,2.7796602748395802,0.06689979999999984
37,2.753109496119273,0.06867485599999945
38,2.7371895735494163,0.07044438099999972
39,2.7224751864171703,0.07221523999999935
40,2.7046642744277607,0.07400347199999935
41,2.691841217329285,0.07578524099999928
42,2.6756023576574854,0.07757706899999928
43,2.660960751296278,0.0793772929999994
44,2.6487406996768783,0.0811582409999998
45,2.6341614546401053,0.08294052099999938
46,2.6193630379171924,0.0848647369999993
47,2.605801954321873,0.08667999700000006
48,2.5897696650424895,0.08846684499999924
49,2.576716400982437,0.09024704099999958
50,2.5633558783294497,0.09202318999999992
51,2.5447796219649743,0.09380264399999927
52,2.5322194684032997,0.0956074169999992
53,2.5204511915980974,0.09739397400000005
54,2.4965035595761775,0.09923015499999988
55,2.4908376330498045,0.10101640300000003
56,2.481170836667563,0.10281010299999949
57,2.467611901597436,0.10460926599999976
58,2.451599571093658,0.10640215499999961
59,2.4405807060521614,0.10817165099999926
60,2.4270785524094096,0.10994923199999995
61,2.4141817259390166,0.11173216299999922
62,2.4009834385495905,0.11351617599999919
63,2.386761721336065,0.11529585099999995
64,2.3737583091324206,0.117086778
65,2.361053468309764,0.11888274299999946
66,2.3471450454130096,0.1206642819999999
67,2.3353356831079197,0.12244530899999972
68,2.3226172470646267,0.12424329799999967
69,2.309630138875749,0.1260301859999995
70,2.2967946729782365,0.12781460999999972
71,2.283383605002355,0.12961059600000002
72,2.2710507340149486,0.13140860499999985
73,2.2585410310645737,0.1332512579999996
74,2.244634621911072,0.13505981699999925
75,2.2330504276771674,0.13684665499999937
76,2.220954435738818,0.13863353399999934
77,2.2087267706044647,0.1404308219999999
78,2.1962384208522523,0.14221843099999987
79,2.184186554050462,0.14401136099999956
80,2.170517401252512,0.14581787599999974
81,2.1591429658046164,0.14760829999999991
82,2.147221729663879,0.14939308399999973
83,2.1350426189818363,0.151192848
84,2.1225130878848675,0.15298117999999938
85,2.109739859657466,0.15475701899999983
86,2.0986538417745377,0.15653051399999995
87,2.0874876948167063,0.1583273709999995
88,2.070419153390791,0.16010480199999932
89,2.062856588107652,0.16189989599999954
90,2.0511635274450684,0.16371490799999933
91,2.0400814452276985,0.16551451999999944
92,2.028606612630865,0.167304605
93,2.0170854529371,0.16909059299999996
94,2.004374862476516,0.17088745099999958
95,1.9934114099588773,0.17267543100000005
96,1.9819628394753703,0.17446746999999974
97,1.971443168099081,0.17626167199999987
98,1.9600440702049484,0.17805005299999976
99,1.9454857413193867,0.17984337499999992
100,1.9378179391761998,0.18167469599999997
101,1.9197208746519272,0.18346331799999938
102,1.909925465313207,0.18529576300000006
103,1.9039939777794954,0.18711171599999954
104,1.8932852722684508,0.18892250999999938
105,1.8829358670323912,0.19072220299999998
106,1.871945931560801,0.19252344799999932
107,1.8598929407904043,0.19432135799999983
108,1.8498686718017021,0.1961130459999998
109,1.8397299712393174,0.19789713899999928
110,1.828996180500809,0.19968197399999976
111,1.8181935867228722,0.2014775799999997
112,1.8056940158792176,0.2032698789999996
113,1.798015170082449,0.20505533499999995
114,1.7876711759671182,0.20685691199999923
115,1.7667984748960481,0.2086479489999995
116,1.7656189545278513,0.21045327199999964
117,1.756746429643532,0.21224952899999927
118,1.7462602450527793,0.21403798999999957
119,1.7358528836179947,0.21584679999999956
120,1.7265619388960112,0.21764252599999967
121,1.711480656038902,0.2194405039999996
122,1.7063117905486498,0.22124536699999986
123,1.696109767576896,0.2230488269999995
124,1.6854819940610057,0.2248489299999994
125,1.6767454652044385,0.22665576699999956
126,1.6672304516358711,0.22846868499999928
127,1.6576819864036347,0.23028071999999966
128,1.6458629311328756,0.23209885699999955
129,1.6383913882074945,0.23388740899999938
130,1.6260250298034968,0.2357258849999999
131,1.6094247118289058,0.237528964
132,1.6088641851594583,0.23932591199999997
133,1.6002006409709681,0.24112578499999948
134,1.5915614636010484,0.2429413389999997
135,1.5809980019488894,0.24474377599999997
136,1.5727374407179575,0.24654086500000005
137,1.5643301912576002,0.24833568699999997
138,1.554628974217322,0.2501462599999993
139,1.5458374948484526,0.2519540779999998
140,1.536702901567736,0.25375309899999987
141,1.5283460569967096,0.25555475599999955
142,1.5181769836671053,0.25735872599999965
143,1.4999602197597681,0.25916973899999984
144,1.5020716793335926,0.26097702499999986
145,1.4929622972172392,0.2627720689999995
146,1.4828014459003593,0.26457466799999985
147,1.4757825207487363,0.26637475199999994
148,1.4667439323848976,0.2681761979999999
149,1.4576952444544347,0.2700002959999992
150,1.4490712947691338,0.27180489899999927
151,1.4346088940877253,0.27361018199999965
152,1.4337123403926741,0.27541907200000004
153,1.4254882135763767,0.27722185899999996
154,1.4114679983401819,0.2790696819999994
155,1.4036348623988177,0.28089197799999965
156,1.400371255150012,0.282707319
157,1.3929653560980775,0.28454796899999923
158,1.3855596887639545,0.28634401500000006
159,1.3748683889566882,0.2881528049999993
160,1.3679349598718,0.2899559149999993
161,1.360960399115441,0.29175158899999953
162,1.353630015248574,0.29354589099999995
163,1.3419630131169267,0.295345513
164,1.3263127665748005,0.2971654029999993
165,1.3221841791905407,0.2989853739999999
166,1.3204235654561143,0.30079080799999947
167,1.3140996760300263,0.302592765
168,1.306609511478515,0.304408617
169,1.2989947256012062,0.3062173469999996
170,1.2907803002444742,0.3080222379999995
171,1.2817809720375928,0.3098345129999993
172,1.2759428194798879,0.3116525509999999
173,1.2677756664007724,0.3134536369999994
174,1.2592900354514558,0.31524553499999985
175,1.2517197979796275,0.31707495399999974
176,1.2426856965115933,0.31888235199999926
177,1.2377649736230574,0.3206945179999998
178,1.2295964032400664,0.32249552299999973
179,1.2216974594927597,0.3243033309999994
180,1.2125448819994025,0.32609837499999994
181,1.207348879075029,0.32795100699999935
182,1.2003006132576781,0.32975727299999935
183,1.1925622849825663,0.33158311499999993
184,1.1851291071568286,0.33338664500000004
185,1.1781302240296938,0.3352155529999994
186,1.1698183940091538,0.337020796
187,1.1629777170934796,0.33883720999999944
188,1.1556685824408395,0.34065741999999943
189,1.148425734030642,0.34247346299999926
190,1.141283842842442,0.34428319500000004
191,1.1330730300462568,0.34607926099999986
192,1.1269211119809495,0.3478881609999993
193,1.1171348093454918,0.3497043839999998
194,1.1125996802921476,0.3515141359999996
195,1.105522620729276,0.3533222449999993
196,1.096749419075113,0.3551461819999995
197,1.0913575305878935,0.3570110489999996
198,1.083710962186629,0.35881369599999946
199,1.077353273559092,0.3606284369999999
