iter,eval_func_value,time
0,3.9503351355460326,0.00234767300000005
1,3.7913397732275027,0.00447938999999975
2,3.6836273408253892,0.006561023000000166
3,3.602107561982001,0.00862492200000009
4,3.5534261588645637,0.010743755000000021
5,3.522002352821725,0.012830768999999798
6,3.487411374809821,0.014992292000000074
7,3.4657652949046085,0.017041303000000063
8,3.452003399219229,0.01914567899999975
9,3.436487895019902,0.021365652000000068
10,3.4223110934509844,0.023446733999999747
11,3.4087473960592014,0.02559615500000012
12,3.39590544870405,0.028075134999999918
13,3.383440989963859,0.03047449499999999
14,3.370876898292926,0.03286904600000007
15,3.3582592626526235,0.03525996099999995
16,3.345603403661084,0.037637310000000035
17,3.332922573201314,0.039971367000000146
18,3.3202264592769937,0.04237282099999984
19,3.3075288186419796,0.04480693700000016
20,3.294829241489793,0.047208211000000055
21,3.282132765822289,0.04957520000000004
22,3.2694452122224207,0.05193532699999981
23,3.2567677052909674,0.054366667000000035
24,3.2440998024754863,0.05710348200000004
25,3.231451298425165,0.05966036799999985
26,3.2188231783566734,0.061803476999999774
27,3.206216510750012,0.06394690599999997
28,3.1936343499303126,0.06604541100000016
29,3.1810797469342016,0.06816097799999987
30,3.168550599282582,0.07025452300000001
31,3.1560525108763193,0.07237285499999979
32,3.143582225879895,0.07447624899999994
33,3.1311450028094625,0.07663120999999995
34,3.118738420741385,0.07873938299999983
35,3.1063656037085012,0.08085086200000013
36,3.094024918898339,0.08304813200000005
37,3.081721175092394,0.08529433499999994
38,3.0694507536616107,0.0877153260000001
39,3.0572172301514535,0.08986333299999982
40,3.045019698787795,0.09205418200000004
41,3.0328570377953996,0.09422131499999997
42,3.020732192157183,0.0963787909999998
43,3.0086298793294817,0.09851653899999979
44,2.996561251194195,0.10064545100000011
45,2.9845250845454143,0.10276063699999982
46,2.9694591989414687,0.10495961099999995
47,2.9605527164338525,0.10728182599999991
48,2.9486190155287475,0.11022807499999976
49,2.9367183639988124,0.11242259999999993
50,2.924853671309654,0.1145665199999999
51,2.9130232910460214,0.11671556999999977
52,2.9012293009125214,0.11884048400000014
53,2.8894711259283024,0.12105418499999976
54,2.877749455408782,0.12357060599999992
55,2.8660648141076184,0.12595589000000018
56,2.8544169178561423,0.12831180799999986
57,2.842806658268852,0.13048294999999976
58,2.831233493847757,0.13264735799999983
59,2.819700489503116,0.13477286399999988
60,2.8082050333846316,0.13691586099999986
61,2.7967481601839927,0.13923740499999981
62,2.7823585393482264,0.1414249569999999
63,2.773935869126518,0.14358597000000017
64,2.7596147053997804,0.14599095999999978
65,2.7482924194205443,0.14814519000000015
66,2.7399553689314895,0.15024880399999985
67,2.728695098469769,0.15237476099999991
68,2.7174730096677857,0.15447225299999978
69,2.7062818699350983,0.15663725299999998
70,2.695111660936084,0.1587582799999998
71,2.6839714002172763,0.16086876799999983
72,2.6728596791728854,0.1629904259999999
73,2.6617791997691627,0.16520563999999993
74,2.6507284638269026,0.167552712
75,2.6397070751637077,0.16987672100000006
76,2.628718074379412,0.17208653500000004
77,2.6148662084496386,0.17421170900000016
78,2.606832622764855,0.17633758599999982
79,2.595937235322107,0.17848291799999982
80,2.5850736072180145,0.18067911699999994
81,2.5742420273118185,0.18305538399999977
82,2.5634428917708565,0.18526420599999982
83,2.5526764754219724,0.18742413600000019
84,2.541943118509024,0.18954492300000014
85,2.53124272007069,0.1916627740000001
86,2.520576500391597,0.19378493299999988
87,2.507095069051244,0.1958916529999999
88,2.4993437211064427,0.19800220999999985
89,2.488779430722965,0.20010584499999995
90,2.478248767196533,0.20272449700000017
91,2.4677534656664264,0.20494453000000012
92,2.4572934189302895,0.20712520899999998
93,2.446870154649954,0.2092833559999998
94,2.436468288608415,0.21145429699999996
95,2.4260976916021244,0.21365236900000006
96,2.4157598412133683,0.21580772999999986
97,2.4054495731375174,0.21794776300000018
98,2.3951636266331033,0.22008785600000014
99,2.384898289530196,0.22220482600000002
100,2.374661854302305,0.22438103600000003
101,2.364451893720657,0.2265095979999998
102,2.3542706174700654,0.22861062699999968
103,2.3441185784645624,0.23070218900000006
104,2.3339936441380784,0.23280936999999957
105,2.323899495150708,0.23507474800000017
106,2.313833963428032,0.23737058400000022
107,2.3037981638015985,0.23952858099999963
108,2.293792310569314,0.2416287579999996
109,2.2838170880969075,0.24371901799999973
110,2.2738711481859992,0.24580206299999974
111,2.2639559497961366,0.24789161099999957
112,2.254073268082914,0.2500214350000003
113,2.2414765960226,0.25209495299999984
114,2.234389976489001,0.2542291339999996
115,2.2245960018241226,0.2564928500000003
116,2.214833899222489,0.25856302100000006
117,2.2051048641046895,0.2606435020000002
118,2.1954098421771855,0.2627219489999999
119,2.1857508854809407,0.26486904499999975
120,2.176124499910439,0.2669859449999996
121,2.1665202947681865,0.26907549200000025
122,2.156950217450794,0.27114471200000034
123,2.14741450698158,0.27325560000000015
124,2.1379124966728367,0.2754061430000001
125,2.12575398426078,0.2774867139999997
126,2.119006256354643,0.27958249299999993
127,2.1096041810351878,0.28167664000000014
128,2.097559067808492,0.2837654060000001
129,2.0882259975285273,0.2858571580000002
130,2.0816005899894248,0.2879649709999996
131,2.072335888022036,0.29002581500000035
132,2.06310528499529,0.29209760900000026
133,2.0539112662457293,0.29416622800000036
134,2.0447525739646646,0.29625878100000014
135,2.0356292631904864,0.29850268899999977
136,2.0265430825022177,0.30061717399999965
137,2.0174935762659225,0.30268628399999953
138,2.012157144062003,0.3048273079999997
139,1.9995043537421864,0.3069010760000004
140,1.990567340208295,0.3089893519999998
141,1.9816686577513913,0.31106003400000004
142,1.972807802907175,0.31312873299999966
143,1.9639859700570756,0.3152218579999997
144,1.9588389214947746,0.31733917799999967
145,1.9464601013073544,0.3194100910000004
146,1.9377511623639845,0.32150894600000024
147,1.9290841588659902,0.3235889860000003
148,1.9204630338187132,0.325643989
149,1.9118771303541289,0.32770254900000007
150,1.905311525996464,0.3297710180000002
151,1.894806089112213,0.33190299499999965
152,1.8837541829098274,0.3343246770000001
153,1.8778754594584042,0.33642589700000025
154,1.8669065794632027,0.3385483570000001
155,1.8585380074418474,0.3408115310000004
156,1.8527564054333714,0.3428849589999996
157,1.844460920509775,0.3449572540000001
158,1.8361994603341663,0.34725778899999993
159,1.8279672271079408,0.3496097299999996
160,1.8197729910526408,0.35169893699999966
161,1.809084281972898,0.3537760620000001
162,1.8034677990297105,0.35583645499999994
163,1.7953834721749318,0.35788780099999995
164,1.7885394701504873,0.3600350779999997
165,1.78279365436529,0.3621409769999997
166,1.771317832778668,0.364234041
167,1.7633742342468006,0.3663148330000001
168,1.7554421237239695,0.36839741700000017
169,1.7475440669605713,0.3704610770000003
170,1.7396611368725239,0.37256812699999964
171,1.731806728554762,0.37464142499999964
172,1.7239798574207754,0.37672127499999997
173,1.7161823131792484,0.37879935100000006
174,1.7084134626194665,0.38088257699999994
175,1.7006750960678183,0.38297111299999953
176,1.692965856122688,0.38504783699999967
177,1.6852865992371584,0.38710802899999974
178,1.6776373595990175,0.38920306800000004
179,1.6700222778224127,0.39127578399999985
180,1.662434236943602,0.39337386799999985
181,1.6548647008227337,0.395440663
182,1.6473286152886202,0.3975179780000002
183,1.63983750276173,0.39957668800000024
184,1.6323551305264783,0.40166275900000015
185,1.6249103687778268,0.4037324100000004
186,1.6175101639592773,0.40582355099999967
187,1.6101347351270716,0.4079142010000001
188,1.6027871171705121,0.409986897
189,1.5954692231949188,0.41206813900000006
190,1.5881780719260936,0.41414226799999954
191,1.580915979195226,0.4162393999999998
192,1.5736822849353664,0.41830197700000005
193,1.5664788718565885,0.42036436399999966
194,1.5593041082320074,0.42244305199999976
195,1.5521584770712835,0.42462167699999975
196,1.5483739688564835,0.42670330000000023
197,1.537958899620025,0.4288320510000001
198,1.5342248862603194,0.43088735499999986
199,1.5238837891426151,0.43295320800000026
