iter,eval_func_value,time
0,3.707185593227607,0.003063311000000013
1,3.5441864345318845,0.006196235999999855
2,3.49730540036617,0.009119179999999893
3,3.4548882358567417,0.01301868500000003
4,3.4129434417722866,0.016337838999999965
5,3.371458675053877,0.019325657999999857
6,3.3303367243783546,0.022274324000000068
7,3.289622022543445,0.025126860999999945
8,3.2493542295954354,0.028954531999999977
9,3.2095085163891386,0.03327322799999988
10,3.1700993310091166,0.036419310999999954
11,3.131133083268762,0.03940531099999989
12,3.0926734692918396,0.042348977000000065
13,3.0618873369099475,0.045766360000000006
14,3.028310511396656,0.049191465000000045
15,2.97995668676023,0.05223301899999999
16,2.9431616799773623,0.05527846099999989
17,2.906719149803374,0.058348657000000026
18,2.8705904871457437,0.06155285900000007
19,2.8280854285645702,0.06456512700000006
20,2.799505409139816,0.06744348599999994
21,2.757932797099807,0.07022783099999996
22,2.7300595329219273,0.07317096299999992
23,2.6960003718605763,0.07616804900000007
24,2.672621798983304,0.079013679
25,2.6292464270311613,0.08183474099999999
26,2.5964810417459363,0.08476025499999995
27,2.57409679619369,0.08750908099999988
28,2.532274542691606,0.09078503700000007
29,2.500752532840277,0.09382965199999993
30,2.469557099664386,0.09684715599999993
31,2.438727080790165,0.099809979
32,2.417745634553744,0.10263461799999996
33,2.377954206107396,0.10549373000000006
34,2.347959768136914,0.10839915599999994
35,2.3182753641527287,0.11118114800000001
36,2.283082665967925,0.11402386799999986
37,2.268932364698805,0.11689856700000001
38,2.239986602351209,0.11969844699999999
39,2.2022074864850425,0.12253107299999999
40,2.1737957549120996,0.12532434799999992
41,2.1456542891404804,0.12826755499999987
42,2.1238845605787464,0.13111649599999997
43,2.0901297324700066,0.13413365599999993
44,2.0627513610410917,0.13712076499999992
45,2.035613526763129,0.1399874459999999
46,2.0087281357674733,0.14280753899999987
47,1.982122731458475,0.1455669719999999
48,1.9619343414592305,0.14835276799999986
49,1.9297845932584443,0.15119902499999993
50,1.903954686426984,0.153969963
51,1.8783894901532199,0.15674314499999986
52,1.853100477982841,0.15946426699999994
53,1.828100060163538,0.16230029599999996
54,1.8033949426503277,0.16512324
55,1.7789916219446353,0.168173111
56,1.749799385427973,0.17095094099999986
57,1.731092332465718,0.17378289899999988
58,1.707502196452957,0.17661431400000005
59,1.6814217631346464,0.179388031
60,1.6562228419676956,0.18213778999999986
61,1.638466464232785,0.18482766699999997
62,1.6160657570714234,0.1876282629999999
63,1.5939565467276284,0.19038098300000006
64,1.5721675626473481,0.19308391999999985
65,1.545755652200607,0.19575809399999988
66,1.5291539625350319,0.19845657000000005
67,1.5080321050546175,0.20115472899999998
68,1.4871962790048256,0.20387638299999988
69,1.4640697657460584,0.20667677800000006
70,1.4464316563705069,0.20937304199999995
71,1.426525519885263,0.21209450500000004
72,1.4121294567214946,0.21483844899999993
73,1.3852237722112974,0.21774902099999993
74,1.368875869280424,0.22039750999999996
75,1.3503519792821144,0.22319992099999997
76,1.332079391914027,0.22590507000000004
77,1.314109805515101,0.22865987100000007
78,1.2964528340546968,0.23134670699999993
79,1.2748669050900094,0.23410449499999997
80,1.2620190686035322,0.23692187100000006
81,1.2452169315975203,0.239701854
82,1.2287215990959,0.24242491
83,1.2125515619701615,0.24518094699999993
84,1.2011791358486341,0.24803335599999987
85,1.1773077717097473,0.25083011200000005
86,1.1660804378353937,0.253630139
87,1.1490088995888674,0.2565692559999999
88,1.1365073373841454,0.25951586399999993
89,1.1279907850297373,0.26250800100000005
90,1.107556735898611,0.265355467
91,1.0933754244164846,0.268131098
92,1.0757813397196816,0.27080324999999994
93,1.0656669479248335,0.273628164
94,1.0520377226763986,0.27649927100000005
95,1.0351075278002655,0.27929069500000003
96,1.0309493000729206,0.28204658399999993
97,1.017750207851815,0.284865586
98,1.0085798023211139,0.28769623599999994
99,0.9862257860369763,0.29074658600000003
100,0.973487469212888,0.29375370200000006
101,0.9608664816228432,0.29672698099999995
102,0.9482234220056773,0.2994533369999999
103,0.9355428256416414,0.30237590199999986
104,0.9229096106243967,0.30520075699999993
105,0.9103232337137256,0.3080599529999999
106,0.8977867970329667,0.31085827199999994
107,0.8905132366535208,0.31406355499999994
108,0.8728709405863513,0.3172561439999999
109,0.8604968465674311,0.32040274300000005
110,0.8481812473951587,0.32342799099999997
111,0.835927790764151,0.32616094500000004
112,0.8287950242098758,0.32902575199999995
113,0.8116157156809878,0.33184158500000005
114,0.7995614998787497,0.334598634
115,0.7875794391806769,0.337346736
116,0.775673252864527,0.34012218699999996
117,0.7638456530152751,0.34292879499999995
118,0.752099820503079,0.3459656099999999
119,0.7404417066253537,0.348844065
120,0.7288716398951505,0.35180397900000004
121,0.7173828141100685,0.35476998299999996
122,0.7058297807601819,0.35769133799999997
123,0.6972674870207227,0.36049282700000007
124,0.6828798253203952,0.36352514299999994
125,0.6714925840757124,0.36652985699999996
126,0.6601674569104045,0.36965651600000005
127,0.6489057893044001,0.37258625599999995
128,0.6377137390273605,0.3755323879999999
129,0.6265913521005021,0.37842000600000003
130,0.6155462101448288,0.381350592
131,0.6045786396547375,0.38442899499999994
132,0.5936962972845001,0.387467303
133,0.5854570294249666,0.3903082549999999
134,0.5722019301285487,0.393198916
135,0.5591759926081901,0.39593650299999994
136,0.5510996305302754,0.398737331
137,0.5407100978071154,0.401521644
138,0.5304382532062747,0.404266786
139,0.5202878066994224,0.40710125799999997
140,0.5102683426853626,0.40987298399999994
141,0.5003878706140613,0.41267222400000003
142,0.4906522717735477,0.41537721299999997
143,0.4810723773741854,0.4182045349999999
144,0.47165677806242406,0.420950068
145,0.46241566943250606,0.4237306649999999
146,0.4564208988776899,0.4264665569999999
147,0.44449928688012474,0.42943063199999987
148,0.43584763781660657,0.43247269499999996
149,0.42741564677645416,0.43542316699999994
150,0.4192173910773319,0.43818691499999995
151,0.4112663556642998,0.44096139899999987
152,0.4035782959274811,0.44375794199999996
153,0.39616648454238435,0.44649703499999993
154,0.3890481026245278,0.44930263300000006
155,0.3822390689536418,0.4520851189999999
156,0.37575652552569605,0.45486958899999985
157,0.3686199151245583,0.457693243
158,0.3631874932800629,0.46049456899999996
159,0.35702812372367854,0.463288304
160,0.35116273783694996,0.466009691
161,0.34553706578265486,0.46876019
162,0.33926473543680297,0.47160796699999996
163,0.33348642528747263,0.47446609900000003
164,0.32786031348374933,0.47724969000000006
165,0.322388798088501,0.480062816
166,0.3171321145519426,0.4827892979999999
167,0.3119707584476425,0.485537616
168,0.3070360010062391,0.488300282
169,0.3022960063137086,0.491117719
170,0.2977607699861876,0.49390115700000004
171,0.29244655267543634,0.4966613710000001
172,0.2893429628070592,0.49938715099999986
173,0.2854748205239021,0.5021536899999999
174,0.28183674420054605,0.5049838069999999
175,0.27802565177290206,0.507789847
176,0.27254565737762326,0.510633646
177,0.27012270504616587,0.5133355310000001
178,0.26624771969896877,0.5163030289999999
179,0.26246195349221024,0.519155654
180,0.2587704751646616,0.5219735139999999
181,0.2551754738974129,0.5247458329999999
182,0.25168363719849685,0.5275540160000001
183,0.24829698479377507,0.530338736
184,0.24502284214828168,0.5330988759999999
185,0.24351833436115516,0.5358133409999999
186,0.23865828577528178,0.5385651060000001
187,0.2352234697704583,0.5413458499999999
188,0.22924935356851803,0.5441837199999999
189,0.22839561717510054,0.5470355169999999
190,0.22695703446443916,0.549926261
191,0.22364513492520752,0.5527154809999999
192,0.21535226545503694,0.5555507099999999
193,0.21493090478894142,0.558532732
194,0.2116092436183639,0.561314219
195,0.20830690301764837,0.564103161
196,0.20736948177246822,0.5669178180000001
197,0.20176421320752658,0.5696770659999999
198,0.1985269870751365,0.5725804429999999
199,0.19531236662319176,0.5753349969999999
