iter,eval_func_value,time
0,4.028466140286266,0.0023354639999997318
1,3.979503396165597,0.0045357029999997245
2,3.9328147181507895,0.008109886999999816
3,3.8869229595432735,0.010802765999999853
4,3.8418163948464725,0.013013797999999799
5,3.797499141590584,0.015449540000000095
6,3.753930630616831,0.01781252199999983
7,3.7110595455808837,0.01988062399999979
8,3.6688978753758135,0.022585665999999893
9,3.627479141379344,0.02500096999999979
10,3.586757887781584,0.027201654999999825
11,3.546701884329358,0.029513811999999806
12,3.5073660018621937,0.031745309999999805
13,3.468635272593796,0.033824435999999736
14,3.343999487060227,0.03587803199999984
15,3.3930941259206646,0.038249115999999805
16,3.356327164769843,0.04099920200000007
17,3.3463528667402187,0.04359293799999975
18,3.284879006833216,0.04571114399999976
19,3.2502217683949426,0.04784387800000012
20,3.2162790177667357,0.05026934300000008
21,3.208185073070739,0.052392435999999876
22,3.1752914518374413,0.05447134899999995
23,3.118505951272514,0.05716624399999981
24,3.087310854039008,0.05986291099999974
25,3.0568317807718475,0.06243764400000007
26,3.0270881241360166,0.06456371099999991
27,2.9980012176090716,0.06659241299999996
28,2.9695913515526287,0.06864520599999979
29,2.94176041590795,0.07072913299999994
30,2.9145559140109563,0.07349714900000004
31,2.8879885151217626,0.07593415500000011
32,2.8620786445786006,0.07802185699999997
33,2.8367525446298494,0.08028076999999989
34,2.812095000195631,0.08308684700000013
35,2.7255235513384566,0.08521021699999975
36,2.7648184414469124,0.0872470110000001
37,2.682376330454684,0.08942077999999976
38,2.72032135237531,0.09145063699999989
39,2.699151666285159,0.09336403999999998
40,2.6973814282344883,0.0953151000000001
41,2.659026373320767,0.09727330700000003
42,2.6400895786458825,0.09918343399999996
43,2.6219409059005145,0.10107273599999989
44,2.6045002423119934,0.10298684099999988
45,2.587636937930714,0.10490042999999982
46,2.587467801161421,0.10678720399999975
47,2.5558472200297757,0.10867857599999997
48,2.540924132465833,0.11054878300000004
49,2.5265962688788024,0.11241231200000001
50,2.5271573326484282,0.11441070600000014
51,2.4998288469084824,0.11751550899999996
52,2.487425742965728,0.11948448000000012
53,2.475640508091426,0.12144698600000003
54,2.4643915194149018,0.12362564900000006
55,2.4656658862333627,0.12570043500000017
56,2.443493551214389,0.12778951299999974
57,2.4336730483167943,0.12987192499999978
58,2.397337057371066,0.13195951400000006
59,2.415221931469426,0.13403708199999986
60,2.4066389664910592,0.1360509809999999
61,2.398451684204481,0.13802894200000004
62,2.3906908139529097,0.14003433099999985
63,2.3832512898293117,0.14193676199999983
64,2.3761894544112754,0.14384097900000015
65,2.3695076364282843,0.1457450680000001
66,2.363209201773991,0.14821199100000015
67,2.3572989774320567,0.15076703899999977
68,2.3377546708739936,0.152899766
69,2.34635735640135,0.1550004559999998
70,2.3411067776602867,0.15705525299999978
71,2.3360798196756654,0.15900562699999998
72,2.3312588123591627,0.16097801700000014
73,2.317226309577549,0.16290837699999994
74,2.322083150115207,0.16490959599999977
75,2.309812784272379,0.16697343699999978
76,2.306333500008882,0.16908098999999988
77,2.302913655756404,0.1712148
78,2.3056737380036605,0.17329988100000016
79,2.296584436975295,0.17535737399999984
80,2.298398438009837,0.17727803399999997
81,2.2949440870253492,0.17931278699999975
82,2.2916471926091035,0.18188811500000002
83,2.2885075715111265,0.18424228300000012
84,2.2855023995061545,0.1861449409999998
85,2.2825380217727713,0.18818061499999983
86,2.2796811168115902,0.190143403
87,2.276930481419438,0.19207973099999975
88,2.2776457448951457,0.1939637030000001
89,2.2717487599234167,0.19591796299999986
90,2.2693179234859184,0.19787034000000014
91,2.2669956735618624,0.19980441199999976
92,2.264781410246991,0.2020116139999999
93,2.2626765010307817,0.20415097400000004
94,2.260678856978597,0.20619713000000006
95,2.2587911946658266,0.2083105249999999
96,2.257012570705329,0.2104304830000001
97,2.255231863278669,0.21243535599999985
98,2.253519711201579,0.2148800679999998
99,2.25389454092372,0.21806704499999974
100,2.250322451704577,0.22058864599999994
101,2.253387721896083,0.22266918299999983
102,2.247429607156078,0.22475256799999999
103,2.2460976425284462,0.22682393299999992
104,2.244842110160404,0.22876776900000007
105,2.243663282755711,0.23074883299999982
106,2.2425609731132052,0.2327362420000001
107,2.2415360897859244,0.23462013500000012
108,2.2405872482250753,0.2365801460000001
109,2.2396127143360873,0.2385240959999999
110,2.238680231733838,0.240491102
111,2.237799878221592,0.24241531900000002
112,2.2369719721766046,0.24434767499999976
113,2.2368644729886076,0.2463754859999998
114,2.235367305630705,0.24890733499999973
115,2.234568764010509,0.25118271400000003
116,2.233803329975077,0.2532636770000001
117,2.2330693911419397,0.25533497699999996
118,2.2323686676056584,0.2574161159999999
119,2.231701253335232,0.25951495199999997
120,2.2310658260654748,0.26172311699999984
121,2.2304629942324343,0.26383167500000004
122,2.2298925267281153,0.26575150999999986
123,2.2293544770091747,0.26768199800000003
124,2.2288491612729455,0.26961205099999974
125,2.2284149714605235,0.27156211500000005
126,2.2279393114277415,0.2734897919999999
127,2.227532969859496,0.27540656799999974
128,2.2271603177880883,0.2773399109999999
129,2.2268204528462956,0.27923859800000006
130,2.2265133229315843,0.2818972610000001
131,2.2259578215255957,0.2843965690000001
132,2.2259987216784967,0.28645376600000017
133,2.2257906232583946,0.28850444100000017
134,2.225616402891426,0.29041598299999993
135,2.225474300444757,0.2923386419999998
136,2.2253672720619107,0.2943925749999998
137,2.2252900054652756,0.2964509409999998
138,2.2251391922931374,0.29837994300000004
139,2.2243480422806337,0.30035414399999993
140,2.224883656378809,0.3022364949999998
141,2.224779174935083,0.304164772
142,2.2246897661508145,0.30604328700000005
143,2.2246160357974647,0.3081411439999999
144,2.2245582050291093,0.31004412699999984
145,2.2245147717088667,0.3119915980000001
146,2.2244869945474646,0.3143589539999998
147,2.2382738644039835,0.31683448300000006
148,2.2244804636449693,0.31887237300000004
149,2.224499529705398,0.3209245749999998
150,2.2245343662888875,0.32286523600000017
151,2.2245843474735687,0.3247744560000001
152,2.224649732323797,0.3267065520000001
153,2.224631993024346,0.3286168730000001
154,2.2246122669693285,0.3305454189999999
155,2.2387518506364157,0.33245708500000015
156,2.2235710094337615,0.33431682699999987
157,2.224550952915582,0.33631564299999983
158,2.224530525793756,0.33836173800000013
159,2.2245101318589633,0.34040098100000016
160,2.22449109957214,0.34240998300000003
161,2.2244709427937988,0.34435600599999994
162,2.224449664326688,0.34626600200000013
163,2.2234348415372938,0.3487472839999999
164,2.2244089821324997,0.3508945400000001
165,2.2243893332720313,0.353013394
166,2.224368599459821,0.3550543159999999
167,2.224348173006987,0.3569819729999999
168,2.224327695207814,0.3588858290000001
169,2.2243075079178585,0.36082016699999997
170,2.2242869056898966,0.362708955
171,2.2242679698513013,0.36465551399999985
172,2.224246418044391,0.3665435439999998
173,2.224226518621394,0.36846252600000007
174,2.2232114725217964,0.3703096989999999
175,2.2231853061003584,0.37217029199999985
176,2.2241651077998887,0.3740670009999998
177,2.2241463697721153,0.3760002509999998
178,2.224125679571387,0.37786807099999997
179,2.224104229860042,0.38002382200000007
180,2.224083943118155,0.38264317699999983
181,2.224064007645883,0.38474524200000015
182,2.22404468562956,0.38678572199999994
183,2.224024396798004,0.3888340370000001
184,2.224003741776772,0.39083269399999976
185,2.223983807932179,0.3927439850000001
186,2.2239632007579977,0.3946077969999999
187,2.231624624538271,0.39658490199999985
188,2.223921568164821,0.3984722760000001
189,2.2239028637381812,0.4003852029999999
190,2.223882367752216,0.4022506199999998
191,2.2238610505255307,0.4042063229999999
192,2.2238418486830054,0.4061071730000001
193,2.2238215038081917,0.4079979840000001
194,2.223799819664673,0.40984038300000014
195,2.223780129842204,0.4117044220000001
196,2.2380020357068267,0.4138203049999998
197,2.2237393542251405,0.4166051999999998
198,2.223718696736563,0.41867285099999973
199,2.2236987177762013,0.42067386299999976
