iter,eval_func_value,time
0,3.7775228620480203,0.002115144999999874
1,3.656209213164809,0.003968876000000066
2,3.5660734193164494,0.0058265839999998015
3,3.5221594264561276,0.007797260999999889
4,3.5107287741640976,0.00995552799999988
5,3.489904080734025,0.012148564999999945
6,3.468656907186033,0.014540960999999797
7,3.4395584234298333,0.016564879999999782
8,3.426519885828719,0.018488049999999756
9,3.4056379874584928,0.020373646999999995
10,3.3848773187512426,0.022249353999999943
11,3.3641974151458216,0.02416980099999977
12,3.3436112155953794,0.026511811999999857
13,3.3231185043664913,0.028780025000000098
14,3.308267741343566,0.030924542999999804
15,3.282448208965166,0.032946679999999784
16,3.262280384153189,0.03486270199999986
17,3.2422268513167447,0.036797028999999704
18,3.2222804882126432,0.03868944699999988
19,3.2024630781804384,0.04058949800000011
20,3.1944204836387464,0.04321797400000005
21,3.163125357627002,0.04533775800000006
22,3.1436248276046976,0.04732791299999972
23,3.124238105733378,0.049361892999999935
24,3.1049739245305137,0.05128874399999983
25,3.0858256658428016,0.05322120099999994
26,3.066801677662756,0.055095510000000125
27,3.0478966265074368,0.05705944499999971
28,3.0290914077183637,0.058994466000000134
29,3.0033091515858654,0.06087586499999986
30,2.991794560613821,0.06274815199999972
31,2.9843179888715903,0.06465204200000008
32,2.9548468254786098,0.06659583400000013
33,2.9295877188519945,0.06854087500000006
34,2.918280860796086,0.0704568059999997
35,2.900120970378039,0.07231284999999987
36,2.882042556476372,0.07432066599999976
37,2.8640636981055825,0.076289987
38,2.846183930116533,0.07818400900000011
39,2.828404799962076,0.080057284
40,2.804003667315183,0.08195863200000009
41,2.7931511106610873,0.08381284999999972
42,2.7756811312357494,0.08571724199999986
43,2.7583168747751285,0.08756311899999991
44,2.741061319575431,0.08948546400000001
45,2.72390983089623,0.09133227899999996
46,2.717222909574422,0.09317631999999998
47,2.6899402172068227,0.0952745020000001
48,2.6731224678388092,0.09719549599999988
49,2.6564184759115976,0.09904933500000013
50,2.6398303079068395,0.10092352399999971
51,2.6233119936293616,0.10282042600000008
52,2.6069052282288228,0.10471991699999972
53,2.590605276608353,0.10663451299999993
54,2.584390570043712,0.10855219500000013
55,2.558334508730189,0.11042460600000004
56,2.5522497338841115,0.1122611
57,2.5311371209473936,0.11412922699999983
58,2.510739494423341,0.11608544700000012
59,2.488904913687959,0.11807064499999997
60,2.489129719326266,0.11994861199999995
61,2.463884984018146,0.12195120300000006
62,2.4580759493823723,0.12387471499999991
63,2.433103010436073,0.12577576300000004
64,2.4178313870074777,0.12784950399999984
65,2.4026342268304153,0.12981203399999997
66,2.3874792622330934,0.13168033199999973
67,2.3723921306486666,0.13356223200000006
68,2.357380905935567,0.1354831569999999
69,2.3518322048635207,0.13734088199999972
70,2.334128500936155,0.13916760299999975
71,2.312809742659596,0.1410075489999998
72,2.2981109738901413,0.142865107
73,2.2834609918338242,0.1447422549999997
74,2.2688604238809233,0.1465497349999998
75,2.254327760580586,0.14841766499999975
76,2.239869158542941,0.15032812900000003
77,2.2254732463681814,0.15212818199999978
78,2.2202570241171116,0.15404482099999983
79,2.1968729602980606,0.15593088099999974
80,2.1826492176266923,0.15777656699999998
81,2.1684962442870535,0.15975134299999993
82,2.1543894756711857,0.16165496899999976
83,2.140368124688407,0.1635463279999998
84,2.135355261655567,0.1654324840000001
85,2.1125131540364164,0.1672807060000001
86,2.0986735162019174,0.16917551500000005
87,2.084902617059019,0.17103620600000013
88,2.0711993462007237,0.17298489999999989
89,2.0575601717198153,0.17499867499999988
90,2.0439765630191102,0.1768928299999999
91,2.0304513383675595,0.17879380999999972
92,2.016994459742228,0.18067764899999972
93,2.000606047707857,0.18258103699999984
94,1.9902886259176078,0.18461656800000004
95,1.9770256778801594,0.18646330499999975
96,1.963836732051545,0.1882974759999998
97,1.9430984418690773,0.19019061599999976
98,1.9376975540354893,0.19203242599999992
99,1.924730897613281,0.1939615429999999
100,1.9118016975682552,0.19588836699999979
101,1.898937364552346,0.19804513599999973
102,1.8861422371797547,0.1999713299999999
103,1.8734111005626108,0.20202689899999982
104,1.8691633463579118,0.20405482500000005
105,1.8481600881806028,0.2059523510000001
106,1.8356428049030453,0.2078886230000001
107,1.8231974715243482,0.20975465199999999
108,1.8108260531168165,0.2116828019999999
109,1.7985192816693463,0.21358882899999987
110,1.7945311019373678,0.215488986
111,1.7741185786342077,0.21739672100000007
112,1.7620497832576731,0.21923220100000007
113,1.750051064614265,0.2211092739999998
114,1.7381471162242659,0.22296721799999997
115,1.7262705919844405,0.22484782800000014
116,1.714462044539646,0.22671883800000003
117,1.7027240498350356,0.22858154100000005
118,1.6860452403087505,0.23041059799999974
119,1.6794448374433597,0.23227520099999976
120,1.6678995825581098,0.23410195399999978
121,1.6514825986088568,0.2359802929999999
122,1.6529656840019116,0.23783095499999973
123,1.6337470701606507,0.23967831399999984
124,1.6225309402919634,0.24158683599999975
125,1.6113982075429365,0.24371219099999974
126,1.6003508684481682,0.24586066499999992
127,1.5893745915670776,0.2477027060000001
128,1.5784505697915434,0.2496110250000001
129,1.5675502185295893,0.25145683399999985
130,1.560359741913061,0.25330883299999973
131,1.5459337411953,0.255184517
132,1.5388487644512094,0.2570882860000001
133,1.5245806869409364,0.25893045800000003
134,1.514009724579243,0.2608204289999998
135,1.5035076652637014,0.2627141589999997
136,1.493076816257571,0.26457386100000013
137,1.4827185336053936,0.26638479199999976
138,1.4724375416584166,0.26821540200000005
139,1.4622309966393225,0.2700771579999999
140,1.4521027390895138,0.27195490899999974
141,1.4420571470046875,0.273871803
142,1.4275121287353614,0.27576607899999983
143,1.4222067104578646,0.27765684599999974
144,1.4124054813600004,0.2795313159999999
145,1.4026881568184721,0.28139241199999976
146,1.3930616829310838,0.2832578629999998
147,1.3835212672316863,0.28512633900000006
148,1.3740711356386641,0.2871235369999998
149,1.3647114344403923,0.28914628900000006
150,1.3510489179300178,0.290989551
151,1.3462504582079406,0.2928899789999999
152,1.337092007129911,0.29478907900000006
153,1.3280085746257388,0.296641347
154,1.3259483023728917,0.2987710899999998
155,1.305769993497163,0.3007339349999998
156,1.301206649527123,0.3026522009999999
157,1.2924277663554027,0.3045616289999997
158,1.2905399989985504,0.3063994819999998
159,1.2751163999609951,0.30827369399999993
160,1.2665851058207342,0.31019724299999973
161,1.2581302268636845,0.3121200869999998
162,1.2497139805858837,0.31398250999999977
163,1.241374813908192,0.31582322100000004
164,1.2290300436516925,0.31773413800000005
165,1.2249404322207764,0.31959560100000006
166,1.2128058382766225,0.32147666699999977
167,1.2088366837462516,0.3233757420000001
168,1.1969208787869992,0.3252618309999997
169,1.1930763907853335,0.3271436259999998
170,1.1831028523254479,0.3291278539999998
171,1.1776741083136626,0.3310817049999999
172,1.1662134470883163,0.3329423170000001
173,1.1625664578554566,0.33472822000000013
174,1.1551115581199682,0.3366477729999997
175,1.1477357990726142,0.338560314
176,1.1403901604642022,0.34042109600000003
177,1.1330979893756488,0.3423335129999998
178,1.122051109682797,0.3442220049999998
179,1.1185601146476396,0.34604750299999987
180,1.117370413473024,0.3479633409999998
181,1.1042202136262529,0.3498350379999997
182,1.097128311443924,0.3516572299999998
183,1.0900910839078626,0.35354913199999993
184,1.0794694477385367,0.35541382300000013
185,1.076177124858133,0.3573006809999999
186,1.0693055428109801,0.35919436100000013
187,1.062465142405587,0.3610942109999997
188,1.0556488908035608,0.36296224300000013
189,1.048882058537984,0.36485597999999975
190,1.0401694198721645,0.3667581179999999
191,1.0354676854187874,0.3686054089999997
192,1.0288618095347668,0.370477696
193,1.0222450153441869,0.37254844799999987
194,1.0156723223397537,0.3744837419999998
195,1.0091335606530107,0.37657779599999985
196,1.0081261843968508,0.3786671049999999
197,0.9961003040086962,0.38090344
198,0.9896467687954099,0.3829812239999999
199,0.9832328894133993,0.3848821010000001
