iter,eval_func_value,time
0,3.4549751038850616,0.0014476759999997313
1,3.490955160933347,0.002743816999999815
2,3.431299897953682,0.0040329159999998865
3,3.403131664910235,0.005301966000000213
4,3.3789490716690715,0.006574222999999435
5,3.3584724638559638,0.007853754000000102
6,3.3395093653861183,0.009132842999999724
7,3.320924365049343,0.010393949000000013
8,3.3008717601650357,0.011664334999999859
9,3.281617540174716,0.012930800999999548
10,3.2624133245271696,0.014192667999999742
11,3.2432653138022935,0.015455447999999983
12,3.2241704278674663,0.016716162999999895
13,3.2009405003148266,0.017982699000000046
14,3.186146005263982,0.019247972999999696
15,3.1679569334664297,0.020513366999999505
16,3.148770114688395,0.021785122999999906
17,3.1295250460318393,0.023080342000000087
18,3.110762866073991,0.024356274999999705
19,3.0920576570441094,0.025621276999999942
20,3.0734091819378375,0.026878304999999436
21,3.055043204481694,0.028144230999999742
22,3.0362831488821707,0.029428419999999456
23,3.0178058187705905,0.030704214000000007
24,2.9993872290903894,0.03197157199999978
25,2.981026751806011,0.033239609999999864
26,2.9627249913005134,0.034505784999999456
27,2.9444822366458934,0.03578080700000008
28,2.9262987907923432,0.0370548770000001
29,2.908174947191109,0.03833114199999965
30,2.8908309749536882,0.039594812999999895
31,2.8721082225999655,0.04085691099999966
32,2.854166140551307,0.04212608200000023
33,2.8362855959806867,0.04340580299999974
34,2.818466385339597,0.04469046399999943
35,2.80070967326821,0.04595998599999973
36,2.780546815970252,0.04721872799999982
37,2.7653838267469464,0.04849535299999985
38,2.747816006806067,0.04976621700000017
39,2.7303122532499926,0.0510223329999997
40,2.7128727743442456,0.052281726999999556
41,2.6912796813148803,0.05353940599999962
42,2.678189115276184,0.05479629500000005
43,2.6609455752664504,0.05606358300000025
44,2.643994131051341,0.057354393999999864
45,2.626658695533784,0.05863520700000002
46,2.6096166617426495,0.05990124299999966
47,2.59264199744036,0.061158272000000125
48,2.57573629301437,0.062424727999999874
49,2.5589012405115468,0.06368548299999954
50,2.542102741571468,0.06496643699999982
51,2.525422363445228,0.06624215099999997
52,2.5087842456586347,0.06753605900000004
53,2.492227997613864,0.06880487899999999
54,2.4764255874771837,0.07009135299999958
55,2.4593006292816706,0.07136322000000028
56,2.443601875609427,0.07265098500000011
57,2.4270268206838015,0.07395476099999954
58,2.410379896020031,0.07523765799999982
59,2.3942111024094745,0.07650104899999999
60,2.3780936130893946,0.07776111300000021
61,2.3620367026212032,0.07902060600000027
62,2.3460404672700714,0.08028165200000004
63,2.3301117675159984,0.08156775500000002
64,2.314246453646533,0.08285932799999962
65,2.2984452803787807,0.08416901499999963
66,2.282707962560949,0.08546616900000004
67,2.2670355436533147,0.0868155100000001
68,2.2514272274058116,0.0881263790000002
69,2.236560030779657,0.08941801199999944
70,2.2207994429083557,0.09071629700000017
71,2.2050053269177785,0.09201705699999962
72,2.189667422561006,0.09330850999999996
73,2.1743992693179965,0.09458720900000017
74,2.1592001101944964,0.09586347299999964
75,2.1440725282116095,0.0971434630000001
76,2.12901627745786,0.0984270519999999
77,2.1098182539537937,0.09975837999999992
78,2.0991189897255804,0.10106495199999976
79,2.084274109872683,0.10236914900000027
80,2.0694998485478004,0.10366552099999993
81,2.0547854544174804,0.10496902600000002
82,2.040133018474897,0.10627528799999997
83,2.0255433798144145,0.10756813300000001
84,2.0110257851335276,0.10888841999999954
85,1.9965821544300695,0.11020575099999963
86,1.9779925307271107,0.11150887500000017
87,1.9678853100308802,0.1127966709999999
88,1.953641490244548,0.1141040439999994
89,1.9394680305567171,0.11541150700000014
90,1.9253652172382076,0.11670834099999983
91,1.9113340216205317,0.11800491400000013
92,1.8973753584443567,0.11930729799999984
93,1.883493584148467,0.12061790599999966
94,1.869688125334806,0.12192231399999987
95,1.8559464519413633,0.12321871699999942
96,1.8422946420820066,0.12452342499999958
97,1.8287056265049162,0.12581670199999984
98,1.8151941123528277,0.1271043169999997
99,1.801755853007522,0.12841654999999985
100,1.788392764857106,0.1297389209999995
101,1.775105400275674,0.13105412799999971
102,1.7618956689273058,0.13236997699999975
103,1.7487655280677352,0.13366891400000025
104,1.7357212345243231,0.13496529699999993
105,1.7227604479687129,0.13627545499999982
106,1.7098882264842212,0.13760170299999963
107,1.6970938715181814,0.1389158479999999
108,1.684385348624021,0.14022889199999966
109,1.6717643091534675,0.1415405019999998
110,1.659228974520618,0.14287128899999946
111,1.6467732430100201,0.14419285899999945
112,1.6344107952238054,0.14551556099999985
113,1.622150988060129,0.14683708000000006
114,1.6099633735939232,0.1481547120000002
115,1.5978531003987861,0.1494630059999995
116,1.5858216111449943,0.15079237099999965
117,1.5738677557137828,0.1521045120000002
118,1.5626408595826242,0.1534373330000003
119,1.5502159847729962,0.15474405400000002
120,1.5385061297535252,0.15605329999999995
121,1.5227654542619378,0.15736062199999967
122,1.5153235261710787,0.158662906
123,1.5038576568174689,0.15997345500000026
124,1.492470832228276,0.1612862279999998
125,1.4811610005971503,0.16260191699999993
126,1.4699241129654066,0.1639083079999999
127,1.458762783146845,0.1652190280000001
128,1.447682890345132,0.1665172239999997
129,1.437301682763304,0.16782750099999966
130,1.4257476692464512,0.16913512399999941
131,1.4148726896858361,0.17044183600000018
132,1.4041126638199914,0.1717666409999996
133,1.389403244733969,0.17308194900000018
134,1.382854066995861,0.17438270999999972
135,1.3723436648566747,0.17570162499999942
136,1.361922486005385,0.17701182299999996
137,1.351574857660049,0.17831621100000028
138,1.341302114894546,0.17961405600000013
139,1.3311125799199368,0.18094763800000013
140,1.3210055109828804,0.18224448099999968
141,1.310983025780651,0.18355458899999988
142,1.301045721961846,0.18484618200000025
143,1.2911987466855595,0.18614881600000022
144,1.281441894440989,0.1874624100000002
145,1.2717626829223334,0.1887642739999995
146,1.2621634706842058,0.19004708000000026
147,1.2526195471340722,0.1913463179999999
148,1.2431520893246217,0.19267838599999987
149,1.2337572415147666,0.19397703200000027
150,1.2244379915754011,0.19526176199999945
151,1.2151925713864107,0.1965583749999995
152,1.2060250930517835,0.1978668799999994
153,1.196936298438062,0.199179934
154,1.1879306300918848,0.2004756849999998
155,1.1789995746790511,0.20179558099999984
156,1.170160086553097,0.20309945799999962
157,1.161378313834859,0.20439987700000017
158,1.152688114434646,0.20569825299999955
159,1.144081123259088,0.2069897549999995
160,1.1355602200016512,0.20829317100000022
161,1.1271261320083896,0.20958599699999958
162,1.1187760052623408,0.2108877800000002
163,1.1105040137077802,0.21218733799999967
164,1.098583504034455,0.2134982679999995
165,1.0941718519736254,0.2148164819999998
166,1.086106087493997,0.21611908599999996
167,1.0781220566281058,0.21740866599999986
168,1.0665114808726954,0.2187137339999996
169,1.0623068697520155,0.22001094799999965
170,1.0544955696546425,0.22131056599999965
171,1.0467478042405904,0.22259873399999996
172,1.0390649452228191,0.2238878919999996
173,1.0314487862084984,0.22518066800000014
174,1.0238990601556786,0.22649131799999989
175,1.0164079510276436,0.22779142699999966
176,1.0089718275361084,0.2291237869999998
177,1.0015952008769278,0.2304434930000001
178,0.9942815298538759,0.23176559299999955
179,0.9870216890899685,0.23307020099999942
180,0.979819760320095,0.23437604099999998
181,0.9726770301317242,0.23569786100000023
182,0.9655953432098852,0.23698680900000024
183,0.958574859179587,0.23828293099999964
184,0.9516165976537873,0.23958479499999985
185,0.9447224830385038,0.24089121499999955
186,0.9384240369710721,0.24218103499999977
187,0.9311350592772593,0.24348813699999994
188,0.924443650615682,0.2448062999999996
189,0.9178225433888031,0.2461129419999999
190,0.9112728324757521,0.24743195699999987
191,0.9014730383994494,0.24871947299999952
192,0.8983950855779905,0.2500256839999997
193,0.8920686985247266,0.2513308109999999
194,0.8858183657089096,0.2526374819999999
195,0.879640214340226,0.2539978949999995
196,0.8735306602250136,0.25530631999999986
197,0.8674831759042049,0.2566274489999998
198,0.8615027451211922,0.2579421359999996
199,0.8524208859182856,0.2592497189999996
