iter,eval_func_value,time
0,3.453842821879643,0.00340618199999998
1,3.487069548443209,0.006402934999999665
2,3.4387350676551067,0.009371294999999336
3,3.4085286895143727,0.012300160999999754
4,3.38536858808599,0.01525396299999926
5,3.364811561255654,0.01817925199999948
6,3.3455708845900443,0.02116006499999923
7,3.328862789412982,0.0240925669999994
8,3.3156085989251114,0.02701179499999995
9,3.2930978385000156,0.029986616999999605
10,3.275361203503185,0.03293142299999996
11,3.25773237926812,0.03586676999999927
12,3.24017711054573,0.038862001000000035
13,3.222710779054029,0.04183590099999979
14,3.205336286054069,0.04485405499999917
15,3.1880362094707757,0.047955073999999875
16,3.1707962174640674,0.050966143999999325
17,3.15036836494514,0.05395149599999982
18,3.133289864609065,0.0569396529999997
19,3.1195304447754175,0.05989902599999919
20,3.0993674946891216,0.06297578999999942
21,3.087276164382377,0.06595460899999939
22,3.0689710792677074,0.06891342099999953
23,3.0490602568391156,0.0718711609999998
24,3.0356453920893847,0.07485131299999992
25,3.0190881664260183,0.07784180499999938
26,3.007045592576885,0.08082442099999998
27,2.9861526349837604,0.08379151900000004
28,2.969771069511747,0.08680747799999988
29,2.9512093544093907,0.08974801599999971
30,2.937200148347101,0.09266404699999953
31,2.9210095021364415,0.09563984099999967
32,2.904884415410841,0.09861380099999995
33,2.8888248135013277,0.10156197299999992
34,2.872831354847581,0.10452711699999995
35,2.85690370336822,0.10749238099999925
36,2.841042505925346,0.11045407899999926
37,2.825256433497884,0.11343828799999933
38,2.811014671237034,0.11644654299999946
39,2.793863495157332,0.11943730499999994
40,2.778263321266018,0.12237339399999936
41,2.7627157559692916,0.12530787099999952
42,2.747224904978309,0.12830422299999977
43,2.72870172777304,0.13131974199999963
44,2.716423942186885,0.13428148899999925
45,2.7011139410736105,0.13722149599999955
46,2.6858660567108057,0.1403457389999998
47,2.6706818820367615,0.1434075839999993
48,2.652493326674768,0.14656546999999964
49,2.637452146490059,0.14966052799999918
50,2.622464180044585,0.15294904999999925
51,2.6148449235443496,0.15741992399999916
52,2.5957436590347287,0.16120741399999972
53,2.580945300062848,0.1642478089999999
54,2.570432519087191,0.16725980099999926
55,2.55151768571772,0.170299215
56,2.536897402847829,0.1733670519999997
57,2.519317124324614,0.176421253
58,2.507842582833701,0.17946077699999918
59,2.493412907725063,0.18243755199999967
60,2.4790480745436776,0.18541766400000004
61,2.4617475429613234,0.18844129799999987
62,2.450517911188075,0.19140948799999968
63,2.436354135229982,0.19441618900000002
64,2.422260741441925,0.19738659299999917
65,2.4082359086628196,0.2003348849999993
66,2.3942828172592976,0.20393630599999923
67,2.377424593820133,0.20692746799999995
68,2.3665923349796496,0.20989910399999978
69,2.35285740957635,0.2128561229999999
70,2.3391978260036135,0.21590946300000002
71,2.325614138767628,0.2189130489999993
72,2.312108179245581,0.22187632899999965
73,2.298679369329854,0.22480662699999954
74,2.28672209258346,0.22776363599999971
75,2.2720534120945466,0.23077115899999967
76,2.2588618315201288,0.23373340799999998
77,2.2436919614337048,0.23677550599999986
78,2.232722709207841,0.23999782399999958
79,2.2197722074224537,0.24309162899999937
80,2.20402124343935,0.2461126379999996
81,2.1941390053245615,0.24911075399999927
82,2.181424000714802,0.2520757369999993
83,2.1688177673003137,0.255133335
84,2.1562847548627215,0.25828656199999944
85,2.143830134325578,0.26133500299999923
86,2.1314598774424787,0.26442376899999953
87,2.120533161788428,0.2674394479999993
88,2.110934530784566,0.2705348169999997
89,2.0948721660933285,0.2735063519999992
90,2.0828559643436737,0.27646313099999986
91,2.0709374112280168,0.27946958199999994
92,2.0591062057172915,0.2824981649999998
93,2.04736807336699,0.28553213799999977
94,2.0357324463371165,0.28853829899999983
95,2.02418364488746,0.2915109469999999
96,2.012737004698582,0.2944717629999998
97,2.0013895019296455,0.2974406939999996
98,1.9901441875866637,0.3004440189999995
99,1.9762161393972015,0.3035208229999995
100,1.9679613036279746,0.30656334299999966
101,1.9570210417263962,0.309538796
102,1.9461803897768502,0.31254152999999985
103,1.9354287895975297,0.3155143279999999
104,1.924773917319939,0.31850792599999966
105,1.9142184054562292,0.3214789609999995
106,1.903765415846127,0.324507584
107,1.8971812688328658,0.3274985559999992
108,1.883161151219646,0.3305198459999996
109,1.8730092306225146,0.3335391209999994
110,1.8629595171396114,0.3366374849999998
111,1.8530178836961868,0.33962064299999994
112,1.8431653838973994,0.3426512699999993
113,1.8333901140735533,0.34568350999999975
114,1.827375957252106,0.34869803699999924
115,1.814052458964103,0.3517009919999996
116,1.8044951674826162,0.35472711999999973
117,1.7923423714184004,0.357680813
118,1.7855796680025664,0.36061814400000003
119,1.7735788272049071,0.3636638999999997
120,1.7669499626980856,0.366658739
121,1.7577490618496696,0.3697276779999994
122,1.7486234110897807,0.37289750699999935
123,1.7395663260912215,0.375929717
124,1.730577066114385,0.37895968199999963
125,1.7216672388835812,0.381942059
126,1.7128235946067438,0.3848909419999993
127,1.7040558581672165,0.3879589489999997
128,1.695362092251524,0.3909326689999997
129,1.6867465635252843,0.3939159969999997
130,1.6782091352094703,0.39689405499999975
131,1.6697591588613159,0.3998360459999999
132,1.6613871720046123,0.40283278899999964
133,1.6530785265329635,0.4059113759999997
134,1.6448153059374626,0.4088808479999999
135,1.6366034684819293,0.4118565519999997
136,1.6284471848222066,0.41482645399999996
137,1.6203437480146754,0.4177687849999998
138,1.6122967562018395,0.42072100499999987
139,1.6043047670697281,0.4236942139999993
140,1.5938344448700328,0.4266754379999993
141,1.5884934777482678,0.42975749099999927
142,1.5806747522713334,0.43271731499999966
143,1.5763842176738303,0.43574906399999946
144,1.5627003824812853,0.4387607459999998
145,1.557577817104464,0.4417221729999996
146,1.5499966489246673,0.4447496339999999
147,1.5399753170555648,0.44784606399999927
148,1.535016907545911,0.4508016899999996
149,1.5310436664450084,0.45374089499999926
150,1.520302650660456,0.4567055179999997
151,1.5130423163653028,0.45965165599999924
152,1.505843056834665,0.46260233299999953
153,1.498696040579239,0.46562054599999936
154,1.4915996196201426,0.4686308049999992
155,1.4845410042978542,0.47172912899999986
156,1.4775350337548534,0.4747464609999996
157,1.4705735815656886,0.47770652499999944
158,1.4636594833972396,0.4806992009999993
159,1.4567942487423247,0.4837136579999992
160,1.4499827176575757,0.48670656399999945
161,1.4432233997905453,0.4896606969999997
162,1.4365180000145523,0.49261112299999965
163,1.429870778422694,0.4955929379999997
164,1.4232654678666659,0.49857001399999934
165,1.4166974111823043,0.5015431829999999
166,1.4101548530612766,0.5046116809999992
167,1.4036273829134018,0.5076048279999998
168,1.3947308034926307,0.5106179219999998
169,1.390616548651775,0.5137963269999997
170,1.3874017852199223,0.5167633439999992
171,1.377683795763192,0.5197434359999997
172,1.371246392780948,0.522760377
173,1.36482888415737,0.5257890699999992
174,1.358432114763905,0.5287471109999995
175,1.352056090113183,0.5318032759999998
176,1.3457007952192404,0.534772437
177,1.339368365344806,0.5378036849999992
178,1.3330579875091801,0.5407493419999998
179,1.3267707238919164,0.5437421879999995
180,1.3205049427607414,0.5467296939999997
181,1.3142587396069896,0.5496507849999999
182,1.3080359181472707,0.5525942079999995
183,1.3050225947993634,0.5556297039999993
184,1.2956243800878005,0.5586688969999996
185,1.2894448531407852,0.5616121499999993
186,1.2832833000193657,0.5646208359999996
187,1.277141273839801,0.5675709609999995
188,1.2710196670265057,0.5706370549999997
189,1.2649170413480597,0.5736158849999997
190,1.2588355244195157,0.5766451289999992
191,1.2527746256759829,0.5796610879999999
192,1.2467335061383915,0.5826393469999998
193,1.2407139224436323,0.5856354889999995
194,1.2347154205393172,0.5886718869999994
195,1.228739700886379,0.5916256089999994
196,1.223833007849271,0.5945820159999995
197,1.2199901934098492,0.5975314809999999
198,1.2109429387966897,0.600585562
199,1.2015431857649794,0.6036923819999993
