iter,eval_func_value,time
0,3.5652552677036864,0.002279005999999306
1,3.7692167399068657,0.0048402059999999025
2,3.7692167399068657,0.007757915000000004
3,3.5554081095602976,0.0101333109999997
4,3.580044474005327,0.01220553599999974
5,3.580044474005327,0.0143162659999998
6,3.5373948916302904,0.0163902329999992
7,3.5373948916302904,0.018437939000000014
8,3.530268138868435,0.02141188099999969
9,3.530268138868435,0.024206394999999326
10,3.5137393525257847,0.026595672000000015
11,3.5137393525257847,0.029155381999999896
12,3.5031116689874864,0.03194382999999945
13,3.5031116689874864,0.034209491999999564
14,3.4911640953640335,0.03630797299999955
15,3.4911640953640335,0.039051490999999494
16,3.4796509153896324,0.04209151199999983
17,3.4796509153896324,0.0446270249999996
18,3.4680249254399373,0.04675861999999942
19,3.4680249254399373,0.048838377000000044
20,3.456474319734836,0.05089942599999997
21,3.456474319734836,0.0529547879999992
22,3.444941097442195,0.057485294999999326
23,3.444941097442195,0.060118988999999345
24,3.4334473896226614,0.062247418999999304
25,3.4334473896226614,0.06475990299999967
26,3.4219771258821674,0.06682113099999931
27,3.4219771258821674,0.06889146499999921
28,3.410539290391213,0.07133966599999919
29,3.410539290391213,0.07372789300000004
30,3.3991306715816147,0.07641754199999973
31,3.3991306715816147,0.07849257099999996
32,3.3877540307538987,0.0805581059999998
33,3.3877540307538987,0.08261214499999969
34,3.3764047269533792,0.08476560799999966
35,3.3764047269533792,0.08759312699999988
36,3.365087193461275,0.09075308999999976
37,3.365087193461275,0.09340944399999973
38,3.329389271448015,0.09562196299999925
39,3.329389271448015,0.09777858699999964
40,3.342537125508632,0.09987251100000005
41,3.342537125508632,0.10194257699999998
42,3.3313084423862245,0.10461831499999974
43,3.3313084423862245,0.10681583799999927
44,3.3201289846023876,0.10911946299999986
45,3.3201289846023876,0.11116255899999938
46,3.3089660026876557,0.1132231069999996
47,3.3089660026876557,0.11527767499999975
48,3.297797787991029,0.11719449599999976
49,3.297797787991029,0.11912738799999989
50,3.2867537643523073,0.12158705899999944
51,3.2867537643523073,0.12357941299999986
52,3.2756605634328557,0.12551343999999975
53,3.2756605634328557,0.12759083499999946
54,3.26463256490067,0.1297505059999997
55,3.26463256490067,0.13206803499999964
56,3.253625777644701,0.13414576
57,3.253625777644701,0.13622312599999997
58,3.2436722311430746,0.1383653279999999
59,3.2436722311430746,0.14049224999999943
60,3.2316614135515884,0.1424484099999992
61,3.2316614135515884,0.1443922509999993
62,3.220718653229181,0.1463609529999994
63,3.220718653229181,0.14825236699999955
64,3.18574177624695,0.15011942999999928
65,3.18574177624695,0.15205754799999927
66,3.1989038634419007,0.15429907600000003
67,3.1989038634419007,0.15643731299999963
68,3.1880331821799333,0.15848317599999984
69,3.1880331821799333,0.16054377899999928
70,3.1771865759188676,0.16251391299999973
71,3.1771865759188676,0.16497180999999994
72,3.166364803008417,0.16707400399999983
73,3.166364803008417,0.16906606599999918
74,3.155563480183117,0.17119397499999955
75,3.155563480183117,0.17327153799999984
76,3.1447960011832707,0.17531290300000002
77,3.1447960011832707,0.17741715599999974
78,3.1415719761043683,0.17944679899999993
79,3.1415719761043683,0.18143505199999943
80,3.1233376770776458,0.18340170599999972
81,3.1233376770776458,0.1853323429999998
82,3.112631784343202,0.1874727139999992
83,3.112631784343202,0.18948421999999976
84,3.1019592395466242,0.191404554
85,3.1019592395466242,0.19333265599999994
86,3.0913098687717007,0.19524891399999955
87,3.0913098687717007,0.1974365839999992
88,3.0806866925108944,0.19955131999999942
89,3.0806866925108944,0.201517473
90,3.070087888270981,0.2035196129999992
91,3.070087888270981,0.20546935399999988
92,3.059516363581937,0.20741891099999954
93,3.059516363581937,0.20936461499999925
94,3.0489700859126487,0.21132707800000006
95,3.0489700859126487,0.2137381499999993
96,3.0384381900113824,0.21584248000000006
97,3.0384381900113824,0.21790567799999927
98,3.0279309101239136,0.21997346999999934
99,3.0279309101239136,0.22220493399999963
100,3.0174427482919044,0.22434482699999947
101,3.0174427482919044,0.22644062399999942
102,3.006977521577914,0.2285420819999997
103,3.006977521577914,0.23083441100000002
104,2.996534041092151,0.23294114299999968
105,2.996534041092151,0.23504159999999974
106,2.986114314692609,0.23713532799999992
107,2.986114314692609,0.2395346869999999
108,2.9757159494417356,0.24171038399999922
109,2.9757159494417356,0.2438337689999992
110,2.9653365431453866,0.24608091200000004
111,2.9653365431453866,0.2482873579999998
112,2.954979895174888,0.25025618099999924
113,2.954979895174888,0.2522128349999999
114,2.9446371707482037,0.2544317509999994
115,2.9446371707482037,0.25660873599999956
116,2.934319568952038,0.2586894079999995
117,2.934319568952038,0.2607908959999996
118,2.9240254265312093,0.2630648889999998
119,2.9240254265312093,0.2654049659999993
120,2.913755059755488,0.26747957799999966
121,2.913755059755488,0.26955548199999946
122,2.90350333836561,0.27157262499999923
123,2.90350333836561,0.27351984999999956
124,2.8932781061402486,0.2754604169999997
125,2.8932781061402486,0.2774532899999995
126,2.8830754166889982,0.27942996200000003
127,2.8830754166889982,0.28134275499999983
128,2.8728931319005864,0.28327429299999984
129,2.8728931319005864,0.28515947100000005
130,2.8627359312278826,0.2872410359999993
131,2.8627359312278826,0.2893474229999997
132,2.8599147053445906,0.29143055800000006
133,2.8599147053445906,0.29333333800000005
134,2.8424938094585044,0.2952848639999992
135,2.8424938094585044,0.2978707459999992
136,2.832407064394202,0.30013332799999937
137,2.832407064394202,0.30222555299999954
138,2.822346501769183,0.3042640799999994
139,2.822346501769183,0.30635956699999944
140,2.812306933572266,0.30833138199999954
141,2.812306933572266,0.31023617099999967
142,2.802294916213263,0.31221296899999995
143,2.802294916213263,0.31411338499999975
144,2.792306539988243,0.3160196039999992
145,2.792306539988243,0.3179175869999993
146,2.7592560139145217,0.31992964199999996
147,2.7592560139145217,0.32217230699999977
148,2.7724036555229654,0.3242535449999995
149,2.7724036555229654,0.32619100099999976
150,2.7624899089400694,0.3281210009999995
151,2.7624899089400694,0.3303329479999997
152,2.752600416040708,0.33246477599999924
153,2.752600416040708,0.3344102679999992
154,2.742737457492033,0.33633666400000006
155,2.742737457492033,0.33824539299999934
156,2.7328992273995083,0.3403315839999994
157,2.7328992273995083,0.34270251500000004
158,2.7230863252416047,0.3447536299999996
159,2.7230863252416047,0.3467983229999998
160,2.713299950111034,0.34884328500000006
161,2.713299950111034,0.3509164069999997
162,2.7035393355469264,0.35287778000000003
163,2.7035393355469264,0.3550096679999992
164,2.6938069851141133,0.35693971199999996
165,2.6938069851141133,0.3588271359999995
166,2.6841006471994087,0.36076109600000006
167,2.6841006471994087,0.36287512799999977
168,2.6744403955827605,0.3651632409999994
169,2.6744403955827605,0.3671532439999998
170,2.6647853541996804,0.36925789199999937
171,2.6647853541996804,0.3712681869999992
172,2.6551671884293344,0.3732211079999992
173,2.6551671884293344,0.37516227099999977
174,2.645574939587551,0.3770955409999992
175,2.645574939587551,0.3790622059999995
176,2.6360089237663686,0.38099081399999957
177,2.6360089237663686,0.38304227300000004
178,2.626472260136415,0.3851716009999997
179,2.626472260136415,0.3874922079999994
180,2.616951773540005,0.3894805759999995
181,2.616951773540005,0.39144310499999957
182,2.6074083645960617,0.39337208399999923
183,2.6074083645960617,0.39535661599999994
184,2.5979503742467323,0.3977165039999999
185,2.5979503742467323,0.39965964999999937
186,2.5659298478667205,0.40156291299999936
187,2.5659298478667205,0.4034861619999992
188,2.5861531260572015,0.40537923399999976
189,2.5861531260572015,0.40732361400000006
190,2.5696569762030608,0.4092640049999998
191,2.5696569762030608,0.41119471900000004
192,2.5602790797339643,0.41309367899999927
193,2.5602790797339643,0.4150033639999995
194,2.550925501942299,0.41698305300000005
195,2.550925501942299,0.41896614999999926
196,2.541597007853284,0.4212016909999994
197,2.541597007853284,0.42326134399999926
198,2.5322964559594388,0.42526741399999946
199,2.5322964559594388,0.42741248199999937
