iter,eval_func_value,time
0,3.744770487814126,0.26500235799999994
1,3.7537677361818487,0.27902201699999996
2,3.7541724332634567,0.292486644
3,3.7540329513581696,0.305678643
4,3.75115088295992,0.318998848
5,3.75432433430342,0.332327799
6,3.7509503203740344,0.345563003
7,3.7531118935028194,0.35885287600000004
8,3.7532677469367766,0.37215732199999996
9,3.753297719315075,0.38366549799999994
10,3.7475931864141914,0.39457366699999996
11,3.75398118677113,0.405439326
12,3.7539843788843337,0.416325045
13,3.7541878559246387,0.42716685
14,3.7523559214790976,0.4379771010000001
15,3.7540743270118604,0.44869064699999994
16,3.7532903799282873,0.4593818420000001
17,3.7539109704683975,0.469984029
18,3.7538429253091197,0.48064247299999996
19,3.7503721602777564,0.49118085
20,3.753821696690534,0.501719331
21,3.7533123201272165,0.512080888
22,3.754323717535129,0.522424648
23,3.752415151012941,0.5327547069999999
24,3.7531285673377015,0.5430880109999999
25,3.752226339325405,0.553370005
26,3.753101381744772,0.5637149060000001
27,3.7530605675983315,0.5739743199999999
28,3.7512117227005914,0.584180053
29,3.7493194567812673,0.5942487200000001
30,3.752408515597257,0.6042363919999999
31,3.7479911731794138,0.614193068
32,3.749873454318602,0.6240855849999999
33,3.7536612200032464,0.6339164039999999
34,3.7512030127793907,0.643780406
35,3.7513483535237344,0.653554064
36,3.754153021308093,0.6633568019999999
37,3.753395520523858,0.673177969
38,3.753522458519246,0.6829861629999999
39,3.7513524585978457,0.692806753
40,3.7536962857456166,0.702680429
41,3.7543194622304665,0.7124962199999999
42,3.7536887046398872,0.7223988899999999
43,3.7540129419955,0.7322312599999999
44,3.750586422113414,0.7420986449999999
45,3.753148124037779,0.7519973489999999
46,3.7514274617314514,0.761877891
47,3.754120026395662,0.7719231510000001
48,3.7537639917780723,0.781966949
49,3.750790906534776,0.791880984
50,3.754188801874704,0.8018852049999999
51,3.7515983724695077,0.8118141899999999
52,3.7527922729051557,0.8218788499999999
53,3.7528351219953167,0.8319064260000001
54,3.752574722230852,0.8419779669999999
55,3.744399606659246,0.851992016
56,3.7540043695625758,0.8620734120000001
57,3.73553777317406,0.872082914
58,3.753392415820336,0.882139965
59,3.747262385781168,0.892241269
60,3.7521712104822194,0.9023375079999999
61,3.7534248186888512,0.9123420139999999
62,3.7467625936818445,0.922399587
63,3.7532773331547102,0.932469243
64,3.7512684421320666,0.9425933219999999
65,3.7541831284972846,0.9526884569999999
66,3.7542216907723485,0.9627508370000001
67,3.7534830934888306,0.9728292399999999
68,3.7410163884890983,0.9828638099999999
69,3.7537586930363855,0.9929010500000001
70,3.736981862374616,1.002948785
71,3.752478112089623,1.013002824
72,3.7527392448646735,1.023231805
73,3.753686301342187,1.033270656
74,3.741060794161132,1.043293422
75,3.7510019231914415,1.0534116230000001
76,3.745159785663708,1.063425526
77,3.7508544653283757,1.0734819779999998
78,3.7514476655741045,1.083505567
79,3.750068543689406,1.093557778
80,3.752409466236576,1.103553707
81,3.751911884748802,1.1136485559999998
82,3.7487500124661555,1.123681586
83,3.7537487916749117,1.133737065
84,3.753448678267669,1.143840006
85,3.7461611171409825,1.15386516
86,3.7480181365037835,1.1578557310000002
87,3.749398065867122,1.159494221
88,3.7533790599083003,1.161114837
89,3.753970754297768,1.1627365049999998
90,3.7538214977965034,1.164362932
91,3.7507707428317985,1.165984881
92,3.753473206413768,1.167615766
93,3.7541228326992,1.1692743440000002
94,3.753353186127224,1.1709197059999998
95,3.7535355058394013,1.1725519539999998
96,3.753105609320301,1.174171679
97,3.7389193672446606,1.1757936670000002
98,3.7534329524762025,1.177398444
99,3.752586169904785,1.1790207129999999
100,3.7526997069451897,1.180633775
101,3.7520386558261194,1.182249272
102,3.753431578461076,1.1838629049999998
103,3.7522297081772957,1.185476618
104,3.7522100737989086,1.187092115
105,3.752447353993712,1.188708413
106,3.7540171380258758,1.190315564
107,3.7540333903821748,1.1919345670000001
108,3.751483366190264,1.1935529589999998
109,3.7531612349674197,1.1951743069999998
110,3.7520140341754264,1.196786216
111,3.751585787247566,1.1984290940000002
112,3.7522313265015312,1.200048157
113,3.7536265665169672,1.2018550129999999
114,3.7536461314433227,1.203476771
115,3.7441771228236425,1.205087991
116,3.7528882833987622,1.206695572
117,3.7535866411128262,1.208305968
118,3.7512868322187414,1.2099204829999999
119,3.7536932679553647,1.2115534330000002
120,3.751506950442205,1.213176534
121,3.752290203893154,1.2148281280000002
122,3.750551112578425,1.2164882979999998
123,3.7411421191423355,1.2181131710000002
124,3.7539553868275166,1.2197246800000001
125,3.752815758777445,1.2213441139999999
126,3.7531122483592587,1.222955652
127,3.753707559249888,1.224565448
128,3.748450602720814,1.2261882979999998
129,3.75282996673389,1.2278085339999998
130,3.753532169844277,1.229425522
131,3.744012855194596,1.231050507
132,3.753682036124233,1.2326666839999998
133,3.7535382454016117,1.234274106
134,3.7538329123702603,1.235898739
135,3.7532981629718303,1.2375122319999998
136,3.7539062189410255,1.2391144330000001
137,3.7457423568727304,1.240730932
138,3.749719041674693,1.2423549239999998
139,3.752585289004412,1.243958599
140,3.7466403055816246,1.2455732839999998
141,3.751406178502128,1.247204269
142,3.753533816549238,1.2488228399999999
143,3.752823891220724,1.2504334369999999
144,3.753814894890769,1.252096564
145,3.7497340099858247,1.253711108
146,3.7508092855202606,1.255317839
147,3.7517750908209964,1.2569526409999998
148,3.753877109109735,1.258573128
149,3.7536251053290446,1.2601866099999999
150,3.7525946266295978,1.2618256799999998
151,3.753508579427797,1.263441126
152,3.749013868340089,1.2650489290000002
153,3.752623803918115,1.266657763
154,3.7536930199349285,1.268258512
155,3.7533169865406446,1.269864831
156,3.752862149396938,1.2714899050000001
157,3.753663387241134,1.2731024560000002
158,3.750559094333255,1.274729755
159,3.7537636282687563,1.276346013
160,3.7532110730363173,1.2779615789999998
161,3.7528246489847157,1.279596772
162,3.7510665439450075,1.281225273
163,3.7536544891331003,1.282834458
164,3.7529197572327515,1.2844470490000002
165,3.7533297250131845,1.2860571360000002
166,3.753787333237309,1.287672241
167,3.753864112112553,1.289290373
168,3.7526703097661387,1.290914957
169,3.753589159422869,1.2925347710000001
170,3.7538392299760033,1.294160587
171,3.7454157969466633,1.295785531
172,3.7460865556212943,1.297412478
173,3.752605370767308,1.2990195390000001
174,3.744396245178634,1.300751403
175,3.7533536923738477,1.302383341
176,3.7528889282936273,1.303997705
177,3.7537859281366246,1.30562258
178,3.753064560796009,1.307247003
179,3.74930815352144,1.308857289
180,3.7484532473202763,1.310476703
181,3.752544181369754,1.3121180780000001
182,3.7496031732015696,1.3137722680000001
183,3.744232700964711,1.3153940560000001
184,3.749988431028576,1.3170061460000002
185,3.7524792474756548,1.3186205800000002
186,3.750854237447476,1.320245484
187,3.753592741280218,1.321858267
188,3.752384506983663,1.32347728
189,3.753307801556682,1.32510005
190,3.751723687151089,1.326705838
191,3.753354788814362,1.328316746
192,3.7537331753860634,1.3299283750000002
193,3.753530164930907,1.331547188
194,3.752355542750699,1.333161101
195,3.752832181051173,1.3347808959999998
196,3.7537455134467157,1.336392917
197,3.7536425056016034,1.3380110269999999
198,3.73625399683167,1.339626633
199,3.7527215984726916,1.3412514070000001
