iter,eval_func_value,time
0,3.959566663089991,0.0020645519999997752
1,3.759066236835411,0.003944289000000101
2,3.6563558659586066,0.005909093999999726
3,3.603154392410643,0.007807917000000053
4,3.5709220112607953,0.00980320999999984
5,3.543871197945778,0.0117835770000001
6,3.5154117421370077,0.01367275999999995
7,3.4912528719538174,0.015529173000000007
8,3.461177052422,0.01748730700000012
9,3.4367184182373864,0.019428669999999926
10,3.410231578799957,0.021330918999999948
11,3.38386775470694,0.023213509999999715
12,3.3576149332571097,0.02511332399999988
13,3.331351414033051,0.02700230800000014
14,3.305103555727261,0.02893556499999983
15,3.2789462262605293,0.030846770999999773
16,3.2528768586582553,0.03273687599999997
17,3.2268986651012095,0.03462677100000011
18,3.2010100105196266,0.036518129000000066
19,3.169795318246651,0.038395120000000116
20,3.1495031356665297,0.040241785999999724
21,3.1243855780024,0.04210279799999972
22,3.0995969682281443,0.044006508999999916
23,3.0728641435711292,0.04588994299999971
24,3.0474838444933314,0.04779879499999984
25,3.022185880562897,0.04969189699999976
26,2.996969879828765,0.051676859999999714
27,2.9719116889436363,0.05357683499999988
28,2.947053539728664,0.05546299500000007
29,2.9243922084103424,0.05748458799999989
30,2.8976693489379963,0.05937926299999985
31,2.87312367529177,0.06127383799999997
32,2.8424313747272714,0.06316003599999975
33,2.8243304597812533,0.06504994199999992
34,2.800083244224158,0.0669936390000001
35,2.775957364689948,0.06885576299999974
36,2.751921391962288,0.07070938199999999
37,2.7303598062804393,0.07257405000000006
38,2.7041326648361865,0.07444411799999973
39,2.680380031893484,0.07631014800000013
40,2.656725781786308,0.07817592799999984
41,2.633172029880155,0.08003522600000013
42,2.6097243110955275,0.08190630600000004
43,2.586375158132291,0.08378172500000014
44,2.5631374180278748,0.085653808
45,2.5399888338079526,0.08753927599999978
46,2.5169275173786985,0.08941241100000008
47,2.4939747612847736,0.09128968399999993
48,2.471128336335939,0.09314472299999998
49,2.4405924734903346,0.0950169139999999
50,2.4257657282109597,0.09686736500000004
51,2.4032591733029145,0.09873223399999986
52,2.381515618292867,0.10059099199999988
53,2.3599063577562998,0.10248360199999995
54,2.3384235865509377,0.10437248599999993
55,2.3170426779311755,0.1062353009999999
56,2.295767081604568,0.10809255499999981
57,2.266523998911993,0.10994295599999981
58,2.2535426879612053,0.11179436900000006
59,2.232598328458221,0.11366173199999974
60,2.211766274121796,0.11557045399999977
61,2.1910509301628824,0.11756740999999993
62,2.1704544259228653,0.11948817399999978
63,2.149978566181622,0.12136417399999999
64,2.129622757125227,0.1232340009999997
65,2.109389360067556,0.12516495300000008
66,2.089267034721271,0.12733192799999982
67,2.0692809452329426,0.12922093099999987
68,2.049416264627731,0.1310991640000001
69,2.0296816261223225,0.13297187799999977
70,2.0100648320254897,0.1349484059999999
71,1.9905731318559121,0.136910619
72,1.9712133548826654,0.13883140299999974
73,1.9519908219552828,0.14070869499999983
74,1.9329073174373788,0.142660738
75,1.9139601052873354,0.14454757800000007
76,1.8868696034905559,0.1464362109999997
77,1.8714083195125037,0.14830931599999975
78,1.8609735653003041,0.1501973379999999
79,1.842630355979931,0.15207481099999987
80,1.8214701054784277,0.1540897910000001
81,1.803428710535962,0.15599455399999984
82,1.7855396348405976,0.1579144969999997
83,1.767812883702482,0.15979458499999977
84,1.7532242762330577,0.16166025599999978
85,1.7328325077111202,0.16352706800000005
86,1.7155736296113386,0.1653907229999998
87,1.6984637238801166,0.16726249500000012
88,1.6814992410054552,0.1691874470000001
89,1.6646875047392036,0.1710954870000001
90,1.6480310618141472,0.17297925000000003
91,1.6315158159333387,0.17484651399999995
92,1.6151474291729646,0.17671459799999978
93,1.598929214125419,0.17860122799999978
94,1.5828428826112857,0.18045411499999986
95,1.5669164035755125,0.18230931499999992
96,1.5511162610207325,0.184203149
97,1.535413200616389,0.18613320199999972
98,1.5116587163788973,0.18800710699999978
99,1.504391914293273,0.18983909399999987
100,1.4890764269521104,0.191671822
101,1.4738942364226828,0.19350457899999984
102,1.4588262145425375,0.19535921700000003
103,1.4438555365113874,0.19719012299999994
104,1.4290137545105823,0.19902304299999996
105,1.414303695525885,0.20091156499999974
106,1.3997286106184912,0.20278340700000008
107,1.385291985449428,0.2046262849999998
108,1.3629565713510314,0.2064546049999998
109,1.3568532290534643,0.20831828200000002
110,1.3428568484794343,0.21017805199999984
111,1.3318895838479303,0.212022583
112,1.3085725000457042,0.21386971899999985
113,1.3018111646323378,0.21573254499999983
114,1.288458502427869,0.21773255600000008
115,1.2752756685498992,0.219634514
116,1.2622678964885972,0.22151133499999975
117,1.2494414565885406,0.22338641199999998
118,1.2290330307165367,0.22526146000000002
119,1.2242577810372324,0.22717060199999972
120,1.2118532009143541,0.22903322699999995
121,1.1995967934147191,0.23092234099999986
122,1.1902425207957623,0.23282417900000008
123,1.1755421465696214,0.2347437499999998
124,1.1647188556893402,0.23663466799999977
125,1.1521051488622722,0.23852860200000015
126,1.1405984930595758,0.24041766499999984
127,1.1292452720500792,0.24235277599999971
128,1.118051200246173,0.2447433809999997
129,1.107017457307502,0.2466557589999998
130,1.0969537908487401,0.24873860599999986
131,1.0854570679215376,0.2506805599999997
132,1.0748823285081137,0.252593359
133,1.0644354757509453,0.2544824939999999
134,1.0541120151194385,0.2563708760000001
135,1.0438597501835654,0.25840193499999975
136,1.0336988746081572,0.26043360699999996
137,1.023604787591086,0.26235524199999993
138,1.0135947984302212,0.26434833199999996
139,1.0069989724835255,0.26625445800000014
140,0.993866372787384,0.26815131700000006
141,0.9841543509862617,0.2700353409999998
142,0.9745472427729431,0.27192902399999985
143,0.9650173159977706,0.2738254229999999
144,0.9555745244835793,0.2757268599999998
145,0.9462364555043008,0.2776077990000001
146,0.9378769713670162,0.27948363899999995
147,0.9285688590918368,0.2813615129999998
148,0.918873904514261,0.2832808440000001
149,0.909980736776091,0.285199784
150,0.9012077428325326,0.28708953999999975
151,0.8925560674632919,0.28897112999999974
152,0.8774703699720179,0.290865594
153,0.8755971737402727,0.292748558
154,0.8672486190283106,0.29463730199999993
155,0.8589952069528145,0.29651253099999986
156,0.8508413463456143,0.29839379999999993
157,0.8427892902269278,0.3002877329999998
158,0.8285276458001264,0.30215976599999994
159,0.8206650393489362,0.3040661199999999
160,0.819065803826915,0.3059689190000001
161,0.811271002000403,0.3079505359999999
162,0.8035164264308315,0.30993895699999996
163,0.7957952851520674,0.3118702
164,0.7881219945602583,0.3137719579999998
165,0.7804979439386811,0.3156660809999998
166,0.7729244061823303,0.31756453399999973
167,0.765402933105424,0.3194446310000001
168,0.7579365029606183,0.3213291269999998
169,0.7505237196196888,0.32320692000000006
170,0.7431688702319412,0.3251387549999998
171,0.7358716381283279,0.327047807
172,0.7286358105733367,0.32894114799999974
173,0.7222201829838599,0.33083791699999976
174,0.7143507238306857,0.3327395740000001
175,0.7015465871182075,0.3346258739999999
176,0.7003284625647753,0.33652568800000005
177,0.693421077642416,0.33841082499999997
178,0.6865845695490431,0.34030671199999984
179,0.6742312473373024,0.34219835099999996
180,0.6731366195239743,0.3440879149999998
181,0.6665282013033124,0.34596927499999985
182,0.6600009410782219,0.34786436100000007
183,0.6535565763256974,0.3497878499999998
184,0.6471968676960295,0.35167654299999995
185,0.6409261721370451,0.3535800939999998
186,0.634744559329241,0.3554771940000001
187,0.6286564446101301,0.3573864659999999
188,0.6226643387443698,0.3593057370000001
189,0.6167703001214206,0.36120109199999995
190,0.6109681479386302,0.3631039719999998
191,0.6002557002073985,0.3649898280000001
192,0.5994815417837461,0.3669092599999999
193,0.5938409683127824,0.36881994399999973
194,0.5882196101380825,0.3707359000000001
195,0.5826419935202815,0.3726238820000001
196,0.5771288282005258,0.3746281229999999
197,0.5716822776918253,0.3765542260000001
198,0.5679910393497348,0.37849632899999985
199,0.560996383702636,0.38039094399999973
