iter,eval_func_value,time
0,29.094451658147435,0.0009210699999999683
1,26.2325726164452,0.0018090989999999252
2,21.259799797203762,0.002624841999999905
3,17.49369672563585,0.003423423000000092
4,15.428752933119412,0.004216382999999713
5,14.149975908471793,0.005011837999999713
6,12.973006777464992,0.00580764399999989
7,11.769198139186729,0.006599812999999788
8,10.626917974547991,0.007388944999999758
9,9.61713805969523,0.008176396000000086
10,8.747054445422387,0.008958064999999849
11,7.993005751931922,0.00974044499999982
12,7.331845849130804,0.010531722999999715
13,6.749708372907513,0.011322197999999783
14,6.238481614961949,0.012125607999999843
15,5.7914695898587025,0.012917065999999977
16,5.40181946678157,0.013724744000000122
17,5.062713618660839,0.01451458799999994
18,4.767838293790572,0.01530158799999981
19,4.511558952083209,0.01610823299999975
20,4.288869503267315,0.016908026999999937
21,4.09529675284204,0.017695296999999943
22,3.9268401433630036,0.01851806300000014
23,3.7799428145265654,0.019308359000000053
24,3.651470403573413,0.02010021800000006
25,3.53868511328694,0.02088562500000002
26,3.43921405464138,0.02166757499999994
27,3.35101475563696,0.022456046999999923
28,3.272340241310884,0.02324431799999971
29,3.2017049428267597,0.024028201999999776
30,3.1378521333932223,0.02482402799999983
31,3.07972343648914,0.02560714899999983
32,3.0264308536942273,0.026408897000000042
33,2.9772315973232297,0.027192138999999838
34,2.9315058246624135,0.02798643200000006
35,2.8887372115051795,0.0287738919999998
36,2.8484961946854073,0.02955489999999994
37,2.8104256517861077,0.030342800999999753
38,2.7742287583993273,0.03113335599999978
39,2.739658757996341,0.0319256659999998
40,2.7065103887056954,0.03272316499999972
41,2.6746127295189956,0.03351243799999981
42,2.643823251547269,0.03429863599999994
43,2.614022884931154,0.035083100000000034
44,2.5851119368115794,0.03587418600000003
45,2.557006719126937,0.03666579400000014
46,2.5296367662403387,0.037468944000000004
47,2.502942541237726,0.038258939999999964
48,2.476873546145969,0.03904170099999993
49,2.451386765417949,0.03982697699999971
50,2.426445384016112,0.04070002799999983
51,2.4020177315293143,0.041522273
52,2.3780764122194884,0.0423320949999999
53,2.354597587944938,0.04312284199999983
54,2.331560386757342,0.043913938999999846
55,2.308946414808475,0.04471083699999978
56,2.2867393531949345,0.045501653999999725
57,2.2649246246563832,0.046295616999999734
58,2.2434891177454537,0.047083428000000094
59,2.222420958306877,0.04787123799999993
60,2.2017093199244986,0.048661172999999724
61,2.1813442664882534,0.04945144800000012
62,2.1613166212574444,0.050238677999999926
63,2.1416178578001066,0.05102510599999999
64,2.122240009010687,0.05181019099999995
65,2.103175591082445,0.05259549599999991
66,2.0844175398637654,0.053375922999999936
67,2.0659591574809437,0.05416250200000006
68,2.047794067482035,0.054947907999999934
69,2.0299161770617844,0.05573982700000002
70,2.012319645178527,0.056530492999999904
71,1.9949988555801867,0.057316810999999745
72,1.9779483939261149,0.05810249799999978
73,1.9611630283311545,0.05888893599999978
74,1.9446376927733533,0.05967671799999996
75,1.9283674729016032,0.060464046999999965
76,1.9123475938577659,0.06124799100000011
77,1.896573409792522,0.06204052999999998
78,1.881040394807654,0.06282784099999983
79,1.865744135101741,0.06361852800000012
80,1.8506803221329295,0.0644066689999998
81,1.8358447466428733,0.06519226499999986
82,1.8212332934112156,0.06597456599999996
83,1.8068419366309987,0.06675805800000001
84,1.7926667358128936,0.06754468699999983
85,1.7787038321407227,0.06832969199999983
86,1.7649494452129326,0.06911339500000002
87,1.7513998701148457,0.06989398199999997
88,1.738051474775041,0.07067947799999974
89,1.7249006975663588,0.07146122799999999
90,1.7119440451180048,0.07225490999999984
91,1.699178090310283,0.07303864299999985
92,1.686599470427711,0.07383855600000011
93,1.6742048854498575,0.07462879199999994
94,1.6619910964622586,0.0754234760000001
95,1.6499549241723122,0.07621249899999993
96,1.6380932475172285,0.07702668899999976
97,1.6264030023529303,0.0778169649999998
98,1.614881180214372,0.0786056369999999
99,1.6035248271390536,0.07938978099999972
100,1.5923310425466524,0.08018374399999972
101,1.5812969781686486,0.08097001099999979
102,1.5704198370226499,0.08176660800000013
103,1.5596968724268239,0.08254735499999999
104,1.5491253870504513,0.08333452499999972
105,1.5387027319971425,0.08412229599999987
106,1.5284263059176861,0.0849063499999998
107,1.518293554149911,0.08569315899999985
108,1.50830196788325,0.08648094999999989
109,1.4984490833459958,0.08726725799999979
110,1.4887324810134854,0.08806298299999993
111,1.4791497848356592,0.08884463199999981
112,1.469698661482634,0.0896394159999998
113,1.4603768196070877,0.09042538299999991
114,1.4511820091223941,0.09120909600000005
115,1.4421120204955742,0.09199448200000004
116,1.4331646840542287,0.09278901500000014
117,1.4243378693067192,0.09358815700000012
118,1.4156294842749415,0.09436896500000014
119,1.4070374748391064,0.09515591300000015
120,1.3985598240940111,0.09594880299999975
121,1.390194551716331,0.09674775499999999
122,1.3819397133425169,0.09753203899999985
123,1.3737933999569232,0.09833588999999998
124,1.3657537372898272,0.09912337000000004
125,1.3578188852250357,0.09990829500000009
126,1.349987037216803,0.10070760900000009
127,1.342256419715808,0.10152730999999982
128,1.334625291603965,0.1023188479999999
129,1.3270919436378572,0.10310173899999997
130,1.3196546979006032,0.10388814699999971
131,1.3123119072619798,0.10467264100000007
132,1.305061954846642,0.1054650210000001
133,1.2979032535102866,0.10625255099999986
134,1.290834245323623,0.1070433770000001
135,1.2838534010640215,0.10783584700000004
136,1.2769592197147146,0.10862935799999995
137,1.2701502279714418,0.10943031399999992
138,1.2634249797564274,0.1102337040000001
139,1.2567820557395868,0.11102381800000005
140,1.2502200628668731,0.11181488499999981
141,1.2437376338956616,0.11260375800000011
142,1.237333426937092,0.11339808000000007
143,1.2310061250052757,0.11418330600000015
144,1.2247544355732947,0.1149734109999998
145,1.2185770901359045,0.11575949899999971
146,1.2124728437788725,0.11654309100000004
147,1.2064404747548674,0.11732921900000015
148,1.2004787840658369,0.11811231099999997
149,1.1945865950517933,0.11890431999999995
150,1.1887627529859437,0.1196893750000001
151,1.1830061246760892,0.12047660399999982
152,1.177315598072234,0.1212635230000001
153,1.1716900818803258,0.12204885899999995
154,1.1661285051820733,0.12283124000000001
155,1.160629817060766,0.12361962100000001
156,1.155192986233036,0.12440455700000008
157,1.149817000686494,0.12519259799999993
158,1.1445008673231811,0.125982955
159,1.1392436116087636,0.12678466099999985
160,1.1340442772274149,0.12757570799999973
161,1.1289019257423187,0.12835697600000007
162,1.123815636261729,0.12914048900000008
163,1.1187845051105252,0.12992953299999987
164,1.113807645507199,0.1307207589999999
165,1.1088841872462116,0.13150825899999985
166,1.1040132763856576,0.1323051770000001
167,1.0991940749401723,0.13308783899999987
168,1.0944257605790224,0.13387590000000005
169,1.0897075263293148,0.13466820899999998
170,1.0850385802842648,0.13545533899999995
171,1.080418145316459,0.13624066499999987
172,1.0758454587960506,0.13702876699999988
173,1.071319772313829,0.1378476059999998
174,1.066840351409095,0.138634374
175,1.0624064753022888,0.1394264220000001
176,1.0580174366323019,0.14021299099999984
177,1.0536725411984127,0.14099548200000012
178,1.0493711077067902,0.14178193000000006
179,1.0451124675214971,0.14257254699999988
180,1.0408959644199363,0.1433861959999998
181,1.036720954352676,0.14419996599999996
182,1.0325868052076008,0.1449844699999998
183,1.0284928965783173,0.145764185
184,1.0244386195367627,0.14655133499999984
185,1.0204233764099553,0.1473427319999998
186,1.0164465805608223,0.1481286289999999
187,1.012507656173052,0.1489161189999999
188,1.0086060380399091,0.14970645500000002
189,1.0047411713569514,0.15049774199999977
190,1.0009125115185957,0.15128609400000004
191,0.997119523918469,0.15207548799999993
192,0.993361683753491,0.15286707500000007
193,0.989638475831631,0.15367943200000012
194,0.9859493943832789,0.15446863499999974
195,0.9822939428761777,0.15528421699999972
196,0.9786716338338592,0.15607310100000005
197,0.9750819886575297,0.156863596
198,0.9715245374513463,0.15765240899999977
199,0.9679988188510344,0.15844087099999982
