iter,eval_func_value,time
0,19.52937615382554,0.0016114429999998237
1,18.426530432474024,0.0030462049999999685
2,17.258605118005736,0.004470367000000142
3,15.979255148143,0.0059024139999999115
4,14.615533785645786,0.007326516000000005
5,13.203780191228757,0.008736772000000226
6,11.782426842237708,0.010152558000000145
7,10.390064470802622,0.011582671000000211
8,9.064635534260837,0.013006552000000227
9,7.8429569829543935,0.014412759999999913
10,6.760044262943988,0.015828025000000245
11,5.84734383802949,0.01724721699999998
12,5.12851463977459,0.018661730999999904
13,4.612051700678073,0.02007919100000022
14,4.283608153924908,0.021481732999999892
15,4.105212512291078,0.022881109000000066
16,4.025414682277722,0.024278971999999843
17,3.9940599616212764,0.025680291000000022
18,3.972297279057152,0.027084745000000243
19,3.9352470720094717,0.028478870999999906
20,3.8702226889724485,0.029880270000000042
21,3.7736212246425502,0.031273162999999826
22,3.648000138062689,0.0326703450000001
23,3.4997371568553155,0.03407446900000011
24,3.3372285741266716,0.03547799300000021
25,3.169482805361177,0.036885161999999916
26,3.0049914506640683,0.03831467399999999
27,2.8508229620934014,0.039717046000000256
28,2.711954299443853,0.04111465900000022
29,2.5909092914760827,0.0425111290000002
30,2.487776580812007,0.04398950300000015
31,2.400615685679689,0.04614461599999986
32,2.3261521992532566,0.04772833700000012
33,2.260578624356918,0.04919266600000016
34,2.2002699088002275,0.05072291600000023
35,2.142288307955386,0.05217738400000016
36,2.0846416009853512,0.0535920889999999
37,2.0263259014104875,0.05499142499999987
38,1.967214114044416,0.05641964399999999
39,1.907852608596992,0.05781663600000009
40,1.8492174189508999,0.05936105299999994
41,1.7924682619303336,0.060817707
42,1.738728423441477,0.06223151900000001
43,1.688911083706186,0.06364277800000018
44,1.643605944656357,0.06506900300000007
45,1.6030321431257246,0.0665339519999999
46,1.567053959969472,0.06794586999999996
47,1.5352463295218244,0.06946298700000009
48,1.5069903267544194,0.07101286500000015
49,1.4815768220356715,0.07242973200000025
50,1.4582996020370314,0.0738403700000001
51,1.4365257651800796,0.07523588799999992
52,1.4157385718833708,0.07662900200000022
53,1.3955540648798237,0.07802314700000013
54,1.3757166649384294,0.07945037499999996
55,1.3560805875710966,0.08097142899999987
56,1.3365838652962925,0.08242107799999987
57,1.3172206736254513,0.08394220200000024
58,1.298016113387203,0.08537012200000005
59,1.2790059880529407,0.08677409700000016
60,1.260222670431337,0.08816234099999987
61,1.2416870078656488,0.089554052
62,1.2234054235526848,0.09102208700000025
63,1.2053709331996922,0.09251552899999993
64,1.1875666674370762,0.09392602500000002
65,1.1699705975175039,0.09535032700000023
66,1.1525604167241161,0.09674168799999983
67,1.135317846786839,0.098139631
68,1.1182319478470157,0.09952490000000003
69,1.1013012665025341,0.10103366199999986
70,1.0845348386600908,0.10253565000000009
71,1.0679521725356844,0.10395004399999985
72,1.0515823859975724,0.10534218600000012
73,1.0354626813865295,0.10672799600000005
74,1.0196363296069726,0.1081183750000001
75,1.0041503189716763,0.109524183
76,0.9890528121282824,0.1109386360000002
77,0.9743905493270745,0.1124807699999999
78,0.9602063363150555,0.11393909600000018
79,0.9465367553156561,0.11535690600000015
80,0.9334102321134418,0.11677293199999994
81,0.920845576521094,0.11817655599999988
82,0.9088510851993296,0.11956639400000002
83,0.8974242557225895,0.12095169299999986
84,0.8865521126466823,0.1224416989999999
85,0.8762120959612653,0.12393493099999997
86,0.8663734163769249,0.1254654930000001
87,0.8569987465506778,0.12691257700000014
88,0.8480460970279132,0.12832169100000002
89,0.839470722362297,0.12972350200000005
90,0.8312269159514262,0.1311357019999999
91,0.8232695787335957,0.13258205499999987
92,0.8155554826402363,0.1341047419999999
93,0.8080441895262921,0.1355491419999999
94,0.800698625267036,0.13695195400000015
95,0.7934853426087246,0.1383419830000001
96,0.7863745320998239,0.13973869400000005
97,0.7793398561951294,0.14113382200000002
98,0.7723581868795159,0.14253129300000023
99,0.765409322524785,0.1440960389999999
100,0.7584757467649514,0.14554709200000016
101,0.7515424732692407,0.14696854800000025
102,0.7445969981637216,0.14836654100000013
103,0.73762935938554,0.14975183999999997
104,0.7306322821462768,0.15113060600000017
105,0.7236013741600811,0.15251602600000025
106,0.7165353248905866,0.15398247599999992
107,0.7094360604931288,0.15548142899999995
108,0.7023088102249091,0.15691951699999995
109,0.6951620499353323,0.15833203800000017
110,0.6880073022843233,0.1597244
111,0.6808587896248572,0.16135962699999995
112,0.6737329519376569,0.1627888689999999
113,0.666647856832937,0.16418804499999995
114,0.6596225397710116,0.16573867399999997
115,0.6526763191340665,0.16716019100000024
116,0.6458281320528568,0.1685648849999999
117,0.6390959330595019,0.16996587399999985
118,0.6324961894295197,0.17137060999999987
119,0.6260434957341987,0.17277566700000024
120,0.6197503172255823,0.17417613500000018
121,0.6136268589120689,0.17564358800000024
122,0.6076810461229647,0.17715492499999996
123,0.6019185942414491,0.17857711300000023
124,0.5963431408534717,0.1799907150000002
125,0.5909564129960974,0.18139205499999989
126,0.585758405123882,0.18279984700000007
127,0.5807475490253806,0.18420746700000024
128,0.5759208641007764,0.18560241499999997
129,0.5712740839400724,0.18716179000000022
130,0.5668017618878766,0.18862477500000008
131,0.5624973633543666,0.1900432460000001
132,0.5583533554855143,0.19145355099999994
133,0.554361305278229,0.1928567939999999
134,0.5505119955237512,0.19425011800000025
135,0.5467955645872686,0.19564935399999994
136,0.5432016716746766,0.19718071700000017
137,0.5397196846575378,0.19863520600000006
138,0.5363388834335551,0.20005416899999995
139,0.5330486687553356,0.2014689220000001
140,0.5298387648195624,0.20286825800000008
141,0.5266994037937588,0.2042713599999999
142,0.5236214817700309,0.2056766360000002
143,0.5205966780968666,0.2071173380000002
144,0.5176175332551753,0.20863722900000026
145,0.5146774839660728,0.2100786939999999
146,0.5117708576116033,0.21152460699999986
147,0.5088928309478782,0.21293738799999984
148,0.5060393602279809,0.21435438600000012
149,0.5032070910856676,0.21630291299999982
150,0.500393256838906,0.21781094199999984
151,0.49759557334190324,0.21931879100000007
152,0.4948121373168374,0.22074924499999993
153,0.49204133345645984,0.22216564200000022
154,0.4892817537503078,0.223574626
155,0.4865321306832353,0.22499218700000023
156,0.4837912843806756,0.22639215299999993
157,0.48105808257008786,0.22779489500000016
158,0.4783314114668538,0.22933158900000006
159,0.47561015538444446,0.23078945399999995
160,0.47289318296401256,0.23220292500000017
161,0.47017933832458103,0.23360835200000007
162,0.467467436031951,0.23500945100000026
163,0.4647562594445294,0.23639785499999988
164,0.4620445625990048,0.23778793200000026
165,0.4593310762530525,0.23926056399999984
166,0.456614518943728,0.24074925599999997
167,0.4538936139236134,0.24218538999999994
168,0.4511671126128399,0.24359673699999984
169,0.4484338247951905,0.24499342699999982
170,0.44569265525388346,0.24638128100000012
171,0.4429426459621849,0.24776995700000004
172,0.44018302239126256,0.24915959399999998
173,0.4374132420394122,0.25073557000000024
174,0.4346330429734225,0.25216996199999997
175,0.43184249003404207,0.2535785850000001
176,0.4290420164006339,0.25499826800000003
177,0.4262324584217657,0.2564098370000001
178,0.42341508196825967,0.25780930300000016
179,0.4205915990112199,0.2592033690000002
180,0.4177641736224004,0.2606987150000002
181,0.4149354170912808,0.2621796729999999
182,0.4121083723114795,0.2636093549999998
183,0.4092864879774614,0.265039899
184,0.4064735834315839,0.2664429209999999
185,0.4036738052045837,0.267836446
186,0.4008915764043305,0.2692389770000001
187,0.3981315401421083,0.27066809800000025
188,0.3953984981631788,0.27220479
189,0.3926973457922188,0.27363361100000017
190,0.39003300423725157,0.27503778499999987
191,0.38741035123743023,0.27643485599999984
192,0.38483415100445195,0.27783433199999985
193,0.3823089844015798,0.2793017550000001
194,0.3798391803281341,0.280749621
195,0.3774287493241467,0.2822439550000002
196,0.3750813204676211,0.28375732499999984
197,0.37280008269012904,0.2851646360000002
198,0.370587731668801,0.2865692110000002
199,0.3684464234487659,0.28797171099999996
