iter,eval_func_value,time
0,20.36887514151455,0.10969059299986839
1,18.87719163611125,0.17880827699991642
2,17.56215885428848,0.2427032339996913
3,16.4034436786069,0.3008943489999183
4,15.382823809630061,0.36051546199996665
5,14.483972894650718,0.42514128499988146
6,13.692277639349921,0.5046896059998289
7,12.99468067004885,0.6043781539997326
8,12.379543289267955,0.6791668979999486
9,11.836522970357391,0.7553405779999594
10,11.356461406243998,0.8204729879998922
11,10.931280039385294,0.8875141849998727
12,10.553881107368799,0.9604607239998586
13,10.218053209327687,1.0245047599996724
14,9.918381144292447,1.086530689999563
15,9.650160259835827,1.1906127939996622
16,9.40931579234298,1.2517360999995617
17,9.192327725945631,1.3092855709996911
18,8.996161606825634,1.3685158829998727
19,8.818205583445696,1.4445402709998234
20,8.656213750938727,1.4974113989997022
21,8.508255694477874,1.5505402269996011
22,8.372671972756429,1.6013006869998208
23,8.248035167843158,1.651450224999735
24,8.133116052502048,1.6960348429997794
25,8.026854386434302,1.745966056999805
26,7.928333842259204,1.839686631999939
27,7.836760573225261,1.9108739919997788
28,7.75144496092805,1.958090618999904
29,7.67178611701527,2.0053888269999334
30,7.597258753486907,2.055367558999933
31,7.527402078409968,2.106496868999784
32,7.461810415331668,2.1592647639999996
33,7.400125283877031,2.213354206999611
34,7.342028715068013,2.265712660999725
35,7.287237607370124,2.316403512999841
36,7.23549895824636,2.3724930189996485
37,7.18658583117401,2.424967118999575
38,7.140293939883375,2.5516458609999972
39,7.096438750304458,2.6027574959998674
40,7.054853016683925,2.6542109999995773
41,7.015384681888904,2.7032844869995643
42,6.97789508336115,2.757302007999897
43,6.9422574158163535,2.8090012199995726
44,6.908355409861882,2.8617641769997135
45,6.876082192465429,2.9151416019999488
46,6.845339300850789,2.9690556719997403
47,6.816035826101901,3.0271390819998487
48,6.788087666673542,3.087865899999997
49,6.761416875265582,3.435898413999894
50,6.735951085226518,3.7268081019997226
51,6.711623004903084,3.923598583999592
52,6.6883699702231665,3.9846630349998122
53,6.666133547353675,4.046569868000006
54,6.644859178567199,4.1065826209996885
55,6.624495865526235,4.167521511999894
56,6.6049958850885035,4.2270476559997405
57,6.5863145334826125,4.293991578999794
58,6.568409895325476,4.371460178999769
59,6.551242634472731,4.439173169999776
60,6.534775804128516,4.5786611779999475
61,6.5189746740058085,4.7015671389999625
62,6.503806572635073,4.767455899999732
63,6.489240743177206,4.831537264999952
64,6.4752482113147,4.88591667899982
65,6.461801663979576,4.937128303999998
66,6.448875337833255,4.980198775999725
67,6.4364449165470425,5.026045393999993
68,6.424487436045849,5.07169514799989
69,6.412981196975536,5.118667144999563
70,6.40190568373829,5.169038371999704
71,6.391241489513025,5.240779559999737
72,6.380970246740604,5.288752275999741
73,6.3710745626083725,5.340997514999799
74,6.361537959116128,5.393360555999607
75,6.352344817347436,5.469342297999901
76,6.3434803256068655,5.541632934999598
77,6.334930431116079,5.63225604299987
78,6.326681794990381,5.713582868999765
79,6.318721750242691,5.792302607999773
80,6.311038262584582,5.862028430999999
81,6.303619893814249,5.938489809999737
82,6.296455767599355,6.0682846559998325
83,6.289535537479011,6.156469325999751
84,6.282849356923784,6.213730024999677
85,6.276387851305833,6.274985803999698
86,6.270142091643294,6.338785965999705
87,6.264103569993834,6.3973389509997105
88,6.258264176382182,6.4714814239996485
89,6.252616177155391,6.583657616999972
90,6.24715219466781,6.655351266999787
91,6.241865188205136,6.706666740999935
92,6.236748436063834,6.764238910999666
93,6.231795518708381,6.832729633999861
94,6.227000302934574,6.896593910999854
95,6.2223569269723775,6.963259092999579
96,6.217859786466652,7.0283476059998975
97,6.213503521278463,7.095296678999603
98,6.209283003053899,7.265043180999783
99,6.20519332351096,7.44081206599958
100,6.201229783398648,7.550781509999979
101,6.1973878820855495,7.768422654000005
102,6.193663307738198,7.915725235999616
103,6.190051928052204,8.01349444799962
104,6.186549781501723,8.102832606999982
105,6.18315306907512,8.182380649999686
106,6.179858146466915,8.266092356999707
107,6.176661516698058,8.348579594999592
108,6.173559823138482,8.431695140999636
109,6.17054984290759,8.50675074999981
110,6.167628480629943,8.592099444999803
111,6.164792762524922,8.66267182699994
112,6.162039830810485,8.848835999999665
113,6.159366938402479,8.926636997999594
114,6.156771443892095,9.063817366999956
115,6.154250806785251,9.136901300999853
116,6.151802582988649,9.208250052999574
117,6.149424420528253,9.270268210999802
118,6.147114055486839,9.327764607999598
119,6.144869308148079,9.385772535999877
120,6.142688079335438,9.51313560799963
121,6.140568346934843,9.56648013999984
122,6.1385081625908136,9.620961776999593
123,6.136505648566354,9.676335554999696
124,6.134558994757478,9.738564610999674
125,6.132666455853839,9.796104810999623
126,6.130826348637408,9.853242463999777
127,6.129037049411661,9.910465987999942
128,6.127296991554165,9.96661878399982
129,6.1256046631858965,10.021206492999681
130,6.123958604950982,10.095721629999844
131,6.122357407900986,10.148008372999811
132,6.120799711478148,10.195867401999749
133,6.119284201592359,10.250568545999613
134,6.1178096087869065,10.307681576999585
135,6.11637470648837,10.362246015999972
136,6.1149783093362675,10.41634798899986
137,6.1136192715883215,10.473724909999873
138,6.112296485597464,10.528433125999982
139,6.111008880356878,10.640153663999627
140,6.109755420109642,10.778194828999858
141,6.108535103019677,10.87405201699994
142,6.107346959900925,10.939729828999589
143,6.1061900530018365,11.005530219999855
144,6.105063474842407,11.069802832999812
145,6.10396634710117,11.13261634499986
146,6.1028978195496775,11.192175080999732
147,6.101857069032156,11.257311046999803
148,6.100843298488104,11.321896398999797
149,6.099855736015814,11.38106676399957
150,6.098893633974783,11.451055746999828
151,6.0979562681252,11.583377604999896
152,6.0970429368027235,11.673093764999976
153,6.0961529601268785,11.736020624999583
154,6.095285679241522,11.79590613299979
155,6.094440455585836,11.858453163999911
156,6.093616670194466,11.924170833999597
157,6.092813723025437,11.983598816999802
158,6.092031032314595,12.05634406299987
159,6.09126803395534,12.11976092399982
160,6.090524180902522,12.183080969999992
161,6.089798942599399,12.248007578999932
162,6.089091804426642,12.347308099999736
163,6.088402267172392,12.411949126999843
164,6.087729846522433,12.477340985999945
165,6.087074072569617,12.538070862999575
166,6.08643448934169,12.601806185999976
167,6.085810654346714,12.691658356999596
168,6.085202138135329,12.779114576999746
169,6.084608523879153,12.85040176099983
170,6.0840294069646,12.926115985999786
171,6.083464394601492,13.009288825999647
172,6.082913105445827,13.153623818999677
173,6.082375169236116,13.214009376999911
174,6.081850226442726,13.27441794799961
175,6.081337927929699,13.347996839999723
176,6.080837934628521,13.409224687999995
177,6.080349917223368,13.470985519999886
178,6.079873555847354,13.531531193999854
179,6.079408539789354,13.602206193999791
180,6.078954567210954,13.667657747999783
181,6.078511344873156,13.740217669999765
182,6.0780785878724295,13.835694212999897
183,6.07765601938575,13.902771934999691
184,6.077243370424284,13.970525431999704
185,6.07684037959537,14.03101218599977
186,6.076446792872483,14.090787443999943
187,6.076062363372884,14.159838600999592
188,6.0756868511426525,14.249210318999758
189,6.075320022948822,14.321684892999656
190,6.07496165207836,14.384885522999866
191,6.07461151814374,14.45196189699982
192,6.0742694068948335,14.520046178999564
193,6.073935110036932,14.61267995399976
194,6.073608425054641,14.674562503999823
195,6.073289155041435,14.737400830999832
196,6.072977108534683,14.80408923099958
197,6.072672099355951,14.868815904999792
198,6.07237394645635,14.940767556999617
199,6.072082473766814,15.001496294999924
