iter,eval_func_value,time
0,19.649453486992712,0.0010271809999999881
1,17.933721872914443,0.001805924999999764
2,16.404920953316093,0.0025654930000000853
3,15.04316897563664,0.0033092209999998623
4,13.830781679956386,0.00406602300000003
5,12.752008728666166,0.004811204000000124
6,11.792800759217835,0.005553418999999948
7,10.940603976725004,0.006288000000000071
8,10.184179686766663,0.007035225000000089
9,9.513446544161901,0.007849035000000004
10,8.919343550044427,0.008632196999999842
11,8.393711964959275,0.00938732600000014
12,7.929194331503776,0.010145221000000149
13,7.519148744567105,0.010891954999999953
14,7.15757641381813,0.011632988000000122
15,6.839060483023198,0.012386905000000059
16,6.558714052274096,0.013122758000000179
17,6.3121354258784415,0.013859061999999867
18,6.095368791354784,0.01460094699999992
19,5.904868810023794,0.015342550999999816
20,5.737467934068017,0.016171228999999787
21,5.590345616125883,0.016930406000000175
22,5.460998904443122,0.017679073000000045
23,5.347214188349697,0.01843534499999988
24,5.247040058723804,0.019177148999999893
25,5.1587613736915126,0.019925144999999755
26,5.080874679544938,0.020671888999999943
27,5.012065145507875,0.021405297999999906
28,4.951185145243019,0.02214192199999987
29,4.897234573303449,0.022884177999999977
30,4.84934293340401,0.023664444000000007
31,4.806753186046309,0.02448634900000002
32,4.768807300834201,0.02525473399999978
33,4.734933426142691,0.026014532000000035
34,4.704634566057128,0.026756436999999966
35,4.677478640859765,0.027492028999999807
36,4.653089801353256,0.028233874000000103
37,4.63114086730853,0.028968615000000142
38,4.611346764693104,0.02970673200000018
39,4.593458843656445,0.030447384999999993
40,4.577259968357772,0.031186964999999844
41,4.562560279717277,0.031990566000000165
42,4.549193542389953,0.03274061599999989
43,4.537013997240222,0.033486707999999865
44,4.525893650033533,0.03423848100000004
45,4.515719935780107,0.03497648799999986
46,4.506393706078049,0.035714936999999836
47,4.497827493883784,0.03646177099999992
48,4.4899440164057225,0.03720388599999991
49,4.482674882317088,0.037943725999999955
50,4.475959474276749,0.03868335700000003
51,4.469743981900088,0.03943370700000015
52,4.463980563904809,0.04026001999999984
53,4.458626621236468,0.04101676300000001
54,4.453644165618602,0.04177518899999999
55,4.448999270230564,0.04252174199999992
56,4.444661591144709,0.043258347000000086
57,4.440603949799523,0.0439999809999998
58,4.436801968187429,0.04474879800000009
59,4.4332337496305305,0.045490392000000046
60,4.42987959903522,0.04622802899999989
61,4.426721777383454,0.04697371100000014
62,4.423744285957504,0.04776586000000016
63,4.420932676424934,0.04857072300000009
64,4.418273883448293,0.04933130200000013
65,4.4157560769430635,0.050089857999999765
66,4.413368531499998,0.050833196000000136
67,4.411101510823807,0.051584647999999955
68,4.408946165327994,0.052331723
69,4.406894441272429,0.053075450999999774
70,4.404939000042378,0.053811834999999864
71,4.403073146350002,0.05454805900000004
72,4.401290764296473,0.055285705000000185
73,4.399586260368325,0.056106659000000114
74,4.3979545125587025,0.05687129600000018
75,4.396390824905381,0.05763670500000018
76,4.394890886825193,0.05839975899999983
77,4.393450736700536,0.05913945999999992
78,4.3920667292398,0.05988506100000013
79,4.390735506191064,0.06062486200000006
80,4.389453970038561,0.0613671870000001
81,4.3882192603551475,0.06210071599999978
82,4.387028732522287,0.06284181899999997
83,4.385879938562441,0.06362221600000018
84,4.384770609858197,0.06442407400000016
85,4.3836986415580625,0.06518234900000008
86,4.382662078491565,0.0659333310000001
87,4.381659102436108,0.06668522399999999
88,4.380688020595583,0.06745981999999984
89,4.3797472551661905,0.06820964000000007
90,4.378835333878504,0.06895406900000012
91,4.377950881416927,0.06969571299999977
92,4.377092611628316,0.07043907100000002
93,4.376259320440984,0.07119223599999991
94,4.375449879423685,0.07200344100000011
95,4.374663229921619,0.07276233799999998
96,4.373898377713071,0.073514882
97,4.373154388136192,0.07425870099999976
98,4.37243038164063,0.07503441900000007
99,4.371725529723401,0.07581825199999992
100,4.371039051212508,0.07658828000000018
101,4.370370208865538,0.07733487299999986
102,4.369718306253758,0.07807775999999977
103,4.369082684905191,0.07882369199999983
104,4.368462721682795,0.07958343999999995
105,4.367857826376219,0.08035728499999983
106,4.367267439487738,0.08109667499999995
107,4.366691030194865,0.0818346120000002
108,4.366128094473833,0.08257778900000012
109,4.365578153369665,0.08332116600000017
110,4.365040751399918,0.08413843200000004
111,4.36451545508045,0.08506320100000009
112,4.364001851562592,0.08583345899999983
113,4.363499547372197,0.08661483800000003
114,4.363008167241862,0.08751070199999988
115,4.36252735302845,0.08831825999999987
116,4.362056762708779,0.08907525299999985
117,4.361596069446977,0.08982429099999978
118,4.3611449607276125,0.090568019
119,4.3607031375492475,0.09131458199999987
120,4.360270313673509,0.0920695509999998
121,4.359846214925256,0.09281935100000016
122,4.359430578539787,0.09357156499999997
123,4.3590231525533865,0.09431165599999991
124,4.358623695233857,0.09505110600000011
125,4.358231974547944,0.09579263000000005
126,4.357847767662858,0.09654795000000016
127,4.357470860479305,0.09728355199999994
128,4.357101047193681,0.09801999700000019
129,4.356738129887289,0.09876597899999995
130,4.35638191814058,0.09950983699999982
131,4.356032228670624,0.10026898399999995
132,4.355688884990141,0.101008384
133,4.355351717086583,0.10175274400000012
134,4.35502056111982,0.10249616099999992
135,4.354695259137213,0.10324534899999982
136,4.354375658804804,0.10399861500000007
137,4.354061613153585,0.10474890599999975
138,4.353752980339826,0.10549076999999984
139,4.353449623418506,0.10622808599999978
140,4.353151410129026,0.10696627399999992
141,4.35285821269238,0.10771776700000002
142,4.35256990761906,0.10847560099999987
143,4.352286375527014,0.10921921899999987
144,4.352007500969029,0.10996397899999977
145,4.351733172268961,0.11070902999999976
146,4.3514632813662475,0.11144715700000019
147,4.351197723668229,0.11220189600000019
148,4.3509363979097975,0.11294962099999983
149,4.3506792060199295,0.11369760699999976
150,4.350426052994722,0.1144388209999998
151,4.350176846776536,0.11517641699999981
152,4.349931498138897,0.11591652800000007
153,4.3496899205768385,0.11666523599999978
154,4.349452030202378,0.11740169999999983
155,4.349217745644828,0.11813761400000011
156,4.348986987955693,0.11888142199999985
157,4.348759680517893,0.11967887100000008
158,4.348535748959075,0.12057272099999983
159,4.348315121068821,0.12147626000000011
160,4.348097726719506,0.12223669900000012
161,4.347883497790647,0.1229888830000001
162,4.347672368096545,0.12373999499999977
163,4.347464273317067,0.12449834000000015
164,4.347259150931388,0.125249583
165,4.347056940154551,0.12599687699999995
166,4.346857581876722,0.12673774999999976
167,4.346661018604969,0.12750672600000001
168,4.346467194407486,0.12827831599999984
169,4.346276054860105,0.12902710399999995
170,4.346087546995006,0.1297684669999999
171,4.34590161925151,0.13049971199999977
172,4.345718221428867,0.1312346230000001
173,4.345537304640936,0.131979984
174,4.345358821272664,0.1327206369999998
175,4.345182724938301,0.13345398500000005
176,4.345008970441246,0.134185891
177,4.344837513735465,0.13492549100000018
178,4.344668311888407,0.13570278200000008
179,4.344501323045348,0.13654586700000015
180,4.344336506395101,0.13731680599999985
181,4.344173822137031,0.1382710399999998
182,4.344013231449315,0.13903536699999997
183,4.343854696458405,0.1397918589999998
184,4.343698180209609,0.14055484299999987
185,4.343543646638793,0.14130960199999976
186,4.3433910605451045,0.14205594500000007
187,4.343240387564713,0.14279425299999993
188,4.343091594145492,0.1435703020000001
189,4.342944647522628,0.14437688800000004
190,4.342799515695112,0.1451321779999999
191,4.34265616740307,0.14587240899999987
192,4.342514572105893,0.14661084699999982
193,4.342374699961156,0.14734922500000014
194,4.342236521804269,0.14809589899999986
195,4.342100009128845,0.14883803400000017
196,4.341965134067751,0.14957789500000018
197,4.341831869374816,0.15031521100000012
198,4.341700188407171,0.15111235899999986
199,4.341570065108191,0.1519168409999998
