iter,eval_func_value,time
0,20.287734574641757,0.0007376450000000645
1,19.506724492057334,0.0010873449999997398
2,18.41381132200109,0.0013948779999997107
3,17.073012429515728,0.0016071950000000612
4,15.554852997617651,0.0017749189999998194
5,13.930071009784646,0.00196437199999977
6,12.267632821511611,0.0022453009999998663
7,10.63325386894315,0.002539897999999763
8,9.088087395756538,0.0027968469999999357
9,7.687710385011739,0.0030254009999999276
10,6.480891074985607,0.003279045999999841
11,5.506469697580336,0.0035200660000000994
12,4.785950378944262,0.003767374999999795
13,4.3122673748522065,0.00396284999999974
14,4.0436552243223325,0.004167668000000013
15,3.91409861705221,0.004362858999999997
16,3.8558578015894676,0.004560270999999894
17,3.816824184385355,0.004746723999999869
18,3.7651944156071178,0.0049354459999997324
19,3.6861927865952375,0.005127769000000004
20,3.576785418437288,0.005317196000000024
21,3.4410804095897336,0.005508601999999918
22,3.286937380116701,0.0056968429999999515
23,3.1235845426910456,0.005887436000000079
24,2.959955016566948,0.0060752859999997355
25,2.8035445298434056,0.006262597000000092
26,2.659699620973331,0.006451832999999851
27,2.5313176632373247,0.00663711900000008
28,2.418953782192753,0.0068262869999999864
29,2.3212826571826164,0.007017170999999767
30,2.2357875950669017,0.007207487000000068
31,2.159500046881742,0.007397523999999933
32,2.089626165403366,0.007586917999999887
33,2.023962951498965,0.007776930999999987
34,1.9610846101406987,0.007969654000000048
35,1.9003357357251152,0.00815809699999992
36,1.8416922310317256,0.008350629999999803
37,1.785551872457929,0.008542277999999737
38,1.732506648971673,0.008730257999999935
39,1.683136656192819,0.008915941999999788
40,1.6378532335401375,0.009103397999999707
41,1.5968069333251123,0.0092888470000001
42,1.5598632994013695,0.00947425699999993
43,1.5266372584892107,0.009661099999999756
44,1.4965675487670775,0.009855427999999833
45,1.4690083533438183,0.010068377999999711
46,1.4433168782756316,0.010290947999999744
47,1.4189216360134744,0.010490458000000036
48,1.3953640561624814,0.010699758999999975
49,1.372313253404384,0.01090403399999973
50,1.3495588455904362,0.011081352999999794
51,1.3269892559546455,0.011338749999999731
52,1.3045633165229937,0.01159094500000002
53,1.2822818771234625,0.011822648999999963
54,1.2601641861827044,0.011988319999999941
55,1.2382316060226832,0.012148351000000002
56,1.2164991831913903,0.012305895999999983
57,1.1949740067831733,0.012464870000000072
58,1.1736583123094417,0.012621526999999855
59,1.152554947739192,0.012777883000000045
60,1.1316730164480473,0.012934994999999727
61,1.1110320751744367,0.013092968999999677
62,1.090663992710268,0.01324980000000009
63,1.070612286186983,0.013407635999999723
64,1.0509293169347378,0.013565401999999782
65,1.0316720797153276,0.013721137999999744
66,1.0128974474596506,0.013876862999999684
67,0.9946576710519466,0.014033022000000006
68,0.9769967383466824,0.014188847999999865
69,0.9599479359614638,0.014347523000000084
70,0.9435326947654777,0.01450650600000003
71,0.9277605845529336,0.014665318999999677
72,0.9126301843674589,0.014819595999999713
73,0.8981305002125571,0.01497519799999969
74,0.8842426208823845,0.01513158999999975
75,0.8709413724259649,0.015288039999999725
76,0.8581968244813708,0.015444229999999948
77,0.8459755916921167,0.015600130999999795
78,0.8342419421348568,0.01575494200000005
79,0.8229587631239408,0.015911191999999907
80,0.8120884430425268,0.01606716199999969
81,0.8015937129632172,0.016222383000000118
82,0.7914384643274845,0.016377566000000066
83,0.7815885297202646,0.016532839999999993
84,0.7720123914241322,0.016688099000000012
85,0.7626817719107563,0.016844453999999676
86,0.753572062737308,0.017000177999999977
87,0.7446625612270126,0.017155482999999805
88,0.7359365035886607,0.017310897999999852
89,0.727380903918083,0.01746821799999987
90,0.718986226552073,0.017624506999999845
91,0.7107459316055462,0.01778097799999978
92,0.702655938993638,0.017942354999999743
93,0.6947140551792367,0.018104691000000006
94,0.6869194008237192,0.018259785999999778
95,0.6792718686019169,0.018414127999999863
96,0.6717716308728162,0.01856987599999993
97,0.6644187084737061,0.01872655099999987
98,0.6572126057421454,0.018882681000000012
99,0.6501520133141313,0.01903791999999971
100,0.6432345789692656,0.01919338599999998
101,0.6364567470060928,0.019348460999999872
102,0.6298136673583652,0.019503958999999682
103,0.6232991760075464,0.019658789999999815
104,0.6169058475858145,0.019814927999999732
105,0.6106251191540738,0.019970967999999978
106,0.6044474811202817,0.020126165999999834
107,0.5983627275741346,0.020282411999999805
108,0.5923602545588683,0.02052222799999992
109,0.5864293915973188,0.020789811999999852
110,0.5805597496370923,0.020997133999999917
111,0.5747415677726356,0.0212494999999997
112,0.5689660416959936,0.021535619999999867
113,0.5632256186608284,0.022275049000000102
114,0.5575142464948817,0.022842110000000027
115,0.5518275674644053,0.02338442400000007
116,0.5461630511813481,0.023800967999999756
117,0.5405200639181063,0.024138146999999943
118,0.5348998744307143,0.024399868999999796
119,0.5293055985856218,0.02470690100000006
120,0.5237420867435768,0.02499421299999982
121,0.518215759063793,0.025265559999999798
122,0.5127343947833988,0.02550715799999992
123,0.5073068822379058,0.025753490000000046
124,0.5019429370290089,0.026000111000000103
125,0.49665279638060417,0.026244328999999844
126,0.49144689836133126,0.026478725000000036
127,0.48633555524897115,0.02672748899999977
128,0.48132863078610916,0.02698599299999982
129,0.47643523132460447,0.027266634000000067
130,0.4716634207762783,0.027472538000000046
131,0.46701996879717733,0.02766829599999987
132,0.4625101406875127,0.027871004000000088
133,0.4581375360895547,0.028084561000000008
134,0.4539039817604086,0.028296893999999906
135,0.4498094815785243,0.02852134099999981
136,0.4458522246382063,0.028746909999999737
137,0.44202864994042995,0.02901464400000009
138,0.43833356394888773,0.029870864999999913
139,0.43476030528262427,0.030304468999999834
140,0.4313009491706844,0.030579950999999994
141,0.4279465430756658,0.030793760000000336
142,0.42468736413998126,0.03135536700000019
143,0.421513188822298,0.03163896999999993
144,0.41841356524152074,0.031860116999999466
145,0.41537807927697806,0.032059232999999576
146,0.4123966063156978,0.0322235609999999
147,0.4094595416132428,0.032452834999999514
148,0.4065580034661976,0.032788023999999805
149,0.40368400471052907,0.03303596200000003
150,0.40083058939851934,0.03328427899999964
151,0.39799193281671796,0.03351154999999961
152,0.39516340424854335,0.0337255940000003
153,0.39234159302840255,0.033926329000000255
154,0.38952429945900835,0.03412489299999999
155,0.386710493056743,0.03431621299999987
156,0.3839002413437798,0.03450913800000022
157,0.38109461301664443,0.03469931699999984
158,0.3782955597883375,0.03488607199999949
159,0.3755057815264309,0.035075797999999825
160,0.37272857949558236,0.03531028600000008
161,0.36996770256378425,0.035528870999999906
162,0.36722719115262403,0.03574190599999971
163,0.36451122350946685,0.035956008999999955
164,0.3618239685619496,0.03615281099999956
165,0.3591694491926939,0.03636325700000009
166,0.3565514192572454,0.03661568900000001
167,0.35397325707617633,0.036823287999999454
168,0.35143787748106303,0.03701452699999974
169,0.3489476638043959,0.03721744899999946
170,0.3465044204982996,0.03742566500000022
171,0.3441093463706462,0.03760075099999982
172,0.34176302776449674,0.037776704000000105
173,0.3394654504017022,0.03795004099999977
174,0.3372160280855428,0.03812431000000016
175,0.3350136460284904,0.03829809000000006
176,0.33285671625279173,0.03847192099999974
177,0.33074324231126034,0.0386470959999996
178,0.32867089049512554,0.03882223899999948
179,0.3266370647307585,0.03899582699999948
180,0.3246389825078621,0.03916888700000021
181,0.3226737494139635,0.039342099000000186
182,0.32073843015599063,0.03951638799999957
183,0.3188301143093674,0.03969028200000002
184,0.31694597542758396,0.03986311900000006
185,0.31508332255006866,0.04003598900000016
186,0.31323964354433503,0.040210499000000066
187,0.3114126400929468,0.040383703999999465
188,0.30960025447284323,0.040557297999999964
189,0.30780068856318327,0.04073258600000029
190,0.30601241575058313,0.04111931099999966
191,0.30423418657319207,0.04131316599999968
192,0.30246502905624995,0.04149918699999988
193,0.30070424474314206,0.04167641499999997
194,0.2989514014214026,0.041877420000000054
195,0.2972063234885103,0.04204594699999964
196,0.2954690808051021,0.0421902279999995
197,0.2937399767519785,0.04233027399999978
198,0.29201953605132325,0.04247153799999959
199,0.29030849274157916,0.04261200600000015
