iter,eval_func_value,time
0,25.66766777910344,0.0008530210000010641
1,25.257556594418336,0.0015920579999999518
2,23.05356943513476,0.002316988000000464
3,20.23073616776812,0.0030699009999999305
4,17.435962106773566,0.003840286999999165
5,14.947983653994575,0.0045796849999995
6,12.840463815392118,0.005301219999999773
7,11.09285167489632,0.006025349000001512
8,9.653170004098701,0.006748496000000159
9,8.467346364927641,0.007466935000000063
10,7.489344018654264,0.00820956800000161
11,6.682411565528694,0.008968703000000744
12,6.0173574056734624,0.00970358200000021
13,5.470494168616101,0.010429342999998426
14,5.022087987971974,0.011146027999998864
15,4.6553779571106055,0.01193779400000139
16,4.356005100572184,0.012671652000001643
17,4.111679598590061,0.01339410799999996
18,3.9119628877804686,0.014117276000000345
19,3.748091044992487,0.014844580000001883
20,3.612803459864495,0.015565743999999881
21,3.500165337011652,0.016283902000001405
22,3.405386164267597,0.017001548999999727
23,3.324641758666096,0.017720586999999455
24,3.2549078350301297,0.018438304000000016
25,3.1938108574781023,0.01915255500000157
26,3.1394990983314375,0.019870321999999163
27,3.090534371977645,0.02058534400000056
28,3.0458032114575824,0.021302097999999603
29,3.0044453060782774,0.022016538999999113
30,2.965796648307591,0.022730139000000094
31,2.9293448474967096,0.023467462999999356
32,2.8946942890484344,0.024179449000001796
33,2.861539132210557,0.02489106499999849
34,2.829642474112242,0.025603272000001454
35,2.798820321615373,0.02632262099999849
36,2.7689292875600393,0.02704173000000054
37,2.7398571586469638,0.027754648999998466
38,2.7115156701433913,0.028493345000001113
39,2.6838349726910633,0.029262938999998767
40,2.656759394668631,0.03005934300000135
41,2.630244195664682,0.030809641000001164
42,2.604253077883012,0.031541585999999455
43,2.5787562771591706,0.032266817
44,2.553729097341367,0.03298924299999939
45,2.5291507839787726,0.033706138999999524
46,2.5050036578483206,0.03442557900000054
47,2.481272447614747,0.03515082999999919
48,2.457943775230862,0.03587314600000013
49,2.4350057586011684,0.036586885000001956
50,2.412447704359507,0.037300085000001815
51,2.3902598699669872,0.03802020699999886
52,2.3684332791899574,0.03873828400000079
53,2.346959578726803,0.03945750300000128
54,2.325830926589207,0.04017479999999907
55,2.3050399050150983,0.04089100399999879
56,2.284579452354486,0.04161076500000149
57,2.2644428096456037,0.04232133900000079
58,2.244623478578607,0.04303419700000077
59,2.2251151882970754,0.0437547390000006
60,2.2059118690668997,0.044503943999998796
61,2.1870076312882403,0.04526892899999879
62,2.1683967486701796,0.04607253800000066
63,2.1500736446530913,0.04683128199999942
64,2.132032881368738,0.04759158799999952
65,2.11426915058668,0.04832347299999995
66,2.09677726621822,0.04904740199999935
67,2.0795521580442307,0.049780457000000666
68,2.062588866406906,0.05060203900000104
69,2.0458825376627106,0.051349542000000525
70,2.029428420238291,0.052180628999998646
71,2.0132218611656802,0.05328722799999852
72,1.9972583030000486,0.0542222929999987
73,1.9815332810442465,0.05507541300000085
74,1.9660424208207297,0.05580694600000058
75,1.9507814357442246,0.05652773799999977
76,1.9357461249584778,0.05724648700000046
77,1.9209323713082198,0.057976977999999235
78,1.9063361394235854,0.05869010600000024
79,1.8919534738990038,0.05940487799999872
80,1.8777804975523302,0.06012448799999959
81,1.863813409752919,0.060840272000000084
82,1.850048484809653,0.06164785700000053
83,1.8364820704117562,0.06238946899999931
84,1.8231105861166446,0.06311309699999867
85,1.8099305218801949,0.06383793799999893
86,1.7969384366256889,0.06455970300000047
87,1.7841309568484043,0.06547848800000011
88,1.7715047752533608,0.06650846100000152
89,1.7590566494241746,0.0674383359999986
90,1.7467834005213165,0.06818159100000187
91,1.73468191200835,0.0689090460000017
92,1.7227491284049283,0.06963270500000007
93,1.7109820540655243,0.07035478999999967
94,1.6993777519829822,0.07107367900000128
95,1.6879333426161143,0.07179204799999894
96,1.676646002740631,0.07258932499999915
97,1.6655129643227855,0.07333450400000174
98,1.6545315134151561,0.07406227899999962
99,1.6436989890740419,0.0747837440000012
100,1.633012782297995,0.07549358500000025
101,1.6224703349870209,0.07621084200000183
102,1.6120691389220305,0.07694115199999985
103,1.6018067347641334,0.07766522200000026
104,1.5916807110733815,0.07852095799999859
105,1.5816887033465927,0.07940462799999892
106,1.5718283930738948,0.08042397100000187
107,1.5620975068136411,0.08124852899999979
108,1.5524938152853578,0.08203546600000067
109,1.5430151324803958,0.08278857899999892
110,1.533659314789966,0.08352031200000098
111,1.5244242601502407,0.08425288800000175
112,1.5153079072042188,0.08497714700000003
113,1.506308234480046,0.08569532499999966
114,1.4974232595855046,0.08641068800000085
115,1.4886510384183702,0.08712710200000018
116,1.4799896643923613,0.08784111299999964
117,1.4714372676783942,0.08855645599999917
118,1.4629920144608706,0.08927515399999919
119,1.454652106208726,0.08999195000000171
120,1.4464157789609724,0.0907048880000012
121,1.43828130262647,0.09143164199999987
122,1.4302469802976734,0.09214604299999962
123,1.4223111475780972,0.09285711700000121
124,1.4144721719232447,0.09360136300000121
125,1.406728451994761,0.09439131499999931
126,1.3990784170275616,0.09515905700000005
127,1.3915205262097017,0.09589959599999887
128,1.3840532680747453,0.09663224100000178
129,1.3766751599064067,0.09742935799999941
130,1.3693847471552343,0.09817347299999923
131,1.3621806028671124,0.0988987349999988
132,1.3550613271233578,0.09962253300000157
133,1.348025546492195,0.1003474329999996
134,1.3410719134913958,0.10106877700000183
135,1.3341991060618679,0.10179266500000139
136,1.3274058270519917,0.102507868
137,1.3206908037124954,0.1033281180000003
138,1.3140527872016654,0.1040766330000018
139,1.3074905521006996,0.10480651299999977
140,1.3010028959390063,0.10554451799999853
141,1.2945886387292505,0.10626364699999868
142,1.288246622511972,0.10698124399999998
143,1.2819757109095737,0.10770292899999845
144,1.2757747886895123,0.10842411300000165
145,1.2696427613365,0.10914302100000128
146,1.2635785546335474,0.109869475
147,1.2575811142516709,0.11066598000000027
148,1.2516494053480949,0.1114313469999999
149,1.2457824121727803,0.1121667869999996
150,1.2399791376831122,0.1128892730000004
151,1.2342386031665895,0.11362804000000182
152,1.2285598478713513,0.11434847199999965
153,1.2229419286443841,0.11516031600000076
154,1.2173839195772633,0.115902418000001
155,1.2118849116592638,0.11663783899999913
156,1.2064440124377025,0.11736825999999922
157,1.2010603456853626,0.11808676800000129
158,1.1957330510748554,0.11881075699999855
159,1.190461283859778,0.11953235100000015
160,1.1852442145625333,0.12025405600000028
161,1.1800810286686674,0.12097264400000185
162,1.174970926327601,0.1216926160000007
163,1.1699131220596162,0.1224095510000005
164,1.1649068444689734,0.12312835000000177
165,1.1599513359630327,0.1238428909999989
166,1.1550458524772507,0.12456387399999969
167,1.1501896632059396,0.12531006500000075
168,1.145382050338661,0.1260435020000017
169,1.140622308802141,0.12676340300000177
170,1.1359097460075938,0.1275717400000005
171,1.1312436816033355,0.12834940100000125
172,1.126623447232583,0.1291530690000009
173,1.1220483862963242,0.12990009099999966
174,1.1175178537211614,0.13063475999999952
175,1.1130312157320121,0.13136348700000156
176,1.1085878496295754,0.13208637299999992
177,1.1041871435724575,0.13281761600000053
178,1.0998284963638603,0.1335430570000007
179,1.0955113172427366,0.13426113599999923
180,1.0912350256793166,0.13497949399999953
181,1.0869990511749135,0.1357356430000003
182,1.0828028330659187,0.1365064700000005
183,1.0786458203318947,0.13723963600000033
184,1.074527471407682,0.13796290400000188
185,1.0704472539994307,0.13868370699999844
186,1.0664046449044786,0.13940063200000097
187,1.0623991298349875,0.14011807800000042
188,1.0584302032452613,0.14084602500000187
189,1.054497368162668,0.14156383199999922
190,1.0506001360220845,0.14228253099999932
191,1.0467380265037918,0.14299824400000105
192,1.0429105673747483,0.14371404799999965
193,1.0391172943331624,0.1444408519999989
194,1.0353577508563012,0.14523396099999886
195,1.0316314880514605,0.14602862199999933
196,1.0279380645100304,0.146761055999999
197,1.0242770461645907,0.14748984399999898
198,1.0206480061489662,0.14821032600000095
199,1.0170505246611874,0.14893130900000173
