iter,eval_func_value,time
0,26.275745535193707,0.0011481070000001203
1,24.384469947417703,0.001973758000000103
2,20.09877243693185,0.002751288999999879
3,16.58813445574604,0.0035173689999998814
4,14.542194042469204,0.004287786999999987
5,13.273754897980435,0.00505824499999985
6,12.15831480385814,0.005823824000000144
7,11.038179421128003,0.006594462999999884
8,9.972501881033795,0.007364060000000006
9,9.023243970130574,0.00813283500000006
10,8.200651643477268,0.008939991000000092
11,7.485928698815656,0.009739442999999959
12,6.8585221641961684,0.010512136000000005
13,6.305301393575939,0.011288115000000154
14,5.818373666467263,0.012051730000000038
15,5.391413206858491,0.012819142000000117
16,5.01812779928487,0.013584861000000004
17,4.692299680671268,0.01434443899999982
18,4.4081558080866845,0.015108173999999863
19,4.160524653109827,0.015871618999999892
20,3.9447993027606825,0.01663637600000012
21,3.756854251004754,0.017402666999999816
22,3.5929891114507826,0.01816869600000004
23,3.449900198222286,0.018933333000000108
24,3.3246609075434064,0.019697208999999827
25,3.2146995588083715,0.020459712000000074
26,3.1177729383289337,0.021225872000000034
27,3.0319374347219967,0.02199064999999978
28,2.9555195457955055,0.02275852299999981
29,2.8870867293792024,0.023522770000000026
30,2.8254191802694444,0.02429605300000004
31,2.7694830368121903,0.02506513900000007
32,2.718405468324743,0.025832953000000103
33,2.671451970682707,0.026602248999999745
34,2.6280060362721183,0.027369720999999902
35,2.587551218043838,0.028156549999999836
36,2.5496554994463896,0.028935805000000148
37,2.5139578128625115,0.029710101000000044
38,2.480156510549729,0.03048200199999984
39,2.447999575522256,0.031255274999999916
40,2.4172763586999375,0.032056551999999794
41,2.3878106379062856,0.0329937039999999
42,2.359454809921209,0.033801603000000124
43,2.3320850457121836,0.03457770199999999
44,2.3055972589720977,0.03535790799999994
45,2.279903757724047,0.03614088000000004
46,2.2549304671374113,0.03691009500000009
47,2.2306146283755863,0.03767314999999982
48,2.2069028930805987,0.03844001100000005
49,2.1837497459862423,0.03920594100000008
50,2.1611161992371795,0.039972301000000154
51,2.1389687114318234,0.040742768999999956
52,2.11727829238206,0.041505582999999735
53,2.0960197612781775,0.04226995899999997
54,2.0751711315402703,0.043057188000000135
55,2.0547131002910417,0.043822716999999844
56,2.0346286242450895,0.04459205200000005
57,2.0149025670039418,0.04535410499999992
58,1.9955214053842554,0.046118330000000096
59,1.9764729845823554,0.04688031199999987
60,1.9577463137708995,0.04764372800000016
61,1.9393313951992202,0.04841177100000005
62,1.921219081083333,0.04918695799999995
63,1.9034009535706824,0.04995722600000008
64,1.8858692238866417,0.05072717299999985
65,1.86861664744603,0.05148997700000013
66,1.8516364522694695,0.05225440400000014
67,1.8349222785026402,0.05301816000000015
68,1.8184681272139553,0.05378444999999976
69,1.8022683169573237,0.05454720299999982
70,1.786317446843309,0.05530540800000017
71,1.7706103650738632,0.056070375000000006
72,1.755142142070858,0.05683743699999999
73,1.7399080474734245,0.057600652000000085
74,1.7249035303989484,0.058363374999999884
75,1.7101242024619132,0.059127340999999944
76,1.695565823127184,0.05989514500000004
77,1.6812242870427976,0.060669729999999866
78,1.6670956130542471,0.061432713999999944
79,1.6531759346496873,0.06219750200000007
80,1.6394614916250088,0.06296338199999996
81,1.6259486227907658,0.06372745799999979
82,1.612633759570538,0.06449343799999996
83,1.59951342036344,0.06527165000000013
84,1.5865842055628816,0.06604861099999981
85,1.5738427931399608,0.06681085399999986
86,1.561285934713589,0.06757146300000016
87,1.5489104520409738,0.06834721199999994
88,1.536713233871839,0.06911259000000003
89,1.5246912331179852,0.06988386899999988
90,1.512841464296769,0.070653246
91,1.5011610012129817,0.07141883499999979
92,1.4896469748486307,0.07218501500000007
93,1.4782965714343907,0.07294914200000013
94,1.4671070306801288,0.07371732500000006
95,1.456075644145011,0.07448346500000014
96,1.4451997537303436,0.07525029699999974
97,1.4344767502805778,0.07601216899999974
98,1.4239040722798435,0.07677415099999996
99,1.4134792046330553,0.07753827800000002
100,1.4031996775220625,0.07831203199999992
101,1.393063065328553,0.07907182999999973
102,1.3830669856164883,0.07983816999999993
103,1.373209098167763,0.08060448099999995
104,1.3634871040655774,0.08138960799999984
105,1.3538987448207078,0.08215448599999986
106,1.3444418015364412,0.0829204240000001
107,1.3351140941084754,0.08367937100000011
108,1.3259134804565214,0.08445920700000009
109,1.3168378557847478,0.08524094599999987
110,1.3078851518685384,0.08603820499999992
111,1.2990533363653376,0.08682617599999976
112,1.2903404121476174,0.08759553199999992
113,1.2817444166562206,0.08835953799999974
114,1.2732634212725424,0.08912351399999974
115,1.26489553070818,0.08988956399999992
116,1.2566388824108286,0.090654491
117,1.2484916459853523,0.091417576
118,1.24045202262905,0.09217961799999985
119,1.232518244580265,0.09295059600000011
120,1.2246885745795595,0.09370990399999979
121,1.2169613053427684,0.09448225600000004
122,1.209334759045302,0.09525296300000008
123,1.2018072868171485,0.09602204900000011
124,1.1943772682480644,0.09679910000000014
125,1.187043110902501,0.0975794259999998
126,1.1798032498438515,0.09835289000000014
127,1.1726561471676462,0.09912055300000011
128,1.165600291543354,0.09988737400000014
129,1.1586341977644787,0.10065950599999995
130,1.1517564063066648,0.10143032499999993
131,1.1449654828935545,0.10219940999999988
132,1.1382600180701519,0.10297135099999988
133,1.1316386267834806,0.10373767299999992
134,1.1250999479703185,0.10450470500000009
135,1.1186426441518353,0.10526820999999975
136,1.1122654010349418,0.10603120399999977
137,1.1059669271201988,0.10679287500000001
138,1.0997459533161256,0.10755779299999979
139,1.0936012325597646,0.10832318099999982
140,1.0875315394433724,0.10909655499999982
141,1.0815356698471008,0.1098748989999998
142,1.0756124405775565,0.11065263000000014
143,1.0697606890121194,0.11142795800000016
144,1.0639792727489155,0.11219871599999998
145,1.0582670692623348,0.11297587699999978
146,1.0526229755640055,0.11374572300000008
147,1.0470459078691188,0.11451680299999989
148,1.0415348012680246,0.11528860499999993
149,1.0360886094030033,0.11605824099999973
150,1.0307063041501345,0.11682593500000005
151,1.0253868753061797,0.11760016999999978
152,1.020129330280401,0.11837447600000006
153,1.0149326937912435,0.1191499239999998
154,1.0097960075678005,0.11991451100000017
155,1.0047183300560014,0.12068299500000013
156,0.9996987361294386,0.12144763299999983
157,0.9947363168047817,0.12221594800000002
158,0.9898301789616981,0.12300109400000014
159,0.9849794450672269,0.123774096
160,0.980183252904536,0.1245413489999998
161,0.9754407553060036,0.1253100439999999
162,0.9707511198905636,0.12608020099999973
163,0.9661135288052535,0.12684852499999977
164,0.9615271784709087,0.12761737999999978
165,0.9569912793319456,0.12840052199999974
166,0.9525050556101741,0.12922322799999986
167,0.9480677450625885,0.12998689399999996
168,0.9436785987430788,0.13074909599999973
169,0.93933688076801,0.13151356400000003
170,0.935041868085616,0.13228059599999975
171,0.9307928502491551,0.13309067799999985
172,0.9265891291937765,0.13388840700000015
173,0.9224300190170461,0.13466422700000003
174,0.9183148457630809,0.13544598600000013
175,0.914242947210243,0.13622138400000017
176,0.9102136726623435,0.13698887599999976
177,0.9062263827433081,0.13775486599999986
178,0.9022804491952546,0.1385273979999999
179,0.8983752546799381,0.1392955119999999
180,0.8945101925835129,0.14006813399999984
181,0.8906846668245687,0.14083239999999986
182,0.8868980916653905,0.14159829000000013
183,0.8831498915264007,0.14238014900000007
184,0.8794395008037366,0.14315204999999986
185,0.8757663636899171,0.14391543499999981
186,0.8721299339975589,0.14469191400000003
187,0.8685296749860918,0.14545701200000005
188,0.8649650591914384,0.14624311099999998
189,0.8614355682586056,0.14700834900000004
190,0.8579406927771543,0.1477746390000001
191,0.8544799321195005,0.14854845300000008
192,0.8510527942820054,0.1493175390000001
193,0.8476587957288181,0.15008544199999996
194,0.8442974612384255,0.15089194799999994
195,0.8409683237528711,0.15166389899999988
196,0.8376709242296032,0.15243517799999973
197,0.834404811495912,0.15320433399999978
198,0.8311695421059161,0.15397073299999997
199,0.827964680200063,0.15473358699999995
