iter,eval_func_value,time
0,18.712913993961855,0.0017451500000000841
1,16.792365317275216,0.003293188999999863
2,14.761771152658964,0.004826610999999925
3,12.80375500179466,0.00634033700000014
4,11.043811454274927,0.007854983999999732
5,9.53638654101395,0.00936619400000005
6,8.286437771750968,0.010883455999999736
7,7.271865964372945,0.012391430000000092
8,6.459302680423824,0.013906026999999987
9,5.813419996969748,0.015419602000000143
10,5.301620912039176,0.01693964899999978
11,4.895895665531963,0.018457412000000062
12,4.573147104398185,0.01998867999999998
13,4.31480649974733,0.021507113999999827
14,4.106194646480863,0.023021550999999807
15,3.9358476725009384,0.024555142999999724
16,3.794897686535854,0.026067846999999755
17,3.6765373704702173,0.027587473000000085
18,3.5755724512433495,0.02910293099999972
19,3.488056450398183,0.030614512999999732
20,3.410998504658484,0.03212865900000006
21,3.342133740146249,0.03363824699999984
22,3.279745549295937,0.03514085099999997
23,3.222529767324524,0.03665350399999978
24,3.16949189077514,0.038169251999999876
25,3.119869859112084,0.03968938899999985
26,3.0730763184239085,0.04121877399999985
27,3.028655566246239,0.04274212699999991
28,2.9862514709692842,0.04426528999999979
29,2.945583551552027,0.045792769999999816
30,2.9064291063815744,0.047307857999999925
31,2.8686098208519017,0.04882138199999986
32,2.831981691919029,0.05037205700000014
33,2.796427413004927,0.05187579299999978
34,2.7618505885091276,0.05341946499999972
35,2.7281713135031516,0.05495191499999974
36,2.695322776240516,0.05647358499999999
37,2.6632486305556546,0.057991287000000113
38,2.63190095075375,0.05950927100000003
39,2.6012386296469114,0.06103432799999986
40,2.5712261156937135,0.06254428600000006
41,2.5418324111979795,0.06405637800000008
42,2.5130302727301075,0.06559486999999997
43,2.4847955691761388,0.06709993800000014
44,2.457106763423176,0.06862771999999984
45,2.4299444916198643,0.07015230599999978
46,2.4032912199103005,0.071666703
47,2.3771309630416773,0.07319016699999992
48,2.3514490526653073,0.0746984610000001
49,2.3262319457623506,0.0762008540000001
50,2.3014670656320315,0.07770463999999988
51,2.2771426694307517,0.07922322499999979
52,2.253247737456023,0.08073981499999983
53,2.229771880312021,0.08225987199999985
54,2.206705260835386,0.08378775299999974
55,2.18403852824696,0.08532702599999986
56,2.161762762462408,0.08684854600000014
57,2.1398694268686103,0.08835602899999984
58,2.118350328173543,0.08986197900000015
59,2.097197582180618,0.09138173599999977
60,2.076403584536064,0.09295876000000014
61,2.0559609856591807,0.09464137199999989
62,2.035862669197426,0.0961728690000001
63,2.0161017334569586,0.09769590199999989
64,1.9966714753489716,0.09924188799999989
65,1.977565376466414,0.10076460099999984
66,1.9587770909673905,0.10228319399999997
67,1.9403004349928799,0.10380119799999976
68,1.922129377389307,0.10533888799999991
69,1.90425803154234,0.10684511000000008
70,1.8866806481583702,0.10836306200000001
71,1.869391608855348,0.10989057299999994
72,1.8523854204458838,0.11141001799999994
73,1.8356567098133985,0.11293035500000004
74,1.819200219297162,0.11444654599999993
75,1.8030108025148024,0.11596447900000006
76,1.7870834205615946,0.11748482699999974
77,1.771413138534946,0.11902014399999983
78,1.7559951223401853,0.12053505100000006
79,1.7408246357402757,0.12205013899999972
80,1.725897037617607,0.12355969600000005
81,1.7112077794207012,0.125076226
82,1.6967524027726473,0.12661263300000014
83,1.682526537221453,0.12812897299999992
84,1.6685258981153812,0.12965576300000015
85,1.6547462845887595,0.13117967800000008
86,1.6411835776458437,0.13269293199999987
87,1.6278337383320634,0.13424565100000008
88,1.614692805983494,0.13577747999999978
89,1.6017568965466635,0.13731317600000015
90,1.5890222009619013,0.1388270509999998
91,1.5764849836043637,0.1403496230000001
92,1.564141580777652,0.1418704319999997
93,1.5519883992556327,0.14338689299999974
94,1.5400219148686285,0.1449231809999998
95,1.5282386711306502,0.14643725600000002
96,1.516635277904762,0.14797879400000014
97,1.5052084101040302,0.14950971099999988
98,1.4939548064258106,0.15102845600000014
99,1.4828712681174083,0.15254802199999995
100,1.4719546577713536,0.1540761439999998
101,1.4612018981487431,0.15559117099999975
102,1.4506099710292686,0.15710826300000003
103,1.440175916086685,0.15863085499999974
104,1.4298968297886103,0.16015190400000012
105,1.4197698643196508,0.16167400500000007
106,1.4097922265269385,0.16318786099999993
107,1.399961176887253,0.16470642499999988
108,1.3902740284949702,0.16624240300000004
109,1.3807281460701373,0.16776035700000014
110,1.3713209449860386,0.16927088499999998
111,1.3620498903156526,0.17079250599999973
112,1.3529124958964505,0.17230622099999993
113,1.3439063234130224,0.17384097600000015
114,1.3350289814970475,0.17535524299999983
115,1.326278124844157,0.17688275399999975
116,1.3176514533472634,0.1784334489999999
117,1.309146711245954,0.17994487999999986
118,1.3007616862915659,0.181452073
119,1.2924942089275813,0.18296851400000014
120,1.2843421514849982,0.18448032600000008
121,1.2763034273923468,0.18599750699999973
122,1.268375990400036,0.18751934799999992
123,1.260557833818729,0.189033314
124,1.2528469897714616,0.19055427400000013
125,1.2452415284592158,0.19207020200000002
126,1.2377395574396934,0.19359309499999977
127,1.2303392209190196,0.19510804299999984
128,1.223038699056134,0.19662612700000004
129,1.2158362072796247,0.19814829699999992
130,1.208729995616774,0.1996627150000001
131,1.2017183480345874,0.2011788029999999
132,1.1947995817925885,0.20270836800000014
133,1.1879720468071655,0.20423781299999977
134,1.1812341250272627,0.20575559599999993
135,1.1745842298212175,0.20727074400000012
136,1.1680208053745433,0.2087924339999998
137,1.161542326098473,0.21031587799999985
138,1.155147296049071,0.21185930899999983
139,1.1488342483567382,0.21338549699999998
140,1.142601744665929,0.2149456999999999
141,1.1364483745849099,0.21648030299999999
142,1.1303727551453902,0.2180054199999999
143,1.1243735302718576,0.2195279619999999
144,1.1184493702604619,0.221095708
145,1.1125989712672828,0.22261978199999977
146,1.1068210548058326,0.22413779499999986
147,1.1011143672536374,0.22566014700000014
148,1.09547767936775,0.2271816470000001
149,1.0899097858090507,0.2287123740000001
150,1.0844095046751865,0.23022898400000003
151,1.078975677042016,0.23176096200000007
152,1.0736071665134164,0.23328848400000002
153,1.068302858779317,0.23480512599999992
154,1.063061661181831,0.23631824000000012
155,1.057882502289347,0.2378329469999998
156,1.0527643314784574,0.23935336499999993
157,1.0477061185235939,0.24088519400000008
158,1.0427068531942458,0.2424243869999998
159,1.0377655448596383,0.24393722999999978
160,1.0328812221007493,0.2454545509999999
161,1.0280529323295462,0.24698804400000007
162,1.023279741415325,0.2485060269999999
163,1.0185607333180353,0.25003048299999975
164,1.0138950097284793,0.2515546579999999
165,1.0092816897152685,0.2530618109999998
166,1.0047199093784314,0.2546362200000001
167,1.0002088215095606,0.2561646829999997
168,0.9957475952583924,0.2576878749999998
169,0.9913354158057113,0.25921657799999975
170,0.9869714840424773,0.26073150599999995
171,0.9826550162550688,0.262277702
172,0.9783852438165437,0.2638028189999999
173,0.9741614128838129,0.2653160539999999
174,0.969982784100632,0.26683114099999994
175,0.9658486323063086,0.2683432539999999
176,0.9617582462500331,0.2698775379999998
177,0.9577109283107331,0.27139639199999976
178,0.9537059942223608,0.27292029699999976
179,0.9497427728045191,0.274443491
180,0.9458206056983346,0.275961004
181,0.9419388471074875,0.2774996769999998
182,0.9380968635443095,0.2790245229999999
183,0.9342940335808606,0.28055444799999973
184,0.9305297476049,0.28209062499999993
185,0.9268034075806628,0.28363425600000003
186,0.923114426814361,0.28516472299999984
187,0.9194622297243215,0.286687605
188,0.9158462516156843,0.2881999770000001
189,0.9122659384595752,0.28971322099999997
190,0.9087207466766739,0.29123619300000003
191,0.9052101429251018,0.29275382400000005
192,0.9017336038925474,0.29429423099999985
193,0.8982906160925554,0.2958220730000001
194,0.894880675664904,0.29733775100000015
195,0.8915032881799936,0.2988529390000001
196,0.8881579684471766,0.30036536199999997
197,0.8848442403269542,0.30193151500000015
198,0.8815616365469676,0.30345158299999975
199,0.878309698521717,0.3050094109999999
