iter,eval_func_value,time
0,7.213352655208307e-05,0.001656479999999405
1,6.76916163134076e-05,0.0031942080000000317
2,6.499609246544006e-05,0.0047294210000004
3,6.320368187361914e-05,0.006260592000000287
4,6.19376472748795e-05,0.00777954900000033
5,6.1001759278291574e-05,0.009310702000000504
6,6.028468340153396e-05,0.010833319999999702
7,5.971920893601666e-05,0.012353854000000553
8,5.926261439186418e-05,0.013872692999999714
9,5.888668140083675e-05,0.015379744000000528
10,5.85720356752197e-05,0.016885040000000018
11,5.830499902123376e-05,0.018447985999999972
12,5.807565457428179e-05,0.01996433599999925
13,5.787662903212188e-05,0.0214926559999995
14,5.770232283051814e-05,0.023007337999999322
15,5.754844261917258e-05,0.024517309000000154
16,5.7411643897858355e-05,0.026025128000000564
17,5.728924439471461e-05,0.0275234710000003
18,5.717907614537615e-05,0.029021851999999626
19,5.7079442529851386e-05,0.030546812999999062
20,5.698886364263034e-05,0.03207224700000033
21,5.690619854265254e-05,0.033597579000000266
22,5.683044596061191e-05,0.03514765899999972
23,5.676077806085048e-05,0.03673973799999963
24,5.669648641541902e-05,0.03825349000000067
25,5.663698735108765e-05,0.03977431400000064
26,5.6581752435539466e-05,0.04139023499999972
27,5.653034830311546e-05,0.04294633499999989
28,5.648238763854631e-05,0.044483789999999246
29,5.643754366826282e-05,0.045985979999999316
30,5.6395515679417595e-05,0.04748901299999986
31,5.635603732488612e-05,0.04908091199999909
32,5.6318906657882064e-05,0.05064315899999983
33,5.628390133700883e-05,0.05217945199999896
34,5.625086144796208e-05,0.05368168200000056
35,5.621961026234383e-05,0.055197288000000455
36,5.619000391450513e-05,0.05671314299999963
37,5.6161927996181106e-05,0.058220022000000426
38,5.613525630785218e-05,0.059735443999999305
39,5.6109901636842716e-05,0.06123130299999957
40,5.608576264510562e-05,0.06288254100000046
41,5.60627364452526e-05,0.06440591900000037
42,5.6040778074630745e-05,0.06592783400000002
43,5.6019802696349697e-05,0.0674485090000001
44,5.599973590722572e-05,0.06894502499999966
45,5.598052593121917e-05,0.07044323399999897
46,5.596212327225788e-05,0.07193730799999898
47,5.594446704630967e-05,0.07344884499999971
48,5.592752521370683e-05,0.07495221699999988
49,5.591124538504465e-05,0.07647770300000012
50,5.58956077030403e-05,0.0779858529999995
51,5.588056444685923e-05,0.07950076699999897
52,5.5866069686849936e-05,0.0810174099999994
53,5.585210739180808e-05,0.0825192819999998
54,5.583864720146533e-05,0.08406676499999932
55,5.582565168573199e-05,0.08558180999999898
56,5.5813111934183564e-05,0.0871114120000005
57,5.58010020054008e-05,0.08894853900000044
58,5.5789286150734466e-05,0.09048696600000028
59,5.5777968846797614e-05,0.09199499600000038
60,5.576701328107419e-05,0.09351088200000035
61,5.575642749491217e-05,0.09501473399999938
62,5.5746144496016224e-05,0.09652095399999894
63,5.5736188946003506e-05,0.09801640599999928
64,5.572653164696157e-05,0.09954007500000017
65,5.57171684047142e-05,0.10105303499999962
66,5.570807592304098e-05,0.10256261500000008
67,5.569925295942807e-05,0.10405496299999939
68,5.5690692885055406e-05,0.10557947799999923
69,5.568236366518947e-05,0.10706019300000058
70,5.56742678950361e-05,0.10856000799999954
71,5.566639888169742e-05,0.11005775900000003
72,5.565874311163699e-05,0.11156577899999931
73,5.5651284741291194e-05,0.11307759900000036
74,5.564403050358871e-05,0.1145787459999994
75,5.5636959070000806e-05,0.11609134799999943
76,5.5630078088014354e-05,0.11759145499999946
77,5.562336321726171e-05,0.11910343299999937
78,5.5616816612229996e-05,0.12059621100000051
79,5.561044409446931e-05,0.12210870200000024
80,5.560420996720648e-05,0.12361587200000024
81,5.55981393041799e-05,0.12511651800000045
82,5.5592223012374314e-05,0.12666483299999953
83,5.558642676467496e-05,0.12822980600000022
84,5.558076813582269e-05,0.12973542099999946
85,5.5575241859249265e-05,0.131250262
86,5.556984069508671e-05,0.13275515599999999
87,5.5564564555626144e-05,0.13427944799999914
88,5.5559409648773935e-05,0.13579100399999966
89,5.555435165294336e-05,0.13739737999999946
90,5.554942349356e-05,0.1389375699999995
91,5.554459373901233e-05,0.14044782300000058
92,5.553986790244914e-05,0.14196808400000016
93,5.553524278331209e-05,0.1434756359999998
94,5.553071019938012e-05,0.1450002279999989
95,5.5526279822467555e-05,0.1465203000000006
96,5.552193530184506e-05,0.1480204719999989
97,5.5517673385145764e-05,0.14967093199999937
98,5.551349462862186e-05,0.15130161299999934
99,5.5509414359660156e-05,0.15287805
100,5.550540769655233e-05,0.154482303
101,5.550146894138337e-05,0.1560204899999995
102,5.549761675617523e-05,0.15756275400000064
103,5.5493838350029384e-05,0.15908949800000016
104,5.5490129511628465e-05,0.1606233889999995
105,5.548648951718471e-05,0.1621379429999994
106,5.548292276555489e-05,0.1636659500000004
107,5.547942362683229e-05,0.1651711460000005
108,5.5475976983380156e-05,0.1666934530000006
109,5.547260288946556e-05,0.16821125199999898
110,5.546927140045249e-05,0.16972474099999957
111,5.546601536882228e-05,0.1712730449999995
112,5.5462816734037774e-05,0.17277953299999993
113,5.5459664359237544e-05,0.17429100899999916
114,5.545657095197928e-05,0.1757988380000004
115,5.545353338100174e-05,0.1773119489999999
116,5.54505444124842e-05,0.17883350399999998
117,5.5447601446543434e-05,0.180337076999999
118,5.544471083994279e-05,0.18185122999999948
119,5.544186098783204e-05,0.18335862999999897
120,5.5439065904702576e-05,0.18486441399999975
121,5.543631843271439e-05,0.18639171699999935
122,5.543361379465991e-05,0.1879099550000003
123,5.543096233176758e-05,0.18945053400000056
124,5.5428343951916704e-05,0.1909679000000004
125,5.5425762636507e-05,0.19250856100000036
126,5.5423221582424455e-05,0.19400890700000062
127,5.542072990682551e-05,0.19551298000000017
128,5.541826442185188e-05,0.19701598099999984
129,5.541584078228643e-05,0.19853038599999984
130,5.5413452232907114e-05,0.20005437500000056
131,5.541109620122426e-05,0.2015890460000005
132,5.54087916936384e-05,0.203105772999999
133,5.5406508810380274e-05,0.20463287799999996
134,5.540425703200238e-05,0.20614054900000056
135,5.540204591423902e-05,0.20764754899999893
136,5.539986274881967e-05,0.209153624999999
137,5.539771872559668e-05,0.21068161100000005
138,5.5395602684524534e-05,0.2122215710000006
139,5.539352265816284e-05,0.21377277300000053
140,5.539146324240431e-05,0.21529284700000062
141,5.538943460386858e-05,0.2168118579999998
142,5.5387432979003274e-05,0.21834025099999899
143,5.538545670324838e-05,0.21985956500000015
144,5.5383501158144926e-05,0.22139950599999914
145,5.5381585393332926e-05,0.2229305420000003
146,5.537968619214278e-05,0.22447221500000047
147,5.537782174395442e-05,0.2259762349999992
148,5.537598089938982e-05,0.2274875019999989
149,5.5374149347089744e-05,0.22900865599999953
150,5.53723591580973e-05,0.23050916100000052
151,5.537058475755294e-05,0.23201901699999894
152,5.536883595178347e-05,0.2335495519999995
153,5.536709718163987e-05,0.23512928799999955
154,5.5365392186028156e-05,0.23669751199999922
155,5.5363714172585665e-05,0.23822663099999986
156,5.536204916451471e-05,0.23988148900000006
157,5.5360409792775646e-05,0.24142113899999984
158,5.535879270081983e-05,0.2429563899999998
159,5.535720155573528e-05,0.24449748500000013
160,5.535561455036177e-05,0.24602664300000043
161,5.5354061370757386e-05,0.24754364899999892
162,5.535252629236028e-05,0.2490575229999994
163,5.535099573886538e-05,0.250558139999999
164,5.534949546966409e-05,0.2520824140000002
165,5.534800488176445e-05,0.25373263
166,5.534653322877985e-05,0.2552838529999999
167,5.5345082755594525e-05,0.2568471989999992
168,5.534364390991248e-05,0.2584612489999998
169,5.53422314322053e-05,0.2599954699999998
170,5.5340831617408694e-05,0.2615254629999999
171,5.5339443843405476e-05,0.2630437239999992
172,5.5338066560585254e-05,0.26455811299999965
173,5.533672761251975e-05,0.26608091099999953
174,5.5335390381116835e-05,0.26759264799999904
175,5.533406933081774e-05,0.2691026910000005
176,5.533275299662909e-05,0.2705975469999995
177,5.533145710255647e-05,0.2721142969999999
178,5.5330185355434974e-05,0.27360305999999923
179,5.5328920194178474e-05,0.27510040199999963
180,5.532766997121276e-05,0.27663405899999916
181,5.532644401790678e-05,0.278953542
182,5.532522312707994e-05,0.2811968440000001
183,5.532401411997248e-05,0.28333263300000056
184,5.5322805779203754e-05,0.284956768999999
185,5.532161899721299e-05,0.28659514399999964
186,5.532044714507569e-05,0.2884490660000001
187,5.5319296893956567e-05,0.2902665950000003
188,5.5318146398353524e-05,0.2923884179999998
189,5.5317006593195424e-05,0.29413479399999964
190,5.531588491067008e-05,0.295996787
191,5.531478334568188e-05,0.29781541999999916
192,5.531367552031284e-05,0.2994764159999992
193,5.5312589685746754e-05,0.3013503249999996
194,5.5311508010246973e-05,0.30296359199999934
195,5.5310435310168084e-05,0.3045582719999995
196,5.530938525619192e-05,0.30633635999999953
197,5.530834182671115e-05,0.30811451599999984
198,5.530730289661623e-05,0.3096705169999989
199,5.530627147980625e-05,0.31123368099999915
