iter,eval_func_value,time
0,2.6030417137291404e-05,0.001265595999999647
1,2.994911095648495e-05,0.002351733999999439
2,2.7394032344289294e-05,0.0034337549999996497
3,2.7445409752925667e-05,0.00446689400000011
4,2.7147523301432304e-05,0.005472280999999413
5,2.716401995185402e-05,0.006477127000000138
6,2.71158714588757e-05,0.007473957000000198
7,2.7120156013302406e-05,0.008456841999999298
8,2.7110810151162864e-05,0.009449064000000007
9,2.7112540195228698e-05,0.010431929000001006
10,2.7110111550187595e-05,0.011409954999999528
11,2.711099229397597e-05,0.012389492000000502
12,2.7110114113115458e-05,0.013360313999999818
13,2.7110583953305954e-05,0.014363377000000455
14,2.7110193560341772e-05,0.015360006999999953
15,2.711044313917676e-05,0.016342972000000344
16,2.7110251231369106e-05,0.017355230999999804
17,2.7110384495437784e-05,0.018332536000000843
18,2.711028829353556e-05,0.019309407999999806
19,2.7110350070700902e-05,0.02028462900000072
20,2.7110303479530768e-05,0.021259828999999897
21,2.711033812084506e-05,0.022240179000000637
22,2.7110313188463854e-05,0.023224727000000556
23,2.7110330631408526e-05,0.0242024530000009
24,2.711031959911655e-05,0.025195967000000152
25,2.7110328299905605e-05,0.026175966000000273
26,2.7110318949369763e-05,0.02715082599999974
27,2.7110326454307075e-05,0.028136685999999855
28,2.7110323791480915e-05,0.02910785899999979
29,2.711032632850465e-05,0.030077959999999848
30,2.7110323447000506e-05,0.031059292000000127
31,2.7110324317638452e-05,0.032024865000000347
32,2.711032135363414e-05,0.03300038599999944
33,2.7110323801934538e-05,0.033990623999999414
34,2.7110323376963322e-05,0.03496549399999971
35,2.7110323999616175e-05,0.03593427100000035
36,2.7110323115338962e-05,0.03691635500000068
37,2.711032341380002e-05,0.03790641299999997
38,2.711032257072136e-05,0.038886953000000446
39,2.711032528077557e-05,0.039859297999999654
40,2.711032031517064e-05,0.04082833700000066
41,2.7110325780425524e-05,0.0418022950000001
42,2.7110323126140377e-05,0.04276805800000005
43,2.7110323275646584e-05,0.043737146999999865
44,2.711032684946585e-05,0.044700896000000157
45,2.7110325249223546e-05,0.04566601700000028
46,2.7110322724222644e-05,0.046643580999999656
47,2.7110323487552784e-05,0.047718719000000576
48,2.7110323850831493e-05,0.04874779000000018
49,2.7110326469825857e-05,0.0497489489999996
50,2.7110323388231578e-05,0.05074338500000053
51,2.711032461835586e-05,0.05172128000000065
52,2.711032176349768e-05,0.05270076799999934
53,2.7110324702765007e-05,0.05366827399999963
54,2.7110323489286058e-05,0.05463645100000036
55,2.7110324173194415e-05,0.05559958899999984
56,2.7110324013062216e-05,0.05656925799999968
57,2.7110323302973053e-05,0.057531033000000065
58,2.7110324392520203e-05,0.058508417000000534
59,2.7110323001832193e-05,0.059483576999999954
60,2.7110322807578383e-05,0.060468666000000226
61,2.7110324546918284e-05,0.061443125000000265
62,2.7110322982590278e-05,0.06240784400000088
63,2.7110323190642207e-05,0.06339400500000103
64,2.7110323944678976e-05,0.06436823499999988
65,2.7110323227160846e-05,0.0653412410000005
66,2.711032518233857e-05,0.06631454700000106
67,2.711032203522537e-05,0.06733059399999952
68,2.7110324355234816e-05,0.06830839000000033
69,2.7110322313582267e-05,0.06928631599999946
70,2.7110324125207952e-05,0.07027418100000027
71,2.7110325235958492e-05,0.07127786500000077
72,2.7110324078891706e-05,0.07225235399999974
73,2.711032353995591e-05,0.07321846700000023
74,2.7110325215425688e-05,0.07418744599999982
75,2.7110323447575143e-05,0.07516186400000002
76,2.7110323471213485e-05,0.07614262500000102
77,2.7110325077020162e-05,0.07712253300000071
78,2.711032327109228e-05,0.0780882260000002
79,2.7110323014525856e-05,0.07905157400000107
80,2.7110325796087445e-05,0.08002080400000011
81,2.7110322884053214e-05,0.0809902840000003
82,2.7110326862623695e-05,0.08197579399999988
83,2.711032394319807e-05,0.08295204600000083
84,2.711032338553177e-05,0.08393007100000105
85,2.7110323293506108e-05,0.08491763500000005
86,2.711032426336059e-05,0.08588625299999997
87,2.7110324221103215e-05,0.08685592299999989
88,2.711032086015495e-05,0.08782403100000025
89,2.7110322876897154e-05,0.08878795999999944
90,2.71103224395667e-05,0.08975803000000049
91,2.7110322726717308e-05,0.09072988299999984
92,2.711032378834179e-05,0.09171775699999962
93,2.7110324498979973e-05,0.09270340700000013
94,2.711032223730621e-05,0.09368189199999932
95,2.7110324462340133e-05,0.09465951800000028
96,2.7110322446053446e-05,0.09564005800000075
97,2.711032320490244e-05,0.09660525900000039
98,2.7110321420523555e-05,0.09757489999999969
99,2.7110324692009552e-05,0.09855480799999938
100,2.711032203492765e-05,0.0995442139999998
101,2.711032481916354e-05,0.10052335199999973
102,2.7110324998373933e-05,0.10150804999999963
103,2.7110323375230398e-05,0.10249122499999963
104,2.7110323474128664e-05,0.1034829859999995
105,2.7110322563162327e-05,0.10446562000000092
106,2.7110323876751098e-05,0.10544728200000009
107,2.711032420230997e-05,0.10643000600000008
108,2.711032292073285e-05,0.1074144239999999
109,2.7110324340530588e-05,0.10838694899999979
110,2.7110323467401898e-05,0.10935846299999952
111,2.7110324633165655e-05,0.11035062500000059
112,2.7110324413857217e-05,0.11131785000000072
113,2.71103223134671e-05,0.11230753699999951
114,2.7110324909728936e-05,0.11330161200000077
115,2.711032338964696e-05,0.11428493800000084
116,2.7110320697812307e-05,0.11526996599999961
117,2.711032530343791e-05,0.11624241099999999
118,2.7110324113261525e-05,0.11725143399999993
119,2.711032092547141e-05,0.11823555099999972
120,2.711032219248181e-05,0.11921157199999932
121,2.7110323465788174e-05,0.12019611000000019
122,2.7110322939711508e-05,0.12117192100000018
123,2.711032422244964e-05,0.12214530800000034
124,2.7110323464218196e-05,0.12312461600000013
125,2.711032485468897e-05,0.12411744899999988
126,2.7110322318587913e-05,0.12510766800000006
127,2.7110323290237235e-05,0.12610978900000092
128,2.7110322644544473e-05,0.1271016110000005
129,2.711032261805317e-05,0.128078103
130,2.71103207384783e-05,0.12905740100000074
131,2.7110324052245256e-05,0.1300425409999999
132,2.7110324379903502e-05,0.13102766999999993
133,2.7110322254403622e-05,0.1320225379999993
134,2.7110322804907353e-05,0.13299993300000068
135,2.711032444366698e-05,0.13410344300000077
136,2.711032378349619e-05,0.13511389900000026
137,2.7110322309190306e-05,0.136104919000001
138,2.7110322701582978e-05,0.13709199200000022
139,2.7110321626312473e-05,0.13807783100000037
140,2.7110322963778323e-05,0.1390507569999997
141,2.7110326004518705e-05,0.140042008
142,2.7110322816373384e-05,0.14102448100000053
143,2.7110322611317878e-05,0.14201762499999937
144,2.711032257286144e-05,0.14299804600000066
145,2.7110323916894693e-05,0.14397822599999976
146,2.7110325129351528e-05,0.14496286400000002
147,2.711032390156554e-05,0.14594373499999946
148,2.711032394779933e-05,0.1469592800000008
149,2.7110322483867792e-05,0.14801706599999953
150,2.7110322942231126e-05,0.14901601000000042
151,2.711032305404792e-05,0.14999430800000013
152,2.7110320164498137e-05,0.15097307499999957
153,2.71103237692371e-05,0.15196251200000077
154,2.7110322997153214e-05,0.1529403380000005
155,2.7110324851578024e-05,0.1539201470000009
156,2.711032300586267e-05,0.15490452400000088
157,2.7110322990077483e-05,0.1558945810000001
158,2.7110323833212236e-05,0.15688287600000095
159,2.711032209695973e-05,0.1578667730000003
160,2.7110324534304286e-05,0.15884891600000017
161,2.7110324683479355e-05,0.15982706199999974
162,2.711032406133976e-05,0.1608028130000001
163,2.711032300226075e-05,0.1617825719999999
164,2.711032434031613e-05,0.16275903500000055
165,2.7110323614209116e-05,0.16373113899999936
166,2.7110322682639594e-05,0.16472559600000025
167,2.711032466661242e-05,0.1657101240000003
168,2.7110322660401452e-05,0.1667159310000006
169,2.711032347875655e-05,0.1676961610000003
170,2.7110320675198475e-05,0.16868077900000067
171,2.7110325492170248e-05,0.1696730310000003
172,2.711032446197034e-05,0.17065091699999968
173,2.7110321056471833e-05,0.1716387509999997
174,2.7110325871855355e-05,0.17261863000000055
175,2.7110323677710166e-05,0.1735905449999997
176,2.7110322778844444e-05,0.17456114700000036
177,2.711032294957758e-05,0.17553491500000007
178,2.7110324222251087e-05,0.17673643000000006
179,2.7110323548982365e-05,0.17783075300000029
180,2.7110323887656776e-05,0.17890355599999985
181,2.7110322344754533e-05,0.17994698500000084
182,2.711032424133984e-05,0.1809573810000007
183,2.711032347867295e-05,0.1819813529999994
184,2.7110323464444984e-05,0.18298210100000034
185,2.7110323955338358e-05,0.18396820200000086
186,2.7110324446015118e-05,0.18496826900000052
187,2.7110322834940444e-05,0.1859476460000007
188,2.711032182110397e-05,0.18692347800000064
189,2.7110322775021845e-05,0.18790086100000103
190,2.7110324332310364e-05,0.1888809810000005
191,2.711032343399705e-05,0.18987897500000095
192,2.71103217725946e-05,0.19091178400000075
193,2.7110324059983017e-05,0.19188919800000015
194,2.711032462797711e-05,0.19286575000000106
195,2.711032100062177e-05,0.19384656100000086
196,2.7110325843684614e-05,0.19481643199999965
197,2.7110326798985323e-05,0.19579351600000017
198,2.7110320073154768e-05,0.19676798599999934
199,2.7110324038956508e-05,0.19773960000000024
