iter,eval_func_value,time
0,7.389995585587898e-05,0.0022119109999998443
1,6.442255081204569e-05,0.003738755999998844
2,5.977727924828055e-05,0.005359918999999991
3,5.7303542061811666e-05,0.00709374300000043
4,5.5924790246429385e-05,0.008606842999999031
5,5.513178752401454e-05,0.010094173999998901
6,5.466383460775436e-05,0.012180579999998997
7,5.4381330507328455e-05,0.01401839000000038
8,5.420718798592014e-05,0.01555533500000017
9,5.409779160879259e-05,0.017655916999999022
10,5.402790202978676e-05,0.01935754199999984
11,5.398259264897681e-05,0.021067992999999063
12,5.395285248232224e-05,0.02256852899999906
13,5.3933131468807236e-05,0.024043006999999506
14,5.391994001912393e-05,0.02551635100000027
15,5.391106022633861e-05,0.026988914000000364
16,5.390505479916511e-05,0.028458972999999332
17,5.39009726608372e-05,0.029920694999999498
18,5.389818891068847e-05,0.03139226699999931
19,5.389628940567781e-05,0.03306390400000048
20,5.389498978127807e-05,0.03457155399999934
21,5.389409758046524e-05,0.036060347999999465
22,5.3893485572803124e-05,0.03754095699999915
23,5.389306013260649e-05,0.03900832099999896
24,5.389276935136038e-05,0.040658167000000134
25,5.389257120308963e-05,0.04218633500000024
26,5.38924332475858e-05,0.04376091099999968
27,5.389234222679357e-05,0.04524882299999966
28,5.389227978204139e-05,0.046709394000000515
29,5.389223411597737e-05,0.04815899499999965
30,5.3892202969937954e-05,0.049844677999999476
31,5.389217989212135e-05,0.05133475499999918
32,5.3892165912289256e-05,0.052805825000000084
33,5.3892155841027e-05,0.05429403700000002
34,5.389214955161383e-05,0.05576637999999967
35,5.389214559322211e-05,0.058175691999998946
36,5.3892141257392426e-05,0.06029719400000033
37,5.3892138558321275e-05,0.06177108099999984
38,5.389213774508582e-05,0.06335539400000023
39,5.389213933280104e-05,0.06487946499999886
40,5.389213585777203e-05,0.0665726529999997
41,5.3892136226699665e-05,0.06808125499999917
42,5.3892133086456086e-05,0.06957308500000003
43,5.389213347435658e-05,0.07103518999999991
44,5.389213623893892e-05,0.0724896399999988
45,5.389213377335826e-05,0.074229184
46,5.389213580361848e-05,0.07572279699999918
47,5.389213695354623e-05,0.07720222400000054
48,5.389213514223543e-05,0.07868723099999997
49,5.3892134128332334e-05,0.08015502599999991
50,5.389213550400756e-05,0.08160732999999887
51,5.3892132334973564e-05,0.08414566299999926
52,5.389213589431069e-05,0.085764481
53,5.389213567117881e-05,0.08736070800000029
54,5.3892138342026086e-05,0.08883529599999918
55,5.389213384440416e-05,0.09030700799999991
56,5.3892137122719516e-05,0.0917991090000001
57,5.389213692172499e-05,0.09327871600000037
58,5.389213718203413e-05,0.09473610100000052
59,5.389213704573622e-05,0.09618758499999913
60,5.389213536672692e-05,0.09765995799999949
61,5.389213542099354e-05,0.09972760800000025
62,5.3892133887081616e-05,0.10177860699999997
63,5.389213243726591e-05,0.10327572699999976
64,5.389213109380467e-05,0.10476269800000004
65,5.389213457410132e-05,0.10630419099999955
66,5.389213637298514e-05,0.10784524299999987
67,5.3892135081331176e-05,0.10938233799999963
68,5.3892133049623116e-05,0.11087300600000027
69,5.389213666186429e-05,0.11234942599999975
70,5.3892137108012096e-05,0.11382938399999887
71,5.3892136211304224e-05,0.11550949799999977
72,5.389213508795623e-05,0.1170621030000003
73,5.389213665483485e-05,0.11855607699999915
74,5.3892133873583055e-05,0.12003873899999995
75,5.3892131234850425e-05,0.12151671200000003
76,5.389213354239449e-05,0.12315328299999884
77,5.3892133736510003e-05,0.12497209600000048
78,5.389213560244961e-05,0.1266653739999999
79,5.3892135045544664e-05,0.12814712499999992
80,5.3892131620400056e-05,0.12962453799999984
81,5.3892134467680275e-05,0.13110391499999885
82,5.389213546042699e-05,0.13285062399999958
83,5.389213676479075e-05,0.13433240400000024
84,5.389213685785731e-05,0.13579874599999897
85,5.389213788460801e-05,0.13727063900000047
86,5.389213293791782e-05,0.13876455299999968
87,5.38921312260358e-05,0.1402376780000001
88,5.3892136012585904e-05,0.14171433899999997
89,5.389213498272666e-05,0.14320090000000008
90,5.3892138225428565e-05,0.14465682300000005
91,5.389213586305845e-05,0.1461014649999992
92,5.3892134659203796e-05,0.1475692999999989
93,5.3892136529507574e-05,0.14961365699999973
94,5.389213488811576e-05,0.15110196100000017
95,5.3892132196810395e-05,0.1525945120000003
96,5.389213081069684e-05,0.15406321799999922
97,5.3892137118334345e-05,0.15595808600000005
98,5.3892133528247675e-05,0.1577506900000003
99,5.389213676930579e-05,0.15926443000000035
100,5.389213426827524e-05,0.1607521829999996
101,5.389213694794488e-05,0.16231696899999903
102,5.389213452306348e-05,0.16382899599999945
103,5.3892137298640256e-05,0.16553129000000055
104,5.3892135079447145e-05,0.16702510400000037
105,5.3892134595413406e-05,0.16850013200000014
106,5.3892134112896974e-05,0.16997523999999942
107,5.389213322625708e-05,0.17143879600000034
108,5.3892131459432605e-05,0.17315772199999913
109,5.389213271616678e-05,0.17466139399999925
110,5.389213452350977e-05,0.1761394679999988
111,5.3892136807762166e-05,0.17760987700000008
112,5.3892134165375436e-05,0.1790880210000001
113,5.389213689997036e-05,0.1805617660000003
114,5.389213610208412e-05,0.1822659239999993
115,5.389213230223661e-05,0.18378218900000043
116,5.389213222885706e-05,0.18527932800000002
117,5.389213234777718e-05,0.186765166999999
118,5.3892132700880305e-05,0.18823948300000026
119,5.389213083497038e-05,0.19001170099999953
120,5.3892128774412424e-05,0.1914957459999993
121,5.389213122693837e-05,0.19301887399999984
122,5.389213103545388e-05,0.19450632499999898
123,5.389213346887378e-05,0.1959643419999999
124,5.3892135012616455e-05,0.19741715800000037
125,5.3892136905467586e-05,0.19903455299999884
126,5.3892132821290626e-05,0.20083716499999937
127,5.389213562301542e-05,0.2024088200000005
128,5.3892135852952557e-05,0.2039241650000001
129,5.3892134871247707e-05,0.205555004999999
130,5.3892137375330544e-05,0.20729547000000004
131,5.389213795361022e-05,0.20881581099999913
132,5.389213219943946e-05,0.2103325569999992
133,5.389213528694556e-05,0.21184594899999887
134,5.389213071251873e-05,0.2133553519999989
135,5.389213100802439e-05,0.21487059200000047
136,5.389213046192335e-05,0.2166473369999995
137,5.3892134147060354e-05,0.2182184369999991
138,5.389213189087451e-05,0.2197313489999999
139,5.38921347087511e-05,0.221241311
140,5.3892134409624854e-05,0.22298472099999955
141,5.389213353019533e-05,0.22460686700000032
142,5.389213365903544e-05,0.22614462700000004
143,5.389213432889858e-05,0.22767239499999903
144,5.389213387852661e-05,0.229197525
145,5.389213643614751e-05,0.2307207439999992
146,5.389213349973162e-05,0.23243662500000006
147,5.3892135267136195e-05,0.23399001800000008
148,5.389213623094878e-05,0.23551862699999937
149,5.389213365211959e-05,0.2370469239999995
150,5.389213384724072e-05,0.23856721800000003
151,5.389213265019127e-05,0.24034056300000017
152,5.3892135939407075e-05,0.24191362899999902
153,5.389213410670396e-05,0.2434471330000001
154,5.389213821659965e-05,0.24525247899999947
155,5.389213588614596e-05,0.24678312200000008
156,5.3892138737068774e-05,0.24832075499999995
157,5.3892137641205696e-05,0.2500676609999992
158,5.389213653671879e-05,0.2516277159999998
159,5.3892133180903424e-05,0.25315875699999957
160,5.3892135544871156e-05,0.254679230999999
161,5.389213769865644e-05,0.25630356899999995
162,5.389213639588441e-05,0.25804136
163,5.389213719826705e-05,0.2595722829999989
164,5.3892135802626934e-05,0.26109615200000036
165,5.389213213926065e-05,0.2626255119999996
166,5.38921324184029e-05,0.26429158100000016
167,5.389213303644724e-05,0.2659976420000003
168,5.389213479009088e-05,0.2675768259999991
169,5.389213526878804e-05,0.26910846999999904
170,5.389213706738979e-05,0.27063954499999987
171,5.3892132797152843e-05,0.27215916299999954
172,5.389213734357983e-05,0.27396245799999974
173,5.3892136613386705e-05,0.2755558019999995
174,5.389213782138916e-05,0.2770945099999995
175,5.3892135948669014e-05,0.27861904899999956
176,5.389213482044461e-05,0.28013719199999976
177,5.3892132737948134e-05,0.281659286
178,5.389213550580367e-05,0.283369025999999
179,5.3892134953390665e-05,0.2849123319999993
180,5.3892135359721185e-05,0.2864357670000004
181,5.389213990296638e-05,0.2883955509999989
182,5.389213887534533e-05,0.289989198999999
183,5.3892139335097705e-05,0.2915679440000005
184,5.389213921198311e-05,0.29310879700000037
185,5.389213777803715e-05,0.2946528439999998
186,5.389213483465019e-05,0.29618779299999964
187,5.3892134868771206e-05,0.2977255499999991
188,5.389213182796237e-05,0.29927590800000026
189,5.389213107578081e-05,0.3008099150000003
190,5.38921307893441e-05,0.302375305
191,5.389213198322656e-05,0.3039062699999988
192,5.389213203101575e-05,0.3054386579999999
193,5.389213072916536e-05,0.3069647779999993
194,5.389213394933e-05,0.3084888389999989
195,5.3892129676758425e-05,0.3100101540000004
196,5.3892131054181476e-05,0.31152453400000013
197,5.389213033271294e-05,0.3130482170000004
198,5.389213463949678e-05,0.31456015599999887
199,5.3892136398128074e-05,0.31607261299999934
