iter,eval_func_value,time
0,7.407586797630559e-05,0.0012274720000000627
1,6.2295911481616e-05,0.0022970799999999514
2,5.7751953565995916e-05,0.0033759750000008637
3,5.618598005062406e-05,0.004359040000000647
4,5.5654841273879294e-05,0.005337786000000122
5,5.544217883713599e-05,0.006319178000000036
6,5.532615384713869e-05,0.0072959020000009644
7,5.524886846472404e-05,0.008272094000000507
8,5.519564774101284e-05,0.009244839000000837
9,5.516020014590841e-05,0.010221561999999906
10,5.5137509450618665e-05,0.011199747000000926
11,5.512342691271671e-05,0.012180820000001091
12,5.511484299231204e-05,0.013158836000000562
13,5.510964812304155e-05,0.01413377499999946
14,5.51065103014422e-05,0.01510714199999974
15,5.510461203747067e-05,0.0160786470000005
16,5.5103466616668736e-05,0.01704969000000034
17,5.510276078757213e-05,0.018025121000000865
18,5.510233823491115e-05,0.01900949900000093
19,5.510207782312405e-05,0.019984057000000277
20,5.510192089311294e-05,0.020957915000000327
21,5.510183657639187e-05,0.021935710000001052
22,5.510178954732467e-05,0.02290392699999977
23,5.510175419551499e-05,0.0238805700000011
24,5.510173411558374e-05,0.024879634999999567
25,5.510171563325872e-05,0.02585664899999962
26,5.5101707590547245e-05,0.026834103000000553
27,5.5101698996064846e-05,0.027805206000000027
28,5.510170151056891e-05,0.028779053000000943
29,5.510170009196101e-05,0.02976349100000064
30,5.5101700955179066e-05,0.030751044000000505
31,5.510170275216295e-05,0.031722758000000795
32,5.5101694164428975e-05,0.03269787800000046
33,5.510169253128281e-05,0.033793063000000956
34,5.510168276854515e-05,0.03479797900000037
35,5.5101693449412563e-05,0.035783377999999644
36,5.5101693288856675e-05,0.03676558200000102
37,5.5101697309435975e-05,0.037733418000000185
38,5.510169720777434e-05,0.038703389000000143
39,5.510170129463955e-05,0.03967524299999958
40,5.5101691573597136e-05,0.040646245999999664
41,5.5101698100930104e-05,0.04161145700000013
42,5.510170158514678e-05,0.042575756999999825
43,5.5101687747493036e-05,0.043544284999999405
44,5.5101690267592095e-05,0.044515056999999914
45,5.5101688924550335e-05,0.045489325000000136
46,5.510169520550708e-05,0.046640756000000394
47,5.510170122777681e-05,0.047662502999999745
48,5.5101699452228985e-05,0.04863760299999953
49,5.510168585927924e-05,0.04960461900000013
50,5.510168776978834e-05,0.05057863700000098
51,5.5101682403073996e-05,0.05154406900000019
52,5.5101692590799964e-05,0.052510081999999514
53,5.5101695292864156e-05,0.0534718569999999
54,5.510168700866245e-05,0.054445172999999514
55,5.5101692173867606e-05,0.05541514299999939
56,5.510169175246389e-05,0.05638995300000005
57,5.510169668632208e-05,0.05736279899999985
58,5.5101698373053574e-05,0.058326306999999744
59,5.5101691948630514e-05,0.05929397300000083
60,5.5101690182268636e-05,0.060260325999999864
61,5.510169002600262e-05,0.061227000000000587
62,5.510169083533054e-05,0.06219120999999994
63,5.5101691110318415e-05,0.0631538969999994
64,5.5101684615375526e-05,0.06412868700000018
65,5.510168929575511e-05,0.06509759500000101
66,5.5101689158329294e-05,0.06608615000000029
67,5.510169352909363e-05,0.06714278399999962
68,5.51016926737358e-05,0.06816759700000041
69,5.5101689381239803e-05,0.06916176300000032
70,5.510169375790214e-05,0.07015299400000075
71,5.510169781243809e-05,0.07113229099999963
72,5.510170262788642e-05,0.07211556700000088
73,5.5101694162114013e-05,0.07309290100000077
74,5.51016961163282e-05,0.07407527500000022
75,5.510169440710417e-05,0.07504231000000061
76,5.510170445877728e-05,0.0760159680000001
77,5.5101697291941384e-05,0.07700148700000042
78,5.5101693733622136e-05,0.07797787900000053
79,5.510169845870063e-05,0.07897064199999981
80,5.510170582224596e-05,0.07993882000000063
81,5.5101701394901116e-05,0.08092861699999965
82,5.5101696825554405e-05,0.08190161299999943
83,5.510170086082497e-05,0.08287742399999942
84,5.510169076079123e-05,0.08385807600000028
85,5.510169122696795e-05,0.08487019600000067
86,5.510168398515714e-05,0.08586375099999977
87,5.510169062754247e-05,0.08684382000000035
88,5.510169790833748e-05,0.08781546400000018
89,5.510170436983412e-05,0.0888345269999995
90,5.510169735218293e-05,0.08980400699999969
91,5.510168998005016e-05,0.09077887499999981
92,5.510168691901495e-05,0.09174810500000063
93,5.5101693457918644e-05,0.09272085000000096
94,5.5101693692726294e-05,0.09370206100000011
95,5.510169738628321e-05,0.09467015699999948
96,5.510169160162332e-05,0.09564192200000043
97,5.5101693598306813e-05,0.09661726200000054
98,5.510169599178489e-05,0.0975937860000009
99,5.510168815867927e-05,0.09856715299999941
100,5.510169965046979e-05,0.09955168099999945
101,5.510169850776327e-05,0.10052736200000112
102,5.510169699700584e-05,0.10150209200000049
103,5.510168711047342e-05,0.10247243300000086
104,5.5101685217028754e-05,0.10344036000000045
105,5.51016894583558e-05,0.10441536000000085
106,5.510169732095592e-05,0.10538497099999944
107,5.5101695602828206e-05,0.10635166500000004
108,5.510169059915771e-05,0.10733796600000112
109,5.51016902795026e-05,0.10830705600000101
110,5.5101687339395645e-05,0.10929554099999983
111,5.510168720779692e-05,0.11029875500000053
112,5.5101688391383833e-05,0.1112782929999998
113,5.510169144398415e-05,0.11223924699999976
114,5.510169713754046e-05,0.11321482800000027
115,5.5101694108598675e-05,0.11417587200000057
116,5.510169538748627e-05,0.11513564300000034
117,5.5101700627260276e-05,0.11611542099999994
118,5.5101698684110974e-05,0.11708746500000089
119,5.5101690157605415e-05,0.11805657400000058
120,5.5101690301991946e-05,0.11902879900000052
121,5.510169681900929e-05,0.12000554299999955
122,5.510169735919547e-05,0.12097355999999948
123,5.510169418985627e-05,0.1219383710000006
124,5.5101688091701164e-05,0.12292084499999945
125,5.510168776494538e-05,0.12388536499999958
126,5.510169083885929e-05,0.12486261899999995
127,5.510168626891679e-05,0.12585275700000054
128,5.510168263349746e-05,0.12682397900000097
129,5.5101684011901075e-05,0.12780256599999973
130,5.510168515702117e-05,0.12877318800000026
131,5.510169593346972e-05,0.12975231600000114
132,5.510169794660728e-05,0.13076754200000096
133,5.51016880379599e-05,0.13176250899999964
134,5.510168637937744e-05,0.1328227480000006
135,5.5101683618273534e-05,0.13384767099999983
136,5.5101690019888524e-05,0.1348303150000003
137,5.510168489333044e-05,0.13581379100000035
138,5.5101686814594136e-05,0.13680122500000103
139,5.5101696069228474e-05,0.1377738310000005
140,5.510169105228078e-05,0.1387449830000005
141,5.5101694113196194e-05,0.13971612599999972
142,5.510169337593564e-05,0.14069284900000056
143,5.5101703604997073e-05,0.14166919100000008
144,5.510170087376963e-05,0.1426494809999994
145,5.510170174937071e-05,0.14361397100000062
146,5.510168668513398e-05,0.1445901530000011
147,5.5101689607360724e-05,0.14557468100000115
148,5.510169211512466e-05,0.146660829
149,5.510169472169176e-05,0.14766254899999964
150,5.510169596942561e-05,0.14865143599999975
151,5.510168970825018e-05,0.14965560100000097
152,5.510168588535175e-05,0.15063309499999988
153,5.510169619233697e-05,0.15161448599999972
154,5.510168862186059e-05,0.15272501000000105
155,5.510170216874238e-05,0.15373751999999996
156,5.510169824970779e-05,0.15472911099999997
157,5.510169339833506e-05,0.15571845800000084
158,5.510169008487272e-05,0.15670117300000008
159,5.5101687141175766e-05,0.15767595199999995
160,5.510169426147024e-05,0.15864900800000115
161,5.510169495139888e-05,0.15962534099999992
162,5.5101697794911574e-05,0.16060403800000067
163,5.5101702108753196e-05,0.16157148399999954
164,5.5101687684485284e-05,0.16255103299999973
165,5.510168701755712e-05,0.163522866000001
166,5.510168338582948e-05,0.16450020999999992
167,5.510168225574788e-05,0.1654802600000007
168,5.510168858841239e-05,0.16646439700000037
169,5.5101698604581736e-05,0.16743516900000088
170,5.510169663371889e-05,0.16840686299999952
171,5.510169480169979e-05,0.1693742690000004
172,5.510169448315994e-05,0.17034636300000017
173,5.510168548829575e-05,0.17133320499999982
174,5.510169093867278e-05,0.17231507800000045
175,5.510168787927329e-05,0.17333822800000043
176,5.5101689929534096e-05,0.17432434800000074
177,5.5101693291570074e-05,0.17530899600000005
178,5.5101700713545205e-05,0.1762838250000005
179,5.510170229001967e-05,0.17731396900000007
180,5.5101698547361224e-05,0.17829785600000037
181,5.510167818855797e-05,0.17928574000000097
182,5.5101685908235096e-05,0.1802665809999997
183,5.510168734957042e-05,0.1812458079999999
184,5.5101699621231635e-05,0.18223373200000026
185,5.5101698548607664e-05,0.18322279900000105
186,5.510168854576404e-05,0.18421316799999943
187,5.510169537878484e-05,0.18520104200000098
188,5.5101701050206717e-05,0.18619136100000055
189,5.510169948310973e-05,0.18717033699999952
190,5.510170129138936e-05,0.1881492250000001
191,5.510169470609743e-05,0.18911825400000026
192,5.5101702814203265e-05,0.19010029600000067
193,5.5101693160749766e-05,0.19107592699999998
194,5.510168845107016e-05,0.19206687600000016
195,5.510168512136245e-05,0.1930403130000009
196,5.5101689527438314e-05,0.194012368000001
197,5.510168491530027e-05,0.1950380539999994
198,5.51017014007106e-05,0.19619600800000114
199,5.51016926701833e-05,0.19757233200000002
