iter,eval_func_value,time
0,2.1329508212653456,0.0015969759999998612
1,2.0853609756317075,0.0029173799999999694
2,2.0410284638308105,0.004266010000000042
3,1.9996514317186798,0.005576919999999985
4,1.9608279900229253,0.00699312799999996
5,1.9240039319863318,0.008465350000000038
6,1.8889795353687404,0.00995929299999987
7,1.8555810133683532,0.011718495999999856
8,1.823655534817754,0.013315849000000046
9,1.793369681535802,0.01467568599999991
10,1.7643123819350999,0.016105354000000016
11,1.7365099938319741,0.017410192000000047
12,1.709697146155753,0.01875527099999985
13,1.6837969194364142,0.02030145299999986
14,1.6587411947633068,0.021645307999999863
15,1.6344873984584718,0.022931666999999933
16,1.6110128104480759,0.024221105999999937
17,1.5882168497155311,0.025485271999999837
18,1.5660565300658125,0.02686148300000002
19,1.5445166570723294,0.028548121999999898
20,1.5235500327550613,0.029865481999999943
21,1.5031129938146255,0.031199797999999834
22,1.4831774782391716,0.03257795200000002
23,1.4637180921315305,0.03388373199999983
24,1.4447353792784186,0.03518405300000005
25,1.4262721811338952,0.036532215999999895
26,1.4082163155776932,0.03788324399999987
27,1.390550047462284,0.03915657299999986
28,1.373257191327171,0.040470919999999966
29,1.3563229162940538,0.04174486299999991
30,1.3397335803492527,0.043052493000000025
31,1.323476588926878,0.04461764300000004
32,1.3075402737170894,0.04592640299999995
33,1.2919239302937773,0.04715794799999995
34,1.2766474591032981,0.04849393499999999
35,1.261655675258442,0.04977591400000003
36,1.2469403788005082,0.05112326699999992
37,1.232493805012859,0.052417991
38,1.2183085865495802,0.05363936399999991
39,1.2043777197179437,0.05496131900000001
40,1.1906945344065945,0.05625221899999988
41,1.1772526672187247,0.05754563400000001
42,1.1640460374270396,0.05883077999999986
43,1.1510688254166728,0.06017722499999989
44,1.1383283039995244,0.06149019999999994
45,1.1258194284574647,0.0628884649999999
46,1.1135221763411247,0.06431027999999994
47,1.1014317065953239,0.06560051599999994
48,1.089547108217081,0.06685975299999991
49,1.0778725557092437,0.06813199299999995
50,1.0663898802757699,0.0693654079999999
51,1.055095018171471,0.07066854699999991
52,1.0439840236951565,0.071971432
53,1.0330530639899709,0.07322957200000002
54,1.0222984141505553,0.07450723899999989
55,1.0117164526194684,0.07588634699999997
56,1.0013036568557019,0.07717137200000002
57,0.9910565992586134,0.07850849799999993
58,0.9809719433311673,0.07985140999999985
59,0.9710464400670505,0.08111009799999991
60,0.9612769245469414,0.082356023
61,0.9516603075264779,0.08364964499999994
62,0.9422044131131871,0.084933696
63,0.9328956797348824,0.08624075499999995
64,0.9237306537174672,0.08752676999999998
65,0.914706539878789,0.08893952599999988
66,0.9058206142396965,0.09023101099999997
67,0.8970702210304801,0.09153257699999995
68,0.8884527699277698,0.09285734400000001
69,0.8799657334960694,0.09409492799999986
70,0.8716066448116081,0.09536492600000002
71,0.8633730952491885,0.09664863000000001
72,0.8552627324152051,0.09790315000000005
73,0.8472732582121446,0.09919324600000001
74,0.839402427021699,0.10048712299999996
75,0.8316480439951913,0.10174994400000004
76,0.8240079634413556,0.10302094399999984
77,0.8164800873026654,0.10436891699999995
78,0.8090623637124216,0.10578178299999985
79,0.8017527856256769,0.10707292800000001
80,0.7945493895178513,0.10838757099999996
81,0.7874502541455257,0.10963667899999985
82,0.7804534993645278,0.11091253000000001
83,0.7735572850009016,0.11221718099999989
84,0.7667598097708143,0.11348206299999997
85,0.7600593101769447,0.11476627399999995
86,0.7534551482514121,0.11607532899999984
87,0.7469446990965933,0.11734172300000001
88,0.7405261111770788,0.11868073299999993
89,0.7341977623076369,0.11998618100000003
90,0.7279580639382005,0.12125551599999995
91,0.72180546026819,0.1225260749999999
92,0.7157384273993639,0.12380121499999985
93,0.7097554725240656,0.125058903
94,0.7038551331461034,0.12645397000000003
95,0.6980359763318165,0.12784166500000005
96,0.6922965979891416,0.12912071000000003
97,0.686635622172756,0.130427968
98,0.6810517004135455,0.13175651
99,0.6755435110708579,0.13302618200000005
100,0.6701097587061472,0.1343229079999999
101,0.6647491734767312,0.13559832299999997
102,0.6594605105485538,0.13692827200000002
103,0.6542425495268968,0.1382008859999999
104,0.6490940939041175,0.13946560200000002
105,0.6440139705235544,0.14074584299999993
106,0.6390010290588107,0.14201523199999988
107,0.6340541415077222,0.14328571300000004
108,0.6291722017003188,0.14459192099999996
109,0.624354124820193,0.14586109599999997
110,0.6195988469387143,0.1472178879999999
111,0.6149053245615508,0.14861299999999988
112,0.6102725341870345,0.1499462629999999
113,0.6056994718759013,0.15125188499999997
114,0.6011851528319918,0.15256112799999988
115,0.5967286109935221,0.15382952100000002
116,0.5923288986345393,0.15508592499999985
117,0.5879850859762277,0.15637063699999998
118,0.5836962608077314,0.15767303899999985
119,0.5794615281161692,0.1590199029999999
120,0.5752800097255779,0.16031341899999996
121,0.571150843944468,0.16157566499999998
122,0.5670731852217579,0.162868856
123,0.5630462038108128,0.16414948500000004
124,0.5590690854413609,0.16542540999999988
125,0.5551410309990519,0.16669442300000004
126,0.5512612562124352,0.1679930409999999
127,0.5474289913471571,0.16926593700000003
128,0.5436434809071653,0.1706420529999999
129,0.5399039833427348,0.1720914039999999
130,0.5362097707651267,0.17353823199999985
131,0.5325601286677025,0.17501188899999987
132,0.5289543556533218,0.17648644599999996
133,0.525391763167853,0.1779556149999999
134,0.5218716752396534,0.17941312099999984
135,0.5183934282248432,0.18085047099999985
136,0.5149563705582396,0.18218540399999994
137,0.5115598625098053,0.18348909599999996
138,0.5082032759464671,0.184797691
139,0.504885994099176,0.18610642600000005
140,0.5016074113350746,0.18742149699999988
141,0.49836693293464873,0.18881184299999987
142,0.4951639748737407,0.19058948099999995
143,0.49199796361030323,0.19215946099999992
144,0.4888683358757816,0.19362701199999988
145,0.4857745384710153,0.19512190399999985
146,0.48271602806654046,0.19657880100000003
147,0.47969227100720185,0.19801186000000004
148,0.47670274312096317,0.19947310899999993
149,0.47374692953181874,0.20088037599999997
150,0.4708243244767091,0.20227275499999986
151,0.46793443112634947,0.20367734299999984
152,0.46507676140987525,0.20502517599999992
153,0.4622508358432247,0.20630961400000003
154,0.4594561833611564,0.20761787899999984
155,0.4566923411528379,0.20888091600000003
156,0.45395885450090384,0.21018767699999996
157,0.45125527662391673,0.21148428099999994
158,0.4485811685221498,0.21274143899999998
159,0.44593609882661317,0.214007281
160,0.44331964365124976,0.215267345
161,0.44073138644823656,0.21654221799999984
162,0.4381709178663075,0.21778843400000003
163,0.43563783561204394,0.21907750399999992
164,0.4331317443140573,0.22037546099999994
165,0.43065225538999924,0.22176753799999993
166,0.4281989869163419,0.22307414199999998
167,0.4257715635008595,0.22437684700000005
168,0.4233696161577553,0.22562934599999984
169,0.4209927821853721,0.2269069989999999
170,0.418640705046436,0.22819654199999984
171,0.41631303425076516,0.22946943399999986
172,0.41400942524039724,0.23074889899999995
173,0.4117295392770885,0.23222466099999983
174,0.40947304333211065,0.2336563759999999
175,0.4072396099783257,0.2350867619999999
176,0.4050289172844557,0.23639620100000003
177,0.4028406487115268,0.23765676599999996
178,0.40067449301142644,0.23897210800000002
179,0.39853014412752596,0.240290291
180,0.3964073010973339,0.24155933299999988
181,0.3943056679571248,0.24284905
182,0.3922249536485064,0.2441655679999999
183,0.39016487192688715,0.2454819749999999
184,0.38812514127178677,0.24673073099999998
185,0.3861054847989773,0.24804118600000002
186,0.38410563017438226,0.24932713399999984
187,0.38212530952972595,0.25058285199999997
188,0.3801642593798726,0.2518693169999999
189,0.3782222205418363,0.2531443629999999
190,0.37629893805541387,0.25441612599999996
191,0.3743941611054083,0.25570928699999995
192,0.37250764294541633,0.25701922099999996
193,0.37063914082313537,0.258323973
194,0.36878841590716754,0.25961991399999995
195,0.3669552332152788,0.26106537099999994
196,0.3651393615440946,0.26234091000000004
197,0.36334057340018855,0.2636966169999999
198,0.3615586449325431,0.264971423
199,0.3597933558663515,0.2662459239999999
