iter,eval_func_value,time
0,2.023820296574916,0.003659659000000204
1,1.849405793746745,0.004826858999997796
2,1.7025510170400888,0.0058953549999998245
3,1.5761506802895326,0.006924315999999209
4,1.4646599685778987,0.00791898199999963
5,1.3651614517711579,0.008900823999997698
6,1.2750184817870573,0.009889768999997273
7,1.192582860558818,0.01087168099999758
8,1.1165642045427262,0.011858213000000006
9,1.0460177643396544,0.012841958999999292
10,0.9802750573467367,0.01382677799999854
11,0.9188707428188575,0.014888049999999708
12,0.8614423400180445,0.015895660999998285
13,0.8076841856975945,0.016993871999996912
14,0.7573313081404178,0.01808865699999984
15,0.7101489004782245,0.019147114999999104
16,0.66592537821858,0.020135779999996828
17,0.6244677311576821,0.02111506799999674
18,0.5855983462682719,0.022205933999998706
19,0.5491527767972577,0.023226959999998797
20,0.5149781234570194,0.02422465199999735
21,0.4829318150432953,0.02532433599999706
22,0.4528806530600796,0.026303774999998808
23,0.4247000340087108,0.027260921999999965
24,0.39827329415056417,0.02822928899999866
25,0.3734911413144429,0.029184200999999632
26,0.35025115085097674,0.03013252999999949
27,0.32845731078219964,0.031081551999999846
28,0.3080196062352738,0.032025271999998495
29,0.2888536364514107,0.03296629799999806
30,0.2708802597004037,0.03391741199999743
31,0.2540252627360533,0.03486912799999686
32,0.238219052269114,0.035851601999997484
33,0.22339636648327732,0.037176267999999624
34,0.20949600498424747,0.0382314579999985
35,0.19646057582014284,0.039222528999999895
36,0.18423625838601115,0.04019366099999999
37,0.17277258115308775,0.0411506459999984
38,0.1620222132612688,0.042104074999997465
39,0.15194076909169993,0.04306497899999684
40,0.1424866250018268,0.04402252599999912
41,0.1336207474619284,0.04498279799999949
42,0.12530653188249474,0.04594455199999814
43,0.11750965146743259,0.04690297099999796
44,0.11019791547003945,0.04792600099999689
45,0.10334113626760182,0.04895930100000001
46,0.09691100470665569,0.049931444999998575
47,0.09088097320496115,0.05089226699999827
48,0.08522614612797756,0.051852218999997035
49,0.07992317698749171,0.05291913099999945
50,0.07495017203807104,0.053967488999997926
51,0.07028659987329086,0.054948610999996816
52,0.06591320664841188,0.05592356100000018
53,0.06181193657933904,0.05697030600000019
54,0.057965857389470445,0.05801198999999713
55,0.05435909039645041,0.05907689999999732
56,0.050976744950012615,0.06004819300000008
57,0.04780485695005274,0.06100955699999844
58,0.04483033119095928,0.06196151400000005
59,0.04204088729400563,0.06292488199999724
60,0.039425009004466355,0.06395025699999835
61,0.03697189664402159,0.06490530999999677
62,0.03467142252204003,0.06586222600000013
63,0.03251408912158398,0.06682547299999797
64,0.030490989887425837,0.06777381199999866
65,0.028593772454139063,0.06875258899999892
66,0.02681460416239026,0.06987254199999882
67,0.02514613972103034,0.07083086099999747
68,0.02358149088144525,0.0717808859999991
69,0.022114197998929393,0.0727459969999984
70,0.020738203363654232,0.07369881599999673
71,0.019447826191110067,0.07465027199999952
72,0.01823773916875017,0.07559499399999936
73,0.017102946461999596,0.07655325200000007
74,0.016038763088808965,0.07752082799999727
75,0.015040795577607432,0.07846701399999745
76,0.014104923828769631,0.07941104499999696
77,0.013227284104737703,0.0803537349999992
78,0.01240425307853632,0.08129988999999682
79,0.01163243287484696,0.08225683599999911
80,0.010908637041860209,0.08321254999999894
81,0.010229877396009814,0.08416326499999727
82,0.009593351685249087,0.0851388049999997
83,0.008996432019964118,0.08610309399999849
84,0.008436654023738062,0.08708288399999731
85,0.00791170665918133,0.08806216199999994
86,0.007419422686828031,0.08905841999999708
87,0.0069577697177011675,0.09001739999999714
88,0.006524841822608069,0.0909639769999977
89,0.006118851663527043,0.09191037299999749
90,0.005738123114598032,0.09285727999999693
91,0.005381084342246841,0.09381788399999991
92,0.0050462613158905045,0.09476481099999745
93,0.0047322717224123475,0.09572095499999733
94,0.004437819259295791,0.09667814199999825
95,0.004161688282853388,0.0977287839999974
96,0.003902738789452858,0.0987494199999972
97,0.0036599017090248797,0.09973345699999925
98,0.0034321744914203286,0.10070418799999814
99,0.0032186169673869406,0.10165518299999832
100,0.0030183474670972725,0.10261332099999976
101,0.00283053918017878,0.10365931399999795
102,0.0026544167422401775,0.10466339899999966
103,0.0024892530337853537,0.10563782799999899
104,0.0023343661783112265,0.10659748899999855
105,0.0021891167271857067,0.10761992799999831
106,0.0020529050196922832,0.10865776500000024
107,0.0019251687073362435,0.10966509599999696
108,0.0018053804321987912,0.11063213099999913
109,0.0016930456497385089,0.11160810399999832
110,0.0015877005870786086,0.11257956699999738
111,0.0014889103283189022,0.1136705739999968
112,0.0013962670189954106,0.11465302699999924
113,0.001309388182253511,0.11562701499999761
114,0.0012279151397987253,0.11672536599999717
115,0.0011515115310965747,0.11777818399999873
116,0.0010798619247151667,0.11886537299999844
117,0.0010126705160641422,0.11994496799999865
118,0.0009496599061737625,0.12094021499999741
119,0.0008905699564549365,0.12191883199999864
120,0.0008351567147192959,0.12288314199999917
121,0.0007831914080252178,0.123844536
122,0.000734459498191451,0.12480224399999784
123,0.0006887597960812612,0.12576620399999783
124,0.0006459036309914868,0.12671855099999974
125,0.0006057140717299427,0.1276811579999979
126,0.0005680251961553641,0.12866716799999978
127,0.0005326814061721563,0.129633670999997
128,0.000499536785343004,0.13060412299999768
129,0.00046845449647743293,0.13159462099999786
130,0.0004393062166957115,0.13256959099999932
131,0.00041197160765705615,0.13355075299999797
132,0.0003863378187356319,0.1346184469999976
133,0.0003622990211256523,0.135721175999997
134,0.00033975597092291435,0.1368504779999995
135,0.00031861559939862417,0.13786224999999774
136,0.00029879062876934383,0.13887391699999796
137,0.00028019921186847916,0.13986822299999702
138,0.00026276459424110887,0.1408708429999983
139,0.00024641479726657256,0.141862923999998
140,0.00023108232099148648,0.1428616959999971
141,0.00021670386546419226,0.14385621499999957
142,0.00020322006939113793,0.14485489899999848
143,0.00019057526507322087,0.14584720299999887
144,0.00017871724857992564,0.14684028499999968
145,0.00016759706422355363,0.1478378169999992
146,0.00015716880244986164,0.14894817999999788
147,0.00014738941029747302,0.14997184899999993
148,0.00013821851365667428,0.15099031199999757
149,0.00012961825058412793,0.15199805399999988
150,0.00012155311499209556,0.15312382599999808
151,0.00011398981005946326,0.1541557859999969
152,0.00010689711076677514,0.15516773399999906
153,0.00010024573498558306,0.1562062279999985
154,9.40082225870768e-05,0.15738377999999997
155,8.815882206991292e-05,0.15843267699999686
156,8.267338425234289e-05,0.15944167600000014
157,7.752926256539936e-05,0.16044812399999842
158,7.270521956105733e-05,0.16146629499999676
159,6.818133923260323e-05,0.16247106299999814
160,6.393894479250813e-05,0.16346966799999763
161,5.996052156064682e-05,0.16446342399999736
162,5.622964466337043e-05,0.16546735699999715
163,5.273091121722724e-05,0.16648781499999998
164,4.944987674192867e-05,0.16749386099999697
165,4.637299552213343e-05,0.16849793499999777
166,4.348756468916009e-05,0.16961102599999833
167,4.078167177526853e-05,0.17067024899999694
168,3.8244145531579966e-05,0.17168613599999816
169,3.586450981033791e-05,0.17269006099999729
170,3.363294031052398e-05,0.17368563799999848
171,3.1540224024173045e-05,0.17475611599999752
172,2.9577721196303708e-05,0.17573814
173,2.7737329654775356e-05,0.17670182799999878
174,2.6011451365885903e-05,0.17765951499999844
175,2.4392961059012845e-05,0.17878318599999687
176,2.287517681513748e-05,0.17976846399999857
177,2.145183247973372e-05,0.18073791299999797
178,2.0117051792379034e-05,0.18170512799999727
179,1.8865324124749528e-05,0.18266744499999987
180,1.7691481734748345e-05,0.18365085199999953
181,1.659067842723787e-05,0.18463885899999966
182,1.5558369546899808e-05,0.18564820499999968
183,1.4590293220008504e-05,0.1868599679999967
184,1.3682452752667988e-05,0.18819181399999962
185,1.2831100137351574e-05,0.18924324999999698
186,1.203272057281189e-05,0.19025907099999984
187,1.1284017959726135e-05,0.19128093799999846
188,1.0581901286776693e-05,0.192279414999998
189,9.923471874000426e-06,0.19327969399999745
190,9.306011401413183e-06,0.19426999199999884
191,8.726970692423989e-06,0.19526245599999825
192,8.183959182627264e-06,0.19625982599999858
193,7.674735055006505e-06,0.1972495039999984
194,7.197195985543472e-06,0.1982535559999974
195,6.749370457426995e-06,0.19925834399999687
196,6.329409629859906e-06,0.200260274999998
197,5.935579697116827e-06,0.20126096499999946
198,5.566254738051388e-06,0.2022572959999991
199,5.219909998458115e-06,0.20324245499999805
