iter,eval_func_value,time
0,2.023820296574916,0.0006039429999999957
1,1.8494057937467447,0.0010993329999999801
2,1.7025510170400888,0.0015857649999999612
3,1.5761506802895326,0.0020800629999999654
4,1.464659968577899,0.002555263999999946
5,1.3651614517711577,0.0030313969999999912
6,1.2750184817870576,0.003502640999999973
7,1.192582860558818,0.003966360999999918
8,1.116564204542726,0.004422717999999937
9,1.0460177643396544,0.004873182999999948
10,0.9802750573467369,0.0053277859999999455
11,0.9188707428188576,0.0057786819999999794
12,0.8614423400180444,0.006225669999999961
13,0.8076841856975946,0.006707334000000009
14,0.7573313081404176,0.007150555999999919
15,0.7101489004782249,0.007590511999999938
16,0.6659253782185796,0.00805998199999991
17,0.6244677311576825,0.008720660999999907
18,0.5855983462682711,0.009371732999999938
19,0.5491527767972573,0.009879735999999917
20,0.5149781234570184,0.010451239000000001
21,0.4829318150432958,0.010933382999999908
22,0.45288065306007996,0.01139170299999992
23,0.42470003400871154,0.011849982999999953
24,0.39827329415056417,0.012304284999999915
25,0.37349114131444294,0.012755480999999902
26,0.35025115085097686,0.013222606999999997
27,0.3284573107822,0.013866845999999988
28,0.3080196062352742,0.014433037999999954
29,0.2888536364514111,0.014901406999999978
30,0.2708802597004035,0.015362050999999988
31,0.2540252627360536,0.015821152000000005
32,0.2382190522691146,0.016277257999999906
33,0.22339636648327804,0.01672425699999991
34,0.20949600498424778,0.017177997999999972
35,0.19646057582014326,0.01768220399999998
36,0.18423625838601224,0.01813376099999997
37,0.17277258115308813,0.018578815999999998
38,0.16202221326126928,0.01902011399999992
39,0.15194076909170062,0.019463205999999955
40,0.1424866250018264,0.01991125699999996
41,0.1336207474619278,0.020350690999999976
42,0.12530653188249455,0.02078743999999999
43,0.11750965146743199,0.02122451999999997
44,0.11019791547003933,0.02166711099999996
45,0.10334113626760232,0.022109590999999984
46,0.09691100470665599,0.022548803999999922
47,0.09088097320496186,0.02298993199999999
48,0.08522614612797787,0.023427702999999966
49,0.07992317698749231,0.023865384999999906
50,0.07495017203807164,0.02430439799999995
51,0.07028659987329117,0.024771052999999932
52,0.06591320664841267,0.025270940999999936
53,0.06181193657933984,0.025736283999999943
54,0.05796585738947114,0.02619764999999996
55,0.0543590903964516,0.02664609200000001
56,0.05097674495001272,0.02708717999999999
57,0.047804856950053536,0.027531814999999904
58,0.044830331190960575,0.02797366400000001
59,0.042040887294006124,0.02841007299999998
60,0.039425009004467645,0.02885384499999999
61,0.03697189664402229,0.029319348999999995
62,0.03467142252204062,0.029832299999999923
63,0.03251408912158388,0.030295289000000003
64,0.03049098988742693,0.030748639999999994
65,0.028593772454139958,0.031259178
66,0.02681460416239115,0.03176095999999995
67,0.02514613972103064,0.03222446899999998
68,0.023581490881445743,0.03268240899999997
69,0.02211419799892939,0.03312928699999995
70,0.02073820336365403,0.03357367199999994
71,0.019447826191109772,0.0340112119999999
72,0.018237739168749975,0.03445343099999998
73,0.017102946461998902,0.03489643199999992
74,0.016038763088809263,0.03534140699999999
75,0.015040795577606143,0.03579150099999995
76,0.014104923828768538,0.03624372999999992
77,0.013227284104736909,0.03669314299999993
78,0.012404253078534634,0.03713913999999996
79,0.01163243287484567,0.03759016599999998
80,0.010908637041860209,0.03802952100000001
81,0.010229877396008422,0.03847509699999996
82,0.009593351685247796,0.038915092999999956
83,0.00899643201996382,0.03935231299999997
84,0.008436654023737864,0.039793992
85,0.007911706659180536,0.040228928
86,0.007419422686827634,0.04066911399999995
87,0.006957769717700671,0.04110613399999996
88,0.006524841822607871,0.04154606899999991
89,0.0061188516635273405,0.041983208999999966
90,0.005738123114597536,0.042419727999999934
91,0.0053810843422463445,0.04286359099999992
92,0.0050462613158905045,0.04330603099999997
93,0.0047322717224117525,0.04374674699999992
94,0.00443781925929609,0.04418055099999996
95,0.0041616882828534865,0.044616528999999905
96,0.0039027387894530565,0.045055762999999915
97,0.003659901709025972,0.045497821999999966
98,0.0034321744914212224,0.045939820999999936
99,0.0032186169673881324,0.04638618799999994
100,0.0030183474670968757,0.04683459999999995
101,0.0028305391801787794,0.047278431999999926
102,0.0026544167422400777,0.047724188
103,0.002489253033785453,0.048161008000000005
104,0.0023343661783119217,0.04860226499999998
105,0.0021891167271864023,0.04903848399999999
106,0.002052905019692879,0.04947842799999991
107,0.0019251687073370378,0.04992282199999998
108,0.0018053804321988905,0.05036421099999999
109,0.0016930456497389061,0.05080956599999997
110,0.0015877005870790057,0.05124741799999999
111,0.0014889103283195974,0.05168990699999998
112,0.0013962670189957083,0.05212861999999996
113,0.0013093881822533126,0.05269526299999994
114,0.0012279151397981297,0.053183208999999954
115,0.0011515115310967734,0.053654592
116,0.0010798619247151667,0.05411907299999985
117,0.0010126705160644401,0.05458059000000004
118,0.0009496599061737625,0.055038820000000044
119,0.0008905699564555324,0.05553401999999985
120,0.0008351567147191966,0.056038456000000014
121,0.000783191408024622,0.05649982100000006
122,0.0007344594981912525,0.05696778899999999
123,0.0006887597960813604,0.05743144
124,0.0006459036309915861,0.05787978100000002
125,0.0006057140717300419,0.05832562699999988
126,0.0005680251961548676,0.05877383800000002
127,0.0005326814061728513,0.05924366999999986
128,0.0004995367853435999,0.059694055000000024
129,0.0004684544964777308,0.06013616399999999
130,0.0004393062166969031,0.06057713999999992
131,0.0004119716076576519,0.06104216299999998
132,0.0003863378187362278,0.061484233000000055
133,0.00036229902112604954,0.061946469999999865
134,0.00033975597092291435,0.06238844899999996
135,0.0003186155993985249,0.06283838299999989
136,0.00029879062876984034,0.06330180299999988
137,0.0002801992118684791,0.06374630699999995
138,0.00026276459424110887,0.06418699399999994
139,0.0002464147972662747,0.06462365299999995
140,0.0002310823209917844,0.06507794499999986
141,0.00021670386546369577,0.06552734800000004
142,0.0002032200693905421,0.0659667719999999
143,0.00019057526507232716,0.06642639400000006
144,0.00017871724857972704,0.06686978600000004
145,0.0001675970642235536,0.06734310399999988
146,0.00015716880244896793,0.06778178699999993
147,0.0001473894102975723,0.06821761500000001
148,0.000138218513656575,0.06865767099999998
149,0.00012961825058422724,0.06912475699999998
150,0.00012155311499259206,0.06957937000000003
151,0.00011398981005986045,0.07002074799999991
152,0.00010689711076677512,0.07046333799999993
153,0.00010024573498627817,0.07089978699999988
154,9.400822258687821e-05,0.07133469300000006
155,8.815882207060803e-05,0.07180231000000004
156,8.267338425283939e-05,0.07224432999999997
157,7.752926256559796e-05,0.07268143999999999
158,7.270521956115663e-05,0.07312099399999994
159,6.818133923260323e-05,0.07361033299999997
160,6.393894479250813e-05,0.07413400499999989
161,5.996052156054751e-05,0.07460840499999999
162,5.622964466337043e-05,0.07506424099999998
163,5.2730911217028635e-05,0.075518953
164,4.944987674202797e-05,0.07611479099999996
165,4.637299552183552e-05,0.07669166299999985
166,4.348756468955729e-05,0.07716696499999998
167,4.078167177506993e-05,0.0776315059999999
168,3.8244145531579966e-05,0.07808332400000007
169,3.58645098098414e-05,0.07852778799999993
170,3.363294031012678e-05,0.07896863500000006
171,3.154022402347793e-05,0.07942166499999992
172,2.9577721196105106e-05,0.07986919499999989
173,2.7737329654676057e-05,0.08031543199999991
174,2.6011451365290093e-05,0.08075444600000004
175,2.439296105792053e-05,0.08119554400000006
176,2.287517681444237e-05,0.08163391599999992
177,2.1451832479733723e-05,0.0820681299999999
178,2.0117051791286717e-05,0.08250861799999987
179,1.886532412494813e-05,0.08294685099999999
180,1.7691481733556726e-05,0.08339309699999986
181,1.6590678426244855e-05,0.08382977599999997
182,1.5558369546502603e-05,0.08427883999999985
183,1.4590293219611299e-05,0.08472490599999993
184,1.3682452752270782e-05,0.08524308999999985
185,1.2831100136656465e-05,0.08571906299999998
186,1.203272057281189e-05,0.08619669900000004
187,1.128401795932893e-05,0.08667405500000003
188,1.0581901285287174e-05,0.08715247199999987
189,9.923471873404616e-06,0.08764094999999994
190,9.306011400817375e-06,0.08811119199999995
191,8.726970691232373e-06,0.08858106399999999
192,8.18395918093914e-06,0.08904311100000006
193,7.674735054807902e-06,0.08949149299999992
194,7.197195985344869e-06,0.08993779999999996
195,6.7493704567318844e-06,0.0903847579999999
196,6.329409628271085e-06,0.09083044400000007
197,5.93557969582591e-06,0.091280319
198,5.566254737157676e-06,0.0917336689999999
199,5.219909998756019e-06,0.09217824399999985
