iter,eval_func_value,time
0,2.1713269357476457,0.0002222579999999752
1,2.1110942071587324,0.0002582460000000175
2,2.0555268778105757,0.00029025599999998875
3,2.004396653601584,0.0003204430000001146
4,1.9571199998339572,0.0003508300000001352
5,1.9127785025073203,0.00038026499999999075
6,1.8710223844900271,0.00040949999999995157
7,1.831554989271762,0.00043891499999992867
8,1.7944487195958598,0.0004685110000000048
9,1.7592624435020132,0.0004980169999999617
10,1.725806450720423,0.0005272410000001226
11,1.6937686997214105,0.0005566870000000002
12,1.6630179264473732,0.0005862320000000754
13,1.6334801151044622,0.0006154970000000759
14,1.605059691591811,0.0006446120000000999
15,1.5776236226110576,0.000673566999999986
16,1.5511178340852152,0.0007125199999999943
17,1.5254783238445493,0.0007420950000001092
18,1.5006231266172134,0.0007714610000000288
19,1.4765017359039265,0.000800614999999949
20,1.453102637813183,0.000830161000000107
21,1.4304583454420026,0.000859366000000028
22,1.4084189336532025,0.0008882900000000138
23,1.386952476419288,0.000917585000000054
24,1.3660302348837732,0.0009466300000000594
25,1.3456263711562353,0.0009756839999999212
26,1.3257174978290351,0.0010049089999999428
27,1.30629056499739,0.0010340639999999457
28,1.2873729846400086,0.0010630590000000328
29,1.2688836525442957,0.0010919430000000396
30,1.2508071372796574,0.0011208870000001259
31,1.2331291911478022,0.0011497220000000752
32,1.2158364608799626,0.0011790069999999542
33,1.19891642046874,0.0012079410000001012
34,1.1823572801696172,0.001236785000000129
35,1.1661479136636865,0.0012658500000000128
36,1.150302794536498,0.00129475400000012
37,1.1347940902661808,0.0013236789999999665
38,1.1196025843301665,0.0013525830000000738
39,1.1047310901025722,0.0013814770000000198
40,1.0901678078328272,0.0014111329999999533
41,1.0758943307510551,0.0014400169999999601
42,1.0619031566060204,0.0014690219999999865
43,1.0481870661434238,0.0014982070000000292
44,1.0347390998979153,0.001527341000000071
45,1.0215525441333309,0.0015562159999999992
46,1.0086209165590867,0.001585230000000104
47,0.9959379535788153,0.00161421500000003
48,0.9834975985512384,0.0016431990000000951
49,0.9712978206571601,0.001672273999999918
50,0.9593400127691499,0.001701288000000023
51,0.9476071085419284,0.0017302729999999489
52,0.9360937812528015,0.0017595480000001107
53,0.9247948634052023,0.0017885730000000155
54,0.9137053490809139,0.0018175069999999405
55,0.9028203841808161,0.0018463310000000899
56,0.8921352591522506,0.001875325999999955
57,0.8816454021877264,0.0019043999999999173
58,0.8713463729975686,0.001933194000000027
59,0.8612338570867344,0.0019619880000001366
60,0.8513036604699049,0.0019907729999999457
61,0.8415517047766594,0.002019586999999934
62,0.8319740227024076,0.002048311000000025
63,0.8225667537676689,0.0020772650000000503
64,0.8133261403531388,0.0021063800000000743
65,0.8042485239823034,0.002135484999999937
66,0.7953303418270198,0.002164339000000126
67,0.7865684982800134,0.0021932430000000114
68,0.7779605419787803,0.002222037000000121
69,0.7695018020269934,0.002250942000000089
70,0.7611890676643102,0.0022798560000001356
71,0.7530192080371781,0.0023127979999999493
72,0.7449891716063922,0.00234155200000008
73,0.7370959831679724,0.002370326000000089
74,0.7293367415266934,0.0023992400000001357
75,0.7217086171853603,0.002427984000000105
76,0.7142088501661004,0.002457280000000006
77,0.7068347479281757,0.0024859630000000354
78,0.6995836833794008,0.0025144770000000705
79,0.6924530929727667,0.002543261000000019
80,0.6854404748820699,0.00257190499999993
81,0.6785433872508305,0.002600669
82,0.671759446509433,0.0026296340000000473
83,0.6650863257560037,0.002658478000000075
84,0.6585217531969734,0.002687372000000021
85,0.6520635106437189,0.0027161860000000093
86,0.6457094320620067,0.0027448299999999204
87,0.6394574021712898,0.0027735939999999903
88,0.6333053550911752,0.0028023580000000603
89,0.627251273032615,0.002831151999999948
90,0.6212931850315907,0.002860056999999916
91,0.6154291657232445,0.0028887209999999275
92,0.6096573341545629,0.0029176049999999343
93,0.6039758526338844,0.0029463890000001047
94,0.5983829256156158,0.0029755739999999253
95,0.5928767986186564,0.003005570000000013
96,0.5874557571771528,0.0030358670000001364
97,0.5821181258222645,0.0030660540000000402
98,0.5768622670937449,0.0030956900000000953
99,0.5716865805801814,0.0031250750000000327
100,0.5665895019868294,0.0031545699999999677
101,0.5615695022300294,0.0031835849999999333
102,0.5566250865572473,0.0032124890000000406
103,0.5517547936918429,0.0032414339999999875
104,0.5469571950017028,0.003270268000000076
105,0.542230893690935,0.00331171600000002
106,0.537574524013838,0.0033410609999999785
107,0.5329867505104288,0.003370054999999983
108,0.5284662672628051,0.003398879999999993
109,0.5240117971716908,0.0034277039999999204
110,0.5196220912525181,0.0034566780000000463
111,0.5152959279504241,0.0034855929999999535
112,0.5110321124735897,0.0035143970000000024
113,0.5068294761443454,0.003543311000000049
114,0.5026868757675087,0.0035721349999999763
115,0.49860319301543166,0.0036011200000001242
116,0.4945773338292578,0.0036300739999999276
117,0.49060822783590946,0.003658858000000098
118,0.4866948277803414,0.003687672000000086
119,0.48283610897261164,0.0037164970000000963
120,0.4790310687493446,0.0037454310000000213
121,0.47527872594916415,0.0037744760000000266
122,0.47157812040170277,0.0038037109999999874
123,0.4679283124297931,0.003832625000000034
124,0.46432838236447554,0.003861219000000027
125,0.46077743007244787,0.003889902999999917
126,0.4572745744956228,0.003918727000000066
127,0.4538189532024404,0.003947651000000052
128,0.4504097219506206,0.0039767459999999755
129,0.44704605426102756,0.004005620000000043
130,0.443727141002347,0.004034483999999949
131,0.44045218998627766,0.004063338999999999
132,0.4372204255729411,0.00409206300000009
133,0.434031088286247,0.004120595999999921
134,0.43088343443892346,0.004149410000000131
135,0.4277767357669676,0.00417810399999996
136,0.42471027907324627,0.004206778000000133
137,0.4216833658800164,0.00423558199999996
138,0.4186953120901081,0.004264276000000011
139,0.41574544765655463,0.004293040000000081
140,0.41283311626042923,0.004321865000000091
141,0.4099576749966806,0.00435052800000002
142,0.40711849406774747,0.0043793229999999905
143,0.40431495648474863,0.004407996000000081
144,0.4015464577760494,0.00443671000000001
145,0.39881240570300874,0.00446554499999996
146,0.39611221998271046,0.004494369000000109
147,0.3934453320175103,0.004523003000000081
148,0.39081118463120595,0.004551827000000008
149,0.38820923181166234,0.004580481000000081
150,0.3856389384597253,0.00460920499999995
151,0.38309978014425533,0.004637929000000041
152,0.380591242863124,0.004666853000000026
153,0.3781128228100228,0.004695647000000136
154,0.37566402614691935,0.004724361000000066
155,0.3732443687820392,0.004753135000000075
156,0.37085337615320263,0.004782089999999961
157,0.36849058301639864,0.0048108740000001315
158,0.36615553323945377,0.00483965800000008
159,0.36384777960066356,0.004868442000000028
160,0.36156688359226435,0.004896935999999963
161,0.35931241522861396,0.0049259400000001285
162,0.3570839528589697,0.004954783999999934
163,0.3548810829847384,0.004983517999999965
164,0.3527034000810913,0.005012242000000056
165,0.3505505064228244,0.005040906000000067
166,0.3484220119143672,0.005069710000000116
167,0.3463175339238247,0.005098293999999948
168,0.3442366971209552,0.00512697800000006
169,0.34217913331898575,0.005155551999999952
170,0.3401444813201621,0.005184226000000125
171,0.33813238676494833,0.005212980000000034
172,0.3361425019847743,0.0052416939999999634
173,0.3341744858582513,0.0052704180000000544
174,0.3322280036707587,0.005302367999999946
175,0.33030272697732554,0.005331693000000026
176,0.3283983334687238,0.0053602059999999785
177,0.32651450684068367,0.005388780000000093
178,0.324650936666167,0.005417363999999925
179,0.32280731827061326,0.0054459579999999175
180,0.3209833526100841,0.00547452100000001
181,0.3191787461522405,0.005503194999999961
182,0.3173932107600758,0.005531919000000052
183,0.3156264635783406,0.0055604630000001265
184,0.31387822692259226,0.005589107000000038
185,0.3121482281707978,0.005617811000000028
186,0.3104361996574418,0.005646344000000081
187,0.30874187857005875,0.0056948450000000594
188,0.3070650068481461,0.005724070000000081
189,0.3054053310843923,0.00575296500000011
190,0.30376260242816205,0.0057818890000000955
191,0.30213657649118475,0.005810773000000102
192,0.3005270132553993,0.005839437000000114
193,0.2989336769828837,0.005868342000000082
194,0.297356336127846,0.005897677000000101
195,0.2957947632505974,0.005926721000000024
196,0.2942487349334847,0.005955766000000029
197,0.29271803169871236,0.005984831000000135
198,0.29120243792803036,0.006013835000000078
199,0.2897017417842192,0.006042698999999985
