iter,eval_func_value,time
0,2.0452021370855955,0.0008558089999999297
1,1.9626248282089713,0.001525457999999924
2,1.8748289862394418,0.0021928220000000387
3,1.7976580730528535,0.0028459700000000865
4,1.7265037064052018,0.0034940279999999824
5,1.6610309162379324,0.004140634000000087
6,1.5998494590591552,0.004788470999999905
7,1.5425769455326088,0.0054328029999999305
8,1.488574870947749,0.006088936000000045
9,1.4376472436011891,0.006740331000000044
10,1.3891182812867877,0.007387666999999931
11,1.3427360818748582,0.008035844999999986
12,1.298335868843949,0.008687981000000011
13,1.25571378826774,0.009343324000000042
14,1.2146691752952294,0.009995159999999892
15,1.1750984346437614,0.010644008999999954
16,1.1369158706597873,0.011295153999999918
17,1.1000476124843799,0.011944825000000048
18,1.0644296227214913,0.012594696999999933
19,1.0300054143988975,0.013249147000000017
20,0.9967244509497496,0.013897897000000103
21,0.9645409154997585,0.014543229000000046
22,0.9334127801670635,0.01521232699999997
23,0.9033010989830597,0.015858321999999925
24,0.8741694697164321,0.016499617000000022
25,0.845983622985001,0.01717988600000009
26,0.818711107271872,0.01782990799999995
27,0.7923210461989131,0.018475782000000107
28,0.7667839502433939,0.01912405099999992
29,0.7420715694889918,0.019770426000000008
30,0.7181567773229379,0.02041253300000001
31,0.6950134774934146,0.021054869999999948
32,0.672616528825663,0.021695083000000004
33,0.6509416833135103,0.022342118999999938
34,0.6299655343698674,0.022991360000000016
35,0.6096654728218348,0.023635220000000068
36,0.5900196488387655,0.024281924000000066
37,0.5710069384342058,0.024926476000000086
38,0.5526069135223243,0.025569425000000034
39,0.534799814764152,0.026208376000000033
40,0.5175665266298641,0.026851685000000014
41,0.5008885542462543,0.027498551000000093
42,0.48474800170547905,0.028147960999999944
43,0.4691275515910613,0.02887732200000004
44,0.45401044553679687,0.029541140000000077
45,0.4393804656786985,0.030195178999999905
46,0.42522191689324496,0.030848586999999927
47,0.41151960973986446,0.03149583299999992
48,0.39825884404390477,0.032139342000000015
49,0.385425393069957,0.0327858780000001
50,0.37300548824546786,0.033434567000000026
51,0.3609858044021091,0.034091753
52,0.34935344550788083,0.034755901999999894
53,0.3380959308670906,0.03540846799999997
54,0.3272011817683991,0.036059011999999946
55,0.31665750856343927,0.03671013500000009
56,0.30645359816023166,0.03736931399999999
57,0.29657850191696117,0.03801973600000008
58,0.28702162392266556,0.03866579000000003
59,0.2777727096522117,0.03931703399999997
60,0.2688218349835616,0.039970462000000095
61,0.2601593955658575,0.04061591500000006
62,0.25177609652732585,0.04126732799999999
63,0.24366294251233647,0.04191470499999994
64,0.2358112280373801,0.042562922999999975
65,0.22821252815596021,0.04321443799999991
66,0.22085868942277198,0.04386342800000009
67,0.21374182114776774,0.0445109749999999
68,0.206854286931005,0.04516347200000004
69,0.20018869646944507,0.045810028
70,0.19373789762709834,0.04646249400000002
71,0.18749496876018729,0.047110742999999955
72,0.1814532112892341,0.047761997000000056
73,0.1756061425102176,0.04841004500000001
74,0.1699474886371738,0.04906364400000007
75,0.16447117806886322,0.049708445999999906
76,0.1591713348723319,0.05035610299999993
77,0.15404227247641245,0.05101711500000006
78,0.14907848756845274,0.05165922200000006
79,0.1442746541877287,0.052307950999999964
80,0.13962561800923384,0.05295862500000004
81,0.1351263908117264,0.05360467899999999
82,0.13077214512408813,0.054254970999999985
83,0.12655820904428164,0.0549043010000001
84,0.12248006122532415,0.05554775099999998
85,0.11853332602290531,0.05622190799999993
86,0.11471376879944764,0.05686660100000007
87,0.11101729137954683,0.05751123199999997
88,0.10743992765193555,0.05817084099999992
89,0.10397783931322277,0.05881942899999992
90,0.10062731174885252,0.059475111999999886
91,0.0973847500468526,0.060124894000000095
92,0.0942466751400784,0.06077459500000004
93,0.0912097200728324,0.06141863499999989
94,0.08827062638781946,0.06206261599999996
95,0.08542624062957387,0.06271794700000011
96,0.08267351096059807,0.06337325900000002
97,0.08000948388657715,0.06402809899999995
98,0.07743130108714406,0.06468527499999999
99,0.07493619634880674,0.06533895299999992
100,0.07252149259672622,0.06608607700000002
101,0.07018459902216496,0.0667588509999999
102,0.06792300830252715,0.06741496399999991
103,0.06573429391098755,0.06807317099999999
104,0.06361610751284033,0.06873299100000008
105,0.06156617644575274,0.06937887499999995
106,0.05958230128123669,0.07003356499999991
107,0.05766235346470383,0.070717009
108,0.05580427303157708,0.07143826399999997
109,0.05400606639701355,0.07209681200000007
110,0.052265804216848476,0.07275532900000004
111,0.050581619317485185,0.07340367800000003
112,0.048951704692488045,0.07405492199999997
113,0.04737431156374687,0.0747355409999999
114,0.04584774750511899,0.07541313500000002
115,0.04437037462653347,0.076078125
116,0.042940607816626584,0.07674567999999993
117,0.04155691304199565,0.077395922
118,0.04021780570127075,0.07804587299999999
119,0.038921849032219805,0.0787042200000001
120,0.037667652570188725,0.07935776900000002
121,0.03645387065621671,0.08001048599999994
122,0.03527920099322701,0.08066222100000009
123,0.0341423832487457,0.08131304400000006
124,0.033042197702643585,0.081961854
125,0.03197746393845835,0.08261761699999992
126,0.03094703957688654,0.08326746800000007
127,0.02994981905008547,0.08391707000000004
128,0.028984732415473953,0.08456549899999999
129,0.028050744207757574,0.08521070199999992
130,0.027146852327948848,0.08585990199999993
131,0.026272086968182912,0.08650716999999997
132,0.025425509571179974,0.08715550799999994
133,0.024606211823246765,0.0878098490000001
134,0.0238133146797096,0.08846004100000004
135,0.02304596742177581,0.08910848900000001
136,0.022303346743762425,0.089754012
137,0.021584655869758027,0.090400818
138,0.0208891236987315,0.09104207399999997
139,0.020216003977205178,0.09169115400000005
140,0.019564574498573063,0.09233574499999997
141,0.01893413632823188,0.09297845299999996
142,0.018324013053669586,0.09362478800000007
143,0.017733550058730764,0.09427089199999994
144,0.017162113821257673,0.0949326960000001
145,0.01660909123337139,0.09558173499999989
146,0.016073888943648525,0.09623568400000004
147,0.015555932720505834,0.09689513399999994
148,0.01505466683608378,0.09754935400000009
149,0.014569553469999144,0.09819467699999995
150,0.014100072132302788,0.09885009900000008
151,0.013645719105028646,0.09950007100000002
152,0.013206006901748904,0.10014316000000001
153,0.012780463744531961,0.10079444300000007
154,0.01236863305776197,0.10144000699999989
155,0.011970072978269288,0.1020936750000001
156,0.011584355881240958,0.102742675
157,0.011211067921416289,0.10339832700000007
158,0.010849808589055364,0.10405110400000006
159,0.010500190280229941,0.10470264900000004
160,0.01016183788094864,0.10535127899999996
161,0.009834388364687512,0.10600045800000002
162,0.009517490402893536,0.10665367600000009
163,0.009210803988032869,0.10729805699999995
164,0.008914000068790182,0.10794459199999995
165,0.008626760197017861,0.10858828100000006
166,0.008348776186071678,0.1092356080000001
167,0.008079749780142097,0.109884608
168,0.007819392334254851,0.1105342600000001
169,0.007567424504572498,0.11117701800000002
170,0.007323575948681362,0.11183283100000008
171,0.0070875850355349235,0.11248077899999998
172,0.006859198564741863,0.11316467400000008
173,0.006638171494902251,0.11381802200000002
174,0.006424266680697744,0.1144700970000001
175,0.006217254618449914,0.11511990800000005
176,0.006016913199882742,0.11577298600000008
177,0.0058230274738146365,0.116419351
178,0.005635389415535678,0.1170648139999999
179,0.005453797703608631,0.11771483599999999
180,0.005278057503869507,0.11835638199999998
181,0.0051079802603849825,0.119013708
182,0.004943383493142449,0.11965820799999993
183,0.004784090602268629,0.12030320100000003
184,0.004629930678546187,0.12094945599999996
185,0.004480738320043429,0.1215927750000001
186,0.004336353454651343,0.12223451100000005
187,0.004196621168336716,0.12287796000000006
188,0.004061391538930922,0.12352663999999991
189,0.003930519475275503,0.12417163199999992
190,0.0038038645615504013,0.12485029700000005
191,0.0036812909066183935,0.12550207199999996
192,0.003562666998226454,0.12615098199999997
193,0.0034478655618954395,0.1267968450000001
194,0.0033367634243740532,0.1274407849999999
195,0.003229241381476773,0.12808795099999992
196,0.00312518407018935,0.12874307200000001
197,0.0030244798448909476,0.1294058979999999
198,0.0029270206575702793,0.130056701
199,0.002832701941893846,0.1307066830000001
