iter,eval_func_value,time
0,1.9766192359031565,0.0006182020000000676
1,1.9118619020364152,0.0011270389999999963
2,1.8641175176080569,0.0016273390000001164
3,1.817050420300302,0.002111750000000079
4,1.7731292592532288,0.0025938360000001826
5,1.7311234926405812,0.0030747300000000255
6,1.6909271079583164,0.003548390000000179
7,1.6523497467540684,0.004021840000000054
8,1.6152556613535611,0.004497074000000101
9,1.5798125246392685,0.004966495999999987
10,1.5455413883457068,0.005448191000000158
11,1.5125424713609945,0.00591749400000019
12,1.480591375082622,0.006383510000000037
13,1.4496138372871037,0.006856719000000178
14,1.4194783860470381,0.00732697300000007
15,1.3901364076958895,0.00779294900000016
16,1.3615422023994848,0.008263724000000083
17,1.3336557935393276,0.008730110999999985
18,1.3064484489669173,0.00922557200000007
19,1.2799957996059201,0.009707668000000114
20,1.2541501272704778,0.010180738000000078
21,1.2288822633742413,0.010673153000000157
22,1.2041713988089116,0.011166781000000015
23,1.1799970031538871,0.011638939000000015
24,1.1563408094077319,0.012105917000000188
25,1.1331860998616083,0.01257106100000005
26,1.1105175528271123,0.013032007000000068
27,1.088321033473134,0.013507191000000196
28,1.0665834307270308,0.013976553000000003
29,1.0452925170884615,0.014445164000000066
30,1.0244368305071818,0.014907333000000023
31,1.004005574453285,0.015378238000000044
32,0.9839885334184093,0.015855976000000105
33,0.9643760014295658,0.016328234000000164
34,0.9451587215431272,0.016800101000000067
35,0.9263278345995866,0.017275645000000006
36,0.9078748357869537,0.01774934500000014
37,0.8897915377866558,0.018222865000000033
38,0.8720700394671307,0.018703378000000104
39,0.8547026992520227,0.019173272000000185
40,0.8376821124266499,0.019646571
41,0.8210010917619027,0.02011505200000019
42,0.8046526509323024,0.02058256100000011
43,0.7886299902873108,0.02106601000000019
44,0.772926484604488,0.02154150300000013
45,0.7575356725117296,0.022011056000000195
46,0.7424512473153022,0.022478184000000123
47,0.7276670490120681,0.022942647000000038
48,0.7131770572994856,0.02340749100000017
49,0.6989753854265728,0.023874789000000174
50,0.6850562747540021,0.024344042000000066
51,0.6714140899125204,0.02481588900000009
52,0.658043314466577,0.02529311600000006
53,0.6449385470049814,0.02576924100000011
54,0.6320944975929224,0.026240577000000043
55,0.6195059845302512,0.026708196000000184
56,0.6071679313698021,0.027180203000000125
57,0.5950753641569834,0.02765318200000011
58,0.5832234088581547,0.028136881000000002
59,0.5716072889505278,0.02862778399999999
60,0.5602223231508348,0.02910219600000019
61,0.5490639232636182,0.029581938000000196
62,0.5381275921331911,0.030069855000000034
63,0.5274089216858758,0.03054610000000002
64,0.5169035910513494,0.031051791000000106
65,0.5066073647537125,0.03152817600000013
66,0.4965160909644838,0.032002717999999986
67,0.4866256998109491,0.032468875000000175
68,0.4769322017343974,0.03293628300000018
69,0.4674316858936612,0.033415324000000135
70,0.4581203186101088,0.03388475600000018
71,0.44899434185087356,0.034359028000000125
72,0.44005007174760713,0.034827659000000066
73,0.43128389714848125,0.03529707100000001
74,0.42269227820151545,0.035760793000000124
75,0.41427174496758395,0.036226658000000134
76,0.4060188960617435,0.03670175100000006
77,0.3979303973216693,0.037175903000000066
78,0.39000298050219273,0.037670972999999996
79,0.38223344199505255,0.038148952000000014
80,0.3746186415730946,0.03862818300000015
81,0.36715550115822665,0.03910231400000019
82,0.3598410036125377,0.03958452000000001
83,0.352672191552025,0.04008663400000012
84,0.34564616618245153,0.04056792900000006
85,0.3387600861568613,0.04104494600000019
86,0.33201116645434353,0.04153691100000012
87,0.3253966772796538,0.04201306599999999
88,0.3189139429833093,0.04249636400000001
89,0.3125603410018143,0.042972199000000044
90,0.3063333008176627,0.04346207899999999
91,0.3002303029388023,0.04393867500000015
92,0.29424887789722837,0.04440957000000001
93,0.28838660526639004,0.04488774900000014
94,0.28264111269712533,0.04536587800000014
95,0.2770100749717876,0.045835391
96,0.2714912130763008,0.0463233380000001
97,0.26608229328982275,0.04679671800000018
98,0.26078112629174344,0.04727124000000016
99,0.2555855662857159,0.047745201000000126
100,0.25049351014045207,0.04821586600000005
101,0.24550289654698354,0.04868534800000002
102,0.2406117051921243,0.049154228999999994
103,0.2358179559478359,0.04962910200000015
104,0.23111970807625504,0.05010054800000008
105,0.2265150594500711,0.05056883900000009
106,0.22200214578802097,0.05104096600000019
107,0.2175791399052051,0.05151779200000006
108,0.213244250977985,0.05198845699999999
109,0.208995723823187,0.05245645700000012
110,0.20483183819135667,0.05292798300000001
111,0.20075090807381474,0.05340569100000003
112,0.1967512810232576,0.053874913000000024
113,0.19283133748765655,0.05433850500000004
114,0.18898949015720728,0.05480466100000014
115,0.18522418332409743,0.0552768990000001
116,0.18153389225483982,0.05575177100000017
117,0.17791712257494316,0.05622172500000011
118,0.1743724096656952,0.05670080500000019
119,0.1708983180728199,0.057169707000000125
120,0.16749344092678625,0.05764428900000018
121,0.16415639937455048,0.058116286000000184
122,0.16088584202251144,0.058584326000000075
123,0.15768044439046924,0.05905797600000007
124,0.15453890837637008,0.05953072500000012
125,0.15145996173163073,0.05999872500000003
126,0.14844235754684978,0.060467336000000094
127,0.14548487374768398,0.060939403000000114
128,0.14258631260071644,0.061425025999999994
129,0.1397455002291116,0.06191141
130,0.13696128613785613,0.06238630300000003
131,0.13423254274842586,0.06287705500000018
132,0.13155816494267394,0.06335500400000016
133,0.12893706961575818,0.06383081800000001
134,0.12636819523795537,0.06430589100000006
135,0.12385050142515569,0.06478506200000012
136,0.12138296851790142,0.06526915200000016
137,0.11896459716876336,0.06574493599999998
138,0.11659440793793388,0.06621723400000001
139,0.11427144089683962,0.06669151600000012
140,0.11199475523963806,0.06716070800000007
141,0.10976342890242918,0.06763490900000013
142,0.10757655819004235,0.0681107540000001
143,0.10543325741023454,0.06858288099999998
144,0.1033326585151734,0.06906022800000011
145,0.10127391075003622,0.06954045100000017
146,0.09925618030861004,0.07001721700000019
147,0.09727864999572987,0.07048552800000008
148,0.0953405188964468,0.07095367800000019
149,0.09344100205176162,0.07142219800000005
150,0.09157933014082523,0.07190525700000006
151,0.08975474916945063,0.07237639200000001
152,0.08796652016483202,0.07285500200000006
153,0.08621391887633767,0.073350413
154,0.0844962354822546,0.0738286720000001
155,0.08281277430237245,0.07432250000000007
156,0.08116285351629399,0.07479754300000008
157,0.07954580488734023,0.07527472000000013
158,0.07796097349196922,0.07576396000000019
159,0.07640771745456455,0.07624556500000002
160,0.07488540768751979,0.07672343400000003
161,0.07339342763648656,0.07720163300000005
162,0.07193117303070193,0.07768297700000004
163,0.07049805163828143,0.07815553600000014
164,0.06909348302639566,0.07862677200000001
165,0.06771689832620961,0.07909669500000005
166,0.0663677400025135,0.07956595700000002
167,0.06504546162793383,0.08003384700000016
168,0.06374952766164825,0.080502077
169,0.062479413232504506,0.08098131800000008
170,0.06123460392645438,0.08145671100000018
171,0.06001459557823087,0.08193580200000006
172,0.058818894067165846,0.08241372000000013
173,0.0576470151170816,0.08288599800000007
174,0.05649848410016169,0.08336209300000008
175,0.055372835844733945,0.083836134
176,0.05426961444687838,0.08431387200000007
177,0.0531883730857924,0.08478717200000019
178,0.05212867384282817,0.08526683300000015
179,0.05109008752413752,0.08574612400000015
180,0.050072193486852296,0.086214966
181,0.04907457946872145,0.08668351600000013
182,0.048096841421147216,0.08715716699999998
183,0.0471385833455448,0.08763692900000009
184,0.046199417132962994,0.08810826500000002
185,0.045278962406899124,0.08858633300000007
186,0.04437684636924201,0.08906412200000013
187,0.04349270364929289,0.08954390300000004
188,0.04262617615578523,0.09002206200000007
189,0.04177691293185437,0.09049600300000016
190,0.04094457001290264,0.09096082700000019
191,0.04012881028728624,0.091486395
192,0.039329303359785184,0.09196186900000014
193,0.03854572541779264,0.092434307
194,0.03777775910016218,0.09290710600000018
195,0.03702509336867968,0.09338752900000014
196,0.03628742338208705,0.09386223100000013
197,0.035564450372617434,0.09435705100000003
198,0.034855881524995656,0.09483628200000016
199,0.034161429857841055,0.09530660600000007
