iter,eval_func_value,time
0,2.00611229611893,0.0014712809999999354
1,1.9627379598462908,0.0027877000000000596
2,1.9029712229149038,0.004093359999999935
3,1.850243242219673,0.005412315000000056
4,1.8003639911444809,0.0067469890000000365
5,1.7535555021449238,0.008063860000000034
6,1.7092421729057583,0.00938570900000002
7,1.6671530279104851,0.01069176999999999
8,1.6270502790926706,0.011991147000000035
9,1.5889546192044728,0.013289043000000111
10,1.5526134815320336,0.014589331000000039
11,1.517642476088078,0.015883649000000055
12,1.4839707121996337,0.017190119999999975
13,1.4518148821307353,0.01848957699999998
14,1.4207012656982905,0.01981008399999995
15,1.3905314582236268,0.021110304000000024
16,1.3612420940552312,0.02242454000000005
17,1.3328747596593267,0.02372141300000008
18,1.3052611205750773,0.02501452000000004
19,1.278360389834717,0.026325420000000044
20,1.2521333630389129,0.02764966499999999
21,1.2266320247890201,0.028957880000000102
22,1.2017721904831777,0.03025041500000003
23,1.177483344698915,0.03156707599999997
24,1.153741723296895,0.03286177400000012
25,1.1305260512072608,0.034180488000000064
26,1.1078169027293434,0.03547558799999995
27,1.0855967223578185,0.03678633700000011
28,1.063849498347625,0.038100213000000105
29,1.0425605549166208,0.03938850900000013
30,1.0217163638412958,0.04067861000000006
31,1.0013043868955083,0.04197501100000012
32,0.981312941965844,0.043268687999999944
33,0.9617310896373233,0.04455336800000009
34,0.942548537045605,0.045853587000000084
35,0.9237555563546035,0.04715751400000001
36,0.9053429156075596,0.04844653200000004
37,0.887301820044681,0.04973599200000001
38,0.8696238622717285,0.05102649299999995
39,0.8523009799116147,0.052319889999999925
40,0.8353254195811497,0.053609398999999947
41,0.8186897062133566,0.054923535000000134
42,0.8023866168967679,0.05622683900000003
43,0.786409158531145,0.05751232099999992
44,0.7707505487073962,0.05879849300000006
45,0.7554041993112423,0.06010115799999993
46,0.740363702427783,0.06143058200000007
47,0.7256228181898295,0.06284963399999999
48,0.7111754642683837,0.064256533
49,0.6970157067506274,0.06592345200000005
50,0.6831377521904989,0.06768479599999999
51,0.6695359406504635,0.06904451700000003
52,0.6562047395814578,0.07052565600000005
53,0.6431387384119386,0.07187799400000006
54,0.6303326437371932,0.07319270000000011
55,0.6177812750171418,0.07450356899999999
56,0.6054795607053164,0.07582128199999993
57,0.5934225347438331,0.07713955500000003
58,0.5816053333694836,0.07843802099999997
59,0.5700231921847142,0.07973876200000007
60,0.5586714434545729,0.08104360899999996
61,0.5475455135968896,0.08234045199999995
62,0.5366409208381152,0.0836342590000001
63,0.5259532730116405,0.0849249110000001
64,0.5154782654791147,0.086217757
65,0.5052116791583562,0.08751774600000006
66,0.49514937864409075,0.08880202400000003
67,0.4852873104099239,0.090099288
68,0.47562150108183465,0.09138338700000004
69,0.4661480557749798,0.09267551200000002
70,0.45686315648697734,0.09396652400000005
71,0.4477630605418337,0.09526442899999998
72,0.43884409907969385,0.09655795700000014
73,0.43010267558830534,0.09786352600000003
74,0.42153526447273704,0.09914887699999997
75,0.4131384096604513,0.10043401800000007
76,0.4049087232392719,0.10173763299999994
77,0.39684288412614793,0.10302915600000007
78,0.3889376367649611,0.10433807300000009
79,0.3811897898518533,0.10564445400000011
80,0.37359621508679036,0.10696637399999998
81,0.36615384595024847,0.10826066199999995
82,0.3588596765040612,0.10954909999999995
83,0.3517107602155945,0.11086235300000014
84,0.34470420880451724,0.11214345800000003
85,0.3378371911115077,0.11345448700000005
86,0.33110693198833435,0.11478586499999999
87,0.3245107112087819,0.11611585000000013
88,0.31804586239994487,0.11741504800000002
89,0.31170977199346694,0.11871873399999999
90,0.30549987819631247,0.12001388400000002
91,0.29941366998070856,0.12132499400000007
92,0.29344868609288255,0.12264098400000001
93,0.287602514080282,0.12395091199999997
94,0.28187278933693793,0.12530379000000003
95,0.2762571941666686,0.126618436
96,0.27075345686382135,0.1279208300000001
97,0.26535935081125905,0.12921813400000004
98,0.26007269359530427,0.13053120800000007
99,0.25489134613737324,0.13182136900000008
100,0.2498132118419958,0.13312290999999998
101,0.24483623576098296,0.13443651499999998
102,0.23995840377345565,0.13573684500000005
103,0.23517774178146839,0.137033057
104,0.23049231492098257,0.13833042200000012
105,0.2259002267879097,0.13962199499999994
106,0.22139961867899105,0.14090826900000009
107,0.21698866884723986,0.142200243
108,0.21266559177171257,0.14350247699999996
109,0.2084286374413502,0.14544267600000005
110,0.20427609065265187,0.146803319
111,0.20020627032092872,0.14810928899999998
112,0.1962175288049118,0.14941990900000013
113,0.19230825124446124,0.15072844499999993
114,0.18847685491115465,0.15202351400000014
115,0.1847217885715173,0.15335014299999994
116,0.18104153186266203,0.15465562300000002
117,0.1774345946801244,0.155961923
118,0.1738995165776522,0.15726207300000006
119,0.17043486617874992,0.15857053799999998
120,0.1670392405997459,0.15985766200000007
121,0.16371126488416507,0.16115590800000001
122,0.16044959144822105,0.16248509099999997
123,0.15725289953718855,0.1637918730000001
124,0.1541198946924679,0.16509876600000006
125,0.15104930822914517,0.16640239199999995
126,0.14803989672383344,0.167687723
127,0.14509044151261105,0.16898398500000011
128,0.14219974819886244,0.17027728200000003
129,0.1393666461708325,0.17157316300000014
130,0.1365899881287074,0.1728757270000001
131,0.13386864962103456,0.17429533200000003
132,0.13120152859031783,0.175647538
133,0.128587544927584,0.17697828500000012
134,0.12602564003578268,0.1782763300000001
135,0.12351477640180984,0.17958279199999994
136,0.12105393717701993,0.18087879299999998
137,0.11864212576604756,0.18218748699999998
138,0.11627836542376505,0.18351923599999997
139,0.1139616988602547,0.184956012
140,0.11169118785358752,0.18628304299999998
141,0.10946591287030352,0.1876905230000001
142,0.10728497269341551,0.18903704899999996
143,0.10514748405779475,0.19036169400000014
144,0.10305258129279736,0.19166008000000012
145,0.10099941597198699,0.19297565799999994
146,0.0989871565698131,0.194275937
147,0.09701498812511199,0.19556842200000002
148,0.09508211191129044,0.19688148500000002
149,0.09318774511306673,0.19817392899999997
150,0.09133112050963392,0.19949904600000012
151,0.08951148616412323,0.200804545
152,0.08772810511923991,0.20209492499999993
153,0.0859802550989545,0.20338621800000012
154,0.08426722821612123,0.20465891600000008
155,0.08258833068591376,0.20595216100000013
156,0.08094288254496622,0.20723064000000013
157,0.07933021737609104,0.20850999000000003
158,0.07774968203848334,0.2097928870000001
159,0.07620063640328721,0.21108946900000003
160,0.07468245309442814,0.21238416800000004
161,0.07319451723459613,0.2136700010000001
162,0.0717362261962968,0.21495386000000005
163,0.0703069893578423,0.21624640500000014
164,0.06890622786420778,0.21753484200000006
165,0.06753337439264975,0.21883312900000007
166,0.06618787292298381,0.22013891900000004
167,0.06486917851243884,0.22143312700000006
168,0.06357675707499472,0.22280688399999993
169,0.06231008516511284,0.22416562299999998
170,0.06106864976576936,0.22547564100000006
171,0.05985194808071363,0.22677801399999997
172,0.058659487330861564,0.22807827200000008
173,0.057490784554739355,0.229378812
174,0.056345366412913066,0.23068597400000002
175,0.0552227689962937,0.23198671400000004
176,0.05412253763827734,0.233270082
177,0.053044226730619606,0.23456457099999994
178,0.051987399542974794,0.23585585399999998
179,0.05095162804603418,0.2371591500000001
180,0.0499364927381817,0.2384551210000001
181,0.04894158247560803,0.23976336600000003
182,0.04796649430580305,0.24107165099999994
183,0.0470108333043655,0.242358866
184,0.04607421241506964,0.24364004000000006
185,0.04515625229310608,0.24492129400000007
186,0.04425658115145625,0.24619661700000006
187,0.04337483461031828,0.24747891200000005
188,0.042510655549540845,0.24876519600000013
189,0.04166369396398866,0.2500678300000001
190,0.04083360682178943,0.25134539600000005
191,0.040020057925414215,0.25262608
192,0.039222717775513595,0.253917623
193,0.03844126343746953,0.25522698999999993
194,0.037675378410612526,0.25655726599999995
195,0.036924752500032756,0.257858487
196,0.03618908169095523,0.259146334
197,0.035468068025609534,0.26044332699999995
198,0.03476141948255856,0.2617350410000001
199,0.034068849858425586,0.26302964000000006
