iter,eval_func_value,time
0,2.00611229611893,0.0009042479999998854
1,2.0432523195017884,0.0016058010000001843
2,2.0432523195017884,0.0023014190000001378
3,1.954115425322814,0.003009838000000098
4,1.954115425322814,0.0037033179999999
5,1.9348405626073377,0.004418032999999877
6,1.9348405626073377,0.005133434999999853
7,1.8819010800429634,0.00586309500000004
8,1.8819010800429634,0.006666635999999837
9,1.8501862668375468,0.007460789000000023
10,1.8501862668375468,0.008274602999999825
11,1.8098983482252091,0.009040118000000152
12,1.8098983482252091,0.009818743999999935
13,1.7769809844083595,0.01068857000000012
14,1.7769809844083595,0.011609775000000155
15,1.7424205807252449,0.012505755999999923
16,1.7424205807252449,0.013266139000000177
17,1.7109085124686727,0.014097914999999794
18,1.7109085124686727,0.015070768000000179
19,1.6796326962587633,0.015938384000000028
20,1.6796326962587633,0.016991797000000197
21,1.6500120980969362,0.017957425000000082
22,1.6500120980969362,0.01901054000000002
23,1.6211033180584529,0.01989341400000022
24,1.6211033180584529,0.020811247000000144
25,1.5934932117932827,0.021597460999999818
26,1.5934932117932827,0.022363887000000027
27,1.566761247453573,0.023107464999999827
28,1.566761247453573,0.02389271699999984
29,1.5408465797615443,0.02464367699999981
30,1.5408465797615443,0.025403249000000017
31,1.5156246154522037,0.02616936599999997
32,1.5156246154522037,0.026938437000000093
33,1.4910878745200955,0.027727415999999838
34,1.4910878745200955,0.02847199300000014
35,1.4674195647902115,0.029161632000000104
36,1.4674195647902115,0.02988564699999996
37,1.4443828233156704,0.03071624900000014
38,1.4443828233156704,0.03170168499999981
39,1.4218767577870342,0.03257284699999996
40,1.4218767577870342,0.033392494000000106
41,1.3998731866470453,0.034148727999999906
42,1.3998731866470453,0.03492795699999984
43,1.3783437975889927,0.035684493999999845
44,1.3783437975889927,0.03645991600000009
45,1.3573013202237838,0.03723989700000008
46,1.3573013202237838,0.03800614300000005
47,1.3367263395966977,0.03875582899999985
48,1.3367263395966977,0.03952951899999979
49,1.3165533469287292,0.04029294899999991
50,1.3165533469287292,0.04099765
51,1.296765612936256,0.04169938699999998
52,1.296765612936256,0.04238909900000021
53,1.2773464573287026,0.0431152250000002
54,1.2773464573287026,0.04381551100000003
55,1.2582812093361362,0.04452755400000008
56,1.2582812093361362,0.045218871999999966
57,1.2396018512787321,0.04589845799999992
58,1.2396018512787321,0.046636254000000044
59,1.2212959960151935,0.04737751499999998
60,1.2212959960151935,0.04813820999999985
61,1.2033012466925246,0.04882605900000003
62,1.2033012466925246,0.04950610599999994
63,1.1856074967240011,0.050221654000000004
64,1.1856074967240011,0.0509463779999999
65,1.168205604273278,0.051626790999999894
66,1.168205604273278,0.05234603800000004
67,1.1510866124613246,0.05302027300000001
68,1.1510866124613246,0.05374783800000005
69,1.1342427457837558,0.05446035199999999
70,1.1342427457837558,0.05516102300000014
71,1.11766643052286,0.05586420400000014
72,1.11766643052286,0.056633026000000086
73,1.1013508731626525,0.05733477199999992
74,1.1013508731626525,0.058011996999999926
75,1.0852895841280499,0.058804024000000066
76,1.0852895841280499,0.05960502099999987
77,1.0694765896790994,0.060393896999999974
78,1.0694765896790994,0.06118587399999997
79,1.053906228542009,0.06194579900000008
80,1.053906228542009,0.06269284200000014
81,1.0385732073653515,0.06344897000000005
82,1.0385732073653515,0.0642157120000002
83,1.0234725103471571,0.0649734930000001
84,1.0234725103471571,0.0657281799999998
85,1.0085994008873007,0.06648393100000005
86,1.0085994008873007,0.06727776500000004
87,0.9939493757040743,0.06804471699999981
88,0.9939493757040743,0.06873577899999983
89,0.9795181515079215,0.0694407319999999
90,0.9795181515079215,0.07012554400000015
91,0.9653016375859901,0.07080712700000014
92,0.9653016375859901,0.07149645199999988
93,0.9512959204436836,0.072208351
94,0.9512959204436836,0.0729226289999998
95,0.9374972451558315,0.07361088100000002
96,0.9374972451558315,0.07429564099999997
97,0.923902001712524,0.07500548500000015
98,0.923902001712524,0.07571738200000011
99,0.9105067113193461,0.07644872600000019
100,0.9105067113193461,0.0771582620000002
101,0.897308015163269,0.07784388700000022
102,0.897308015163269,0.07852829200000011
103,0.8843026639543607,0.07923625299999992
104,0.8843026639543607,0.07998436299999989
105,0.8714875089340619,0.08068786400000016
106,0.8714875089340619,0.08137239699999999
107,0.8588594937455983,0.08207316199999992
108,0.8588594937455983,0.08274567399999988
109,0.8464156473045779,0.08344749299999998
110,0.8464156473045779,0.08416957800000002
111,0.8341530774219179,0.08485938400000004
112,0.8341530774219179,0.085552517
113,0.8220689651622445,0.08625262000000022
114,0.8220689651622445,0.08695904999999993
115,0.8101605598132378,0.08764354500000016
116,0.8101605598132378,0.08836807299999982
117,0.7984251744148508,0.08905724800000003
118,0.7984251744148508,0.0897475029999999
119,0.7868601817719731,0.09045414400000018
120,0.7868601817719731,0.0911624849999999
121,0.7754630108994723,0.09187275400000017
122,0.7754630108994723,0.09259087600000004
123,0.764231143846076,0.09332687800000006
124,0.764231143846076,0.09401376199999989
125,0.7531621128540603,0.09472059100000019
126,0.7531621128540603,0.09541045000000015
127,0.7422534978147195,0.0961245380000002
128,0.7422534978147195,0.09684759200000004
129,0.7315029239852169,0.09761066200000013
130,0.7315029239852169,0.09837445899999997
131,0.7209080599360913,0.09907398499999998
132,0.7209080599360913,0.09981015400000004
133,0.7104666157023977,0.10052979800000017
134,0.7104666157023977,0.1012715179999999
135,0.7001763411146897,0.10204110500000008
136,0.7001763411146897,0.10280945000000008
137,0.6900350242887469,0.10356263999999982
138,0.6900350242887469,0.10428559900000023
139,0.6800404902555642,0.10499935899999979
140,0.6800404902555642,0.10570418700000017
141,0.6701905997151905,0.10644658199999979
142,0.6701905997151905,0.10718198800000023
143,0.6604832479000269,0.10792223300000003
144,0.6604832479000269,0.10861993100000022
145,0.6509163635348528,0.10933143199999984
146,0.6509163635348528,0.11001103300000015
147,0.64148790788237,0.11071149499999988
148,0.64148790788237,0.11140400800000005
149,0.6321958738643849,0.11212658499999995
150,0.6321958738643849,0.11287754700000008
151,0.6230382852499242,0.11358790099999982
152,0.6230382852499242,0.11430398300000011
153,0.6140131959026087,0.11498158599999986
154,0.6140131959026087,0.11572510100000022
155,0.6051186890805207,0.11641329500000008
156,0.6051186890805207,0.11709472099999996
157,0.5963528767826256,0.11777931100000005
158,0.5963528767826256,0.11845107599999993
159,0.5877138991364929,0.11915902899999997
160,0.5877138991364929,0.11989749999999999
161,0.5791999238226974,0.1206030939999998
162,0.5791999238226974,0.121311736
163,0.5708091455318516,0.12200555599999996
164,0.5708091455318516,0.12269113599999981
165,0.5625397854506757,0.1233845549999999
166,0.5625397854506757,0.12411599899999981
167,0.554390090773965,0.1248209440000001
168,0.554390090773965,0.12554021000000004
169,0.5463583342396818,0.12627250400000012
170,0.5463583342396818,0.12701207799999992
171,0.5384428136847368,0.12779785599999993
172,0.5384428136847368,0.12855254300000007
173,0.5306418516193157,0.1292448020000001
174,0.5306418516193157,0.1299322489999999
175,0.5229537948178605,0.1306359370000001
176,0.5229537948178605,0.1313424379999999
177,0.5153770139250576,0.1320384830000001
178,0.5153770139250576,0.13275435999999985
179,0.5079099030753694,0.133482549
180,0.5079099030753694,0.1341872460000002
181,0.5005508795248166,0.13487261700000008
182,0.5005508795248166,0.13558014100000015
183,0.4932983832939192,0.1362932149999998
184,0.4932983832939192,0.13701574699999997
185,0.486150876820755,0.13776594999999991
186,0.486150876820755,0.13847920599999997
187,0.47910684462331943,0.13917760999999995
188,0.47910684462331943,0.1398950769999998
189,0.4721647929703753,0.14059706000000016
190,0.4721647929703753,0.14128751699999986
191,0.4653232495601531,0.14197456100000005
192,0.4653232495601531,0.14268308800000007
193,0.45858076320629126,0.14339293399999997
194,0.45858076320629126,0.14428346600000008
195,0.451935903530505,0.145029627
196,0.451935903530505,0.14577629199999986
197,0.4453872606615245,0.1465792490000002
198,0.4453872606615245,0.14727323100000023
199,0.4389334449398969,0.14806135900000017
