iter,eval_func_value,time
0,2.071465290689999,0.0005533180000001359
1,1.9967144444675429,0.0010098339999999872
2,1.919374869593353,0.0014476359999999744
3,1.8504808744701693,0.0018866390000000788
4,1.7864258710510241,0.0023204030000001374
5,1.727167713976457,0.002753737000000145
6,1.671906195976751,0.003194362999999978
7,1.6198006415311639,0.00363528099999999
8,1.5705730324245013,0.004073192000000114
9,1.523889637884763,0.004505042999999986
10,1.4794355104283816,0.004932976000000089
11,1.4371984303291405,0.005393269000000034
12,1.3966528652242087,0.005844065000000009
13,1.3576036591807796,0.006275634000000085
14,1.3200244437124946,0.006731309000000074
15,1.2837390376157447,0.0071639300000001516
16,1.248647664835828,0.0075928750000000544
17,1.214637378258372,0.008021688999999999
18,1.1816486093732592,0.008455462000000136
19,1.149630006915523,0.009099150000000167
20,1.118536806016044,0.009709344000000009
21,1.0883295304539242,0.010343023000000118
22,1.0589729692670955,0.010922019000000116
23,1.0304353689148436,0.011373637000000159
24,1.0026877955579283,0.011824282000000075
25,0.975703631423089,0.012260461000000111
26,0.9494581767732743,0.012700055000000043
27,0.9239283350092744,0.013282238000000168
28,0.8990923631815003,0.013844442999999984
29,0.874929673950864,0.014302833000000126
30,0.8514206780075898,0.01474745700000013
31,0.8285466583000277,0.015187532999999975
32,0.8062896692727636,0.015620887000000083
33,0.784632455768366,0.01605065299999997
34,0.7635583873926461,0.01648053000000016
35,0.7430514050445608,0.016972573000000102
36,0.7230959770207392,0.01741245800000013
37,0.7036770626618358,0.01785560900000016
38,0.6847800819457667,0.018286637999999966
39,0.6663908897768804,0.018802565999999965
40,0.6484957539901682,0.01926182700000001
41,0.631081336301644,0.01971248300000017
42,0.6141346756023616,0.020147708999999958
43,0.597643173124001,0.020578398000000053
44,0.58159457910624,0.021007463000000115
45,0.5659769806762712,0.02143289199999998
46,0.5507787907136046,0.021863359000000138
47,0.5359887375224197,0.022286492999999963
48,0.5215958551721865,0.022715098000000156
49,0.5075894743973186,0.02314283000000006
50,0.49395921397010056,0.023572437000000113
51,0.48069497247946535,0.024002634000000134
52,0.4677869204624958,0.02442745099999999
53,0.45522549284667424,0.024857416999999993
54,0.44300138166957287,0.02527998000000009
55,0.4311055290494414,0.02570581900000013
56,0.4195291203854021,0.026129403999999967
57,0.4082635777700317,0.02655388999999997
58,0.39730055360027955,0.02697845600000015
59,0.38663192437513627,0.02740936500000002
60,0.3762497846703643,0.027842196000000152
61,0.36614644128208207,0.028276882000000114
62,0.3563144075321408,0.02873485100000006
63,0.34674639772912014,0.029251710000000042
64,0.33743532177948654,0.029717875000000005
65,0.3283742799439472,0.030165635000000135
66,0.31955655773452524,0.03060584200000016
67,0.3109756209481699,0.03104211000000001
68,0.30262511083299637,0.03147245800000009
69,0.29449883938347726,0.03190326600000004
70,0.28659078476107325,0.032335678000000145
71,0.27889508683694136,0.032786753999999974
72,0.27140604285349135,0.033240155000000104
73,0.26411810320164836,0.03367901799999995
74,0.2570258673108124,0.03410978600000014
75,0.25012407964854194,0.03454581400000012
76,0.24340762582712377,0.034987432000000096
77,0.23687152881421442,0.03541809000000007
78,0.2305109452448452,0.03585052200000005
79,0.22432116183212875,0.03627519900000009
80,0.2182975918740786,0.03670814100000008
81,0.21243577185401605,0.037138910000000136
82,0.20673135813209548,0.037569788999999965
83,0.20118012372554356,0.037998343000000157
84,0.1957779551752612,0.038426316000000016
85,0.1905208494965022,0.038860651000000024
86,0.18540491121139996,0.039291429000000155
87,0.1804263494611457,0.039726114000000035
88,0.17558147519572517,0.04015896600000013
89,0.17086669843911276,0.04058920399999999
90,0.16627852562793705,0.04101495200000005
91,0.16181355702162872,0.04143904799999998
92,0.1574684841821527,0.04187094800000013
93,0.15324008752145105,0.042304903000000005
94,0.1491252339147942,0.042740901000000164
95,0.1451208743782501,0.04317000599999998
96,0.141224041808581,0.04360381000000002
97,0.13743184878385803,0.04403531000000016
98,0.13374148542319353,0.04446887200000016
99,0.1301502173039794,0.044902125000000126
100,0.12665538343509763,0.04533052900000012
101,0.12325439428459878,0.04576392200000012
102,0.11994472986037402,0.04618702600000013
103,0.11672393784241282,0.04661644200000015
104,0.11358963176523602,0.047042671000000036
105,0.11053948924918192,0.04746937200000012
106,0.10757125027920357,0.04789919800000009
107,0.10468271552992472,0.04832262300000001
108,0.10187174473568905,0.04874956399999997
109,0.09913625510441151,0.04918090300000011
110,0.09647421977403789,0.049609167000000065
111,0.09388366631047415,0.05004085700000016
112,0.09136267524587263,0.05047930899999997
113,0.08890937865618391,0.05090533799999997
114,0.0865219587769217,0.05132716000000004
115,0.08419864665611454,0.05175297899999998
116,0.08193772084344025,0.05217789600000011
117,0.07973750611457567,0.052604186000000164
118,0.07759637222981149,0.0530302250000001
119,0.0755127327260069,0.05345878000000015
120,0.0734850437410009,0.053882595000000144
121,0.07151180286959638,0.05432219000000016
122,0.06959154805026667,0.05474710700000007
123,0.06772285648177213,0.05516969999999999
124,0.06590434356886887,0.05559665100000011
125,0.0641346618963361,0.05605151500000005
126,0.062412500230557146,0.056476522000000084
127,0.06073658254791715,0.056912279000000066
128,0.059105667089293476,0.05733503299999998
129,0.05751854543993876,0.05776138200000003
130,0.05597404163407813,0.05819110800000016
131,0.05447101128354751,0.05862416100000001
132,0.05300834072983988,0.05905866600000009
133,0.05158494621891715,0.05948436400000001
134,0.050199773098186955,0.05990854000000012
135,0.04885179503504514,0.06034212300000008
136,0.04754001325639926,0.06078436300000001
137,0.04626345580861797,0.0612152720000001
138,0.045021176837356215,0.06164710200000001
139,0.043812255886714925,0.06207446400000016
140,0.042635797217223055,0.06250689500000006
141,0.041490929142138595,0.06293296400000004
142,0.0403768033815661,0.06336304100000012
143,0.039292594433922017,0.0637929370000001
144,0.03823749896427929,0.06422411600000011
145,0.03721073520913489,0.06464824200000008
146,0.036211542397161164,0.06506872100000005
147,0.035239180185513926,0.06549136400000011
148,0.034292928111277245,0.06592667100000016
149,0.033372085057637654,0.06635465399999996
150,0.03247596873439245,0.06677984200000009
151,0.031603915172409285,0.06723169000000007
152,0.030755278231661427,0.06766038400000007
153,0.02992942912247418,0.068088347
154,0.02912575593962444,0.06851653000000013
155,0.02834366320895063,0.06895016400000009
156,0.027582571446143896,0.06938106300000002
157,0.02684191672738153,0.069810959
158,0.026121150271486482,0.070239253
159,0.025419738033317343,0.07066849800000008
160,0.02473716030806911,0.07109410699999996
161,0.024072911346197254,0.07153043599999998
162,0.02342649897869392,0.07195804900000002
163,0.022797444252413458,0.07238956900000004
164,0.022185281075195185,0.07282479500000005
165,0.021589555870522116,0.07326069300000015
166,0.021009827241437674,0.07369090000000011
167,0.020445665643505286,0.07411598799999997
168,0.0198966530665344,0.07454656500000012
169,0.01936238272486149,0.0749714720000001
170,0.01884245875594781,0.075401198
171,0.01833649592706336,0.07583136499999998
172,0.01784411934985668,0.07625830600000016
173,0.017364964202582878,0.07668617899999997
174,0.016898675459791228,0.077109243
175,0.016444907629272167,0.07753785800000013
176,0.016003324496071687,0.07797853499999996
177,0.015573598873368732,0.07840820100000001
178,0.01515541236005504,0.07883638500000001
179,0.014748455104817641,0.07928025699999997
180,0.0143524255765547,0.07970782899999995
181,0.013967030340962621,0.08014365700000003
182,0.013591983843112745,0.08057530700000015
183,0.01322700819588044,0.08100837000000016
184,0.012871832974039066,0.08144242400000001
185,0.012526195013894821,0.08188178800000001
186,0.012189838218299501,0.08230749600000009
187,0.011862513366891616,0.08273304500000012
188,0.011543977931449395,0.08316153800000015
189,0.011233995896178343,0.08367570200000007
190,0.010932337582849876,0.08414363999999996
191,0.01063877948061556,0.08461187900000011
192,0.01035310408040054,0.08507114000000016
193,0.010075099713745761,0.08553252600000016
194,0.00980456039596821,0.08598760000000016
195,0.009541285673544848,0.08644978700000006
196,0.009285080475583787,0.08691011100000012
197,0.00903575496928995,0.08735744000000012
198,0.008793124419309859,0.08779572200000008
199,0.00855700905085602,0.08822288400000011
